This file contains any messages produced by compilers while
running configure, to aid debugging if configure makes a mistake.

It was created by smc configure 2.0, which was
generated by GNU Autoconf 2.69.  Invocation command line was

  $ ./configure --host=arm-linux-androidabi --prefix=/home/pedja/ndk/standalone_toolchains/sysroot/usr

## --------- ##
## Platform. ##
## --------- ##

hostname = zmaj
uname -m = x86_64
uname -r = 3.13.0-39-generic
uname -s = Linux
uname -v = #66-Ubuntu SMP Tue Oct 28 13:30:27 UTC 2014

/usr/bin/uname -p = unknown
/bin/uname -X     = unknown

/bin/arch              = unknown
/usr/bin/arch -k       = unknown
/usr/convex/getsysinfo = unknown
/usr/bin/hostinfo      = unknown
/bin/machine           = unknown
/usr/bin/oslevel       = unknown
/bin/universe          = unknown

PATH: /home/pedja/google-cloud-sdk/bin
PATH: /usr/local/sbin
PATH: /usr/local/bin
PATH: /usr/sbin
PATH: /usr/bin
PATH: /sbin
PATH: /bin
PATH: /usr/games
PATH: /usr/local/games
PATH: /home/pedja/sdk/platform-tools
PATH: /home/pedja/android-studio/sdk/build-tools/19.0.1
PATH: /home/pedja/sdk/tools
PATH: /home/pedja/eclipse
PATH: /home/pedja/bin
PATH: /home/pedja/gradle/bin
PATH: /home/pedja/ndk
PATH: /home/pedja/ant/bin
PATH: /home/pedja/recstudio/bin
PATH: /home/pedja/sdk/platform-tools
PATH: /home/pedja/sdk/tools
PATH: /home/pedja/ndk


## ----------- ##
## Core tests. ##
## ----------- ##

configure:2231: checking build system type
configure:2245: result: x86_64-unknown-linux-gnu
configure:2265: checking host system type
configure:2278: result: arm-unknown-linux-androidabi
configure:2318: checking for a BSD-compatible install
configure:2386: result: /usr/bin/install -c
configure:2397: checking whether build environment is sane
configure:2452: result: yes
configure:2511: checking for arm-linux-androidabi-strip
configure:2541: result: no
configure:2551: checking for strip
configure:2567: found /usr/bin/strip
configure:2578: result: strip
configure:2603: checking for a thread-safe mkdir -p
configure:2642: result: /bin/mkdir -p
configure:2649: checking for gawk
configure:2665: found /usr/bin/gawk
configure:2676: result: gawk
configure:2687: checking whether make sets $(MAKE)
configure:2709: result: yes
configure:2738: checking whether make supports nested variables
configure:2755: result: yes
configure:2891: checking whether make supports nested variables
configure:2908: result: yes
configure:3034: checking for C++ compiler version
configure:3043: /home/pedja/ndk/standalone_toolchains/bin/arm-linux-androideabi-g++ --version >&5
arm-linux-androideabi-g++ (GCC) 4.8
Copyright (C) 2013 Free Software Foundation, Inc.
This is free software; see the source for copying conditions.  There is NO
warranty; not even for MERCHANTABILITY or FITNESS FOR A PARTICULAR PURPOSE.

configure:3054: $? = 0
configure:3043: /home/pedja/ndk/standalone_toolchains/bin/arm-linux-androideabi-g++ -v >&5
Using built-in specs.
COLLECT_GCC=/home/pedja/ndk/standalone_toolchains/bin/arm-linux-androideabi-g++
COLLECT_LTO_WRAPPER=/home/pedja/ndk/standalone_toolchains/bin/../libexec/gcc/arm-linux-androideabi/4.8/lto-wrapper
Target: arm-linux-androideabi
Configured with: /s/ndk-toolchain/src/build/../gcc/gcc-4.8/configure --prefix=/tmp/ndk-andrewhsieh/build/toolchain/prefix --target=arm-linux-androideabi --host=x86_64-linux-gnu --build=x86_64-linux-gnu --with-gnu-as --with-gnu-ld --enable-languages=c,c++ --with-gmp=/tmp/ndk-andrewhsieh/build/toolchain/temp-install --with-mpfr=/tmp/ndk-andrewhsieh/build/toolchain/temp-install --with-mpc=/tmp/ndk-andrewhsieh/build/toolchain/temp-install --with-cloog=/tmp/ndk-andrewhsieh/build/toolchain/temp-install --with-isl=/tmp/ndk-andrewhsieh/build/toolchain/temp-install --with-ppl=/tmp/ndk-andrewhsieh/build/toolchain/temp-install --disable-ppl-version-check --disable-cloog-version-check --disable-isl-version-check --enable-cloog-backend=isl --with-host-libstdcxx='-static-libgcc -Wl,-Bstatic,-lstdc++,-Bdynamic -lm' --disable-libssp --enable-threads --disable-nls --disable-libmudflap --disable-libgomp --disable-libstdc__-v3 --disable-sjlj-exceptions --disable-shared --disable-tls --disable-libitm --with-float=soft --with-fpu=vfp --with-arch=armv5te --enable-target-optspace --enable-initfini-array --disable-nls --prefix=/tmp/ndk-andrewhsieh/build/toolchain/prefix --with-sysroot=/tmp/ndk-andrewhsieh/build/toolchain/prefix/sysroot --with-binutils-version=2.23 --with-mpfr-version=3.1.1 --with-mpc-version=1.0.1 --with-gmp-version=5.0.5 --with-gcc-version=4.8 --with-gdb-version=7.3.x --with-python=/usr/local/google/home/andrewhsieh/mydroid/ndk/prebuilt/linux-x86_64/bin/python-config.sh --with-gxx-include-dir=/tmp/ndk-andrewhsieh/build/toolchain/prefix/include/c++/4.8 --with-bugurl=http://source.android.com/source/report-bugs.html --disable-bootstrap --disable-libquadmath --enable-plugins --enable-libgomp --disable-libsanitizer --enable-gold --enable-graphite=yes --with-cloog-version=0.18.0 --with-isl-version=0.11.1 --enable-eh-frame-hdr-for-static --with-arch=armv5te --program-transform-name='s&^&arm-linux-androideabi-&' --enable-gold=default
Thread model: posix
gcc version 4.8 (GCC) 
configure:3054: $? = 0
configure:3043: /home/pedja/ndk/standalone_toolchains/bin/arm-linux-androideabi-g++ -V >&5
arm-linux-androideabi-g++: error: unrecognized command line option '-V'
arm-linux-androideabi-g++: fatal error: no input files
compilation terminated.
configure:3054: $? = 1
configure:3043: /home/pedja/ndk/standalone_toolchains/bin/arm-linux-androideabi-g++ -qversion >&5
arm-linux-androideabi-g++: error: unrecognized command line option '-qversion'
arm-linux-androideabi-g++: fatal error: no input files
compilation terminated.
configure:3054: $? = 1
configure:3074: checking whether the C++ compiler works
configure:3096: /home/pedja/ndk/standalone_toolchains/bin/arm-linux-androideabi-g++    conftest.cpp  >&5
configure:3100: $? = 0
configure:3148: result: yes
configure:3151: checking for C++ compiler default output file name
configure:3153: result: a.out
configure:3159: checking for suffix of executables
configure:3166: /home/pedja/ndk/standalone_toolchains/bin/arm-linux-androideabi-g++ -o conftest    conftest.cpp  >&5
configure:3170: $? = 0
configure:3192: result: 
configure:3214: checking whether we are cross compiling
configure:3222: /home/pedja/ndk/standalone_toolchains/bin/arm-linux-androideabi-g++ -o conftest    conftest.cpp  >&5
configure:3226: $? = 0
configure:3233: ./conftest
./configure: line 3235: ./conftest: cannot execute binary file: Exec format error
configure:3237: $? = 126
configure:3252: result: yes
configure:3257: checking for suffix of object files
configure:3279: /home/pedja/ndk/standalone_toolchains/bin/arm-linux-androideabi-g++ -c   conftest.cpp >&5
configure:3283: $? = 0
configure:3304: result: o
configure:3308: checking whether we are using the GNU C++ compiler
configure:3327: /home/pedja/ndk/standalone_toolchains/bin/arm-linux-androideabi-g++ -c   conftest.cpp >&5
configure:3327: $? = 0
configure:3336: result: yes
configure:3345: checking whether /home/pedja/ndk/standalone_toolchains/bin/arm-linux-androideabi-g++ accepts -g
configure:3365: /home/pedja/ndk/standalone_toolchains/bin/arm-linux-androideabi-g++ -c -g  conftest.cpp >&5
configure:3365: $? = 0
configure:3406: result: yes
configure:3440: checking for style of include used by make
configure:3468: result: GNU
configure:3494: checking dependency style of /home/pedja/ndk/standalone_toolchains/bin/arm-linux-androideabi-g++
configure:3605: result: gcc3
configure:3640: checking for arm-linux-androidabi-pkg-config
configure:3673: result: no
configure:3683: checking for pkg-config
configure:3701: found /usr/bin/pkg-config
configure:3713: result: /usr/bin/pkg-config
configure:3725: WARNING: using cross tools not prefixed with host triplet
configure:3738: checking pkg-config is at least version 0.9.0
configure:3741: result: yes
configure:3754: checking for main in -lboost_filesystem
configure:3773: /home/pedja/ndk/standalone_toolchains/bin/arm-linux-androideabi-g++ -o conftest -g -O2 -Wall   conftest.cpp -lboost_filesystem   >&5
/home/pedja/ndk/standalone_toolchains/bin/../lib/gcc/arm-linux-androideabi/4.8/../../../../arm-linux-androideabi/bin/ld: error: cannot find -lboost_filesystem
collect2: error: ld returned 1 exit status
configure:3773: $? = 1
configure: failed program was:
| /* confdefs.h */
| #define PACKAGE_NAME "smc"
| #define PACKAGE_TARNAME "smc"
| #define PACKAGE_VERSION "2.0"
| #define PACKAGE_STRING "smc 2.0"
| #define PACKAGE_BUGREPORT ""
| #define PACKAGE_URL "http://www.secretmaryo.org/"
| #define PACKAGE "smc"
| #define VERSION "2.0"
| /* end confdefs.h.  */
| 
| 
| int
| main ()
| {
| return main ();
|   ;
|   return 0;
| }
configure:3782: result: no
configure:3792: error: Unable to find Boost Filesystem library

## ---------------- ##
## Cache variables. ##
## ---------------- ##

ac_cv_build=x86_64-unknown-linux-gnu
ac_cv_cxx_compiler_gnu=yes
ac_cv_env_CCC_set=
ac_cv_env_CCC_value=
ac_cv_env_CC_set=set
ac_cv_env_CC_value=/home/pedja/ndk/standalone_toolchains/bin/arm-linux-androideabi-gcc
ac_cv_env_CEGUI_OPENGL_CFLAGS_set=
ac_cv_env_CEGUI_OPENGL_CFLAGS_value=
ac_cv_env_CEGUI_OPENGL_LIBS_set=
ac_cv_env_CEGUI_OPENGL_LIBS_value=
ac_cv_env_CFLAGS_set=
ac_cv_env_CFLAGS_value=
ac_cv_env_CPPFLAGS_set=
ac_cv_env_CPPFLAGS_value=
ac_cv_env_CXXCPP_set=
ac_cv_env_CXXCPP_value=
ac_cv_env_CXXFLAGS_set=
ac_cv_env_CXXFLAGS_value=
ac_cv_env_CXX_set=set
ac_cv_env_CXX_value=/home/pedja/ndk/standalone_toolchains/bin/arm-linux-androideabi-g++
ac_cv_env_LDFLAGS_set=
ac_cv_env_LDFLAGS_value=
ac_cv_env_LIBS_set=
ac_cv_env_LIBS_value=
ac_cv_env_PKG_CONFIG_LIBDIR_set=
ac_cv_env_PKG_CONFIG_LIBDIR_value=
ac_cv_env_PKG_CONFIG_PATH_set=
ac_cv_env_PKG_CONFIG_PATH_value=
ac_cv_env_PKG_CONFIG_set=
ac_cv_env_PKG_CONFIG_value=
ac_cv_env_SDL_CFLAGS_set=
ac_cv_env_SDL_CFLAGS_value=
ac_cv_env_SDL_LIBS_set=
ac_cv_env_SDL_LIBS_value=
ac_cv_env_build_alias_set=
ac_cv_env_build_alias_value=
ac_cv_env_host_alias_set=set
ac_cv_env_host_alias_value=arm-linux-androidabi
ac_cv_env_target_alias_set=
ac_cv_env_target_alias_value=
ac_cv_host=arm-unknown-linux-androidabi
ac_cv_lib_boost_filesystem_main=no
ac_cv_objext=o
ac_cv_path_ac_pt_PKG_CONFIG=/usr/bin/pkg-config
ac_cv_path_install='/usr/bin/install -c'
ac_cv_path_mkdir=/bin/mkdir
ac_cv_prog_AWK=gawk
ac_cv_prog_ac_ct_STRIP=strip
ac_cv_prog_cxx_g=yes
ac_cv_prog_make_make_set=yes
am_cv_CXX_dependencies_compiler_type=gcc3
am_cv_make_support_nested_variables=yes

## ----------------- ##
## Output variables. ##
## ----------------- ##

ACLOCAL='${SHELL} /home/pedja/workspace/smc_andriod_port/jni/src/SMC/smc/missing aclocal-1.14'
AMDEPBACKSLASH='\'
AMDEP_FALSE='#'
AMDEP_TRUE=''
AMTAR='$${TAR-tar}'
AM_BACKSLASH='\'
AM_DEFAULT_V='$(AM_DEFAULT_VERBOSITY)'
AM_DEFAULT_VERBOSITY='0'
AM_V='$(V)'
AUTOCONF='${SHELL} /home/pedja/workspace/smc_andriod_port/jni/src/SMC/smc/missing autoconf'
AUTOHEADER='${SHELL} /home/pedja/workspace/smc_andriod_port/jni/src/SMC/smc/missing autoheader'
AUTOMAKE='${SHELL} /home/pedja/workspace/smc_andriod_port/jni/src/SMC/smc/missing automake-1.14'
AWK='gawk'
CC='/home/pedja/ndk/standalone_toolchains/bin/arm-linux-androideabi-gcc'
CCDEPMODE=''
CEGUI_OPENGL_CFLAGS=''
CEGUI_OPENGL_LIBS=''
CFLAGS=''
CPPFLAGS=''
CXX='/home/pedja/ndk/standalone_toolchains/bin/arm-linux-androideabi-g++'
CXXCPP=''
CXXDEPMODE='depmode=gcc3'
CXXFLAGS='-g -O2 -Wall'
CYGPATH_W='echo'
DEFS=''
DEPDIR='.deps'
ECHO_C=''
ECHO_N='-n'
ECHO_T=''
EGREP=''
EXEEXT=''
GETTEXT_MACRO_VERSION=''
GMSGFMT=''
GMSGFMT_015=''
GREP=''
INSTALL_DATA='${INSTALL} -m 644'
INSTALL_PROGRAM='${INSTALL}'
INSTALL_SCRIPT='${INSTALL}'
INSTALL_STRIP_PROGRAM='$(install_sh) -c -s'
INTLLIBS=''
INTL_MACOSX_LIBS=''
LDFLAGS=''
LIBICONV=''
LIBINTL=''
LIBOBJS=''
LIBS=''
LTLIBICONV=''
LTLIBINTL=''
LTLIBOBJS=''
MAKEINFO='${SHELL} /home/pedja/workspace/smc_andriod_port/jni/src/SMC/smc/missing makeinfo'
MKDIR_P='/bin/mkdir -p'
MSGFMT=''
MSGFMT_015=''
MSGMERGE=''
OBJEXT='o'
PACKAGE='smc'
PACKAGE_BUGREPORT=''
PACKAGE_NAME='smc'
PACKAGE_STRING='smc 2.0'
PACKAGE_TARNAME='smc'
PACKAGE_URL='http://www.secretmaryo.org/'
PACKAGE_VERSION='2.0'
PATH_SEPARATOR=':'
PKG_CONFIG='/usr/bin/pkg-config'
PKG_CONFIG_LIBDIR=''
PKG_CONFIG_PATH=''
POSUB=''
RUNINPLACE_FALSE=''
RUNINPLACE_TRUE=''
SDL_CFLAGS=''
SDL_LIBS=''
SED=''
SET_MAKE=''
SHELL='/bin/bash'
STRIP='strip'
USE_NLS=''
VERSION='2.0'
XGETTEXT=''
XGETTEXT_015=''
XGETTEXT_EXTRA_OPTIONS=''
ac_ct_CC=''
ac_ct_CXX=''
am__EXEEXT_FALSE=''
am__EXEEXT_TRUE=''
am__fastdepCC_FALSE=''
am__fastdepCC_TRUE=''
am__fastdepCXX_FALSE='#'
am__fastdepCXX_TRUE=''
am__include='include'
am__isrc=''
am__leading_dot='.'
am__nodep='_no'
am__quote=''
am__tar='$${TAR-tar} chof - "$$tardir"'
am__untar='$${TAR-tar} xf -'
bindir='${exec_prefix}/bin'
build='x86_64-unknown-linux-gnu'
build_alias=''
build_cpu='x86_64'
build_os='linux-gnu'
build_vendor='unknown'
datadir='${datarootdir}'
datarootdir='${prefix}/share'
docdir='${datarootdir}/doc/${PACKAGE_TARNAME}'
dvidir='${docdir}'
exec_prefix='NONE'
host='arm-unknown-linux-androidabi'
host_alias='arm-linux-androidabi'
host_cpu='arm'
host_os='linux-androidabi'
host_vendor='unknown'
htmldir='${docdir}'
includedir='${prefix}/include'
infodir='${datarootdir}/info'
install_sh='${SHELL} /home/pedja/workspace/smc_andriod_port/jni/src/SMC/smc/install-sh'
libdir='${exec_prefix}/lib'
libexecdir='${exec_prefix}/libexec'
localedir='${datarootdir}/locale'
localstatedir='${prefix}/var'
mandir='${datarootdir}/man'
mkdir_p='$(MKDIR_P)'
oldincludedir='/usr/include'
pdfdir='${docdir}'
prefix='/home/pedja/ndk/standalone_toolchains/sysroot/usr'
program_transform_name='s,x,x,'
psdir='${docdir}'
sbindir='${exec_prefix}/sbin'
sharedstatedir='${prefix}/com'
sysconfdir='${prefix}/etc'
target_alias=''

## ----------- ##
## confdefs.h. ##
## ----------- ##

/* confdefs.h */
#define PACKAGE_NAME "smc"
#define PACKAGE_TARNAME "smc"
#define PACKAGE_VERSION "2.0"
#define PACKAGE_STRING "smc 2.0"
#define PACKAGE_BUGREPORT ""
#define PACKAGE_URL "http://www.secretmaryo.org/"
#define PACKAGE "smc"
#define VERSION "2.0"

configure: exit 1
