##### NEW COMMAND
/usr/bin/wget -O /home/pedja/workspace/Boost-for-Android/boost_1_55_0.tar.bz2 http://downloads.sourceforge.net/project/boost/boost/1.55.0/boost_1_55_0.tar.bz2?r=http%3A%2F%2Fsourceforge.net%2Fprojects%2Fboost%2Ffiles%2Fboost%2F1.55.0%2F&ts=1291326673&use_mirror=garr
--2014-11-21 08:31:06--  http://downloads.sourceforge.net/project/boost/boost/1.55.0/boost_1_55_0.tar.bz2?r=http%3A%2F%2Fsourceforge.net%2Fprojects%2Fboost%2Ffiles%2Fboost%2F1.55.0%2F&ts=1291326673&use_mirror=garr
Resolving downloads.sourceforge.net (downloads.sourceforge.net)... 216.34.181.59
Connecting to downloads.sourceforge.net (downloads.sourceforge.net)|216.34.181.59|:80... connected.
HTTP request sent, awaiting response... 302 Found
Location: http://heanet.dl.sourceforge.net/project/boost/boost/1.55.0/boost_1_55_0.tar.bz2 [following]
--2014-11-21 08:31:07--  http://heanet.dl.sourceforge.net/project/boost/boost/1.55.0/boost_1_55_0.tar.bz2
Resolving heanet.dl.sourceforge.net (heanet.dl.sourceforge.net)... 193.1.193.66, 2001:770:18:aa40::c101:c142
Connecting to heanet.dl.sourceforge.net (heanet.dl.sourceforge.net)|193.1.193.66|:80... connected.
HTTP request sent, awaiting response... 200 OK
Length: 58146647 (55M) [application/octet-stream]
Saving to: ‘/home/pedja/workspace/Boost-for-Android/boost_1_55_0.tar.bz2’

     0K .......... .......... .......... .......... ..........  0%  124K 7m37s
    50K .......... .......... .......... .......... ..........  0%  419K 4m56s
   100K .......... .......... .......... .......... ..........  0%  428K 4m1s
   150K .......... .......... .......... .......... ..........  0%  430K 3m34s
   200K .......... .......... .......... .......... ..........  0%  429K 3m17s
   250K .......... .......... .......... .......... ..........  0%  759K 2m56s
   300K .......... .......... .......... .......... ..........  0%  847K 2m41s
   350K .......... .......... .......... .......... ..........  0%  800K 2m29s
   400K .......... .......... .......... .......... ..........  0%  811K 2m20s
   450K .......... .......... .......... .......... ..........  0%  914K 2m12s
   500K .......... .......... .......... .......... ..........  0% 8,29M 2m1s
   550K .......... .......... .......... .......... ..........  1%  885K 1m56s
   600K .......... .......... .......... .......... ..........  1%  911K 1m52s
   650K .......... .......... .......... .......... ..........  1% 1,15M 1m47s
   700K .......... .......... .......... .......... ..........  1% 2,10M 1m41s
   750K .......... .......... .......... .......... ..........  1%  901K 99s
   800K .......... .......... .......... .......... ..........  1% 1,24M 96s
   850K .......... .......... .......... .......... ..........  1%  885K 94s
   900K .......... .......... .......... .......... ..........  1% 2,35M 90s
   950K .......... .......... .......... .......... ..........  1% 1,33M 87s
  1000K .......... .......... .......... .......... ..........  1% 2,05M 84s
  1050K .......... .......... .......... .......... ..........  1% 1,38M 82s
  1100K .......... .......... .......... .......... ..........  2% 2,24M 80s
  1150K .......... .......... .......... .......... ..........  2% 1,18M 78s
  1200K .......... .......... .......... .......... ..........  2% 2,92M 76s
  1250K .......... .......... .......... .......... ..........  2% 1,10M 75s
  1300K .......... .......... .......... .......... ..........  2% 2,93M 73s
  1350K .......... .......... .......... .......... ..........  2% 1,14M 72s
  1400K .......... .......... .......... .......... ..........  2% 3,09M 70s
  1450K .......... .......... .......... .......... ..........  2% 1,64M 68s
  1500K .......... .......... .......... .......... ..........  2% 2,95M 67s
  1550K .......... .......... .......... .......... ..........  2% 2,42M 65s
  1600K .......... .......... .......... .......... ..........  2% 1,16M 65s
  1650K .......... .......... .......... .......... ..........  2% 2,34M 63s
  1700K .......... .......... .......... .......... ..........  3% 11,2M 62s
  1750K .......... .......... .......... .......... ..........  3% 1,33M 61s
  1800K .......... .......... .......... .......... ..........  3% 2,14M 60s
  1850K .......... .......... .......... .......... ..........  3% 1,45M 59s
  1900K .......... .......... .......... .......... ..........  3% 11,2M 58s
  1950K .......... .......... .......... .......... ..........  3% 2,30M 57s
  2000K .......... .......... .......... .......... ..........  3% 1,39M 56s
  2050K .......... .......... .......... .......... ..........  3% 2,31M 56s
  2100K .......... .......... .......... .......... ..........  3% 11,2M 54s
  2150K .......... .......... .......... .......... ..........  3% 1,04M 54s
  2200K .......... .......... .......... .......... ..........  3% 6,25M 53s
  2250K .......... .......... .......... .......... ..........  4% 1,03M 53s
  2300K .......... .......... .......... .......... ..........  4% 6,54M 52s
  2350K .......... .......... .......... .......... ..........  4% 11,2M 51s
  2400K .......... .......... .......... .......... ..........  4%  968K 51s
  2450K .......... .......... .......... .......... ..........  4% 7,82M 50s
  2500K .......... .......... .......... .......... ..........  4% 1,02M 50s
  2550K .......... .......... .......... .......... ..........  4% 4,23M 49s
  2600K .......... .......... .......... .......... ..........  4% 11,1M 48s
  2650K .......... .......... .......... .......... ..........  4% 1,20M 48s
  2700K .......... .......... .......... .......... ..........  4% 3,06M 48s
  2750K .......... .......... .......... .......... ..........  4% 1,13M 48s
  2800K .......... .......... .......... .......... ..........  5% 11,2M 47s
  2850K .......... .......... .......... .......... ..........  5% 3,13M 46s
  2900K .......... .......... .......... .......... ..........  5% 1,17M 46s
  2950K .......... .......... .......... .......... ..........  5% 3,23M 46s
  3000K .......... .......... .......... .......... ..........  5% 1,14M 46s
  3050K .......... .......... .......... .......... ..........  5% 10,6M 45s
  3100K .......... .......... .......... .......... ..........  5% 4,63M 44s
  3150K .......... .......... .......... .......... ..........  5% 1,09M 44s
  3200K .......... .......... .......... .......... ..........  5% 4,56M 44s
  3250K .......... .......... .......... .......... ..........  5% 1,04M 44s
  3300K .......... .......... .......... .......... ..........  5% 11,0M 43s
  3350K .......... .......... .......... .......... ..........  5% 6,64M 43s
  3400K .......... .......... .......... .......... ..........  6% 1,04M 43s
  3450K .......... .......... .......... .......... ..........  6% 3,72M 42s
  3500K .......... .......... .......... .......... ..........  6% 11,1M 42s
  3550K .......... .......... .......... .......... ..........  6% 1,17M 42s
  3600K .......... .......... .......... .......... ..........  6% 3,32M 41s
  3650K .......... .......... .......... .......... ..........  6% 1,08M 41s
  3700K .......... .......... .......... .......... ..........  6% 3,42M 41s
  3750K .......... .......... .......... .......... ..........  6% 10,3M 41s
  3800K .......... .......... .......... .......... ..........  6% 1,14M 41s
  3850K .......... .......... .......... .......... ..........  6% 4,57M 40s
  3900K .......... .......... .......... .......... ..........  6% 1,09M 40s
  3950K .......... .......... .......... .......... ..........  7% 4,51M 40s
  4000K .......... .......... .......... .......... ..........  7% 8,38M 39s
  4050K .......... .......... .......... .......... ..........  7% 1,06M 39s
  4100K .......... .......... .......... .......... ..........  7% 4,37M 39s
  4150K .......... .......... .......... .......... ..........  7%  983K 39s
  4200K .......... .......... .......... .......... ..........  7% 11,0M 39s
  4250K .......... .......... .......... .......... ..........  7% 7,44M 38s
  4300K .......... .......... .......... .......... ..........  7% 1,02M 38s
  4350K .......... .......... .......... .......... ..........  7% 7,03M 38s
  4400K .......... .......... .......... .......... ..........  7%  992K 38s
  4450K .......... .......... .......... .......... ..........  7% 11,2M 38s
  4500K .......... .......... .......... .......... ..........  8% 11,2M 37s
  4550K .......... .......... .......... .......... ..........  8%  991K 38s
  4600K .......... .......... .......... .......... ..........  8% 8,31M 37s
  4650K .......... .......... .......... .......... ..........  8% 11,1M 37s
  4700K .......... .......... .......... .......... ..........  8%  983K 37s
  4750K .......... .......... .......... .......... ..........  8% 8,30M 37s
  4800K .......... .......... .......... .......... ..........  8%  994K 37s
  4850K .......... .......... .......... .......... ..........  8% 7,39M 36s
  4900K .......... .......... .......... .......... ..........  8% 11,1M 36s
  4950K .......... .......... .......... .......... ..........  8% 1005K 36s
  5000K .......... .......... .......... .......... ..........  8% 4,11M 36s
  5050K .......... .......... .......... .......... ..........  8% 1,09M 36s
  5100K .......... .......... .......... .......... ..........  9% 4,53M 36s
  5150K .......... .......... .......... .......... ..........  9% 11,6M 35s
  5200K .......... .......... .......... .......... ..........  9% 1,04M 35s
  5250K .......... .......... .......... .......... ..........  9% 3,82M 35s
  5300K .......... .......... .......... .......... ..........  9% 1,14M 35s
  5350K .......... .......... .......... .......... ..........  9% 11,1M 35s
  5400K .......... .......... .......... .......... ..........  9% 3,88M 35s
  5450K .......... .......... .......... .......... ..........  9% 1,11M 35s
  5500K .......... .......... .......... .......... ..........  9% 2,43M 35s
  5550K .......... .......... .......... .......... ..........  9% 1,43M 34s
  5600K .......... .......... .......... .......... ..........  9% 7,43M 34s
  5650K .......... .......... .......... .......... .......... 10% 2,83M 34s
  5700K .......... .......... .......... .......... .......... 10% 1,20M 34s
  5750K .......... .......... .......... .......... .......... 10% 2,93M 34s
  5800K .......... .......... .......... .......... .......... 10% 1,26M 34s
  5850K .......... .......... .......... .......... .......... 10% 11,1M 34s
  5900K .......... .......... .......... .......... .......... 10% 2,64M 33s
  5950K .......... .......... .......... .......... .......... 10% 1,36M 33s
  6000K .......... .......... .......... .......... .......... 10% 2,69M 33s
  6050K .......... .......... .......... .......... .......... 10% 9,36M 33s
  6100K .......... .......... .......... .......... .......... 10% 1,14M 33s
  6150K .......... .......... .......... .......... .......... 10% 3,00M 33s
  6200K .......... .......... .......... .......... .......... 11% 1,23M 33s
  6250K .......... .......... .......... .......... .......... 11% 2,78M 33s
  6300K .......... .......... .......... .......... .......... 11% 11,2M 33s
  6350K .......... .......... .......... .......... .......... 11% 1,26M 33s
  6400K .......... .......... .......... .......... .......... 11% 2,57M 32s
  6450K .......... .......... .......... .......... .......... 11% 1,20M 32s
  6500K .......... .......... .......... .......... .......... 11% 2,94M 32s
  6550K .......... .......... .......... .......... .......... 11% 10,8M 32s
  6600K .......... .......... .......... .......... .......... 11% 1,20M 32s
  6650K .......... .......... .......... .......... .......... 11% 3,17M 32s
  6700K .......... .......... .......... .......... .......... 11% 1,34M 32s
  6750K .......... .......... .......... .......... .......... 11% 5,68M 32s
  6800K .......... .......... .......... .......... .......... 12% 3,18M 32s
  6850K .......... .......... .......... .......... .......... 12% 1,52M 32s
  6900K .......... .......... .......... .......... .......... 12% 2,15M 31s
  6950K .......... .......... .......... .......... .......... 12% 1,45M 31s
  7000K .......... .......... .......... .......... .......... 12% 11,1M 31s
  7050K .......... .......... .......... .......... .......... 12% 1,84M 31s
  7100K .......... .......... .......... .......... .......... 12% 1,78M 31s
  7150K .......... .......... .......... .......... .......... 12% 2,05M 31s
  7200K .......... .......... .......... .......... .......... 12% 1,39M 31s
  7250K .......... .......... .......... .......... .......... 12% 11,2M 31s
  7300K .......... .......... .......... .......... .......... 12% 2,18M 31s
  7350K .......... .......... .......... .......... .......... 13% 1,34M 31s
  7400K .......... .......... .......... .......... .......... 13% 2,46M 31s
  7450K .......... .......... .......... .......... .......... 13% 11,0M 30s
  7500K .......... .......... .......... .......... .......... 13% 1,25M 30s
  7550K .......... .......... .......... .......... .......... 13% 2,60M 30s
  7600K .......... .......... .......... .......... .......... 13% 1,26M 30s
  7650K .......... .......... .......... .......... .......... 13% 2,69M 30s
  7700K .......... .......... .......... .......... .......... 13% 11,2M 30s
  7750K .......... .......... .......... .......... .......... 13% 1,09M 30s
  7800K .......... .......... .......... .......... .......... 13% 4,39M 30s
  7850K .......... .......... .......... .......... .......... 13% 1,03M 30s
  7900K .......... .......... .......... .......... .......... 14% 4,71M 30s
  7950K .......... .......... .......... .......... .......... 14% 10,8M 30s
  8000K .......... .......... .......... .......... .......... 14% 1,11M 30s
  8050K .......... .......... .......... .......... .......... 14% 3,34M 30s
  8100K .......... .......... .......... .......... .......... 14%  980K 30s
  8150K .......... .......... .......... .......... .......... 14% 11,1M 29s
  8200K .......... .......... .......... .......... .......... 14% 7,36M 29s
  8250K .......... .......... .......... .......... .......... 14% 1019K 29s
  8300K .......... .......... .......... .......... .......... 14% 7,14M 29s
  8350K .......... .......... .......... .......... .......... 14%  970K 29s
  8400K .......... .......... .......... .......... .......... 14% 11,2M 29s
  8450K .......... .......... .......... .......... .......... 14% 6,05M 29s
  8500K .......... .......... .......... .......... .......... 15% 1,04M 29s
  8550K .......... .......... .......... .......... .......... 15% 6,52M 29s
  8600K .......... .......... .......... .......... .......... 15% 11,1M 29s
  8650K .......... .......... .......... .......... .......... 15% 1,11M 29s
  8700K .......... .......... .......... .......... .......... 15% 3,30M 29s
  8750K .......... .......... .......... .......... .......... 15% 1,15M 29s
  8800K .......... .......... .......... .......... .......... 15% 3,30M 29s
  8850K .......... .......... .......... .......... .......... 15% 11,5M 28s
  8900K .......... .......... .......... .......... .......... 15% 1,17M 28s
  8950K .......... .......... .......... .......... .......... 15% 3,03M 28s
  9000K .......... .......... .......... .......... .......... 15% 1,27M 28s
  9050K .......... .......... .......... .......... .......... 16% 3,10M 28s
  9100K .......... .......... .......... .......... .......... 16% 10,3M 28s
  9150K .......... .......... .......... .......... .......... 16% 1,16M 28s
  9200K .......... .......... .......... .......... .......... 16% 2,39M 28s
  9250K .......... .......... .......... .......... .......... 16% 1,31M 28s
  9300K .......... .......... .......... .......... .......... 16% 11,5M 28s
  9350K .......... .......... .......... .......... .......... 16% 2,68M 28s
  9400K .......... .......... .......... .......... .......... 16% 1,32M 28s
  9450K .......... .......... .......... .......... .......... 16% 2,59M 28s
  9500K .......... .......... .......... .......... .......... 16% 1,24M 28s
  9550K .......... .......... .......... .......... .......... 16% 11,2M 28s
  9600K .......... .......... .......... .......... .......... 16% 2,70M 28s
  9650K .......... .......... .......... .......... .......... 17% 1,21M 28s
  9700K .......... .......... .......... .......... .......... 17% 3,26M 27s
  9750K .......... .......... .......... .......... .......... 17% 1,17M 28s
  9800K .......... .......... .......... .......... .......... 17% 10,9M 27s
  9850K .......... .......... .......... .......... .......... 17% 3,46M 27s
  9900K .......... .......... .......... .......... .......... 17% 1,15M 27s
  9950K .......... .......... .......... .......... .......... 17% 11,2M 27s
 10000K .......... .......... .......... .......... .......... 17%  856K 27s
 10050K .......... .......... .......... .......... .......... 17%  839K 27s
 10100K .......... .......... .......... .......... .......... 17%  766K 27s
 10150K .......... .......... .......... .......... .......... 17%  857K 28s
 10200K .......... .......... .......... .......... .......... 18%  888K 28s
 10250K .......... .......... .......... .......... .......... 18%  892K 28s
 10300K .......... .......... .......... .......... .......... 18% 6,40M 28s
 10350K .......... .......... .......... .......... .......... 18%  843K 28s
 10400K .......... .......... .......... .......... .......... 18%  837K 28s
 10450K .......... .......... .......... .......... .......... 18%  939K 28s
 10500K .......... .......... .......... .......... .......... 18% 4,41M 28s
 10550K .......... .......... .......... .......... .......... 18%  972K 28s
 10600K .......... .......... .......... .......... .......... 18% 1,02M 28s
 10650K .......... .......... .......... .......... .......... 18% 3,87M 28s
 10700K .......... .......... .......... .......... .......... 18% 1,02M 28s
 10750K .......... .......... .......... .......... .......... 19% 3,90M 28s
 10800K .......... .......... .......... .......... .......... 19%  905K 28s
 10850K .......... .......... .......... .......... .......... 19% 8,90M 28s
 10900K .......... .......... .......... .......... .......... 19%  955K 28s
 10950K .......... .......... .......... .......... .......... 19% 7,46M 28s
 11000K .......... .......... .......... .......... .......... 19% 1,30M 28s
 11050K .......... .......... .......... .......... .......... 19% 1,74M 28s
 11100K .......... .......... .......... .......... .......... 19% 1,58M 28s
 11150K .......... .......... .......... .......... .......... 19% 1,60M 28s
 11200K .......... .......... .......... .......... .......... 19% 11,2M 27s
 11250K .......... .......... .......... .......... .......... 19% 1,87M 27s
 11300K .......... .......... .......... .......... .......... 19% 1,44M 27s
 11350K .......... .......... .......... .......... .......... 20% 1,94M 27s
 11400K .......... .......... .......... .......... .......... 20% 1,55M 27s
 11450K .......... .......... .......... .......... .......... 20% 11,2M 27s
 11500K .......... .......... .......... .......... .......... 20% 1,72M 27s
 11550K .......... .......... .......... .......... .......... 20% 2,09M 27s
 11600K .......... .......... .......... .......... .......... 20% 1,93M 27s
 11650K .......... .......... .......... .......... .......... 20% 4,96M 27s
 11700K .......... .......... .......... .......... .......... 20% 1,92M 27s
 11750K .......... .......... .......... .......... .......... 20% 1,83M 27s
 11800K .......... .......... .......... .......... .......... 20% 1,58M 27s
 11850K .......... .......... .......... .......... .......... 20% 1,82M 27s
 11900K .......... .......... .......... .......... .......... 21% 11,3M 27s
 11950K .......... .......... .......... .......... .......... 21% 1,94M 27s
 12000K .......... .......... .......... .......... .......... 21% 1,60M 27s
 12050K .......... .......... .......... .......... .......... 21% 1,81M 26s
 12100K .......... .......... .......... .......... .......... 21% 10,4M 26s
 12150K .......... .......... .......... .......... .......... 21% 1,53M 26s
 12200K .......... .......... .......... .......... .......... 21% 1,78M 26s
 12250K .......... .......... .......... .......... .......... 21% 1,85M 26s
 12300K .......... .......... .......... .......... .......... 21% 1,59M 26s
 12350K .......... .......... .......... .......... .......... 21% 11,2M 26s
 12400K .......... .......... .......... .......... .......... 21% 1,81M 26s
 12450K .......... .......... .......... .......... .......... 22% 1,66M 26s
 12500K .......... .......... .......... .......... .......... 22% 1,75M 26s
 12550K .......... .......... .......... .......... .......... 22% 11,1M 26s
 12600K .......... .......... .......... .......... .......... 22% 1,68M 26s
 12650K .......... .......... .......... .......... .......... 22% 1,83M 26s
 12700K .......... .......... .......... .......... .......... 22% 1,48M 26s
 12750K .......... .......... .......... .......... .......... 22% 1,97M 26s
 12800K .......... .......... .......... .......... .......... 22% 11,2M 26s
 12850K .......... .......... .......... .......... .......... 22% 1,38M 26s
 12900K .......... .......... .......... .......... .......... 22% 2,22M 26s
 12950K .......... .......... .......... .......... .......... 22% 1,50M 26s
 13000K .......... .......... .......... .......... .......... 22% 2,06M 26s
 13050K .......... .......... .......... .......... .......... 23% 11,2M 25s
 13100K .......... .......... .......... .......... .......... 23% 1,62M 25s
 13150K .......... .......... .......... .......... .......... 23% 1,77M 25s
 13200K .......... .......... .......... .......... .......... 23% 1,53M 25s
 13250K .......... .......... .......... .......... .......... 23% 7,76M 25s
 13300K .......... .......... .......... .......... .......... 23% 2,66M 25s
 13350K .......... .......... .......... .......... .......... 23% 1,39M 25s
 13400K .......... .......... .......... .......... .......... 23% 2,25M 25s
 13450K .......... .......... .......... .......... .......... 23% 1,33M 25s
 13500K .......... .......... .......... .......... .......... 23% 11,1M 25s
 13550K .......... .......... .......... .......... .......... 23% 2,37M 25s
 13600K .......... .......... .......... .......... .......... 24% 1,28M 25s
 13650K .......... .......... .......... .......... .......... 24% 2,54M 25s
 13700K .......... .......... .......... .......... .......... 24% 1,40M 25s
 13750K .......... .......... .......... .......... .......... 24% 11,5M 25s
 13800K .......... .......... .......... .......... .......... 24% 1,84M 25s
 13850K .......... .......... .......... .......... .......... 24% 1,48M 25s
 13900K .......... .......... .......... .......... .......... 24% 2,35M 25s
 13950K .......... .......... .......... .......... .......... 24% 11,2M 25s
 14000K .......... .......... .......... .......... .......... 24% 1,22M 25s
 14050K .......... .......... .......... .......... .......... 24% 2,98M 25s
 14100K .......... .......... .......... .......... .......... 24% 1,21M 25s
 14150K .......... .......... .......... .......... .......... 25% 2,83M 24s
 14200K .......... .......... .......... .......... .......... 25% 11,5M 24s
 14250K .......... .......... .......... .......... .......... 25% 1,22M 24s
 14300K .......... .......... .......... .......... .......... 25% 2,54M 24s
 14350K .......... .......... .......... .......... .......... 25% 1,25M 24s
 14400K .......... .......... .......... .......... .......... 25% 2,37M 24s
 14450K .......... .......... .......... .......... .......... 25% 11,2M 24s
 14500K .......... .......... .......... .......... .......... 25% 1,16M 24s
 14550K .......... .......... .......... .......... .......... 25% 2,99M 24s
 14600K .......... .......... .......... .......... .......... 25% 1,17M 24s
 14650K .......... .......... .......... .......... .......... 25% 11,5M 24s
 14700K .......... .......... .......... .......... .......... 25% 4,21M 24s
 14750K .......... .......... .......... .......... .......... 26% 1,10M 24s
 14800K .......... .......... .......... .......... .......... 26% 4,68M 24s
 14850K .......... .......... .......... .......... .......... 26%  998K 24s
 14900K .......... .......... .......... .......... .......... 26% 11,0M 24s
 14950K .......... .......... .......... .......... .......... 26% 7,54M 24s
 15000K .......... .......... .......... .......... .......... 26% 1000K 24s
 15050K .......... .......... .......... .......... .......... 26% 11,2M 24s
 15100K .......... .......... .......... .......... .......... 26%  986K 24s
 15150K .......... .......... .......... .......... .......... 26% 11,1M 24s
 15200K .......... .......... .......... .......... .......... 26% 11,2M 23s
 15250K .......... .......... .......... .......... .......... 26% 1002K 24s
 15300K .......... .......... .......... .......... .......... 27% 6,40M 23s
 15350K .......... .......... .......... .......... .......... 27% 11,3M 23s
 15400K .......... .......... .......... .......... .......... 27% 1004K 23s
 15450K .......... .......... .......... .......... .......... 27% 7,13M 23s
 15500K .......... .......... .......... .......... .......... 27%  983K 23s
 15550K .......... .......... .......... .......... .......... 27% 7,18M 23s
 15600K .......... .......... .......... .......... .......... 27% 11,1M 23s
 15650K .......... .......... .......... .......... .......... 27%  973K 23s
 15700K .......... .......... .......... .......... .......... 27% 7,94M 23s
 15750K .......... .......... .......... .......... .......... 27%  910K 23s
 15800K .......... .......... .......... .......... .......... 27% 11,2M 23s
 15850K .......... .......... .......... .......... .......... 28% 11,2M 23s
 15900K .......... .......... .......... .......... .......... 28%  920K 23s
 15950K .......... .......... .......... .......... .......... 28% 11,2M 23s
 16000K .......... .......... .......... .......... .......... 28%  909K 23s
 16050K .......... .......... .......... .......... .......... 28% 11,1M 23s
 16100K .......... .......... .......... .......... .......... 28% 11,2M 23s
 16150K .......... .......... .......... .......... .......... 28%  951K 23s
 16200K .......... .......... .......... .......... .......... 28% 11,2M 23s
 16250K .......... .......... .......... .......... .......... 28%  982K 23s
 16300K .......... .......... .......... .......... .......... 28% 11,2M 23s
 16350K .......... .......... .......... .......... .......... 28% 6,91M 23s
 16400K .......... .......... .......... .......... .......... 28%  947K 23s
 16450K .......... .......... .......... .......... .......... 29% 7,83M 23s
 16500K .......... .......... .......... .......... .......... 29% 11,2M 22s
 16550K .......... .......... .......... .......... .......... 29%  996K 22s
 16600K .......... .......... .......... .......... .......... 29% 8,37M 22s
 16650K .......... .......... .......... .......... .......... 29% 1019K 22s
 16700K .......... .......... .......... .......... .......... 29% 11,1M 22s
 16750K .......... .......... .......... .......... .......... 29% 11,2M 22s
 16800K .......... .......... .......... .......... .......... 29%  894K 22s
 16850K .......... .......... .......... .......... .......... 29% 11,2M 22s
 16900K .......... .......... .......... .......... .......... 29%  959K 22s
 16950K .......... .......... .......... .......... .......... 29% 11,1M 22s
 17000K .......... .......... .......... .......... .......... 30% 11,2M 22s
 17050K .......... .......... .......... .......... .......... 30%  979K 22s
 17100K .......... .......... .......... .......... .......... 30% 6,94M 22s
 17150K .......... .......... .......... .......... .......... 30%  984K 22s
 17200K .......... .......... .......... .......... .......... 30% 11,2M 22s
 17250K .......... .......... .......... .......... .......... 30% 4,56M 22s
 17300K .......... .......... .......... .......... .......... 30%  877K 22s
 17350K .......... .......... .......... .......... .......... 30% 11,2M 22s
 17400K .......... .......... .......... .......... .......... 30%  958K 22s
 17450K .......... .......... .......... .......... .......... 30% 11,2M 22s
 17500K .......... .......... .......... .......... .......... 30% 8,57M 22s
 17550K .......... .......... .......... .......... .......... 30%  941K 22s
 17600K .......... .......... .......... .......... .......... 31% 11,0M 22s
 17650K .......... .......... .......... .......... .......... 31%  896K 22s
 17700K .......... .......... .......... .......... .......... 31% 10,9M 22s
 17750K .......... .......... .......... .......... .......... 31% 11,4M 22s
 17800K .......... .......... .......... .......... .......... 31%  976K 22s
 17850K .......... .......... .......... .......... .......... 31% 4,99M 22s
 17900K .......... .......... .......... .......... .......... 31% 11,2M 21s
 17950K .......... .......... .......... .......... .......... 31% 1,04M 21s
 18000K .......... .......... .......... .......... .......... 31% 9,66M 21s
 18050K .......... .......... .......... .......... .......... 31% 1,00M 21s
 18100K .......... .......... .......... .......... .......... 31% 7,04M 21s
 18150K .......... .......... .......... .......... .......... 32% 11,2M 21s
 18200K .......... .......... .......... .......... .......... 32%  989K 21s
 18250K .......... .......... .......... .......... .......... 32% 10,2M 21s
 18300K .......... .......... .......... .......... .......... 32%  944K 21s
 18350K .......... .......... .......... .......... .......... 32% 11,2M 21s
 18400K .......... .......... .......... .......... .......... 32% 11,2M 21s
 18450K .......... .......... .......... .......... .......... 32%  925K 21s
 18500K .......... .......... .......... .......... .......... 32% 11,1M 21s
 18550K .......... .......... .......... .......... .......... 32%  824K 21s
 18600K .......... .......... .......... .......... .......... 32% 11,1M 21s
 18650K .......... .......... .......... .......... .......... 32% 11,5M 21s
 18700K .......... .......... .......... .......... .......... 33%  978K 21s
 18750K .......... .......... .......... .......... .......... 33% 6,33M 21s
 18800K .......... .......... .......... .......... .......... 33%  989K 21s
 18850K .......... .......... .......... .......... .......... 33% 11,0M 21s
 18900K .......... .......... .......... .......... .......... 33% 5,53M 21s
 18950K .......... .......... .......... .......... .......... 33% 1,04M 21s
 19000K .......... .......... .......... .......... .......... 33% 4,92M 21s
 19050K .......... .......... .......... .......... .......... 33% 1,07M 21s
 19100K .......... .......... .......... .......... .......... 33% 11,5M 21s
 19150K .......... .......... .......... .......... .......... 33% 4,04M 21s
 19200K .......... .......... .......... .......... .......... 33% 1,09M 21s
 19250K .......... .......... .......... .......... .......... 33% 3,44M 21s
 19300K .......... .......... .......... .......... .......... 34% 10,6M 20s
 19350K .......... .......... .......... .......... .......... 34% 1,23M 20s
 19400K .......... .......... .......... .......... .......... 34% 3,34M 20s
 19450K .......... .......... .......... .......... .......... 34% 1,34M 20s
 19500K .......... .......... .......... .......... .......... 34% 2,44M 20s
 19550K .......... .......... .......... .......... .......... 34% 11,5M 20s
 19600K .......... .......... .......... .......... .......... 34% 1,29M 20s
 19650K .......... .......... .......... .......... .......... 34% 2,60M 20s
 19700K .......... .......... .......... .......... .......... 34% 1,38M 20s
 19750K .......... .......... .......... .......... .......... 34% 2,17M 20s
 19800K .......... .......... .......... .......... .......... 34% 11,2M 20s
 19850K .......... .......... .......... .......... .......... 35% 1,24M 20s
 19900K .......... .......... .......... .......... .......... 35% 2,17M 20s
 19950K .......... .......... .......... .......... .......... 35% 1,42M 20s
 20000K .......... .......... .......... .......... .......... 35% 11,5M 20s
 20050K .......... .......... .......... .......... .......... 35% 2,12M 20s
 20100K .......... .......... .......... .......... .......... 35% 1,48M 20s
 20150K .......... .......... .......... .......... .......... 35% 2,16M 20s
 20200K .......... .......... .......... .......... .......... 35% 1,29M 20s
 20250K .......... .......... .......... .......... .......... 35% 10,3M 20s
 20300K .......... .......... .......... .......... .......... 35% 1,85M 20s
 20350K .......... .......... .......... .......... .......... 35% 1,56M 20s
 20400K .......... .......... .......... .......... .......... 36% 1,77M 20s
 20450K .......... .......... .......... .......... .......... 36% 10,9M 20s
 20500K .......... .......... .......... .......... .......... 36% 1,98M 20s
 20550K .......... .......... .......... .......... .......... 36% 1,26M 20s
 20600K .......... .......... .......... .......... .......... 36% 2,93M 20s
 20650K .......... .......... .......... .......... .......... 36% 1,26M 20s
 20700K .......... .......... .......... .......... .......... 36% 11,2M 20s
 20750K .......... .......... .......... .......... .......... 36% 2,58M 19s
 20800K .......... .......... .......... .......... .......... 36% 1,30M 19s
 20850K .......... .......... .......... .......... .......... 36% 2,68M 19s
 20900K .......... .......... .......... .......... .......... 36% 1,30M 19s
 20950K .......... .......... .......... .......... .......... 36% 11,2M 19s
 21000K .......... .......... .......... .......... .......... 37% 2,75M 19s
 21050K .......... .......... .......... .......... .......... 37% 1,23M 19s
 21100K .......... .......... .......... .......... .......... 37% 2,92M 19s
 21150K .......... .......... .......... .......... .......... 37% 11,2M 19s
 21200K .......... .......... .......... .......... .......... 37% 1,26M 19s
 21250K .......... .......... .......... .......... .......... 37% 2,97M 19s
 21300K .......... .......... .......... .......... .......... 37% 1,07M 19s
 21350K .......... .......... .......... .......... .......... 37% 2,65M 19s
 21400K .......... .......... .......... .......... .......... 37% 11,1M 19s
 21450K .......... .......... .......... .......... .......... 37% 1,49M 19s
 21500K .......... .......... .......... .......... .......... 37% 1,86M 19s
 21550K .......... .......... .......... .......... .......... 38% 1,70M 19s
 21600K .......... .......... .......... .......... .......... 38% 1,83M 19s
 21650K .......... .......... .......... .......... .......... 38% 10,7M 19s
 21700K .......... .......... .......... .......... .......... 38% 1,58M 19s
 21750K .......... .......... .......... .......... .......... 38% 1,37M 19s
 21800K .......... .......... .......... .......... .......... 38% 2,38M 19s
 21850K .......... .......... .......... .......... .......... 38% 11,1M 19s
 21900K .......... .......... .......... .......... .......... 38% 1,33M 19s
 21950K .......... .......... .......... .......... .......... 38% 2,56M 19s
 22000K .......... .......... .......... .......... .......... 38% 1,31M 19s
 22050K .......... .......... .......... .......... .......... 38% 2,53M 19s
 22100K .......... .......... .......... .......... .......... 39% 9,29M 19s
 22150K .......... .......... .......... .......... .......... 39% 1,42M 19s
 22200K .......... .......... .......... .......... .......... 39% 2,19M 19s
 22250K .......... .......... .......... .......... .......... 39% 1,36M 19s
 22300K .......... .......... .......... .......... .......... 39% 2,34M 18s
 22350K .......... .......... .......... .......... .......... 39% 11,0M 18s
 22400K .......... .......... .......... .......... .......... 39% 1,24M 18s
 22450K .......... .......... .......... .......... .......... 39% 2,78M 18s
 22500K .......... .......... .......... .......... .......... 39% 1,22M 18s
 22550K .......... .......... .......... .......... .......... 39% 11,2M 18s
 22600K .......... .......... .......... .......... .......... 39% 2,69M 18s
 22650K .......... .......... .......... .......... .......... 39% 1,34M 18s
 22700K .......... .......... .......... .......... .......... 40% 2,62M 18s
 22750K .......... .......... .......... .......... .......... 40% 1,25M 18s
 22800K .......... .......... .......... .......... .......... 40% 10,4M 18s
 22850K .......... .......... .......... .......... .......... 40% 2,64M 18s
 22900K .......... .......... .......... .......... .......... 40% 1,46M 18s
 22950K .......... .......... .......... .......... .......... 40% 3,84M 18s
 23000K .......... .......... .......... .......... .......... 40% 1,18M 18s
 23050K .......... .......... .......... .......... .......... 40% 11,2M 18s
 23100K .......... .......... .......... .......... .......... 40% 3,71M 18s
 23150K .......... .......... .......... .......... .......... 40% 4,06M 18s
 23200K .......... .......... .......... .......... .......... 40% 1,07M 18s
 23250K .......... .......... .......... .......... .......... 41% 11,2M 18s
 23300K .......... .......... .......... .......... .......... 41% 4,45M 18s
 23350K .......... .......... .......... .......... .......... 41% 1,70M 18s
 23400K .......... .......... .......... .......... .......... 41% 1,80M 18s
 23450K .......... .......... .......... .......... .......... 41% 1,58M 18s
 23500K .......... .......... .......... .......... .......... 41% 11,2M 18s
 23550K .......... .......... .......... .......... .......... 41% 2,30M 18s
 23600K .......... .......... .......... .......... .......... 41% 1,36M 18s
 23650K .......... .......... .......... .......... .......... 41% 2,52M 18s
 23700K .......... .......... .......... .......... .......... 41% 1,50M 18s
 23750K .......... .......... .......... .......... .......... 41% 10,6M 17s
 23800K .......... .......... .......... .......... .......... 42% 2,16M 17s
 23850K .......... .......... .......... .......... .......... 42% 1,57M 17s
 23900K .......... .......... .......... .......... .......... 42% 1,67M 17s
 23950K .......... .......... .......... .......... .......... 42% 11,2M 17s
 24000K .......... .......... .......... .......... .......... 42% 1,77M 17s
 24050K .......... .......... .......... .......... .......... 42% 1,62M 17s
 24100K .......... .......... .......... .......... .......... 42% 1,86M 17s
 24150K .......... .......... .......... .......... .......... 42% 1,47M 17s
 24200K .......... .......... .......... .......... .......... 42% 11,2M 17s
 24250K .......... .......... .......... .......... .......... 42% 1,97M 17s
 24300K .......... .......... .......... .......... .......... 42% 1,68M 17s
 24350K .......... .......... .......... .......... .......... 42% 1,89M 17s
 24400K .......... .......... .......... .......... .......... 43% 1,58M 17s
 24450K .......... .......... .......... .......... .......... 43% 11,6M 17s
 24500K .......... .......... .......... .......... .......... 43% 2,01M 17s
 24550K .......... .......... .......... .......... .......... 43% 1,43M 17s
 24600K .......... .......... .......... .......... .......... 43% 1,46M 17s
 24650K .......... .......... .......... .......... .......... 43% 10,6M 17s
 24700K .......... .......... .......... .......... .......... 43% 1,89M 17s
 24750K .......... .......... .......... .......... .......... 43% 1,70M 17s
 24800K .......... .......... .......... .......... .......... 43% 1,76M 17s
 24850K .......... .......... .......... .......... .......... 43% 1,63M 17s
 24900K .......... .......... .......... .......... .......... 43% 11,5M 17s
 24950K .......... .......... .......... .......... .......... 44% 1,75M 17s
 25000K .......... .......... .......... .......... .......... 44% 1,78M 17s
 25050K .......... .......... .......... .......... .......... 44% 1,56M 17s
 25100K .......... .......... .......... .......... .......... 44% 11,2M 17s
 25150K .......... .......... .......... .......... .......... 44% 2,19M 17s
 25200K .......... .......... .......... .......... .......... 44% 1,42M 17s
 25250K .......... .......... .......... .......... .......... 44% 2,18M 17s
 25300K .......... .......... .......... .......... .......... 44% 1,21M 17s
 25350K .......... .......... .......... .......... .......... 44% 11,5M 17s
 25400K .......... .......... .......... .......... .......... 44% 2,82M 16s
 25450K .......... .......... .......... .......... .......... 44% 1,26M 16s
 25500K .......... .......... .......... .......... .......... 44% 2,93M 16s
 25550K .......... .......... .......... .......... .......... 45% 1,17M 16s
 25600K .......... .......... .......... .......... .......... 45% 11,2M 16s
 25650K .......... .......... .......... .......... .......... 45% 3,32M 16s
 25700K .......... .......... .......... .......... .......... 45% 1,15M 16s
 25750K .......... .......... .......... .......... .......... 45% 3,31M 16s
 25800K .......... .......... .......... .......... .......... 45% 11,5M 16s
 25850K .......... .......... .......... .......... .......... 45% 1,07M 16s
 25900K .......... .......... .......... .......... .......... 45% 4,52M 16s
 25950K .......... .......... .......... .......... .......... 45% 1,11M 16s
 26000K .......... .......... .......... .......... .......... 45% 4,66M 16s
 26050K .......... .......... .......... .......... .......... 45% 10,8M 16s
 26100K .......... .......... .......... .......... .......... 46% 5,34M 16s
 26150K .......... .......... .......... .......... .......... 46% 1,00M 16s
 26200K .......... .......... .......... .......... .......... 46% 11,2M 16s
 26250K .......... .......... .......... .......... .......... 46% 5,00M 16s
 26300K .......... .......... .......... .......... .......... 46% 10,7M 16s
 26350K .......... .......... .......... .......... .......... 46% 1,02M 16s
 26400K .......... .......... .......... .......... .......... 46% 11,2M 16s
 26450K .......... .......... .......... .......... .......... 46% 8,83M 16s
 26500K .......... .......... .......... .......... .......... 46% 11,1M 16s
 26550K .......... .......... .......... .......... .......... 46% 1,02M 16s
 26600K .......... .......... .......... .......... .......... 46% 5,98M 16s
 26650K .......... .......... .......... .......... .......... 47% 11,5M 16s
 26700K .......... .......... .......... .......... .......... 47% 1,09M 16s
 26750K .......... .......... .......... .......... .......... 47% 10,4M 16s
 26800K .......... .......... .......... .......... .......... 47% 5,05M 16s
 26850K .......... .......... .......... .......... .......... 47% 11,2M 15s
 26900K .......... .......... .......... .......... .......... 47% 1,15M 15s
 26950K .......... .......... .......... .......... .......... 47% 4,22M 15s
 27000K .......... .......... .......... .......... .......... 47% 11,2M 15s
 27050K .......... .......... .......... .......... .......... 47% 9,76M 15s
 27100K .......... .......... .......... .......... .......... 47% 1,08M 15s
 27150K .......... .......... .......... .......... .......... 47% 4,54M 15s
 27200K .......... .......... .......... .......... .......... 47% 11,2M 15s
 27250K .......... .......... .......... .......... .......... 48% 11,1M 15s
 27300K .......... .......... .......... .......... .......... 48% 1,11M 15s
 27350K .......... .......... .......... .......... .......... 48% 5,97M 15s
 27400K .......... .......... .......... .......... .......... 48% 5,88M 15s
 27450K .......... .......... .......... .......... .......... 48% 11,2M 15s
 27500K .......... .......... .......... .......... .......... 48% 1,31M 15s
 27550K .......... .......... .......... .......... .......... 48% 3,84M 15s
 27600K .......... .......... .......... .......... .......... 48% 4,55M 15s
 27650K .......... .......... .......... .......... .......... 48% 3,85M 15s
 27700K .......... .......... .......... .......... .......... 48% 2,38M 15s
 27750K .......... .......... .......... .......... .......... 48% 2,50M 15s
 27800K .......... .......... .......... .......... .......... 49% 4,84M 15s
 27850K .......... .......... .......... .......... .......... 49% 1,80M 15s
 27900K .......... .......... .......... .......... .......... 49% 11,2M 15s
 27950K .......... .......... .......... .......... .......... 49% 2,48M 15s
 28000K .......... .......... .......... .......... .......... 49% 3,93M 15s
 28050K .......... .......... .......... .......... .......... 49% 2,08M 15s
 28100K .......... .......... .......... .......... .......... 49% 2,08M 15s
 28150K .......... .......... .......... .......... .......... 49% 11,0M 15s
 28200K .......... .......... .......... .......... .......... 49% 4,62M 15s
 28250K .......... .......... .......... .......... .......... 49% 2,54M 14s
 28300K .......... .......... .......... .......... .......... 49% 1,83M 14s
 28350K .......... .......... .......... .......... .......... 50% 3,38M 14s
 28400K .......... .......... .......... .......... .......... 50% 10,6M 14s
 28450K .......... .......... .......... .......... .......... 50% 3,47M 14s
 28500K .......... .......... .......... .......... .......... 50% 1,78M 14s
 28550K .......... .......... .......... .......... .......... 50% 2,87M 14s
 28600K .......... .......... .......... .......... .......... 50% 11,2M 14s
 28650K .......... .......... .......... .......... .......... 50% 3,30M 14s
 28700K .......... .......... .......... .......... .......... 50% 2,16M 14s
 28750K .......... .......... .......... .......... .......... 50% 2,57M 14s
 28800K .......... .......... .......... .......... .......... 50% 3,12M 14s
 28850K .......... .......... .......... .......... .......... 50% 11,2M 14s
 28900K .......... .......... .......... .......... .......... 50% 2,46M 14s
 28950K .......... .......... .......... .......... .......... 51% 1,89M 14s
 29000K .......... .......... .......... .......... .......... 51% 3,35M 14s
 29050K .......... .......... .......... .......... .......... 51% 10,3M 14s
 29100K .......... .......... .......... .......... .......... 51% 2,77M 14s
 29150K .......... .......... .......... .......... .......... 51% 2,13M 14s
 29200K .......... .......... .......... .......... .......... 51% 3,28M 14s
 29250K .......... .......... .......... .......... .......... 51% 2,60M 14s
 29300K .......... .......... .......... .......... .......... 51% 11,0M 14s
 29350K .......... .......... .......... .......... .......... 51% 2,01M 14s
 29400K .......... .......... .......... .......... .......... 51% 3,45M 14s
 29450K .......... .......... .......... .......... .......... 51% 2,78M 14s
 29500K .......... .......... .......... .......... .......... 52% 2,05M 14s
 29550K .......... .......... .......... .......... .......... 52% 11,1M 14s
 29600K .......... .......... .......... .......... .......... 52% 3,19M 14s
 29650K .......... .......... .......... .......... .......... 52% 2,79M 14s
 29700K .......... .......... .......... .......... .......... 52% 2,10M 14s
 29750K .......... .......... .......... .......... .......... 52% 10,9M 13s
 29800K .......... .......... .......... .......... .......... 52% 2,92M 13s
 29850K .......... .......... .......... .......... .......... 52% 3,39M 13s
 29900K .......... .......... .......... .......... .......... 52% 1,90M 13s
 29950K .......... .......... .......... .......... .......... 52% 2,60M 13s
 30000K .......... .......... .......... .......... .......... 52% 11,1M 13s
 30050K .......... .......... .......... .......... .......... 53% 3,06M 13s
 30100K .......... .......... .......... .......... .......... 53% 2,59M 13s
 30150K .......... .......... .......... .......... .......... 53% 2,26M 13s
 30200K .......... .......... .......... .......... .......... 53% 3,56M 13s
 30250K .......... .......... .......... .......... .......... 53% 11,5M 13s
 30300K .......... .......... .......... .......... .......... 53% 2,35M 13s
 30350K .......... .......... .......... .......... .......... 53% 2,39M 13s
 30400K .......... .......... .......... .......... .......... 53% 3,98M 13s
 30450K .......... .......... .......... .......... .......... 53% 11,2M 13s
 30500K .......... .......... .......... .......... .......... 53% 2,21M 13s
 30550K .......... .......... .......... .......... .......... 53% 2,59M 13s
 30600K .......... .......... .......... .......... .......... 53% 3,28M 13s
 30650K .......... .......... .......... .......... .......... 54% 2,42M 13s
 30700K .......... .......... .......... .......... .......... 54% 11,2M 13s
 30750K .......... .......... .......... .......... .......... 54% 2,25M 13s
 30800K .......... .......... .......... .......... .......... 54% 2,85M 13s
 30850K .......... .......... .......... .......... .......... 54% 3,20M 13s
 30900K .......... .......... .......... .......... .......... 54% 2,18M 13s
 30950K .......... .......... .......... .......... .......... 54% 10,8M 13s
 31000K .......... .......... .......... .......... .......... 54% 3,05M 13s
 31050K .......... .......... .......... .......... .......... 54% 2,48M 13s
 31100K .......... .......... .......... .......... .......... 54% 2,76M 13s
 31150K .......... .......... .......... .......... .......... 54% 10,9M 13s
 31200K .......... .......... .......... .......... .......... 55% 2,61M 13s
 31250K .......... .......... .......... .......... .......... 55% 2,49M 12s
 31300K .......... .......... .......... .......... .......... 55% 2,46M 12s
 31350K .......... .......... .......... .......... .......... 55% 3,23M 12s
 31400K .......... .......... .......... .......... .......... 55% 11,2M 12s
 31450K .......... .......... .......... .......... .......... 55% 2,60M 12s
 31500K .......... .......... .......... .......... .......... 55% 2,57M 12s
 31550K .......... .......... .......... .......... .......... 55% 2,61M 12s
 31600K .......... .......... .......... .......... .......... 55% 2,44M 12s
 31650K .......... .......... .......... .......... .......... 55% 10,3M 12s
 31700K .......... .......... .......... .......... .......... 55% 3,33M 12s
 31750K .......... .......... .......... .......... .......... 56% 2,57M 12s
 31800K .......... .......... .......... .......... .......... 56% 2,36M 12s
 31850K .......... .......... .......... .......... .......... 56% 11,1M 12s
 31900K .......... .......... .......... .......... .......... 56% 2,55M 12s
 31950K .......... .......... .......... .......... .......... 56% 3,16M 12s
 32000K .......... .......... .......... .......... .......... 56% 2,16M 12s
 32050K .......... .......... .......... .......... .......... 56% 3,24M 12s
 32100K .......... .......... .......... .......... .......... 56% 11,2M 12s
 32150K .......... .......... .......... .......... .......... 56% 2,41M 12s
 32200K .......... .......... .......... .......... .......... 56% 2,60M 12s
 32250K .......... .......... .......... .......... .......... 56% 3,37M 12s
 32300K .......... .......... .......... .......... .......... 56% 2,16M 12s
 32350K .......... .......... .......... .......... .......... 57% 10,7M 12s
 32400K .......... .......... .......... .......... .......... 57% 2,40M 12s
 32450K .......... .......... .......... .......... .......... 57% 3,06M 12s
 32500K .......... .......... .......... .......... .......... 57% 2,67M 12s
 32550K .......... .......... .......... .......... .......... 57% 11,0M 12s
 32600K .......... .......... .......... .......... .......... 57% 2,05M 12s
 32650K .......... .......... .......... .......... .......... 57% 2,94M 12s
 32700K .......... .......... .......... .......... .......... 57% 3,10M 12s
 32750K .......... .......... .......... .......... .......... 57% 2,01M 12s
 32800K .......... .......... .......... .......... .......... 57% 11,2M 12s
 32850K .......... .......... .......... .......... .......... 57% 3,46M 12s
 32900K .......... .......... .......... .......... .......... 58% 2,58M 11s
 32950K .......... .......... .......... .......... .......... 58% 1,96M 11s
 33000K .......... .......... .......... .......... .......... 58% 10,5M 11s
 33050K .......... .......... .......... .......... .......... 58% 5,10M 11s
 33100K .......... .......... .......... .......... .......... 58% 2,54M 11s
 33150K .......... .......... .......... .......... .......... 58% 1,95M 11s
 33200K .......... .......... .......... .......... .......... 58% 4,77M 11s
 33250K .......... .......... .......... .......... .......... 58% 10,6M 11s
 33300K .......... .......... .......... .......... .......... 58% 2,63M 11s
 33350K .......... .......... .......... .......... .......... 58% 7,17M 11s
 33400K .......... .......... .......... .......... .......... 58% 2,56M 11s
 33450K .......... .......... .......... .......... .......... 58% 3,19M 11s
 33500K .......... .......... .......... .......... .......... 59% 11,2M 11s
 33550K .......... .......... .......... .......... .......... 59% 2,11M 11s
 33600K .......... .......... .......... .......... .......... 59% 11,1M 11s
 33650K .......... .......... .......... .......... .......... 59% 4,54M 11s
 33700K .......... .......... .......... .......... .......... 59% 11,1M 11s
 33750K .......... .......... .......... .......... .......... 59% 2,74M 11s
 33800K .......... .......... .......... .......... .......... 59% 1,96M 11s
 33850K .......... .......... .......... .......... .......... 59% 10,5M 11s
 33900K .......... .......... .......... .......... .......... 59% 3,62M 11s
 33950K .......... .......... .......... .......... .......... 59% 11,1M 11s
 34000K .......... .......... .......... .......... .......... 59% 4,39M 11s
 34050K .......... .......... .......... .......... .......... 60% 2,03M 11s
 34100K .......... .......... .......... .......... .......... 60% 4,40M 11s
 34150K .......... .......... .......... .......... .......... 60% 4,71M 11s
 34200K .......... .......... .......... .......... .......... 60% 11,1M 11s
 34250K .......... .......... .......... .......... .......... 60% 3,42M 11s
 34300K .......... .......... .......... .......... .......... 60% 2,40M 11s
 34350K .......... .......... .......... .......... .......... 60% 3,30M 11s
 34400K .......... .......... .......... .......... .......... 60% 11,2M 11s
 34450K .......... .......... .......... .......... .......... 60% 8,37M 10s
 34500K .......... .......... .......... .......... .......... 60% 3,13M 10s
 34550K .......... .......... .......... .......... .......... 60% 2,64M 10s
 34600K .......... .......... .......... .......... .......... 61% 2,53M 10s
 34650K .......... .......... .......... .......... .......... 61% 11,5M 10s
 34700K .......... .......... .......... .......... .......... 61% 11,1M 10s
 34750K .......... .......... .......... .......... .......... 61% 3,30M 10s
 34800K .......... .......... .......... .......... .......... 61% 3,15M 10s
 34850K .......... .......... .......... .......... .......... 61% 2,62M 10s
 34900K .......... .......... .......... .......... .......... 61% 10,6M 10s
 34950K .......... .......... .......... .......... .......... 61% 5,02M 10s
 35000K .......... .......... .......... .......... .......... 61% 1,82M 10s
 35050K .......... .......... .......... .......... .......... 61% 11,2M 10s
 35100K .......... .......... .......... .......... .......... 61% 11,4M 10s
 35150K .......... .......... .......... .......... .......... 61% 3,49M 10s
 35200K .......... .......... .......... .......... .......... 62% 4,78M 10s
 35250K .......... .......... .......... .......... .......... 62% 1,81M 10s
 35300K .......... .......... .......... .......... .......... 62% 7,23M 10s
 35350K .......... .......... .......... .......... .......... 62% 9,52M 10s
 35400K .......... .......... .......... .......... .......... 62% 7,34M 10s
 35450K .......... .......... .......... .......... .......... 62% 4,49M 10s
 35500K .......... .......... .......... .......... .......... 62% 1,34M 10s
 35550K .......... .......... .......... .......... .......... 62% 11,5M 10s
 35600K .......... .......... .......... .......... .......... 62% 11,1M 10s
 35650K .......... .......... .......... .......... .......... 62% 7,73M 10s
 35700K .......... .......... .......... .......... .......... 62% 7,74M 10s
 35750K .......... .......... .......... .......... .......... 63% 1,37M 10s
 35800K .......... .......... .......... .......... .......... 63% 11,1M 10s
 35850K .......... .......... .......... .......... .......... 63% 5,30M 10s
 35900K .......... .......... .......... .......... .......... 63% 6,85M 10s
 35950K .......... .......... .......... .......... .......... 63% 7,70M 10s
 36000K .......... .......... .......... .......... .......... 63% 1,55M 10s
 36050K .......... .......... .......... .......... .......... 63% 11,1M 10s
 36100K .......... .......... .......... .......... .......... 63% 4,87M 10s
 36150K .......... .......... .......... .......... .......... 63% 11,2M 9s
 36200K .......... .......... .......... .......... .......... 63% 3,82M 9s
 36250K .......... .......... .......... .......... .......... 63% 1,80M 9s
 36300K .......... .......... .......... .......... .......... 64% 9,82M 9s
 36350K .......... .......... .......... .......... .......... 64% 4,20M 9s
 36400K .......... .......... .......... .......... .......... 64% 11,2M 9s
 36450K .......... .......... .......... .......... .......... 64% 3,08M 9s
 36500K .......... .......... .......... .......... .......... 64% 11,1M 9s
 36550K .......... .......... .......... .......... .......... 64% 2,10M 9s
 36600K .......... .......... .......... .......... .......... 64% 3,02M 9s
 36650K .......... .......... .......... .......... .......... 64% 11,2M 9s
 36700K .......... .......... .......... .......... .......... 64% 5,31M 9s
 36750K .......... .......... .......... .......... .......... 64% 9,60M 9s
 36800K .......... .......... .......... .......... .......... 64% 2,15M 9s
 36850K .......... .......... .......... .......... .......... 64% 3,15M 9s
 36900K .......... .......... .......... .......... .......... 65% 7,51M 9s
 36950K .......... .......... .......... .......... .......... 65% 11,2M 9s
 37000K .......... .......... .......... .......... .......... 65% 4,96M 9s
 37050K .......... .......... .......... .......... .......... 65% 2,13M 9s
 37100K .......... .......... .......... .......... .......... 65% 2,93M 9s
 37150K .......... .......... .......... .......... .......... 65% 6,84M 9s
 37200K .......... .......... .......... .......... .......... 65% 11,1M 9s
 37250K .......... .......... .......... .......... .......... 65% 7,53M 9s
 37300K .......... .......... .......... .......... .......... 65% 2,09M 9s
 37350K .......... .......... .......... .......... .......... 65% 2,61M 9s
 37400K .......... .......... .......... .......... .......... 65% 7,39M 9s
 37450K .......... .......... .......... .......... .......... 66% 11,1M 9s
 37500K .......... .......... .......... .......... .......... 66% 7,54M 9s
 37550K .......... .......... .......... .......... .......... 66% 1,92M 9s
 37600K .......... .......... .......... .......... .......... 66% 3,20M 9s
 37650K .......... .......... .......... .......... .......... 66% 11,2M 9s
 37700K .......... .......... .......... .......... .......... 66% 8,18M 9s
 37750K .......... .......... .......... .......... .......... 66% 6,48M 9s
 37800K .......... .......... .......... .......... .......... 66% 1,89M 9s
 37850K .......... .......... .......... .......... .......... 66% 2,54M 9s
 37900K .......... .......... .......... .......... .......... 66% 11,2M 8s
 37950K .......... .......... .......... .......... .......... 66% 11,2M 8s
 38000K .......... .......... .......... .......... .......... 67% 11,2M 8s
 38050K .......... .......... .......... .......... .......... 67% 11,2M 8s
 38100K .......... .......... .......... .......... .......... 67% 1,87M 8s
 38150K .......... .......... .......... .......... .......... 67% 11,2M 8s
 38200K .......... .......... .......... .......... .......... 67% 2,64M 8s
 38250K .......... .......... .......... .......... .......... 67% 11,5M 8s
 38300K .......... .......... .......... .......... .......... 67% 9,04M 8s
 38350K .......... .......... .......... .......... .......... 67% 11,1M 8s
 38400K .......... .......... .......... .......... .......... 67% 10,9M 8s
 38450K .......... .......... .......... .......... .......... 67% 2,19M 8s
 38500K .......... .......... .......... .......... .......... 67% 2,75M 8s
 38550K .......... .......... .......... .......... .......... 67% 11,1M 8s
 38600K .......... .......... .......... .......... .......... 68% 11,2M 8s
 38650K .......... .......... .......... .......... .......... 68% 4,62M 8s
 38700K .......... .......... .......... .......... .......... 68% 10,6M 8s
 38750K .......... .......... .......... .......... .......... 68% 3,13M 8s
 38800K .......... .......... .......... .......... .......... 68% 2,27M 8s
 38850K .......... .......... .......... .......... .......... 68% 11,2M 8s
 38900K .......... .......... .......... .......... .......... 68% 11,2M 8s
 38950K .......... .......... .......... .......... .......... 68% 3,66M 8s
 39000K .......... .......... .......... .......... .......... 68% 11,1M 8s
 39050K .......... .......... .......... .......... .......... 68% 10,7M 8s
 39100K .......... .......... .......... .......... .......... 68% 3,77M 8s
 39150K .......... .......... .......... .......... .......... 69% 2,44M 8s
 39200K .......... .......... .......... .......... .......... 69% 11,2M 8s
 39250K .......... .......... .......... .......... .......... 69% 1,96M 8s
 39300K .......... .......... .......... .......... .......... 69% 10,9M 8s
 39350K .......... .......... .......... .......... .......... 69% 11,3M 8s
 39400K .......... .......... .......... .......... .......... 69% 11,2M 8s
 39450K .......... .......... .......... .......... .......... 69% 3,09M 8s
 39500K .......... .......... .......... .......... .......... 69% 6,99M 8s
 39550K .......... .......... .......... .......... .......... 69% 11,5M 8s
 39600K .......... .......... .......... .......... .......... 69% 2,27M 8s
 39650K .......... .......... .......... .......... .......... 69% 5,78M 8s
 39700K .......... .......... .......... .......... .......... 70% 11,1M 7s
 39750K .......... .......... .......... .......... .......... 70% 11,2M 7s
 39800K .......... .......... .......... .......... .......... 70% 4,97M 7s
 39850K .......... .......... .......... .......... .......... 70% 4,84M 7s
 39900K .......... .......... .......... .......... .......... 70% 2,37M 7s
 39950K .......... .......... .......... .......... .......... 70% 5,26M 7s
 40000K .......... .......... .......... .......... .......... 70% 11,5M 7s
 40050K .......... .......... .......... .......... .......... 70% 7,82M 7s
 40100K .......... .......... .......... .......... .......... 70% 6,02M 7s
 40150K .......... .......... .......... .......... .......... 70% 5,04M 7s
 40200K .......... .......... .......... .......... .......... 70% 2,52M 7s
 40250K .......... .......... .......... .......... .......... 70% 10,5M 7s
 40300K .......... .......... .......... .......... .......... 71% 4,74M 7s
 40350K .......... .......... .......... .......... .......... 71% 4,59M 7s
 40400K .......... .......... .......... .......... .......... 71% 9,17M 7s
 40450K .......... .......... .......... .......... .......... 71% 11,5M 7s
 40500K .......... .......... .......... .......... .......... 71% 7,64M 7s
 40550K .......... .......... .......... .......... .......... 71% 2,35M 7s
 40600K .......... .......... .......... .......... .......... 71% 4,49M 7s
 40650K .......... .......... .......... .......... .......... 71% 3,74M 7s
 40700K .......... .......... .......... .......... .......... 71% 11,1M 7s
 40750K .......... .......... .......... .......... .......... 71% 10,5M 7s
 40800K .......... .......... .......... .......... .......... 71% 9,86M 7s
 40850K .......... .......... .......... .......... .......... 72% 2,65M 7s
 40900K .......... .......... .......... .......... .......... 72% 11,5M 7s
 40950K .......... .......... .......... .......... .......... 72% 4,29M 7s
 41000K .......... .......... .......... .......... .......... 72% 3,38M 7s
 41050K .......... .......... .......... .......... .......... 72% 11,2M 7s
 41100K .......... .......... .......... .......... .......... 72% 11,2M 7s
 41150K .......... .......... .......... .......... .......... 72% 11,0M 7s
 41200K .......... .......... .......... .......... .......... 72% 2,40M 7s
 41250K .......... .......... .......... .......... .......... 72% 4,78M 7s
 41300K .......... .......... .......... .......... .......... 72% 3,13M 7s
 41350K .......... .......... .......... .......... .......... 72% 11,5M 7s
 41400K .......... .......... .......... .......... .......... 72% 11,1M 7s
 41450K .......... .......... .......... .......... .......... 73% 11,2M 7s
 41500K .......... .......... .......... .......... .......... 73% 3,34M 7s
 41550K .......... .......... .......... .......... .......... 73% 2,79M 6s
 41600K .......... .......... .......... .......... .......... 73% 11,1M 6s
 41650K .......... .......... .......... .......... .......... 73% 3,91M 6s
 41700K .......... .......... .......... .......... .......... 73% 10,4M 6s
 41750K .......... .......... .......... .......... .......... 73% 10,0M 6s
 41800K .......... .......... .......... .......... .......... 73% 3,13M 6s
 41850K .......... .......... .......... .......... .......... 73% 11,1M 6s
 41900K .......... .......... .......... .......... .......... 73% 3,58M 6s
 41950K .......... .......... .......... .......... .......... 73% 3,29M 6s
 42000K .......... .......... .......... .......... .......... 74% 11,2M 6s
 42050K .......... .......... .......... .......... .......... 74% 6,72M 6s
 42100K .......... .......... .......... .......... .......... 74% 11,2M 6s
 42150K .......... .......... .......... .......... .......... 74% 3,20M 6s
 42200K .......... .......... .......... .......... .......... 74% 4,66M 6s
 42250K .......... .......... .......... .......... .......... 74% 3,28M 6s
 42300K .......... .......... .......... .......... .......... 74% 11,1M 6s
 42350K .......... .......... .......... .......... .......... 74% 11,2M 6s
 42400K .......... .......... .......... .......... .......... 74% 5,56M 6s
 42450K .......... .......... .......... .......... .......... 74% 11,2M 6s
 42500K .......... .......... .......... .......... .......... 74% 3,56M 6s
 42550K .......... .......... .......... .......... .......... 75% 10,8M 6s
 42600K .......... .......... .......... .......... .......... 75% 3,24M 6s
 42650K .......... .......... .......... .......... .......... 75% 4,76M 6s
 42700K .......... .......... .......... .......... .......... 75% 11,5M 6s
 42750K .......... .......... .......... .......... .......... 75% 4,68M 6s
 42800K .......... .......... .......... .......... .......... 75% 10,8M 6s
 42850K .......... .......... .......... .......... .......... 75% 10,7M 6s
 42900K .......... .......... .......... .......... .......... 75% 5,09M 6s
 42950K .......... .......... .......... .......... .......... 75% 3,27M 6s
 43000K .......... .......... .......... .......... .......... 75% 11,2M 6s
 43050K .......... .......... .......... .......... .......... 75% 4,47M 6s
 43100K .......... .......... .......... .......... .......... 75% 11,2M 6s
 43150K .......... .......... .......... .......... .......... 76% 3,52M 6s
 43200K .......... .......... .......... .......... .......... 76% 11,2M 6s
 43250K .......... .......... .......... .......... .......... 76% 11,2M 6s
 43300K .......... .......... .......... .......... .......... 76% 4,87M 6s
 43350K .......... .......... .......... .......... .......... 76% 3,73M 6s
 43400K .......... .......... .......... .......... .......... 76% 6,83M 6s
 43450K .......... .......... .......... .......... .......... 76% 10,9M 6s
 43500K .......... .......... .......... .......... .......... 76% 10,5M 6s
 43550K .......... .......... .......... .......... .......... 76% 3,84M 5s
 43600K .......... .......... .......... .......... .......... 76% 7,01M 5s
 43650K .......... .......... .......... .......... .......... 76% 4,53M 5s
 43700K .......... .......... .......... .......... .......... 77% 11,2M 5s
 43750K .......... .......... .......... .......... .......... 77% 3,57M 5s
 43800K .......... .......... .......... .......... .......... 77% 11,2M 5s
 43850K .......... .......... .......... .......... .......... 77% 10,5M 5s
 43900K .......... .......... .......... .......... .......... 77% 4,26M 5s
 43950K .......... .......... .......... .......... .......... 77% 11,1M 5s
 44000K .......... .......... .......... .......... .......... 77% 4,67M 5s
 44050K .......... .......... .......... .......... .......... 77% 6,47M 5s
 44100K .......... .......... .......... .......... .......... 77% 4,29M 5s
 44150K .......... .......... .......... .......... .......... 77% 4,67M 5s
 44200K .......... .......... .......... .......... .......... 77% 10,4M 5s
 44250K .......... .......... .......... .......... .......... 78% 11,2M 5s
 44300K .......... .......... .......... .......... .......... 78% 9,01M 5s
 44350K .......... .......... .......... .......... .......... 78% 4,24M 5s
 44400K .......... .......... .......... .......... .......... 78% 11,2M 5s
 44450K .......... .......... .......... .......... .......... 78% 4,92M 5s
 44500K .......... .......... .......... .......... .......... 78% 4,55M 5s
 44550K .......... .......... .......... .......... .......... 78% 4,13M 5s
 44600K .......... .......... .......... .......... .......... 78% 11,2M 5s
 44650K .......... .......... .......... .......... .......... 78% 11,1M 5s
 44700K .......... .......... .......... .......... .......... 78% 11,2M 5s
 44750K .......... .......... .......... .......... .......... 78% 4,51M 5s
 44800K .......... .......... .......... .......... .......... 78% 4,05M 5s
 44850K .......... .......... .......... .......... .......... 79% 3,93M 5s
 44900K .......... .......... .......... .......... .......... 79% 10,5M 5s
 44950K .......... .......... .......... .......... .......... 79% 4,22M 5s
 45000K .......... .......... .......... .......... .......... 79% 10,1M 5s
 45050K .......... .......... .......... .......... .......... 79% 12,5M 5s
 45100K .......... .......... .......... .......... .......... 79% 11,1M 5s
 45150K .......... .......... .......... .......... .......... 79% 5,76M 5s
 45200K .......... .......... .......... .......... .......... 79% 4,43M 5s
 45250K .......... .......... .......... .......... .......... 79% 3,52M 5s
 45300K .......... .......... .......... .......... .......... 79% 4,22M 5s
 45350K .......... .......... .......... .......... .......... 79% 11,5M 5s
 45400K .......... .......... .......... .......... .......... 80% 10,9M 5s
 45450K .......... .......... .......... .......... .......... 80% 8,96M 5s
 45500K .......... .......... .......... .......... .......... 80% 5,36M 5s
 45550K .......... .......... .......... .......... .......... 80% 11,2M 5s
 45600K .......... .......... .......... .......... .......... 80% 8,75M 5s
 45650K .......... .......... .......... .......... .......... 80% 1,94M 4s
 45700K .......... .......... .......... .......... .......... 80% 11,2M 4s
 45750K .......... .......... .......... .......... .......... 80% 9,93M 4s
 45800K .......... .......... .......... .......... .......... 80% 11,8M 4s
 45850K .......... .......... .......... .......... .......... 80% 11,1M 4s
 45900K .......... .......... .......... .......... .......... 80% 8,07M 4s
 45950K .......... .......... .......... .......... .......... 81% 7,90M 4s
 46000K .......... .......... .......... .......... .......... 81% 1,76M 4s
 46050K .......... .......... .......... .......... .......... 81% 11,1M 4s
 46100K .......... .......... .......... .......... .......... 81% 11,2M 4s
 46150K .......... .......... .......... .......... .......... 81% 10,3M 4s
 46200K .......... .......... .......... .......... .......... 81% 11,2M 4s
 46250K .......... .......... .......... .......... .......... 81% 11,5M 4s
 46300K .......... .......... .......... .......... .......... 81% 8,81M 4s
 46350K .......... .......... .......... .......... .......... 81% 8,07M 4s
 46400K .......... .......... .......... .......... .......... 81% 1,71M 4s
 46450K .......... .......... .......... .......... .......... 81% 11,2M 4s
 46500K .......... .......... .......... .......... .......... 81% 11,2M 4s
 46550K .......... .......... .......... .......... .......... 82% 11,2M 4s
 46600K .......... .......... .......... .......... .......... 82% 11,1M 4s
 46650K .......... .......... .......... .......... .......... 82% 10,6M 4s
 46700K .......... .......... .......... .......... .......... 82% 7,52M 4s
 46750K .......... .......... .......... .......... .......... 82% 11,1M 4s
 46800K .......... .......... .......... .......... .......... 82% 11,2M 4s
 46850K .......... .......... .......... .......... .......... 82% 1,92M 4s
 46900K .......... .......... .......... .......... .......... 82% 7,40M 4s
 46950K .......... .......... .......... .......... .......... 82% 11,2M 4s
 47000K .......... .......... .......... .......... .......... 82% 7,19M 4s
 47050K .......... .......... .......... .......... .......... 82% 11,2M 4s
 47100K .......... .......... .......... .......... .......... 83% 11,1M 4s
 47150K .......... .......... .......... .......... .......... 83% 11,5M 4s
 47200K .......... .......... .......... .......... .......... 83% 11,2M 4s
 47250K .......... .......... .......... .......... .......... 83% 11,2M 4s
 47300K .......... .......... .......... .......... .......... 83% 2,41M 4s
 47350K .......... .......... .......... .......... .......... 83% 5,26M 4s
 47400K .......... .......... .......... .......... .......... 83% 6,72M 4s
 47450K .......... .......... .......... .......... .......... 83% 10,8M 4s
 47500K .......... .......... .......... .......... .......... 83% 10,8M 4s
 47550K .......... .......... .......... .......... .......... 83% 11,1M 4s
 47600K .......... .......... .......... .......... .......... 83% 8,66M 4s
 47650K .......... .......... .......... .......... .......... 84% 11,2M 4s
 47700K .......... .......... .......... .......... .......... 84% 11,1M 4s
 47750K .......... .......... .......... .......... .......... 84% 3,59M 4s
 47800K .......... .......... .......... .......... .......... 84% 3,54M 4s
 47850K .......... .......... .......... .......... .......... 84% 6,88M 3s
 47900K .......... .......... .......... .......... .......... 84% 11,1M 3s
 47950K .......... .......... .......... .......... .......... 84% 5,28M 3s
 48000K .......... .......... .......... .......... .......... 84% 11,5M 3s
 48050K .......... .......... .......... .......... .......... 84% 11,2M 3s
 48100K .......... .......... .......... .......... .......... 84% 11,2M 3s
 48150K .......... .......... .......... .......... .......... 84% 11,2M 3s
 48200K .......... .......... .......... .......... .......... 84% 8,88M 3s
 48250K .......... .......... .......... .......... .......... 85% 3,20M 3s
 48300K .......... .......... .......... .......... .......... 85% 4,34M 3s
 48350K .......... .......... .......... .......... .......... 85% 11,2M 3s
 48400K .......... .......... .......... .......... .......... 85% 4,61M 3s
 48450K .......... .......... .......... .......... .......... 85% 11,5M 3s
 48500K .......... .......... .......... .......... .......... 85% 11,2M 3s
 48550K .......... .......... .......... .......... .......... 85% 5,34M 3s
 48600K .......... .......... .......... .......... .......... 85% 11,2M 3s
 48650K .......... .......... .......... .......... .......... 85% 11,2M 3s
 48700K .......... .......... .......... .......... .......... 85% 9,96M 3s
 48750K .......... .......... .......... .......... .......... 85% 2,91M 3s
 48800K .......... .......... .......... .......... .......... 86% 5,48M 3s
 48850K .......... .......... .......... .......... .......... 86% 11,2M 3s
 48900K .......... .......... .......... .......... .......... 86% 11,3M 3s
 48950K .......... .......... .......... .......... .......... 86% 11,3M 3s
 49000K .......... .......... .......... .......... .......... 86% 11,0M 3s
 49050K .......... .......... .......... .......... .......... 86% 11,2M 3s
 49100K .......... .......... .......... .......... .......... 86% 7,61M 3s
 49150K .......... .......... .......... .......... .......... 86% 6,65M 3s
 49200K .......... .......... .......... .......... .......... 86% 3,93M 3s
 49250K .......... .......... .......... .......... .......... 86% 6,51M 3s
 49300K .......... .......... .......... .......... .......... 86% 11,1M 3s
 49350K .......... .......... .......... .......... .......... 86% 4,41M 3s
 49400K .......... .......... .......... .......... .......... 87% 11,2M 3s
 49450K .......... .......... .......... .......... .......... 87% 11,1M 3s
 49500K .......... .......... .......... .......... .......... 87% 11,2M 3s
 49550K .......... .......... .......... .......... .......... 87% 11,2M 3s
 49600K .......... .......... .......... .......... .......... 87% 5,50M 3s
 49650K .......... .......... .......... .......... .......... 87% 4,16M 3s
 49700K .......... .......... .......... .......... .......... 87% 7,10M 3s
 49750K .......... .......... .......... .......... .......... 87% 11,1M 3s
 49800K .......... .......... .......... .......... .......... 87% 5,10M 3s
 49850K .......... .......... .......... .......... .......... 87% 7,00M 3s
 49900K .......... .......... .......... .......... .......... 87% 11,2M 3s
 49950K .......... .......... .......... .......... .......... 88% 11,2M 3s
 50000K .......... .......... .......... .......... .......... 88% 11,2M 3s
 50050K .......... .......... .......... .......... .......... 88% 6,52M 3s
 50100K .......... .......... .......... .......... .......... 88% 4,38M 3s
 50150K .......... .......... .......... .......... .......... 88% 7,33M 3s
 50200K .......... .......... .......... .......... .......... 88% 11,1M 2s
 50250K .......... .......... .......... .......... .......... 88% 4,53M 2s
 50300K .......... .......... .......... .......... .......... 88% 7,10M 2s
 50350K .......... .......... .......... .......... .......... 88% 11,1M 2s
 50400K .......... .......... .......... .......... .......... 88% 5,25M 2s
 50450K .......... .......... .......... .......... .......... 88% 11,2M 2s
 50500K .......... .......... .......... .......... .......... 89% 11,2M 2s
 50550K .......... .......... .......... .......... .......... 89% 5,30M 2s
 50600K .......... .......... .......... .......... .......... 89% 6,56M 2s
 50650K .......... .......... .......... .......... .......... 89% 3,44M 2s
 50700K .......... .......... .......... .......... .......... 89% 11,5M 2s
 50750K .......... .......... .......... .......... .......... 89% 11,2M 2s
 50800K .......... .......... .......... .......... .......... 89% 11,1M 2s
 50850K .......... .......... .......... .......... .......... 89% 8,72M 2s
 50900K .......... .......... .......... .......... .......... 89% 11,1M 2s
 50950K .......... .......... .......... .......... .......... 89% 11,2M 2s
 51000K .......... .......... .......... .......... .......... 89% 8,42M 2s
 51050K .......... .......... .......... .......... .......... 89% 4,80M 2s
 51100K .......... .......... .......... .......... .......... 90% 7,01M 2s
 51150K .......... .......... .......... .......... .......... 90% 11,0M 2s
 51200K .......... .......... .......... .......... .......... 90% 4,56M 2s
 51250K .......... .......... .......... .......... .......... 90% 7,50M 2s
 51300K .......... .......... .......... .......... .......... 90% 11,1M 2s
 51350K .......... .......... .......... .......... .......... 90% 9,46M 2s
 51400K .......... .......... .......... .......... .......... 90% 11,1M 2s
 51450K .......... .......... .......... .......... .......... 90% 11,2M 2s
 51500K .......... .......... .......... .......... .......... 90% 6,28M 2s
 51550K .......... .......... .......... .......... .......... 90% 6,72M 2s
 51600K .......... .......... .......... .......... .......... 90% 11,5M 2s
 51650K .......... .......... .......... .......... .......... 91% 8,04M 2s
 51700K .......... .......... .......... .......... .......... 91% 4,39M 2s
 51750K .......... .......... .......... .......... .......... 91% 7,32M 2s
 51800K .......... .......... .......... .......... .......... 91% 7,23M 2s
 51850K .......... .......... .......... .......... .......... 91% 11,1M 2s
 51900K .......... .......... .......... .......... .......... 91% 11,2M 2s
 51950K .......... .......... .......... .......... .......... 91% 11,1M 2s
 52000K .......... .......... .......... .......... .......... 91% 8,42M 2s
 52050K .......... .......... .......... .......... .......... 91% 6,73M 2s
 52100K .......... .......... .......... .......... .......... 91% 10,5M 2s
 52150K .......... .......... .......... .......... .......... 91% 8,52M 2s
 52200K .......... .......... .......... .......... .......... 92% 4,91M 2s
 52250K .......... .......... .......... .......... .......... 92% 4,65M 2s
 52300K .......... .......... .......... .......... .......... 92% 11,1M 2s
 52350K .......... .......... .......... .......... .......... 92% 11,2M 2s
 52400K .......... .......... .......... .......... .......... 92% 10,9M 2s
 52450K .......... .......... .......... .......... .......... 92% 11,5M 2s
 52500K .......... .......... .......... .......... .......... 92% 8,02M 2s
 52550K .......... .......... .......... .......... .......... 92% 10,8M 2s
 52600K .......... .......... .......... .......... .......... 92% 4,64M 2s
 52650K .......... .......... .......... .......... .......... 92% 11,2M 2s
 52700K .......... .......... .......... .......... .......... 92% 6,95M 1s
 52750K .......... .......... .......... .......... .......... 92% 7,73M 1s
 52800K .......... .......... .......... .......... .......... 93% 10,0M 1s
 52850K .......... .......... .......... .......... .......... 93% 11,0M 1s
 52900K .......... .......... .......... .......... .......... 93% 5,56M 1s
 52950K .......... .......... .......... .......... .......... 93% 11,0M 1s
 53000K .......... .......... .......... .......... .......... 93% 11,1M 1s
 53050K .......... .......... .......... .......... .......... 93% 7,92M 1s
 53100K .......... .......... .......... .......... .......... 93% 4,91M 1s
 53150K .......... .......... .......... .......... .......... 93% 11,2M 1s
 53200K .......... .......... .......... .......... .......... 93% 9,12M 1s
 53250K .......... .......... .......... .......... .......... 93% 11,2M 1s
 53300K .......... .......... .......... .......... .......... 93% 6,66M 1s
 53350K .......... .......... .......... .......... .......... 94% 11,5M 1s
 53400K .......... .......... .......... .......... .......... 94% 5,19M 1s
 53450K .......... .......... .......... .......... .......... 94% 11,2M 1s
 53500K .......... .......... .......... .......... .......... 94% 11,1M 1s
 53550K .......... .......... .......... .......... .......... 94% 9,03M 1s
 53600K .......... .......... .......... .......... .......... 94% 4,11M 1s
 53650K .......... .......... .......... .......... .......... 94% 11,1M 1s
 53700K .......... .......... .......... .......... .......... 94% 11,2M 1s
 53750K .......... .......... .......... .......... .......... 94% 9,15M 1s
 53800K .......... .......... .......... .......... .......... 94% 7,35M 1s
 53850K .......... .......... .......... .......... .......... 94% 11,2M 1s
 53900K .......... .......... .......... .......... .......... 95% 5,28M 1s
 53950K .......... .......... .......... .......... .......... 95% 11,2M 1s
 54000K .......... .......... .......... .......... .......... 95% 11,2M 1s
 54050K .......... .......... .......... .......... .......... 95% 7,54M 1s
 54100K .......... .......... .......... .......... .......... 95% 5,00M 1s
 54150K .......... .......... .......... .......... .......... 95% 11,2M 1s
 54200K .......... .......... .......... .......... .......... 95% 11,2M 1s
 54250K .......... .......... .......... .......... .......... 95% 10,0M 1s
 54300K .......... .......... .......... .......... .......... 95% 11,1M 1s
 54350K .......... .......... .......... .......... .......... 95% 8,87M 1s
 54400K .......... .......... .......... .......... .......... 95% 11,1M 1s
 54450K .......... .......... .......... .......... .......... 95% 4,24M 1s
 54500K .......... .......... .......... .......... .......... 96% 11,1M 1s
 54550K .......... .......... .......... .......... .......... 96% 9,43M 1s
 54600K .......... .......... .......... .......... .......... 96% 4,82M 1s
 54650K .......... .......... .......... .......... .......... 96% 11,2M 1s
 54700K .......... .......... .......... .......... .......... 96% 11,5M 1s
 54750K .......... .......... .......... .......... .......... 96% 7,15M 1s
 54800K .......... .......... .......... .......... .......... 96% 11,1M 1s
 54850K .......... .......... .......... .......... .......... 96% 11,2M 1s
 54900K .......... .......... .......... .......... .......... 96% 11,2M 1s
 54950K .......... .......... .......... .......... .......... 96% 4,14M 1s
 55000K .......... .......... .......... .......... .......... 96% 10,2M 1s
 55050K .......... .......... .......... .......... .......... 97% 11,2M 1s
 55100K .......... .......... .......... .......... .......... 97% 11,2M 1s
 55150K .......... .......... .......... .......... .......... 97% 11,3M 1s
 55200K .......... .......... .......... .......... .......... 97% 4,80M 1s
 55250K .......... .......... .......... .......... .......... 97% 11,2M 1s
 55300K .......... .......... .......... .......... .......... 97% 7,23M 1s
 55350K .......... .......... .......... .......... .......... 97% 11,2M 0s
 55400K .......... .......... .......... .......... .......... 97% 11,2M 0s
 55450K .......... .......... .......... .......... .......... 97% 11,2M 0s
 55500K .......... .......... .......... .......... .......... 97% 7,90M 0s
 55550K .......... .......... .......... .......... .......... 97% 11,2M 0s
 55600K .......... .......... .......... .......... .......... 98% 5,09M 0s
 55650K .......... .......... .......... .......... .......... 98% 11,1M 0s
 55700K .......... .......... .......... .......... .......... 98% 11,2M 0s
 55750K .......... .......... .......... .......... .......... 98% 5,71M 0s
 55800K .......... .......... .......... .......... .......... 98% 10,8M 0s
 55850K .......... .......... .......... .......... .......... 98% 10,9M 0s
 55900K .......... .......... .......... .......... .......... 98% 9,58M 0s
 55950K .......... .......... .......... .......... .......... 98% 11,1M 0s
 56000K .......... .......... .......... .......... .......... 98% 6,65M 0s
 56050K .......... .......... .......... .......... .......... 98% 11,5M 0s
 56100K .......... .......... .......... .......... .......... 98% 11,2M 0s
 56150K .......... .......... .......... .......... .......... 98% 8,39M 0s
 56200K .......... .......... .......... .......... .......... 99% 4,04M 0s
 56250K .......... .......... .......... .......... .......... 99% 11,0M 0s
 56300K .......... .......... .......... .......... .......... 99% 11,1M 0s
 56350K .......... .......... .......... .......... .......... 99% 7,71M 0s
 56400K .......... .......... .......... .......... .......... 99% 11,2M 0s
 56450K .......... .......... .......... .......... .......... 99% 11,5M 0s
 56500K .......... .......... .......... .......... .......... 99% 11,0M 0s
 56550K .......... .......... .......... .......... .......... 99% 10,4M 0s
 56600K .......... .......... .......... .......... .......... 99% 7,29M 0s
 56650K .......... .......... .......... .......... .......... 99% 11,1M 0s
 56700K .......... .......... .......... .......... .......... 99% 11,2M 0s
 56750K .......... .......... .......... ...                  100% 2,69M=20s

2014-11-21 08:31:27 (2,79 MB/s) - ‘/home/pedja/workspace/Boost-for-Android/boost_1_55_0.tar.bz2’ saved [58146647/58146647]

Applying boost-1_55_0.patch into /home/pedja/workspace/Boost-for-Android/boost_1_55_0/.
ERROR: Failed to build boost for android!
Done!
