##### NEW COMMAND
/usr/bin/wget -O /home/pedja/workspace/Boost-for-Android/boost_1_55_0.tar.bz2 http://downloads.sourceforge.net/project/boost/boost/1.55.0/boost_1_55_0.tar.bz2?r=http%3A%2F%2Fsourceforge.net%2Fprojects%2Fboost%2Ffiles%2Fboost%2F1.55.0%2F&ts=1291326673&use_mirror=garr
--2014-11-21 08:55:07--  http://downloads.sourceforge.net/project/boost/boost/1.55.0/boost_1_55_0.tar.bz2?r=http%3A%2F%2Fsourceforge.net%2Fprojects%2Fboost%2Ffiles%2Fboost%2F1.55.0%2F&ts=1291326673&use_mirror=garr
Resolving downloads.sourceforge.net (downloads.sourceforge.net)... 216.34.181.59
Connecting to downloads.sourceforge.net (downloads.sourceforge.net)|216.34.181.59|:80... connected.
HTTP request sent, awaiting response... 302 Found
Location: http://cznic.dl.sourceforge.net/project/boost/boost/1.55.0/boost_1_55_0.tar.bz2 [following]
--2014-11-21 08:55:08--  http://cznic.dl.sourceforge.net/project/boost/boost/1.55.0/boost_1_55_0.tar.bz2
Resolving cznic.dl.sourceforge.net (cznic.dl.sourceforge.net)... 217.31.202.30, 2001:1488:ffff::30
Connecting to cznic.dl.sourceforge.net (cznic.dl.sourceforge.net)|217.31.202.30|:80... connected.
HTTP request sent, awaiting response... 200 OK
Length: 58146647 (55M) [application/octet-stream]
Saving to: ‘/home/pedja/workspace/Boost-for-Android/boost_1_55_0.tar.bz2’

     0K .......... .......... .......... .......... ..........  0%  304K 3m7s
    50K .......... .......... .......... .......... ..........  0%  463K 2m35s
   100K .......... .......... .......... .......... ..........  0%  443K 2m26s
   150K .......... .......... .......... .......... ..........  0%  478K 2m19s
   200K .......... .......... .......... .......... ..........  0%  870K 2m4s
   250K .......... .......... .......... .......... ..........  0%  482K 2m3s
   300K .......... .......... .......... .......... ..........  0%  920K 1m54s
   350K .......... .......... .......... .......... ..........  0%  514K 1m53s
   400K .......... .......... .......... .......... ..........  0% 3,91M 1m42s
   450K .......... .......... .......... .......... ..........  0%  948K 98s
   500K .......... .......... .......... .......... ..........  0%  927K 94s
   550K .......... .......... .......... .......... ..........  1% 1,11M 90s
   600K .......... .......... .......... .......... ..........  1%  970K 88s
   650K .......... .......... .......... .......... ..........  1% 2,66M 83s
   700K .......... .......... .......... .......... ..........  1%  909K 81s
   750K .......... .......... .......... .......... ..........  1% 1,23M 79s
   800K .......... .......... .......... .......... ..........  1% 2,76M 76s
   850K .......... .......... .......... .......... ..........  1% 1001K 74s
   900K .......... .......... .......... .......... ..........  1% 1,25M 73s
   950K .......... .......... .......... .......... ..........  1% 2,84M 70s
  1000K .......... .......... .......... .......... ..........  1% 1,18M 69s
  1050K .......... .......... .......... .......... ..........  1% 3,81M 66s
  1100K .......... .......... .......... .......... ..........  2% 1,15M 65s
  1150K .......... .......... .......... .......... ..........  2% 3,78M 63s
  1200K .......... .......... .......... .......... ..........  2% 1,04M 63s
  1250K .......... .......... .......... .......... ..........  2% 9,77M 60s
  1300K .......... .......... .......... .......... ..........  2% 1,11M 60s
  1350K .......... .......... .......... .......... ..........  2% 3,65M 58s
  1400K .......... .......... .......... .......... ..........  2% 1,20M 58s
  1450K .......... .......... .......... .......... ..........  2% 10,1M 56s
  1500K .......... .......... .......... .......... ..........  2% 3,66M 55s
  1550K .......... .......... .......... .......... ..........  2% 1,07M 54s
  1600K .......... .......... .......... .......... ..........  2% 4,29M 53s
  1650K .......... .......... .......... .......... ..........  2% 1,70M 52s
  1700K .......... .......... .......... .......... ..........  3% 2,40M 52s
  1750K .......... .......... .......... .......... ..........  3% 5,16M 50s
  1800K .......... .......... .......... .......... ..........  3% 1,26M 50s
  1850K .......... .......... .......... .......... ..........  3% 3,66M 49s
  1900K .......... .......... .......... .......... ..........  3% 2,18M 48s
  1950K .......... .......... .......... .......... ..........  3% 2,70M 48s
  2000K .......... .......... .......... .......... ..........  3% 3,67M 47s
  2050K .......... .......... .......... .......... ..........  3% 1,99M 46s
  2100K .......... .......... .......... .......... ..........  3% 1,82M 46s
  2150K .......... .......... .......... .......... ..........  3% 11,2M 45s
  2200K .......... .......... .......... .......... ..........  3% 6,33M 44s
  2250K .......... .......... .......... .......... ..........  4% 1,10M 44s
  2300K .......... .......... .......... .......... ..........  4% 11,0M 43s
  2350K .......... .......... .......... .......... ..........  4% 2,17M 43s
  2400K .......... .......... .......... .......... ..........  4% 2,28M 42s
  2450K .......... .......... .......... .......... ..........  4% 4,87M 42s
  2500K .......... .......... .......... .......... ..........  4% 6,60M 41s
  2550K .......... .......... .......... .......... ..........  4% 1,28M 41s
  2600K .......... .......... .......... .......... ..........  4% 6,08M 40s
  2650K .......... .......... .......... .......... ..........  4% 11,5M 40s
  2700K .......... .......... .......... .......... ..........  4% 4,67M 39s
  2750K .......... .......... .......... .......... ..........  4% 1,46M 39s
  2800K .......... .......... .......... .......... ..........  5% 4,67M 38s
  2850K .......... .......... .......... .......... ..........  5% 11,2M 38s
  2900K .......... .......... .......... .......... ..........  5% 6,07M 37s
  2950K .......... .......... .......... .......... ..........  5% 1,59M 37s
  3000K .......... .......... .......... .......... ..........  5% 3,31M 37s
  3050K .......... .......... .......... .......... ..........  5% 6,86M 36s
  3100K .......... .......... .......... .......... ..........  5% 11,5M 36s
  3150K .......... .......... .......... .......... ..........  5% 1,82M 36s
  3200K .......... .......... .......... .......... ..........  5% 2,64M 35s
  3250K .......... .......... .......... .......... ..........  5% 5,45M 35s
  3300K .......... .......... .......... .......... ..........  5% 11,3M 34s
  3350K .......... .......... .......... .......... ..........  5% 2,10M 34s
  3400K .......... .......... .......... .......... ..........  6% 4,75M 34s
  3450K .......... .......... .......... .......... ..........  6% 3,12M 34s
  3500K .......... .......... .......... .......... ..........  6% 2,17M 33s
  3550K .......... .......... .......... .......... ..........  6% 9,49M 33s
  3600K .......... .......... .......... .......... ..........  6% 5,13M 33s
  3650K .......... .......... .......... .......... ..........  6% 7,06M 32s
  3700K .......... .......... .......... .......... ..........  6% 1,60M 32s
  3750K .......... .......... .......... .......... ..........  6% 3,73M 32s
  3800K .......... .......... .......... .......... ..........  6% 11,1M 32s
  3850K .......... .......... .......... .......... ..........  6% 10,5M 31s
  3900K .......... .......... .......... .......... ..........  6% 3,92M 31s
  3950K .......... .......... .......... .......... ..........  7% 2,83M 31s
  4000K .......... .......... .......... .......... ..........  7% 5,64M 31s
  4050K .......... .......... .......... .......... ..........  7% 4,37M 30s
  4100K .......... .......... .......... .......... ..........  7% 8,11M 30s
  4150K .......... .......... .......... .......... ..........  7% 4,40M 30s
  4200K .......... .......... .......... .......... ..........  7% 8,87M 29s
  4250K .......... .......... .......... .......... ..........  7% 3,08M 29s
  4300K .......... .......... .......... .......... ..........  7% 3,36M 29s
  4350K .......... .......... .......... .......... ..........  7% 8,57M 29s
  4400K .......... .......... .......... .......... ..........  7% 5,14M 29s
  4450K .......... .......... .......... .......... ..........  7% 11,1M 28s
  4500K .......... .......... .......... .......... ..........  8% 2,36M 28s
  4550K .......... .......... .......... .......... ..........  8% 6,43M 28s
  4600K .......... .......... .......... .......... ..........  8% 3,64M 28s
  4650K .......... .......... .......... .......... ..........  8% 5,32M 27s
  4700K .......... .......... .......... .......... ..........  8% 11,2M 27s
  4750K .......... .......... .......... .......... ..........  8% 10,2M 27s
  4800K .......... .......... .......... .......... ..........  8% 2,77M 27s
  4850K .......... .......... .......... .......... ..........  8% 2,62M 27s
  4900K .......... .......... .......... .......... ..........  8% 7,37M 26s
  4950K .......... .......... .......... .......... ..........  8% 11,2M 26s
  5000K .......... .......... .......... .......... ..........  8% 6,37M 26s
  5050K .......... .......... .......... .......... ..........  8% 3,01M 26s
  5100K .......... .......... .......... .......... ..........  9% 2,56M 26s
  5150K .......... .......... .......... .......... ..........  9% 6,67M 26s
  5200K .......... .......... .......... .......... ..........  9% 11,1M 25s
  5250K .......... .......... .......... .......... ..........  9% 11,2M 25s
  5300K .......... .......... .......... .......... ..........  9% 6,75M 25s
  5350K .......... .......... .......... .......... ..........  9% 3,05M 25s
  5400K .......... .......... .......... .......... ..........  9% 10,2M 25s
  5450K .......... .......... .......... .......... ..........  9% 3,11M 25s
  5500K .......... .......... .......... .......... ..........  9% 4,52M 24s
  5550K .......... .......... .......... .......... ..........  9% 5,30M 24s
  5600K .......... .......... .......... .......... ..........  9% 11,2M 24s
  5650K .......... .......... .......... .......... .......... 10% 9,66M 24s
  5700K .......... .......... .......... .......... .......... 10% 2,97M 24s
  5750K .......... .......... .......... .......... .......... 10% 4,91M 24s
  5800K .......... .......... .......... .......... .......... 10% 4,41M 24s
  5850K .......... .......... .......... .......... .......... 10% 5,08M 23s
  5900K .......... .......... .......... .......... .......... 10% 11,2M 23s
  5950K .......... .......... .......... .......... .......... 10% 11,2M 23s
  6000K .......... .......... .......... .......... .......... 10% 3,67M 23s
  6050K .......... .......... .......... .......... .......... 10% 4,53M 23s
  6100K .......... .......... .......... .......... .......... 10% 11,2M 23s
  6150K .......... .......... .......... .......... .......... 10% 4,55M 23s
  6200K .......... .......... .......... .......... .......... 11% 4,55M 22s
  6250K .......... .......... .......... .......... .......... 11% 3,26M 22s
  6300K .......... .......... .......... .......... .......... 11% 11,2M 22s
  6350K .......... .......... .......... .......... .......... 11% 11,1M 22s
  6400K .......... .......... .......... .......... .......... 11% 9,52M 22s
  6450K .......... .......... .......... .......... .......... 11% 6,99M 22s
  6500K .......... .......... .......... .......... .......... 11% 3,01M 22s
  6550K .......... .......... .......... .......... .......... 11% 9,53M 22s
  6600K .......... .......... .......... .......... .......... 11% 4,49M 21s
  6650K .......... .......... .......... .......... .......... 11% 5,71M 21s
  6700K .......... .......... .......... .......... .......... 11% 6,89M 21s
  6750K .......... .......... .......... .......... .......... 11% 7,59M 21s
  6800K .......... .......... .......... .......... .......... 12% 10,4M 21s
  6850K .......... .......... .......... .......... .......... 12% 2,63M 21s
  6900K .......... .......... .......... .......... .......... 12% 11,1M 21s
  6950K .......... .......... .......... .......... .......... 12% 7,92M 21s
  7000K .......... .......... .......... .......... .......... 12% 2,79M 21s
  7050K .......... .......... .......... .......... .......... 12% 11,2M 20s
  7100K .......... .......... .......... .......... .......... 12% 11,5M 20s
  7150K .......... .......... .......... .......... .......... 12% 9,81M 20s
  7200K .......... .......... .......... .......... .......... 12% 3,63M 20s
  7250K .......... .......... .......... .......... .......... 12% 11,2M 20s
  7300K .......... .......... .......... .......... .......... 12% 7,45M 20s
  7350K .......... .......... .......... .......... .......... 13% 4,45M 20s
  7400K .......... .......... .......... .......... .......... 13% 3,07M 20s
  7450K .......... .......... .......... .......... .......... 13% 11,1M 20s
  7500K .......... .......... .......... .......... .......... 13% 10,7M 19s
  7550K .......... .......... .......... .......... .......... 13% 10,3M 19s
  7600K .......... .......... .......... .......... .......... 13% 3,80M 19s
  7650K .......... .......... .......... .......... .......... 13% 10,2M 19s
  7700K .......... .......... .......... .......... .......... 13% 3,49M 19s
  7750K .......... .......... .......... .......... .......... 13% 11,1M 19s
  7800K .......... .......... .......... .......... .......... 13% 3,73M 19s
  7850K .......... .......... .......... .......... .......... 13% 5,72M 19s
  7900K .......... .......... .......... .......... .......... 14% 11,1M 19s
  7950K .......... .......... .......... .......... .......... 14% 10,4M 19s
  8000K .......... .......... .......... .......... .......... 14% 7,14M 19s
  8050K .......... .......... .......... .......... .......... 14% 7,17M 18s
  8100K .......... .......... .......... .......... .......... 14% 2,83M 18s
  8150K .......... .......... .......... .......... .......... 14% 10,5M 18s
  8200K .......... .......... .......... .......... .......... 14% 10,6M 18s
  8250K .......... .......... .......... .......... .......... 14% 3,56M 18s
  8300K .......... .......... .......... .......... .......... 14% 11,2M 18s
  8350K .......... .......... .......... .......... .......... 14% 11,1M 18s
  8400K .......... .......... .......... .......... .......... 14% 6,06M 18s
  8450K .......... .......... .......... .......... .......... 14% 10,8M 18s
  8500K .......... .......... .......... .......... .......... 15% 4,21M 18s
  8550K .......... .......... .......... .......... .......... 15% 11,2M 18s
  8600K .......... .......... .......... .......... .......... 15% 2,62M 18s
  8650K .......... .......... .......... .......... .......... 15% 10,1M 18s
  8700K .......... .......... .......... .......... .......... 15% 11,2M 17s
  8750K .......... .......... .......... .......... .......... 15% 11,2M 17s
  8800K .......... .......... .......... .......... .......... 15% 4,10M 17s
  8850K .......... .......... .......... .......... .......... 15% 5,66M 17s
  8900K .......... .......... .......... .......... .......... 15% 11,2M 17s
  8950K .......... .......... .......... .......... .......... 15% 11,1M 17s
  9000K .......... .......... .......... .......... .......... 15% 3,77M 17s
  9050K .......... .......... .......... .......... .......... 16% 7,34M 17s
  9100K .......... .......... .......... .......... .......... 16% 7,34M 17s
  9150K .......... .......... .......... .......... .......... 16% 10,2M 17s
  9200K .......... .......... .......... .......... .......... 16% 7,65M 17s
  9250K .......... .......... .......... .......... .......... 16% 11,0M 17s
  9300K .......... .......... .......... .......... .......... 16% 3,21M 17s
  9350K .......... .......... .......... .......... .......... 16% 11,2M 17s
  9400K .......... .......... .......... .......... .......... 16% 6,52M 16s
  9450K .......... .......... .......... .......... .......... 16% 8,14M 16s
  9500K .......... .......... .......... .......... .......... 16% 4,53M 16s
  9550K .......... .......... .......... .......... .......... 16% 11,2M 16s
  9600K .......... .......... .......... .......... .......... 16% 10,3M 16s
  9650K .......... .......... .......... .......... .......... 17% 5,93M 16s
  9700K .......... .......... .......... .......... .......... 17% 11,2M 16s
  9750K .......... .......... .......... .......... .......... 17% 2,74M 16s
  9800K .......... .......... .......... .......... .......... 17% 11,2M 16s
  9850K .......... .......... .......... .......... .......... 17% 11,1M 16s
  9900K .......... .......... .......... .......... .......... 17% 5,88M 16s
  9950K .......... .......... .......... .......... .......... 17% 11,1M 16s
 10000K .......... .......... .......... .......... .......... 17% 6,32M 16s
 10050K .......... .......... .......... .......... .......... 17% 11,1M 16s
 10100K .......... .......... .......... .......... .......... 17% 8,85M 16s
 10150K .......... .......... .......... .......... .......... 17% 7,99M 15s
 10200K .......... .......... .......... .......... .......... 18% 3,52M 15s
 10250K .......... .......... .......... .......... .......... 18% 7,00M 15s
 10300K .......... .......... .......... .......... .......... 18% 11,1M 15s
 10350K .......... .......... .......... .......... .......... 18% 7,82M 15s
 10400K .......... .......... .......... .......... .......... 18% 11,0M 15s
 10450K .......... .......... .......... .......... .......... 18% 5,40M 15s
 10500K .......... .......... .......... .......... .......... 18% 5,93M 15s
 10550K .......... .......... .......... .......... .......... 18% 10,7M 15s
 10600K .......... .......... .......... .......... .......... 18% 7,80M 15s
 10650K .......... .......... .......... .......... .......... 18% 4,49M 15s
 10700K .......... .......... .......... .......... .......... 18% 11,2M 15s
 10750K .......... .......... .......... .......... .......... 19% 11,1M 15s
 10800K .......... .......... .......... .......... .......... 19% 4,29M 15s
 10850K .......... .......... .......... .......... .......... 19% 3,35M 15s
 10900K .......... .......... .......... .......... .......... 19% 11,2M 15s
 10950K .......... .......... .......... .......... .......... 19% 11,1M 15s
 11000K .......... .......... .......... .......... .......... 19% 11,2M 15s
 11050K .......... .......... .......... .......... .......... 19% 11,1M 14s
 11100K .......... .......... .......... .......... .......... 19% 5,47M 14s
 11150K .......... .......... .......... .......... .......... 19% 7,26M 14s
 11200K .......... .......... .......... .......... .......... 19% 9,65M 14s
 11250K .......... .......... .......... .......... .......... 19% 7,47M 14s
 11300K .......... .......... .......... .......... .......... 19% 4,53M 14s
 11350K .......... .......... .......... .......... .......... 20% 7,17M 14s
 11400K .......... .......... .......... .......... .......... 20% 7,23M 14s
 11450K .......... .......... .......... .......... .......... 20% 11,2M 14s
 11500K .......... .......... .......... .......... .......... 20% 11,1M 14s
 11550K .......... .......... .......... .......... .......... 20% 6,79M 14s
 11600K .......... .......... .......... .......... .......... 20% 8,69M 14s
 11650K .......... .......... .......... .......... .......... 20% 7,91M 14s
 11700K .......... .......... .......... .......... .......... 20% 10,9M 14s
 11750K .......... .......... .......... .......... .......... 20% 4,21M 14s
 11800K .......... .......... .......... .......... .......... 20% 5,15M 14s
 11850K .......... .......... .......... .......... .......... 20% 8,80M 14s
 11900K .......... .......... .......... .......... .......... 21% 11,2M 14s
 11950K .......... .......... .......... .......... .......... 21% 11,2M 14s
 12000K .......... .......... .......... .......... .......... 21% 7,49M 13s
 12050K .......... .......... .......... .......... .......... 21% 7,00M 13s
 12100K .......... .......... .......... .......... .......... 21% 11,2M 13s
 12150K .......... .......... .......... .......... .......... 21% 11,2M 13s
 12200K .......... .......... .......... .......... .......... 21% 5,38M 13s
 12250K .......... .......... .......... .......... .......... 21% 7,47M 13s
 12300K .......... .......... .......... .......... .......... 21% 4,38M 13s
 12350K .......... .......... .......... .......... .......... 21% 11,1M 13s
 12400K .......... .......... .......... .......... .......... 21% 6,35M 13s
 12450K .......... .......... .......... .......... .......... 22% 11,5M 13s
 12500K .......... .......... .......... .......... .......... 22% 6,39M 13s
 12550K .......... .......... .......... .......... .......... 22% 11,2M 13s
 12600K .......... .......... .......... .......... .......... 22% 10,4M 13s
 12650K .......... .......... .......... .......... .......... 22% 8,57M 13s
 12700K .......... .......... .......... .......... .......... 22% 7,21M 13s
 12750K .......... .......... .......... .......... .......... 22% 7,43M 13s
 12800K .......... .......... .......... .......... .......... 22% 4,45M 13s
 12850K .......... .......... .......... .......... .......... 22% 10,7M 13s
 12900K .......... .......... .......... .......... .......... 22% 7,34M 13s
 12950K .......... .......... .......... .......... .......... 22% 7,39M 13s
 13000K .......... .......... .......... .......... .......... 22% 10,8M 13s
 13050K .......... .......... .......... .......... .......... 23% 7,55M 13s
 13100K .......... .......... .......... .......... .......... 23% 10,6M 13s
 13150K .......... .......... .......... .......... .......... 23% 8,75M 12s
 13200K .......... .......... .......... .......... .......... 23% 6,49M 12s
 13250K .......... .......... .......... .......... .......... 23% 8,10M 12s
 13300K .......... .......... .......... .......... .......... 23% 11,4M 12s
 13350K .......... .......... .......... .......... .......... 23% 4,20M 12s
 13400K .......... .......... .......... .......... .......... 23% 7,69M 12s
 13450K .......... .......... .......... .......... .......... 23% 8,65M 12s
 13500K .......... .......... .......... .......... .......... 23% 11,1M 12s
 13550K .......... .......... .......... .......... .......... 23% 10,3M 12s
 13600K .......... .......... .......... .......... .......... 24% 10,5M 12s
 13650K .......... .......... .......... .......... .......... 24% 5,65M 12s
 13700K .......... .......... .......... .......... .......... 24% 11,1M 12s
 13750K .......... .......... .......... .......... .......... 24% 6,47M 12s
 13800K .......... .......... .......... .......... .......... 24% 10,4M 12s
 13850K .......... .......... .......... .......... .......... 24% 4,29M 12s
 13900K .......... .......... .......... .......... .......... 24% 11,2M 12s
 13950K .......... .......... .......... .......... .......... 24% 10,9M 12s
 14000K .......... .......... .......... .......... .......... 24% 8,99M 12s
 14050K .......... .......... .......... .......... .......... 24% 10,7M 12s
 14100K .......... .......... .......... .......... .......... 24% 6,14M 12s
 14150K .......... .......... .......... .......... .......... 25% 11,0M 12s
 14200K .......... .......... .......... .......... .......... 25% 11,5M 12s
 14250K .......... .......... .......... .......... .......... 25% 11,2M 12s
 14300K .......... .......... .......... .......... .......... 25% 7,46M 12s
 14350K .......... .......... .......... .......... .......... 25% 6,38M 12s
 14400K .......... .......... .......... .......... .......... 25% 3,26M 12s
 14450K .......... .......... .......... .......... .......... 25% 11,2M 12s
 14500K .......... .......... .......... .......... .......... 25% 11,1M 11s
 14550K .......... .......... .......... .......... .......... 25% 11,2M 11s
 14600K .......... .......... .......... .......... .......... 25% 11,2M 11s
 14650K .......... .......... .......... .......... .......... 25% 10,3M 11s
 14700K .......... .......... .......... .......... .......... 25% 11,0M 11s
 14750K .......... .......... .......... .......... .......... 26% 11,1M 11s
 14800K .......... .......... .......... .......... .......... 26% 6,33M 11s
 14850K .......... .......... .......... .......... .......... 26% 8,92M 11s
 14900K .......... .......... .......... .......... .......... 26% 5,04M 11s
 14950K .......... .......... .......... .......... .......... 26% 10,9M 11s
 15000K .......... .......... .......... .......... .......... 26% 7,23M 11s
 15050K .......... .......... .......... .......... .......... 26% 11,1M 11s
 15100K .......... .......... .......... .......... .......... 26% 6,75M 11s
 15150K .......... .......... .......... .......... .......... 26% 11,0M 11s
 15200K .......... .......... .......... .......... .......... 26% 10,1M 11s
 15250K .......... .......... .......... .......... .......... 26% 11,2M 11s
 15300K .......... .......... .......... .......... .......... 27% 9,37M 11s
 15350K .......... .......... .......... .......... .......... 27% 7,34M 11s
 15400K .......... .......... .......... .......... .......... 27% 11,1M 11s
 15450K .......... .......... .......... .......... .......... 27% 11,2M 11s
 15500K .......... .......... .......... .......... .......... 27% 6,20M 11s
 15550K .......... .......... .......... .......... .......... 27% 6,02M 11s
 15600K .......... .......... .......... .......... .......... 27% 10,8M 11s
 15650K .......... .......... .......... .......... .......... 27% 10,9M 11s
 15700K .......... .......... .......... .......... .......... 27% 7,68M 11s
 15750K .......... .......... .......... .......... .......... 27% 11,2M 11s
 15800K .......... .......... .......... .......... .......... 27% 10,6M 11s
 15850K .......... .......... .......... .......... .......... 28% 10,7M 11s
 15900K .......... .......... .......... .......... .......... 28% 6,29M 11s
 15950K .......... .......... .......... .......... .......... 28% 10,6M 10s
 16000K .......... .......... .......... .......... .......... 28% 6,70M 10s
 16050K .......... .......... .......... .......... .......... 28% 7,29M 10s
 16100K .......... .......... .......... .......... .......... 28% 11,2M 10s
 16150K .......... .......... .......... .......... .......... 28% 11,2M 10s
 16200K .......... .......... .......... .......... .......... 28% 7,26M 10s
 16250K .......... .......... .......... .......... .......... 28% 6,98M 10s
 16300K .......... .......... .......... .......... .......... 28% 11,2M 10s
 16350K .......... .......... .......... .......... .......... 28% 8,44M 10s
 16400K .......... .......... .......... .......... .......... 28% 11,1M 10s
 16450K .......... .......... .......... .......... .......... 29% 11,5M 10s
 16500K .......... .......... .......... .......... .......... 29% 10,1M 10s
 16550K .......... .......... .......... .......... .......... 29% 9,08M 10s
 16600K .......... .......... .......... .......... .......... 29% 5,07M 10s
 16650K .......... .......... .......... .......... .......... 29% 11,2M 10s
 16700K .......... .......... .......... .......... .......... 29% 10,6M 10s
 16750K .......... .......... .......... .......... .......... 29% 7,01M 10s
 16800K .......... .......... .......... .......... .......... 29% 11,2M 10s
 16850K .......... .......... .......... .......... .......... 29% 7,58M 10s
 16900K .......... .......... .......... .......... .......... 29% 11,5M 10s
 16950K .......... .......... .......... .......... .......... 29% 11,0M 10s
 17000K .......... .......... .......... .......... .......... 30% 11,2M 10s
 17050K .......... .......... .......... .......... .......... 30% 9,35M 10s
 17100K .......... .......... .......... .......... .......... 30% 5,12M 10s
 17150K .......... .......... .......... .......... .......... 30% 10,7M 10s
 17200K .......... .......... .......... .......... .......... 30% 9,83M 10s
 17250K .......... .......... .......... .......... .......... 30% 9,79M 10s
 17300K .......... .......... .......... .......... .......... 30% 9,38M 10s
 17350K .......... .......... .......... .......... .......... 30% 6,82M 10s
 17400K .......... .......... .......... .......... .......... 30% 11,2M 10s
 17450K .......... .......... .......... .......... .......... 30% 11,2M 10s
 17500K .......... .......... .......... .......... .......... 30% 9,63M 10s
 17550K .......... .......... .......... .......... .......... 30% 9,04M 10s
 17600K .......... .......... .......... .......... .......... 31% 6,97M 10s
 17650K .......... .......... .......... .......... .......... 31% 11,1M 9s
 17700K .......... .......... .......... .......... .......... 31% 11,2M 9s
 17750K .......... .......... .......... .......... .......... 31% 11,5M 9s
 17800K .......... .......... .......... .......... .......... 31% 10,6M 9s
 17850K .......... .......... .......... .......... .......... 31% 7,75M 9s
 17900K .......... .......... .......... .......... .......... 31% 7,24M 9s
 17950K .......... .......... .......... .......... .......... 31% 8,84M 9s
 18000K .......... .......... .......... .......... .......... 31% 8,86M 9s
 18050K .......... .......... .......... .......... .......... 31% 11,2M 9s
 18100K .......... .......... .......... .......... .......... 31% 11,1M 9s
 18150K .......... .......... .......... .......... .......... 32% 10,5M 9s
 18200K .......... .......... .......... .......... .......... 32% 9,90M 9s
 18250K .......... .......... .......... .......... .......... 32% 8,91M 9s
 18300K .......... .......... .......... .......... .......... 32% 11,2M 9s
 18350K .......... .......... .......... .......... .......... 32% 11,2M 9s
 18400K .......... .......... .......... .......... .......... 32% 6,51M 9s
 18450K .......... .......... .......... .......... .......... 32% 10,7M 9s
 18500K .......... .......... .......... .......... .......... 32% 8,60M 9s
 18550K .......... .......... .......... .......... .......... 32% 7,04M 9s
 18600K .......... .......... .......... .......... .......... 32% 10,8M 9s
 18650K .......... .......... .......... .......... .......... 32% 10,4M 9s
 18700K .......... .......... .......... .......... .......... 33% 9,95M 9s
 18750K .......... .......... .......... .......... .......... 33% 9,21M 9s
 18800K .......... .......... .......... .......... .......... 33% 7,40M 9s
 18850K .......... .......... .......... .......... .......... 33% 11,1M 9s
 18900K .......... .......... .......... .......... .......... 33% 11,2M 9s
 18950K .......... .......... .......... .......... .......... 33% 11,2M 9s
 19000K .......... .......... .......... .......... .......... 33% 8,90M 9s
 19050K .......... .......... .......... .......... .......... 33% 11,2M 9s
 19100K .......... .......... .......... .......... .......... 33% 11,4M 9s
 19150K .......... .......... .......... .......... .......... 33% 10,1M 9s
 19200K .......... .......... .......... .......... .......... 33% 6,12M 9s
 19250K .......... .......... .......... .......... .......... 33% 11,2M 9s
 19300K .......... .......... .......... .......... .......... 34% 11,1M 9s
 19350K .......... .......... .......... .......... .......... 34% 11,2M 9s
 19400K .......... .......... .......... .......... .......... 34% 7,87M 9s
 19450K .......... .......... .......... .......... .......... 34% 10,4M 9s
 19500K .......... .......... .......... .......... .......... 34% 11,1M 9s
 19550K .......... .......... .......... .......... .......... 34% 8,89M 9s
 19600K .......... .......... .......... .......... .......... 34% 9,46M 8s
 19650K .......... .......... .......... .......... .......... 34% 7,90M 8s
 19700K .......... .......... .......... .......... .......... 34% 11,0M 8s
 19750K .......... .......... .......... .......... .......... 34% 11,1M 8s
 19800K .......... .......... .......... .......... .......... 34% 11,2M 8s
 19850K .......... .......... .......... .......... .......... 35% 6,03M 8s
 19900K .......... .......... .......... .......... .......... 35% 17,6M 8s
 19950K .......... .......... .......... .......... .......... 35% 11,1M 8s
 20000K .......... .......... .......... .......... .......... 35% 11,5M 8s
 20050K .......... .......... .......... .......... .......... 35% 11,2M 8s
 20100K .......... .......... .......... .......... .......... 35% 6,71M 8s
 20150K .......... .......... .......... .......... .......... 35% 11,2M 8s
 20200K .......... .......... .......... .......... .......... 35% 9,38M 8s
 20250K .......... .......... .......... .......... .......... 35% 7,34M 8s
 20300K .......... .......... .......... .......... .......... 35% 11,2M 8s
 20350K .......... .......... .......... .......... .......... 35% 10,4M 8s
 20400K .......... .......... .......... .......... .......... 36% 11,1M 8s
 20450K .......... .......... .......... .......... .......... 36% 11,5M 8s
 20500K .......... .......... .......... .......... .......... 36% 11,2M 8s
 20550K .......... .......... .......... .......... .......... 36% 11,2M 8s
 20600K .......... .......... .......... .......... .......... 36% 7,66M 8s
 20650K .......... .......... .......... .......... .......... 36% 11,1M 8s
 20700K .......... .......... .......... .......... .......... 36% 6,12M 8s
 20750K .......... .......... .......... .......... .......... 36% 11,1M 8s
 20800K .......... .......... .......... .......... .......... 36% 10,4M 8s
 20850K .......... .......... .......... .......... .......... 36% 11,2M 8s
 20900K .......... .......... .......... .......... .......... 36% 11,4M 8s
 20950K .......... .......... .......... .......... .......... 36% 11,2M 8s
 21000K .......... .......... .......... .......... .......... 37% 11,1M 8s
 21050K .......... .......... .......... .......... .......... 37% 11,2M 8s
 21100K .......... .......... .......... .......... .......... 37% 9,31M 8s
 21150K .......... .......... .......... .......... .......... 37% 6,77M 8s
 21200K .......... .......... .......... .......... .......... 37% 9,10M 8s
 21250K .......... .......... .......... .......... .......... 37% 11,2M 8s
 21300K .......... .......... .......... .......... .......... 37% 11,1M 8s
 21350K .......... .......... .......... .......... .......... 37% 11,5M 8s
 21400K .......... .......... .......... .......... .......... 37% 11,2M 8s
 21450K .......... .......... .......... .......... .......... 37% 11,1M 8s
 21500K .......... .......... .......... .......... .......... 37% 11,2M 8s
 21550K .......... .......... .......... .......... .......... 38% 9,38M 8s
 21600K .......... .......... .......... .......... .......... 38% 11,2M 8s
 21650K .......... .......... .......... .......... .......... 38% 11,1M 8s
 21700K .......... .......... .......... .......... .......... 38% 11,2M 8s
 21750K .......... .......... .......... .......... .......... 38% 5,41M 8s
 21800K .......... .......... .......... .......... .......... 38% 8,49M 8s
 21850K .......... .......... .......... .......... .......... 38% 11,2M 8s
 21900K .......... .......... .......... .......... .......... 38% 11,1M 7s
 21950K .......... .......... .......... .......... .......... 38% 7,83M 7s
 22000K .......... .......... .......... .......... .......... 38% 10,6M 7s
 22050K .......... .......... .......... .......... .......... 38% 11,1M 7s
 22100K .......... .......... .......... .......... .......... 39% 11,2M 7s
 22150K .......... .......... .......... .......... .......... 39% 11,1M 7s
 22200K .......... .......... .......... .......... .......... 39% 6,96M 7s
 22250K .......... .......... .......... .......... .......... 39% 11,2M 7s
 22300K .......... .......... .......... .......... .......... 39% 10,4M 7s
 22350K .......... .......... .......... .......... .......... 39% 11,2M 7s
 22400K .......... .......... .......... .......... .......... 39% 11,1M 7s
 22450K .......... .......... .......... .......... .......... 39% 8,72M 7s
 22500K .......... .......... .......... .......... .......... 39% 11,1M 7s
 22550K .......... .......... .......... .......... .......... 39% 11,2M 7s
 22600K .......... .......... .......... .......... .......... 39% 7,42M 7s
 22650K .......... .......... .......... .......... .......... 39% 11,5M 7s
 22700K .......... .......... .......... .......... .......... 40% 9,56M 7s
 22750K .......... .......... .......... .......... .......... 40% 11,1M 7s
 22800K .......... .......... .......... .......... .......... 40% 11,2M 7s
 22850K .......... .......... .......... .......... .......... 40% 11,1M 7s
 22900K .......... .......... .......... .......... .......... 40% 7,92M 7s
 22950K .......... .......... .......... .......... .......... 40% 11,0M 7s
 23000K .......... .......... .......... .......... .......... 40% 11,2M 7s
 23050K .......... .......... .......... .......... .......... 40% 6,87M 7s
 23100K .......... .......... .......... .......... .......... 40% 10,9M 7s
 23150K .......... .......... .......... .......... .......... 40% 10,6M 7s
 23200K .......... .......... .......... .......... .......... 40% 10,8M 7s
 23250K .......... .......... .......... .......... .......... 41% 10,4M 7s
 23300K .......... .......... .......... .......... .......... 41% 11,2M 7s
 23350K .......... .......... .......... .......... .......... 41% 8,71M 7s
 23400K .......... .......... .......... .......... .......... 41% 11,1M 7s
 23450K .......... .......... .......... .......... .......... 41% 11,2M 7s
 23500K .......... .......... .......... .......... .......... 41% 11,1M 7s
 23550K .......... .......... .......... .......... .......... 41% 11,5M 7s
 23600K .......... .......... .......... .......... .......... 41% 6,37M 7s
 23650K .......... .......... .......... .......... .......... 41% 11,2M 7s
 23700K .......... .......... .......... .......... .......... 41% 11,2M 7s
 23750K .......... .......... .......... .......... .......... 41% 11,1M 7s
 23800K .......... .......... .......... .......... .......... 42% 7,27M 7s
 23850K .......... .......... .......... .......... .......... 42% 11,2M 7s
 23900K .......... .......... .......... .......... .......... 42% 10,5M 7s
 23950K .......... .......... .......... .......... .......... 42% 9,58M 7s
 24000K .......... .......... .......... .......... .......... 42% 13,2M 7s
 24050K .......... .......... .......... .......... .......... 42% 11,2M 7s
 24100K .......... .......... .......... .......... .......... 42% 6,35M 7s
 24150K .......... .......... .......... .......... .......... 42% 11,1M 7s
 24200K .......... .......... .......... .......... .......... 42% 10,1M 7s
 24250K .......... .......... .......... .......... .......... 42% 11,1M 7s
 24300K .......... .......... .......... .......... .......... 42% 8,39M 7s
 24350K .......... .......... .......... .......... .......... 42% 11,1M 7s
 24400K .......... .......... .......... .......... .......... 43% 11,2M 7s
 24450K .......... .......... .......... .......... .......... 43% 11,5M 7s
 24500K .......... .......... .......... .......... .......... 43% 11,1M 7s
 24550K .......... .......... .......... .......... .......... 43% 11,2M 7s
 24600K .......... .......... .......... .......... .......... 43% 10,7M 7s
 24650K .......... .......... .......... .......... .......... 43% 6,73M 6s
 24700K .......... .......... .......... .......... .......... 43% 10,2M 6s
 24750K .......... .......... .......... .......... .......... 43% 9,04M 6s
 24800K .......... .......... .......... .......... .......... 43% 9,79M 6s
 24850K .......... .......... .......... .......... .......... 43% 10,5M 6s
 24900K .......... .......... .......... .......... .......... 43% 11,5M 6s
 24950K .......... .......... .......... .......... .......... 44% 11,0M 6s
 25000K .......... .......... .......... .......... .......... 44% 11,2M 6s
 25050K .......... .......... .......... .......... .......... 44% 11,1M 6s
 25100K .......... .......... .......... .......... .......... 44% 10,4M 6s
 25150K .......... .......... .......... .......... .......... 44% 9,15M 6s
 25200K .......... .......... .......... .......... .......... 44% 7,20M 6s
 25250K .......... .......... .......... .......... .......... 44% 6,80M 6s
 25300K .......... .......... .......... .......... .......... 44% 11,6M 6s
 25350K .......... .......... .......... .......... .......... 44% 10,7M 6s
 25400K .......... .......... .......... .......... .......... 44% 10,7M 6s
 25450K .......... .......... .......... .......... .......... 44% 11,2M 6s
 25500K .......... .......... .......... .......... .......... 44% 11,1M 6s
 25550K .......... .......... .......... .......... .......... 45% 11,2M 6s
 25600K .......... .......... .......... .......... .......... 45% 11,1M 6s
 25650K .......... .......... .......... .......... .......... 45% 11,2M 6s
 25700K .......... .......... .......... .......... .......... 45% 5,45M 6s
 25750K .......... .......... .......... .......... .......... 45% 11,2M 6s
 25800K .......... .......... .......... .......... .......... 45% 11,3M 6s
 25850K .......... .......... .......... .......... .......... 45% 9,55M 6s
 25900K .......... .......... .......... .......... .......... 45% 11,2M 6s
 25950K .......... .......... .......... .......... .......... 45% 6,70M 6s
 26000K .......... .......... .......... .......... .......... 45% 33,3M 6s
 26050K .......... .......... .......... .......... .......... 45% 11,1M 6s
 26100K .......... .......... .......... .......... .......... 46% 11,2M 6s
 26150K .......... .......... .......... .......... .......... 46% 11,2M 6s
 26200K .......... .......... .......... .......... .......... 46% 7,15M 6s
 26250K .......... .......... .......... .......... .......... 46% 11,2M 6s
 26300K .......... .......... .......... .......... .......... 46% 10,5M 6s
 26350K .......... .......... .......... .......... .......... 46% 9,73M 6s
 26400K .......... .......... .......... .......... .......... 46% 9,70M 6s
 26450K .......... .......... .......... .......... .......... 46% 11,2M 6s
 26500K .......... .......... .......... .......... .......... 46% 11,1M 6s
 26550K .......... .......... .......... .......... .......... 46% 11,2M 6s
 26600K .......... .......... .......... .......... .......... 46% 11,1M 6s
 26650K .......... .......... .......... .......... .......... 47% 11,5M 6s
 26700K .......... .......... .......... .......... .......... 47% 11,2M 6s
 26750K .......... .......... .......... .......... .......... 47% 7,02M 6s
 26800K .......... .......... .......... .......... .......... 47% 9,09M 6s
 26850K .......... .......... .......... .......... .......... 47% 10,4M 6s
 26900K .......... .......... .......... .......... .......... 47% 11,2M 6s
 26950K .......... .......... .......... .......... .......... 47% 8,55M 6s
 27000K .......... .......... .......... .......... .......... 47% 11,2M 6s
 27050K .......... .......... .......... .......... .......... 47% 11,2M 6s
 27100K .......... .......... .......... .......... .......... 47% 11,5M 6s
 27150K .......... .......... .......... .......... .......... 47% 11,2M 6s
 27200K .......... .......... .......... .......... .......... 47% 11,1M 6s
 27250K .......... .......... .......... .......... .......... 48% 11,2M 6s
 27300K .......... .......... .......... .......... .......... 48% 11,2M 6s
 27350K .......... .......... .......... .......... .......... 48% 11,2M 6s
 27400K .......... .......... .......... .......... .......... 48% 10,2M 6s
 27450K .......... .......... .......... .......... .......... 48% 6,45M 6s
 27500K .......... .......... .......... .......... .......... 48% 10,7M 6s
 27550K .......... .......... .......... .......... .......... 48% 7,79M 6s
 27600K .......... .......... .......... .......... .......... 48% 11,2M 6s
 27650K .......... .......... .......... .......... .......... 48% 10,7M 6s
 27700K .......... .......... .......... .......... .......... 48% 11,2M 6s
 27750K .......... .......... .......... .......... .......... 48% 11,1M 6s
 27800K .......... .......... .......... .......... .......... 49% 11,2M 6s
 27850K .......... .......... .......... .......... .......... 49% 11,1M 5s
 27900K .......... .......... .......... .......... .......... 49% 10,2M 5s
 27950K .......... .......... .......... .......... .......... 49% 10,6M 5s
 28000K .......... .......... .......... .......... .......... 49% 11,5M 5s
 28050K .......... .......... .......... .......... .......... 49% 5,17M 5s
 28100K .......... .......... .......... .......... .......... 49% 28,4M 5s
 28150K .......... .......... .......... .......... .......... 49% 11,2M 5s
 28200K .......... .......... .......... .......... .......... 49% 8,31M 5s
 28250K .......... .......... .......... .......... .......... 49% 11,2M 5s
 28300K .......... .......... .......... .......... .......... 49% 9,92M 5s
 28350K .......... .......... .......... .......... .......... 50% 11,2M 5s
 28400K .......... .......... .......... .......... .......... 50% 11,1M 5s
 28450K .......... .......... .......... .......... .......... 50% 9,05M 5s
 28500K .......... .......... .......... .......... .......... 50% 11,2M 5s
 28550K .......... .......... .......... .......... .......... 50% 10,4M 5s
 28600K .......... .......... .......... .......... .......... 50% 7,92M 5s
 28650K .......... .......... .......... .......... .......... 50% 10,1M 5s
 28700K .......... .......... .......... .......... .......... 50% 10,7M 5s
 28750K .......... .......... .......... .......... .......... 50% 11,2M 5s
 28800K .......... .......... .......... .......... .......... 50% 8,76M 5s
 28850K .......... .......... .......... .......... .......... 50% 10,9M 5s
 28900K .......... .......... .......... .......... .......... 50% 11,5M 5s
 28950K .......... .......... .......... .......... .......... 51% 11,2M 5s
 29000K .......... .......... .......... .......... .......... 51% 9,90M 5s
 29050K .......... .......... .......... .......... .......... 51% 11,2M 5s
 29100K .......... .......... .......... .......... .......... 51% 9,90M 5s
 29150K .......... .......... .......... .......... .......... 51% 9,79M 5s
 29200K .......... .......... .......... .......... .......... 51% 11,2M 5s
 29250K .......... .......... .......... .......... .......... 51% 6,11M 5s
 29300K .......... .......... .......... .......... .......... 51% 10,4M 5s
 29350K .......... .......... .......... .......... .......... 51% 11,5M 5s
 29400K .......... .......... .......... .......... .......... 51% 11,1M 5s
 29450K .......... .......... .......... .......... .......... 51% 8,79M 5s
 29500K .......... .......... .......... .......... .......... 52% 10,0M 5s
 29550K .......... .......... .......... .......... .......... 52% 9,74M 5s
 29600K .......... .......... .......... .......... .......... 52% 11,1M 5s
 29650K .......... .......... .......... .......... .......... 52% 11,2M 5s
 29700K .......... .......... .......... .......... .......... 52% 11,1M 5s
 29750K .......... .......... .......... .......... .......... 52% 11,2M 5s
 29800K .......... .......... .......... .......... .......... 52% 11,5M 5s
 29850K .......... .......... .......... .......... .......... 52% 11,1M 5s
 29900K .......... .......... .......... .......... .......... 52% 6,83M 5s
 29950K .......... .......... .......... .......... .......... 52% 11,2M 5s
 30000K .......... .......... .......... .......... .......... 52% 10,4M 5s
 30050K .......... .......... .......... .......... .......... 53% 9,16M 5s
 30100K .......... .......... .......... .......... .......... 53% 11,2M 5s
 30150K .......... .......... .......... .......... .......... 53% 9,53M 5s
 30200K .......... .......... .......... .......... .......... 53% 11,2M 5s
 30250K .......... .......... .......... .......... .......... 53% 11,5M 5s
 30300K .......... .......... .......... .......... .......... 53% 11,1M 5s
 30350K .......... .......... .......... .......... .......... 53% 11,2M 5s
 30400K .......... .......... .......... .......... .......... 53% 11,1M 5s
 30450K .......... .......... .......... .......... .......... 53% 11,2M 5s
 30500K .......... .......... .......... .......... .......... 53% 11,1M 5s
 30550K .......... .......... .......... .......... .......... 53% 11,2M 5s
 30600K .......... .......... .......... .......... .......... 53% 6,32M 5s
 30650K .......... .......... .......... .......... .......... 54% 8,13M 5s
 30700K .......... .......... .......... .......... .......... 54% 11,0M 5s
 30750K .......... .......... .......... .......... .......... 54% 11,2M 5s
 30800K .......... .......... .......... .......... .......... 54% 10,6M 5s
 30850K .......... .......... .......... .......... .......... 54% 10,1M 5s
 30900K .......... .......... .......... .......... .......... 54% 11,1M 5s
 30950K .......... .......... .......... .......... .......... 54% 11,2M 5s
 31000K .......... .......... .......... .......... .......... 54% 11,1M 5s
 31050K .......... .......... .......... .......... .......... 54% 11,2M 5s
 31100K .......... .......... .......... .......... .......... 54% 11,5M 5s
 31150K .......... .......... .......... .......... .......... 54% 11,1M 5s
 31200K .......... .......... .......... .......... .......... 55% 11,2M 5s
 31250K .......... .......... .......... .......... .......... 55% 8,34M 5s
 31300K .......... .......... .......... .......... .......... 55% 11,2M 5s
 31350K .......... .......... .......... .......... .......... 55% 6,59M 5s
 31400K .......... .......... .......... .......... .......... 55% 9,64M 5s
 31450K .......... .......... .......... .......... .......... 55% 10,6M 5s
 31500K .......... .......... .......... .......... .......... 55% 11,2M 5s
 31550K .......... .......... .......... .......... .......... 55% 10,8M 5s
 31600K .......... .......... .......... .......... .......... 55% 11,1M 4s
 31650K .......... .......... .......... .......... .......... 55% 11,2M 4s
 31700K .......... .......... .......... .......... .......... 55% 11,1M 4s
 31750K .......... .......... .......... .......... .......... 56% 11,2M 4s
 31800K .......... .......... .......... .......... .......... 56% 11,1M 4s
 31850K .......... .......... .......... .......... .......... 56% 8,55M 4s
 31900K .......... .......... .......... .......... .......... 56% 9,50M 4s
 31950K .......... .......... .......... .......... .......... 56% 11,2M 4s
 32000K .......... .......... .......... .......... .......... 56% 7,70M 4s
 32050K .......... .......... .......... .......... .......... 56% 10,9M 4s
 32100K .......... .......... .......... .......... .......... 56% 9,51M 4s
 32150K .......... .......... .......... .......... .......... 56% 11,1M 4s
 32200K .......... .......... .......... .......... .......... 56% 11,2M 4s
 32250K .......... .......... .......... .......... .......... 56% 8,87M 4s
 32300K .......... .......... .......... .......... .......... 56% 15,1M 4s
 32350K .......... .......... .......... .......... .......... 57% 11,2M 4s
 32400K .......... .......... .......... .......... .......... 57% 11,1M 4s
 32450K .......... .......... .......... .......... .......... 57% 11,5M 4s
 32500K .......... .......... .......... .......... .......... 57% 7,52M 4s
 32550K .......... .......... .......... .......... .......... 57% 10,2M 4s
 32600K .......... .......... .......... .......... .......... 57% 11,2M 4s
 32650K .......... .......... .......... .......... .......... 57% 10,8M 4s
 32700K .......... .......... .......... .......... .......... 57% 6,37M 4s
 32750K .......... .......... .......... .......... .......... 57% 11,1M 4s
 32800K .......... .......... .......... .......... .......... 57% 10,5M 4s
 32850K .......... .......... .......... .......... .......... 57% 11,1M 4s
 32900K .......... .......... .......... .......... .......... 58% 11,5M 4s
 32950K .......... .......... .......... .......... .......... 58% 11,2M 4s
 33000K .......... .......... .......... .......... .......... 58% 11,1M 4s
 33050K .......... .......... .......... .......... .......... 58% 11,2M 4s
 33100K .......... .......... .......... .......... .......... 58% 11,1M 4s
 33150K .......... .......... .......... .......... .......... 58% 11,2M 4s
 33200K .......... .......... .......... .......... .......... 58% 9,09M 4s
 33250K .......... .......... .......... .......... .......... 58% 11,2M 4s
 33300K .......... .......... .......... .......... .......... 58% 11,1M 4s
 33350K .......... .......... .......... .......... .......... 58% 7,45M 4s
 33400K .......... .......... .......... .......... .......... 58% 11,2M 4s
 33450K .......... .......... .......... .......... .......... 58% 9,85M 4s
 33500K .......... .......... .......... .......... .......... 59% 11,2M 4s
 33550K .......... .......... .......... .......... .......... 59% 11,1M 4s
 33600K .......... .......... .......... .......... .......... 59% 11,2M 4s
 33650K .......... .......... .......... .......... .......... 59% 11,1M 4s
 33700K .......... .......... .......... .......... .......... 59% 11,2M 4s
 33750K .......... .......... .......... .......... .......... 59% 11,1M 4s
 33800K .......... .......... .......... .......... .......... 59% 6,93M 4s
 33850K .......... .......... .......... .......... .......... 59% 10,6M 4s
 33900K .......... .......... .......... .......... .......... 59% 11,2M 4s
 33950K .......... .......... .......... .......... .......... 59% 10,9M 4s
 34000K .......... .......... .......... .......... .......... 59% 8,76M 4s
 34050K .......... .......... .......... .......... .......... 60% 7,94M 4s
 34100K .......... .......... .......... .......... .......... 60% 11,1M 4s
 34150K .......... .......... .......... .......... .......... 60% 9,62M 4s
 34200K .......... .......... .......... .......... .......... 60% 11,1M 4s
 34250K .......... .......... .......... .......... .......... 60% 11,5M 4s
 34300K .......... .......... .......... .......... .......... 60% 11,2M 4s
 34350K .......... .......... .......... .......... .......... 60% 7,11M 4s
 34400K .......... .......... .......... .......... .......... 60% 17,2M 4s
 34450K .......... .......... .......... .......... .......... 60% 10,0M 4s
 34500K .......... .......... .......... .......... .......... 60% 11,2M 4s
 34550K .......... .......... .......... .......... .......... 60% 11,1M 4s
 34600K .......... .......... .......... .......... .......... 61% 11,2M 4s
 34650K .......... .......... .......... .......... .......... 61% 11,2M 4s
 34700K .......... .......... .......... .......... .......... 61% 11,1M 4s
 34750K .......... .......... .......... .......... .......... 61% 7,28M 4s
 34800K .......... .......... .......... .......... .......... 61% 11,1M 4s
 34850K .......... .......... .......... .......... .......... 61% 9,78M 4s
 34900K .......... .......... .......... .......... .......... 61% 11,1M 4s
 34950K .......... .......... .......... .......... .......... 61% 10,1M 4s
 35000K .......... .......... .......... .......... .......... 61% 10,9M 4s
 35050K .......... .......... .......... .......... .......... 61% 11,2M 4s
 35100K .......... .......... .......... .......... .......... 61% 8,71M 4s
 35150K .......... .......... .......... .......... .......... 61% 8,95M 4s
 35200K .......... .......... .......... .......... .......... 62% 11,2M 4s
 35250K .......... .......... .......... .......... .......... 62% 11,0M 4s
 35300K .......... .......... .......... .......... .......... 62% 11,2M 4s
 35350K .......... .......... .......... .......... .......... 62% 11,1M 4s
 35400K .......... .......... .......... .......... .......... 62% 7,30M 4s
 35450K .......... .......... .......... .......... .......... 62% 11,1M 4s
 35500K .......... .......... .......... .......... .......... 62% 11,2M 4s
 35550K .......... .......... .......... .......... .......... 62% 10,8M 4s
 35600K .......... .......... .......... .......... .......... 62% 10,6M 4s
 35650K .......... .......... .......... .......... .......... 62% 11,2M 4s
 35700K .......... .......... .......... .......... .......... 62% 10,5M 4s
 35750K .......... .......... .......... .......... .......... 63% 10,3M 4s
 35800K .......... .......... .......... .......... .......... 63% 8,82M 4s
 35850K .......... .......... .......... .......... .......... 63% 9,04M 4s
 35900K .......... .......... .......... .......... .......... 63% 11,1M 4s
 35950K .......... .......... .......... .......... .......... 63% 11,2M 4s
 36000K .......... .......... .......... .......... .......... 63% 11,5M 3s
 36050K .......... .......... .......... .......... .......... 63% 6,43M 3s
 36100K .......... .......... .......... .......... .......... 63% 11,2M 3s
 36150K .......... .......... .......... .......... .......... 63% 11,1M 3s
 36200K .......... .......... .......... .......... .......... 63% 11,2M 3s
 36250K .......... .......... .......... .......... .......... 63% 11,2M 3s
 36300K .......... .......... .......... .......... .......... 64% 9,26M 3s
 36350K .......... .......... .......... .......... .......... 64% 13,4M 3s
 36400K .......... .......... .......... .......... .......... 64% 11,2M 3s
 36450K .......... .......... .......... .......... .......... 64% 11,5M 3s
 36500K .......... .......... .......... .......... .......... 64% 8,84M 3s
 36550K .......... .......... .......... .......... .......... 64% 11,1M 3s
 36600K .......... .......... .......... .......... .......... 64% 11,1M 3s
 36650K .......... .......... .......... .......... .......... 64% 11,2M 3s
 36700K .......... .......... .......... .......... .......... 64% 10,1M 3s
 36750K .......... .......... .......... .......... .......... 64% 6,27M 3s
 36800K .......... .......... .......... .......... .......... 64% 10,1M 3s
 36850K .......... .......... .......... .......... .......... 64% 11,1M 3s
 36900K .......... .......... .......... .......... .......... 65% 11,0M 3s
 36950K .......... .......... .......... .......... .......... 65% 11,0M 3s
 37000K .......... .......... .......... .......... .......... 65% 8,97M 3s
 37050K .......... .......... .......... .......... .......... 65% 11,1M 3s
 37100K .......... .......... .......... .......... .......... 65% 11,2M 3s
 37150K .......... .......... .......... .......... .......... 65% 11,2M 3s
 37200K .......... .......... .......... .......... .......... 65% 8,77M 3s
 37250K .......... .......... .......... .......... .......... 65% 11,2M 3s
 37300K .......... .......... .......... .......... .......... 65% 11,1M 3s
 37350K .......... .......... .......... .......... .......... 65% 11,5M 3s
 37400K .......... .......... .......... .......... .......... 65% 11,2M 3s
 37450K .......... .......... .......... .......... .......... 66% 11,1M 3s
 37500K .......... .......... .......... .......... .......... 66% 11,2M 3s
 37550K .......... .......... .......... .......... .......... 66% 6,18M 3s
 37600K .......... .......... .......... .......... .......... 66% 9,95M 3s
 37650K .......... .......... .......... .......... .......... 66% 10,4M 3s
 37700K .......... .......... .......... .......... .......... 66% 9,78M 3s
 37750K .......... .......... .......... .......... .......... 66% 10,9M 3s
 37800K .......... .......... .......... .......... .......... 66% 11,5M 3s
 37850K .......... .......... .......... .......... .......... 66% 11,2M 3s
 37900K .......... .......... .......... .......... .......... 66% 11,1M 3s
 37950K .......... .......... .......... .......... .......... 66% 11,2M 3s
 38000K .......... .......... .......... .......... .......... 67% 8,61M 3s
 38050K .......... .......... .......... .......... .......... 67% 11,2M 3s
 38100K .......... .......... .......... .......... .......... 67% 11,1M 3s
 38150K .......... .......... .......... .......... .......... 67% 11,2M 3s
 38200K .......... .......... .......... .......... .......... 67% 11,1M 3s
 38250K .......... .......... .......... .......... .......... 67% 6,57M 3s
 38300K .......... .......... .......... .......... .......... 67% 11,2M 3s
 38350K .......... .......... .......... .......... .......... 67% 9,54M 3s
 38400K .......... .......... .......... .......... .......... 67% 11,2M 3s
 38450K .......... .......... .......... .......... .......... 67% 9,26M 3s
 38500K .......... .......... .......... .......... .......... 67% 11,2M 3s
 38550K .......... .......... .......... .......... .......... 67% 11,2M 3s
 38600K .......... .......... .......... .......... .......... 68% 11,2M 3s
 38650K .......... .......... .......... .......... .......... 68% 11,1M 3s
 38700K .......... .......... .......... .......... .......... 68% 8,06M 3s
 38750K .......... .......... .......... .......... .......... 68% 11,2M 3s
 38800K .......... .......... .......... .......... .......... 68% 11,1M 3s
 38850K .......... .......... .......... .......... .......... 68% 11,2M 3s
 38900K .......... .......... .......... .......... .......... 68% 11,1M 3s
 38950K .......... .......... .......... .......... .......... 68% 11,2M 3s
 39000K .......... .......... .......... .......... .......... 68% 11,0M 3s
 39050K .......... .......... .......... .......... .......... 68% 11,2M 3s
 39100K .......... .......... .......... .......... .......... 68% 11,5M 3s
 39150K .......... .......... .......... .......... .......... 69% 11,1M 3s
 39200K .......... .......... .......... .......... .......... 69% 11,2M 3s
 39250K .......... .......... .......... .......... .......... 69% 11,1M 3s
 39300K .......... .......... .......... .......... .......... 69% 11,2M 3s
 39350K .......... .......... .......... .......... .......... 69% 11,1M 3s
 39400K .......... .......... .......... .......... .......... 69% 11,2M 3s
 39450K .......... .......... .......... .......... .......... 69% 8,68M 3s
 39500K .......... .......... .......... .......... .......... 69% 7,69M 3s
 39550K .......... .......... .......... .......... .......... 69% 11,2M 3s
 39600K .......... .......... .......... .......... .......... 69% 11,2M 3s
 39650K .......... .......... .......... .......... .......... 69% 11,2M 3s
 39700K .......... .......... .......... .......... .......... 70% 11,2M 3s
 39750K .......... .......... .......... .......... .......... 70% 11,1M 3s
 39800K .......... .......... .......... .......... .......... 70% 11,2M 3s
 39850K .......... .......... .......... .......... .......... 70% 11,2M 3s
 39900K .......... .......... .......... .......... .......... 70% 11,2M 3s
 39950K .......... .......... .......... .......... .......... 70% 11,2M 3s
 40000K .......... .......... .......... .......... .......... 70% 11,5M 3s
 40050K .......... .......... .......... .......... .......... 70% 11,2M 3s
 40100K .......... .......... .......... .......... .......... 70% 11,1M 3s
 40150K .......... .......... .......... .......... .......... 70% 11,2M 3s
 40200K .......... .......... .......... .......... .......... 70% 11,1M 3s
 40250K .......... .......... .......... .......... .......... 70% 11,2M 3s
 40300K .......... .......... .......... .......... .......... 71% 6,60M 3s
 40350K .......... .......... .......... .......... .......... 71% 10,0M 3s
 40400K .......... .......... .......... .......... .......... 71% 11,1M 3s
 40450K .......... .......... .......... .......... .......... 71% 11,5M 3s
 40500K .......... .......... .......... .......... .......... 71% 11,2M 3s
 40550K .......... .......... .......... .......... .......... 71% 11,1M 3s
 40600K .......... .......... .......... .......... .......... 71% 11,2M 3s
 40650K .......... .......... .......... .......... .......... 71% 11,2M 3s
 40700K .......... .......... .......... .......... .......... 71% 11,2M 3s
 40750K .......... .......... .......... .......... .......... 71% 9,73M 3s
 40800K .......... .......... .......... .......... .......... 71% 13,1M 3s
 40850K .......... .......... .......... .......... .......... 72% 11,2M 3s
 40900K .......... .......... .......... .......... .......... 72% 11,1M 3s
 40950K .......... .......... .......... .......... .......... 72% 11,2M 3s
 41000K .......... .......... .......... .......... .......... 72% 11,1M 3s
 41050K .......... .......... .......... .......... .......... 72% 11,2M 3s
 41100K .......... .......... .......... .......... .......... 72% 7,05M 2s
 41150K .......... .......... .......... .......... .......... 72% 10,3M 2s
 41200K .......... .......... .......... .......... .......... 72% 11,1M 2s
 41250K .......... .......... .......... .......... .......... 72% 11,2M 2s
 41300K .......... .......... .......... .......... .......... 72% 11,1M 2s
 41350K .......... .......... .......... .......... .......... 72% 11,5M 2s
 41400K .......... .......... .......... .......... .......... 72% 11,2M 2s
 41450K .......... .......... .......... .......... .......... 73% 11,2M 2s
 41500K .......... .......... .......... .......... .......... 73% 10,9M 2s
 41550K .......... .......... .......... .......... .......... 73% 11,1M 2s
 41600K .......... .......... .......... .......... .......... 73% 11,2M 2s
 41650K .......... .......... .......... .......... .......... 73% 11,1M 2s
 41700K .......... .......... .......... .......... .......... 73% 11,2M 2s
 41750K .......... .......... .......... .......... .......... 73% 11,1M 2s
 41800K .......... .......... .......... .......... .......... 73% 11,1M 2s
 41850K .......... .......... .......... .......... .......... 73% 7,50M 2s
 41900K .......... .......... .......... .......... .......... 73% 10,7M 2s
 41950K .......... .......... .......... .......... .......... 73% 9,46M 2s
 42000K .......... .......... .......... .......... .......... 74% 9,27M 2s
 42050K .......... .......... .......... .......... .......... 74% 11,2M 2s
 42100K .......... .......... .......... .......... .......... 74% 11,2M 2s
 42150K .......... .......... .......... .......... .......... 74% 11,2M 2s
 42200K .......... .......... .......... .......... .......... 74% 11,1M 2s
 42250K .......... .......... .......... .......... .......... 74% 10,7M 2s
 42300K .......... .......... .......... .......... .......... 74% 11,2M 2s
 42350K .......... .......... .......... .......... .......... 74% 11,1M 2s
 42400K .......... .......... .......... .......... .......... 74% 11,2M 2s
 42450K .......... .......... .......... .......... .......... 74% 11,1M 2s
 42500K .......... .......... .......... .......... .......... 74% 11,2M 2s
 42550K .......... .......... .......... .......... .......... 75% 11,1M 2s
 42600K .......... .......... .......... .......... .......... 75% 11,2M 2s
 42650K .......... .......... .......... .......... .......... 75% 6,32M 2s
 42700K .......... .......... .......... .......... .......... 75% 11,5M 2s
 42750K .......... .......... .......... .......... .......... 75% 11,2M 2s
 42800K .......... .......... .......... .......... .......... 75% 11,1M 2s
 42850K .......... .......... .......... .......... .......... 75% 11,2M 2s
 42900K .......... .......... .......... .......... .......... 75% 10,1M 2s
 42950K .......... .......... .......... .......... .......... 75% 10,9M 2s
 43000K .......... .......... .......... .......... .......... 75% 11,4M 2s
 43050K .......... .......... .......... .......... .......... 75% 11,2M 2s
 43100K .......... .......... .......... .......... .......... 75% 9,68M 2s
 43150K .......... .......... .......... .......... .......... 76% 11,3M 2s
 43200K .......... .......... .......... .......... .......... 76% 11,2M 2s
 43250K .......... .......... .......... .......... .......... 76% 11,1M 2s
 43300K .......... .......... .......... .......... .......... 76% 11,2M 2s
 43350K .......... .......... .......... .......... .......... 76% 11,1M 2s
 43400K .......... .......... .......... .......... .......... 76% 11,0M 2s
 43450K .......... .......... .......... .......... .......... 76% 8,23M 2s
 43500K .......... .......... .......... .......... .......... 76% 10,1M 2s
 43550K .......... .......... .......... .......... .......... 76% 11,5M 2s
 43600K .......... .......... .......... .......... .......... 76% 11,2M 2s
 43650K .......... .......... .......... .......... .......... 76% 10,2M 2s
 43700K .......... .......... .......... .......... .......... 77% 10,7M 2s
 43750K .......... .......... .......... .......... .......... 77% 10,5M 2s
 43800K .......... .......... .......... .......... .......... 77% 10,6M 2s
 43850K .......... .......... .......... .......... .......... 77% 11,2M 2s
 43900K .......... .......... .......... .......... .......... 77% 8,82M 2s
 43950K .......... .......... .......... .......... .......... 77% 10,3M 2s
 44000K .......... .......... .......... .......... .......... 77% 11,5M 2s
 44050K .......... .......... .......... .......... .......... 77% 11,2M 2s
 44100K .......... .......... .......... .......... .......... 77% 11,2M 2s
 44150K .......... .......... .......... .......... .......... 77% 11,2M 2s
 44200K .......... .......... .......... .......... .......... 77% 11,2M 2s
 44250K .......... .......... .......... .......... .......... 78% 11,1M 2s
 44300K .......... .......... .......... .......... .......... 78% 7,15M 2s
 44350K .......... .......... .......... .......... .......... 78% 11,1M 2s
 44400K .......... .......... .......... .......... .......... 78% 11,2M 2s
 44450K .......... .......... .......... .......... .......... 78% 11,5M 2s
 44500K .......... .......... .......... .......... .......... 78% 9,09M 2s
 44550K .......... .......... .......... .......... .......... 78% 11,2M 2s
 44600K .......... .......... .......... .......... .......... 78% 10,6M 2s
 44650K .......... .......... .......... .......... .......... 78% 11,2M 2s
 44700K .......... .......... .......... .......... .......... 78% 8,28M 2s
 44750K .......... .......... .......... .......... .......... 78% 11,2M 2s
 44800K .......... .......... .......... .......... .......... 78% 11,2M 2s
 44850K .......... .......... .......... .......... .......... 79% 11,2M 2s
 44900K .......... .......... .......... .......... .......... 79% 11,5M 2s
 44950K .......... .......... .......... .......... .......... 79% 11,1M 2s
 45000K .......... .......... .......... .......... .......... 79% 11,2M 2s
 45050K .......... .......... .......... .......... .......... 79% 11,1M 2s
 45100K .......... .......... .......... .......... .......... 79% 6,57M 2s
 45150K .......... .......... .......... .......... .......... 79% 14,9M 2s
 45200K .......... .......... .......... .......... .......... 79% 11,2M 2s
 45250K .......... .......... .......... .......... .......... 79% 11,1M 2s
 45300K .......... .......... .......... .......... .......... 79% 11,2M 2s
 45350K .......... .......... .......... .......... .......... 79% 11,5M 2s
 45400K .......... .......... .......... .......... .......... 80% 11,1M 2s
 45450K .......... .......... .......... .......... .......... 80% 9,98M 2s
 45500K .......... .......... .......... .......... .......... 80% 10,6M 2s
 45550K .......... .......... .......... .......... .......... 80% 8,65M 2s
 45600K .......... .......... .......... .......... .......... 80% 11,1M 2s
 45650K .......... .......... .......... .......... .......... 80% 11,2M 2s
 45700K .......... .......... .......... .......... .......... 80% 11,1M 2s
 45750K .......... .......... .......... .......... .......... 80% 10,7M 2s
 45800K .......... .......... .......... .......... .......... 80% 12,1M 2s
 45850K .......... .......... .......... .......... .......... 80% 11,1M 2s
 45900K .......... .......... .......... .......... .......... 80% 11,2M 2s
 45950K .......... .......... .......... .......... .......... 81% 11,1M 2s
 46000K .......... .......... .......... .......... .......... 81% 7,46M 2s
 46050K .......... .......... .......... .......... .......... 81% 10,2M 2s
 46100K .......... .......... .......... .......... .......... 81% 11,4M 2s
 46150K .......... .......... .......... .......... .......... 81% 11,1M 2s
 46200K .......... .......... .......... .......... .......... 81% 11,2M 2s
 46250K .......... .......... .......... .......... .......... 81% 11,5M 2s
 46300K .......... .......... .......... .......... .......... 81% 10,4M 2s
 46350K .......... .......... .......... .......... .......... 81% 11,2M 2s
 46400K .......... .......... .......... .......... .......... 81% 9,00M 2s
 46450K .......... .......... .......... .......... .......... 81% 10,7M 2s
 46500K .......... .......... .......... .......... .......... 81% 11,2M 2s
 46550K .......... .......... .......... .......... .......... 82% 11,2M 2s
 46600K .......... .......... .......... .......... .......... 82% 10,9M 2s
 46650K .......... .......... .......... .......... .......... 82% 11,2M 2s
 46700K .......... .......... .......... .......... .......... 82% 11,5M 2s
 46750K .......... .......... .......... .......... .......... 82% 11,1M 2s
 46800K .......... .......... .......... .......... .......... 82% 11,2M 2s
 46850K .......... .......... .......... .......... .......... 82% 7,01M 1s
 46900K .......... .......... .......... .......... .......... 82% 11,1M 1s
 46950K .......... .......... .......... .......... .......... 82% 11,1M 1s
 47000K .......... .......... .......... .......... .......... 82% 11,2M 1s
 47050K .......... .......... .......... .......... .......... 82% 11,1M 1s
 47100K .......... .......... .......... .......... .......... 83% 11,2M 1s
 47150K .......... .......... .......... .......... .......... 83% 10,9M 1s
 47200K .......... .......... .......... .......... .......... 83% 11,0M 1s
 47250K .......... .......... .......... .......... .......... 83% 11,2M 1s
 47300K .......... .......... .......... .......... .......... 83% 8,81M 1s
 47350K .......... .......... .......... .......... .......... 83% 10,6M 1s
 47400K .......... .......... .......... .......... .......... 83% 11,1M 1s
 47450K .......... .......... .......... .......... .......... 83% 10,3M 1s
 47500K .......... .......... .......... .......... .......... 83% 11,1M 1s
 47550K .......... .......... .......... .......... .......... 83% 11,0M 1s
 47600K .......... .......... .......... .......... .......... 83% 11,5M 1s
 47650K .......... .......... .......... .......... .......... 84% 10,2M 1s
 47700K .......... .......... .......... .......... .......... 84% 11,2M 1s
 47750K .......... .......... .......... .......... .......... 84% 7,93M 1s
 47800K .......... .......... .......... .......... .......... 84% 11,0M 1s
 47850K .......... .......... .......... .......... .......... 84% 9,94M 1s
 47900K .......... .......... .......... .......... .......... 84% 11,2M 1s
 47950K .......... .......... .......... .......... .......... 84% 11,1M 1s
 48000K .......... .......... .......... .......... .......... 84% 11,5M 1s
 48050K .......... .......... .......... .......... .......... 84% 11,2M 1s
 48100K .......... .......... .......... .......... .......... 84% 10,3M 1s
 48150K .......... .......... .......... .......... .......... 84% 11,2M 1s
 48200K .......... .......... .......... .......... .......... 84% 10,8M 1s
 48250K .......... .......... .......... .......... .......... 85% 9,90M 1s
 48300K .......... .......... .......... .......... .......... 85% 10,6M 1s
 48350K .......... .......... .......... .......... .......... 85% 11,2M 1s
 48400K .......... .......... .......... .......... .......... 85% 11,1M 1s
 48450K .......... .......... .......... .......... .......... 85% 11,2M 1s
 48500K .......... .......... .......... .......... .......... 85% 11,2M 1s
 48550K .......... .......... .......... .......... .......... 85% 11,2M 1s
 48600K .......... .......... .......... .......... .......... 85% 9,32M 1s
 48650K .......... .......... .......... .......... .......... 85% 8,03M 1s
 48700K .......... .......... .......... .......... .......... 85% 11,1M 1s
 48750K .......... .......... .......... .......... .......... 85% 10,1M 1s
 48800K .......... .......... .......... .......... .......... 86% 11,1M 1s
 48850K .......... .......... .......... .......... .......... 86% 8,39M 1s
 48900K .......... .......... .......... .......... .......... 86% 11,5M 1s
 48950K .......... .......... .......... .......... .......... 86% 11,1M 1s
 49000K .......... .......... .......... .......... .......... 86% 11,2M 1s
 49050K .......... .......... .......... .......... .......... 86% 11,1M 1s
 49100K .......... .......... .......... .......... .......... 86% 10,5M 1s
 49150K .......... .......... .......... .......... .......... 86% 9,50M 1s
 49200K .......... .......... .......... .......... .......... 86% 11,0M 1s
 49250K .......... .......... .......... .......... .......... 86% 9,77M 1s
 49300K .......... .......... .......... .......... .......... 86% 10,8M 1s
 49350K .......... .......... .......... .......... .......... 86% 11,5M 1s
 49400K .......... .......... .......... .......... .......... 87% 11,1M 1s
 49450K .......... .......... .......... .......... .......... 87% 9,78M 1s
 49500K .......... .......... .......... .......... .......... 87% 11,1M 1s
 49550K .......... .......... .......... .......... .......... 87% 11,2M 1s
 49600K .......... .......... .......... .......... .......... 87% 7,75M 1s
 49650K .......... .......... .......... .......... .......... 87% 10,4M 1s
 49700K .......... .......... .......... .......... .......... 87% 9,92M 1s
 49750K .......... .......... .......... .......... .......... 87% 11,2M 1s
 49800K .......... .......... .......... .......... .......... 87% 11,5M 1s
 49850K .......... .......... .......... .......... .......... 87% 11,1M 1s
 49900K .......... .......... .......... .......... .......... 87% 11,2M 1s
 49950K .......... .......... .......... .......... .......... 88% 11,0M 1s
 50000K .......... .......... .......... .......... .......... 88% 9,95M 1s
 50050K .......... .......... .......... .......... .......... 88% 11,1M 1s
 50100K .......... .......... .......... .......... .......... 88% 11,0M 1s
 50150K .......... .......... .......... .......... .......... 88% 9,55M 1s
 50200K .......... .......... .......... .......... .......... 88% 9,46M 1s
 50250K .......... .......... .......... .......... .......... 88% 11,5M 1s
 50300K .......... .......... .......... .......... .......... 88% 10,6M 1s
 50350K .......... .......... .......... .......... .......... 88% 11,2M 1s
 50400K .......... .......... .......... .......... .......... 88% 10,8M 1s
 50450K .......... .......... .......... .......... .......... 88% 11,2M 1s
 50500K .......... .......... .......... .......... .......... 89% 11,1M 1s
 50550K .......... .......... .......... .......... .......... 89% 7,01M 1s
 50600K .......... .......... .......... .......... .......... 89% 11,1M 1s
 50650K .......... .......... .......... .......... .......... 89% 11,2M 1s
 50700K .......... .......... .......... .......... .......... 89% 10,4M 1s
 50750K .......... .......... .......... .......... .......... 89% 10,5M 1s
 50800K .......... .......... .......... .......... .......... 89% 11,2M 1s
 50850K .......... .......... .......... .......... .......... 89% 11,1M 1s
 50900K .......... .......... .......... .......... .......... 89% 10,4M 1s
 50950K .......... .......... .......... .......... .......... 89% 10,4M 1s
 51000K .......... .......... .......... .......... .......... 89% 11,2M 1s
 51050K .......... .......... .......... .......... .......... 89% 11,2M 1s
 51100K .......... .......... .......... .......... .......... 90% 10,5M 1s
 51150K .......... .......... .......... .......... .......... 90% 11,5M 1s
 51200K .......... .......... .......... .......... .......... 90% 11,1M 1s
 51250K .......... .......... .......... .......... .......... 90% 11,2M 1s
 51300K .......... .......... .......... .......... .......... 90% 10,3M 1s
 51350K .......... .......... .......... .......... .......... 90% 11,2M 1s
 51400K .......... .......... .......... .......... .......... 90% 11,1M 1s
 51450K .......... .......... .......... .......... .......... 90% 11,2M 1s
 51500K .......... .......... .......... .......... .......... 90% 11,2M 1s
 51550K .......... .......... .......... .......... .......... 90% 8,05M 1s
 51600K .......... .......... .......... .......... .......... 90% 6,40M 1s
 51650K .......... .......... .......... .......... .......... 91% 23,9M 1s
 51700K .......... .......... .......... .......... .......... 91% 11,2M 1s
 51750K .......... .......... .......... .......... .......... 91% 10,4M 1s
 51800K .......... .......... .......... .......... .......... 91% 11,2M 1s
 51850K .......... .......... .......... .......... .......... 91% 10,4M 1s
 51900K .......... .......... .......... .......... .......... 91% 9,76M 1s
 51950K .......... .......... .......... .......... .......... 91% 11,1M 1s
 52000K .......... .......... .......... .......... .......... 91% 11,5M 1s
 52050K .......... .......... .......... .......... .......... 91% 9,49M 1s
 52100K .......... .......... .......... .......... .......... 91% 11,1M 1s
 52150K .......... .......... .......... .......... .......... 91% 11,2M 1s
 52200K .......... .......... .......... .......... .......... 92% 11,2M 1s
 52250K .......... .......... .......... .......... .......... 92% 11,2M 1s
 52300K .......... .......... .......... .......... .......... 92% 11,1M 1s
 52350K .......... .......... .......... .......... .......... 92% 11,2M 1s
 52400K .......... .......... .......... .......... .......... 92% 10,7M 1s
 52450K .......... .......... .......... .......... .......... 92% 11,5M 1s
 52500K .......... .......... .......... .......... .......... 92% 11,2M 1s
 52550K .......... .......... .......... .......... .......... 92% 11,2M 1s
 52600K .......... .......... .......... .......... .......... 92% 10,1M 1s
 52650K .......... .......... .......... .......... .......... 92% 6,80M 1s
 52700K .......... .......... .......... .......... .......... 92% 10,7M 1s
 52750K .......... .......... .......... .......... .......... 92% 11,1M 1s
 52800K .......... .......... .......... .......... .......... 93% 11,1M 1s
 52850K .......... .......... .......... .......... .......... 93% 9,63M 1s
 52900K .......... .......... .......... .......... .......... 93% 11,5M 1s
 52950K .......... .......... .......... .......... .......... 93% 11,2M 1s
 53000K .......... .......... .......... .......... .......... 93% 11,2M 1s
 53050K .......... .......... .......... .......... .......... 93% 11,1M 1s
 53100K .......... .......... .......... .......... .......... 93% 11,2M 1s
 53150K .......... .......... .......... .......... .......... 93% 11,2M 1s
 53200K .......... .......... .......... .......... .......... 93% 11,2M 1s
 53250K .......... .......... .......... .......... .......... 93% 11,1M 1s
 53300K .......... .......... .......... .......... .......... 93% 11,2M 0s
 53350K .......... .......... .......... .......... .......... 94% 11,5M 0s
 53400K .......... .......... .......... .......... .......... 94% 11,1M 0s
 53450K .......... .......... .......... .......... .......... 94% 11,2M 0s
 53500K .......... .......... .......... .......... .......... 94% 11,1M 0s
 53550K .......... .......... .......... .......... .......... 94% 11,2M 0s
 53600K .......... .......... .......... .......... .......... 94% 11,1M 0s
 53650K .......... .......... .......... .......... .......... 94% 8,55M 0s
 53700K .......... .......... .......... .......... .......... 94% 11,1M 0s
 53750K .......... .......... .......... .......... .......... 94% 11,2M 0s
 53800K .......... .......... .......... .......... .......... 94% 6,92M 0s
 53850K .......... .......... .......... .......... .......... 94% 15,3M 0s
 53900K .......... .......... .......... .......... .......... 95% 10,4M 0s
 53950K .......... .......... .......... .......... .......... 95% 10,9M 0s
 54000K .......... .......... .......... .......... .......... 95% 11,2M 0s
 54050K .......... .......... .......... .......... .......... 95% 11,1M 0s
 54100K .......... .......... .......... .......... .......... 95% 11,2M 0s
 54150K .......... .......... .......... .......... .......... 95% 11,1M 0s
 54200K .......... .......... .......... .......... .......... 95% 11,2M 0s
 54250K .......... .......... .......... .......... .......... 95% 11,5M 0s
 54300K .......... .......... .......... .......... .......... 95% 10,7M 0s
 54350K .......... .......... .......... .......... .......... 95% 10,4M 0s
 54400K .......... .......... .......... .......... .......... 95% 11,1M 0s
 54450K .......... .......... .......... .......... .......... 95% 11,2M 0s
 54500K .......... .......... .......... .......... .......... 96% 11,1M 0s
 54550K .......... .......... .......... .......... .......... 96% 9,38M 0s
 54600K .......... .......... .......... .......... .......... 96% 13,8M 0s
 54650K .......... .......... .......... .......... .......... 96% 11,2M 0s
 54700K .......... .......... .......... .......... .......... 96% 9,40M 0s
 54750K .......... .......... .......... .......... .......... 96% 11,1M 0s
 54800K .......... .......... .......... .......... .......... 96% 7,20M 0s
 54850K .......... .......... .......... .......... .......... 96% 11,2M 0s
 54900K .......... .......... .......... .......... .......... 96% 11,2M 0s
 54950K .......... .......... .......... .......... .......... 96% 11,1M 0s
 55000K .......... .......... .......... .......... .......... 96% 11,2M 0s
 55050K .......... .......... .......... .......... .......... 97% 11,1M 0s
 55100K .......... .......... .......... .......... .......... 97% 11,2M 0s
 55150K .......... .......... .......... .......... .......... 97% 11,5M 0s
 55200K .......... .......... .......... .......... .......... 97% 11,2M 0s
 55250K .......... .......... .......... .......... .......... 97% 11,1M 0s
 55300K .......... .......... .......... .......... .......... 97% 11,2M 0s
 55350K .......... .......... .......... .......... .......... 97% 11,1M 0s
 55400K .......... .......... .......... .......... .......... 97% 11,2M 0s
 55450K .......... .......... .......... .......... .......... 97% 11,1M 0s
 55500K .......... .......... .......... .......... .......... 97% 11,2M 0s
 55550K .......... .......... .......... .......... .......... 97% 11,2M 0s
 55600K .......... .......... .......... .......... .......... 98% 11,5M 0s
 55650K .......... .......... .......... .......... .......... 98% 11,2M 0s
 55700K .......... .......... .......... .......... .......... 98% 11,0M 0s
 55750K .......... .......... .......... .......... .......... 98% 11,2M 0s
 55800K .......... .......... .......... .......... .......... 98% 10,9M 0s
 55850K .......... .......... .......... .......... .......... 98% 11,2M 0s
 55900K .......... .......... .......... .......... .......... 98% 7,95M 0s
 55950K .......... .......... .......... .......... .......... 98% 10,7M 0s
 56000K .......... .......... .......... .......... .......... 98% 11,2M 0s
 56050K .......... .......... .......... .......... .......... 98% 10,9M 0s
 56100K .......... .......... .......... .......... .......... 98% 11,2M 0s
 56150K .......... .......... .......... .......... .......... 98% 11,1M 0s
 56200K .......... .......... .......... .......... .......... 99% 11,1M 0s
 56250K .......... .......... .......... .......... .......... 99% 11,1M 0s
 56300K .......... .......... .......... .......... .......... 99% 11,2M 0s
 56350K .......... .......... .......... .......... .......... 99% 11,1M 0s
 56400K .......... .......... .......... .......... .......... 99% 11,2M 0s
 56450K .......... .......... .......... .......... .......... 99% 11,5M 0s
 56500K .......... .......... .......... .......... .......... 99% 11,1M 0s
 56550K .......... .......... .......... .......... .......... 99% 11,2M 0s
 56600K .......... .......... .......... .......... .......... 99% 11,1M 0s
 56650K .......... .......... .......... .......... .......... 99% 11,2M 0s
 56700K .......... .......... .......... .......... .......... 99% 11,1M 0s
 56750K .......... .......... .......... ...                  100% 11,5M=8,0s

2014-11-21 08:55:16 (6,93 MB/s) - ‘/home/pedja/workspace/Boost-for-Android/boost_1_55_0.tar.bz2’ saved [58146647/58146647]

Applying boost-1_55_0.patch into /home/pedja/workspace/Boost-for-Android/boost_1_55_0/.
ERROR: Failed to build boost for android!
Done!
