##### NEW COMMAND
/usr/bin/wget -O /home/pedja/workspace/Boost-for-Android/boost_1_53_0.tar.bz2 http://downloads.sourceforge.net/project/boost/boost/1.53.0/boost_1_53_0.tar.bz2?r=http%3A%2F%2Fsourceforge.net%2Fprojects%2Fboost%2Ffiles%2Fboost%2F1.53.0%2F&ts=1291326673&use_mirror=garr
--2014-11-20 15:47:00--  http://downloads.sourceforge.net/project/boost/boost/1.53.0/boost_1_53_0.tar.bz2?r=http%3A%2F%2Fsourceforge.net%2Fprojects%2Fboost%2Ffiles%2Fboost%2F1.53.0%2F&ts=1291326673&use_mirror=garr
Resolving downloads.sourceforge.net (downloads.sourceforge.net)... 216.34.181.59
Connecting to downloads.sourceforge.net (downloads.sourceforge.net)|216.34.181.59|:80... connected.
HTTP request sent, awaiting response... 302 Found
Location: http://garr.dl.sourceforge.net/project/boost/boost/1.53.0/boost_1_53_0.tar.bz2 [following]
--2014-11-20 15:47:01--  http://garr.dl.sourceforge.net/project/boost/boost/1.53.0/boost_1_53_0.tar.bz2
Resolving garr.dl.sourceforge.net (garr.dl.sourceforge.net)... 193.206.140.34, 2001:760:ffff:b0::34
Connecting to garr.dl.sourceforge.net (garr.dl.sourceforge.net)|193.206.140.34|:80... connected.
HTTP request sent, awaiting response... 200 OK
Length: 55765258 (53M) [application/octet-stream]
Saving to: ‘/home/pedja/workspace/Boost-for-Android/boost_1_53_0.tar.bz2’

     0K .......... .......... .......... .......... ..........  0%  381K 2m23s
    50K .......... .......... .......... .......... ..........  0%  565K 1m59s
   100K .......... .......... .......... .......... ..........  0%  186K 2m57s
   150K .......... .......... .......... .......... ..........  0% 1,08M 2m25s
   200K .......... .......... .......... .......... ..........  0%  580K 2m15s
   250K .......... .......... .......... .......... ..........  0% 1,01M 2m1s
   300K .......... .......... .......... .......... ..........  0% 1,06M 1m51s
   350K .......... .......... .......... .......... ..........  0%  510K 1m50s
   400K .......... .......... .......... .......... ..........  0% 11,5M 98s
   450K .......... .......... .......... .......... ..........  0% 1,03M 93s
   500K .......... .......... .......... .......... ..........  1% 1,05M 89s
   550K .......... .......... .......... .......... ..........  1% 1,08M 86s
   600K .......... .......... .......... .......... ..........  1% 1,13M 83s
   650K .......... .......... .......... .......... ..........  1% 11,2M 77s
   700K .......... .......... .......... .......... ..........  1% 1,09M 75s
   750K .......... .......... .......... .......... ..........  1% 1,16M 73s
   800K .......... .......... .......... .......... ..........  1% 8,47M 69s
   850K .......... .......... .......... .......... ..........  1% 1,18M 68s
   900K .......... .......... .......... .......... ..........  1% 1,15M 66s
   950K .......... .......... .......... .......... ..........  1% 11,2M 63s
  1000K .......... .......... .......... .......... ..........  1% 1,06M 63s
  1050K .......... .......... .......... .......... ..........  2% 10,6M 60s
  1100K .......... .......... .......... .......... ..........  2% 1,21M 59s
  1150K .......... .......... .......... .......... ..........  2% 7,79M 57s
  1200K .......... .......... .......... .......... ..........  2% 1,20M 56s
  1250K .......... .......... .......... .......... ..........  2% 6,58M 54s
  1300K .......... .......... .......... .......... ..........  2% 1,21M 54s
  1350K .......... .......... .......... .......... ..........  2% 11,1M 52s
  1400K .......... .......... .......... .......... ..........  2% 1,16M 52s
  1450K .......... .......... .......... .......... ..........  2% 6,64M 50s
  1500K .......... .......... .......... .......... ..........  2% 1,28M 50s
  1550K .......... .......... .......... .......... ..........  2% 11,2M 48s
  1600K .......... .......... .......... .......... ..........  3% 5,94M 47s
  1650K .......... .......... .......... .......... ..........  3% 1,17M 47s
  1700K .......... .......... .......... .......... ..........  3% 11,2M 46s
  1750K .......... .......... .......... .......... ..........  3% 1,14M 46s
  1800K .......... .......... .......... .......... ..........  3% 10,9M 45s
  1850K .......... .......... .......... .......... ..........  3% 10,2M 44s
  1900K .......... .......... .......... .......... ..........  3% 1,29M 43s
  1950K .......... .......... .......... .......... ..........  3% 9,16M 42s
  2000K .......... .......... .......... .......... ..........  3% 1,81M 42s
  2050K .......... .......... .......... .......... ..........  3% 3,25M 41s
  2100K .......... .......... .......... .......... ..........  3% 6,24M 41s
  2150K .......... .......... .......... .......... ..........  4% 1,89M 40s
  2200K .......... .......... .......... .......... ..........  4% 3,24M 40s
  2250K .......... .......... .......... .......... ..........  4% 10,1M 39s
  2300K .......... .......... .......... .......... ..........  4% 1,85M 39s
  2350K .......... .......... .......... .......... ..........  4% 2,78M 38s
  2400K .......... .......... .......... .......... ..........  4% 1,91M 38s
  2450K .......... .......... .......... .......... ..........  4% 11,2M 37s
  2500K .......... .......... .......... .......... ..........  4% 11,1M 36s
  2550K .......... .......... .......... .......... ..........  4% 3,00M 36s
  2600K .......... .......... .......... .......... ..........  4% 1,73M 36s
  2650K .......... .......... .......... .......... ..........  4% 11,5M 35s
  2700K .......... .......... .......... .......... ..........  5% 1,64M 35s
  2750K .......... .......... .......... .......... ..........  5% 10,9M 35s
  2800K .......... .......... .......... .......... ..........  5% 5,26M 34s
  2850K .......... .......... .......... .......... ..........  5% 10,6M 34s
  2900K .......... .......... .......... .......... ..........  5% 1,58M 33s
  2950K .......... .......... .......... .......... ..........  5% 4,96M 33s
  3000K .......... .......... .......... .......... ..........  5% 10,5M 33s
  3050K .......... .......... .......... .......... ..........  5% 6,37M 32s
  3100K .......... .......... .......... .......... ..........  5% 2,03M 32s
  3150K .......... .......... .......... .......... ..........  5% 5,92M 32s
  3200K .......... .......... .......... .......... ..........  5% 6,88M 31s
  3250K .......... .......... .......... .......... ..........  6% 10,9M 31s
  3300K .......... .......... .......... .......... ..........  6% 1,80M 31s
  3350K .......... .......... .......... .......... ..........  6% 10,5M 30s
  3400K .......... .......... .......... .......... ..........  6% 4,70M 30s
  3450K .......... .......... .......... .......... ..........  6% 11,2M 30s
  3500K .......... .......... .......... .......... ..........  6% 1,99M 29s
  3550K .......... .......... .......... .......... ..........  6% 5,22M 29s
  3600K .......... .......... .......... .......... ..........  6% 7,36M 29s
  3650K .......... .......... .......... .......... ..........  6% 2,14M 29s
  3700K .......... .......... .......... .......... ..........  6% 11,2M 28s
  3750K .......... .......... .......... .......... ..........  6% 4,43M 28s
  3800K .......... .......... .......... .......... ..........  7% 6,25M 28s
  3850K .......... .......... .......... .......... ..........  7% 2,27M 28s
  3900K .......... .......... .......... .......... ..........  7% 7,38M 27s
  3950K .......... .......... .......... .......... ..........  7% 10,5M 27s
  4000K .......... .......... .......... .......... ..........  7% 7,38M 27s
  4050K .......... .......... .......... .......... ..........  7% 1,81M 27s
  4100K .......... .......... .......... .......... ..........  7% 6,52M 27s
  4150K .......... .......... .......... .......... ..........  7% 11,2M 26s
  4200K .......... .......... .......... .......... ..........  7% 11,0M 26s
  4250K .......... .......... .......... .......... ..........  7% 9,16M 26s
  4300K .......... .......... .......... .......... ..........  7% 1,70M 26s
  4350K .......... .......... .......... .......... ..........  8% 7,56M 25s
  4400K .......... .......... .......... .......... ..........  8% 11,5M 25s
  4450K .......... .......... .......... .......... ..........  8% 11,2M 25s
  4500K .......... .......... .......... .......... ..........  8% 9,05M 25s
  4550K .......... .......... .......... .......... ..........  8% 1,81M 25s
  4600K .......... .......... .......... .......... ..........  8% 10,9M 24s
  4650K .......... .......... .......... .......... ..........  8% 10,8M 24s
  4700K .......... .......... .......... .......... ..........  8% 8,12M 24s
  4750K .......... .......... .......... .......... ..........  8% 6,06M 24s
  4800K .......... .......... .......... .......... ..........  8% 3,25M 24s
  4850K .......... .......... .......... .......... ..........  8% 6,45M 24s
  4900K .......... .......... .......... .......... ..........  9% 4,68M 23s
  4950K .......... .......... .......... .......... ..........  9% 11,2M 23s
  5000K .......... .......... .......... .......... ..........  9% 9,09M 23s
  5050K .......... .......... .......... .......... ..........  9% 3,30M 23s
  5100K .......... .......... .......... .......... ..........  9% 10,9M 23s
  5150K .......... .......... .......... .......... ..........  9% 4,02M 23s
  5200K .......... .......... .......... .......... ..........  9% 5,06M 22s
  5250K .......... .......... .......... .......... ..........  9% 7,28M 22s
  5300K .......... .......... .......... .......... ..........  9% 11,5M 22s
  5350K .......... .......... .......... .......... ..........  9% 3,80M 22s
  5400K .......... .......... .......... .......... .......... 10% 6,09M 22s
  5450K .......... .......... .......... .......... .......... 10% 6,44M 22s
  5500K .......... .......... .......... .......... .......... 10% 3,15M 22s
  5550K .......... .......... .......... .......... .......... 10% 10,7M 21s
  5600K .......... .......... .......... .......... .......... 10% 8,70M 21s
  5650K .......... .......... .......... .......... .......... 10% 4,72M 21s
  5700K .......... .......... .......... .......... .......... 10% 6,39M 21s
  5750K .......... .......... .......... .......... .......... 10% 7,49M 21s
  5800K .......... .......... .......... .......... .......... 10% 5,09M 21s
  5850K .......... .......... .......... .......... .......... 10% 5,89M 21s
  5900K .......... .......... .......... .......... .......... 10% 4,02M 20s
  5950K .......... .......... .......... .......... .......... 11% 11,2M 20s
  6000K .......... .......... .......... .......... .......... 11% 10,3M 20s
  6050K .......... .......... .......... .......... .......... 11% 8,36M 20s
  6100K .......... .......... .......... .......... .......... 11% 3,70M 20s
  6150K .......... .......... .......... .......... .......... 11% 3,61M 20s
  6200K .......... .......... .......... .......... .......... 11% 11,5M 20s
  6250K .......... .......... .......... .......... .......... 11% 11,2M 20s
  6300K .......... .......... .......... .......... .......... 11% 8,30M 19s
  6350K .......... .......... .......... .......... .......... 11% 11,2M 19s
  6400K .......... .......... .......... .......... .......... 11% 4,07M 19s
  6450K .......... .......... .......... .......... .......... 11% 3,65M 19s
  6500K .......... .......... .......... .......... .......... 12% 10,8M 19s
  6550K .......... .......... .......... .......... .......... 12% 5,23M 19s
  6600K .......... .......... .......... .......... .......... 12% 10,8M 19s
  6650K .......... .......... .......... .......... .......... 12% 9,25M 19s
  6700K .......... .......... .......... .......... .......... 12% 11,2M 19s
  6750K .......... .......... .......... .......... .......... 12% 2,15M 19s
  6800K .......... .......... .......... .......... .......... 12% 11,2M 18s
  6850K .......... .......... .......... .......... .......... 12% 11,1M 18s
  6900K .......... .......... .......... .......... .......... 12% 6,07M 18s
  6950K .......... .......... .......... .......... .......... 12% 11,2M 18s
  7000K .......... .......... .......... .......... .......... 12% 10,8M 18s
  7050K .......... .......... .......... .......... .......... 13% 11,2M 18s
  7100K .......... .......... .......... .......... .......... 13% 2,31M 18s
  7150K .......... .......... .......... .......... .......... 13% 7,95M 18s
  7200K .......... .......... .......... .......... .......... 13% 5,33M 18s
  7250K .......... .......... .......... .......... .......... 13% 11,2M 18s
  7300K .......... .......... .......... .......... .......... 13% 11,1M 17s
  7350K .......... .......... .......... .......... .......... 13% 11,2M 17s
  7400K .......... .......... .......... .......... .......... 13% 5,98M 17s
  7450K .......... .......... .......... .......... .......... 13% 3,32M 17s
  7500K .......... .......... .......... .......... .......... 13% 10,4M 17s
  7550K .......... .......... .......... .......... .......... 13% 7,94M 17s
  7600K .......... .......... .......... .......... .......... 14% 10,6M 17s
  7650K .......... .......... .......... .......... .......... 14% 6,98M 17s
  7700K .......... .......... .......... .......... .......... 14% 7,59M 17s
  7750K .......... .......... .......... .......... .......... 14% 11,2M 17s
  7800K .......... .......... .......... .......... .......... 14% 3,34M 17s
  7850K .......... .......... .......... .......... .......... 14% 6,61M 17s
  7900K .......... .......... .......... .......... .......... 14% 7,36M 16s
  7950K .......... .......... .......... .......... .......... 14% 6,50M 16s
  8000K .......... .......... .......... .......... .......... 14% 43,8M 16s
  8050K .......... .......... .......... .......... .......... 14% 8,80M 16s
  8100K .......... .......... .......... .......... .......... 14% 6,50M 16s
  8150K .......... .......... .......... .......... .......... 15% 3,00M 16s
  8200K .......... .......... .......... .......... .......... 15% 11,1M 16s
  8250K .......... .......... .......... .......... .......... 15% 7,40M 16s
  8300K .......... .......... .......... .......... .......... 15% 6,47M 16s
  8350K .......... .......... .......... .......... .......... 15% 11,2M 16s
  8400K .......... .......... .......... .......... .......... 15% 10,6M 16s
  8450K .......... .......... .......... .......... .......... 15% 11,5M 16s
  8500K .......... .......... .......... .......... .......... 15% 4,18M 16s
  8550K .......... .......... .......... .......... .......... 15% 3,51M 15s
  8600K .......... .......... .......... .......... .......... 15% 5,18M 15s
  8650K .......... .......... .......... .......... .......... 15% 8,03M 15s
  8700K .......... .......... .......... .......... .......... 16% 10,3M 15s
  8750K .......... .......... .......... .......... .......... 16% 11,1M 15s
  8800K .......... .......... .......... .......... .......... 16% 6,50M 15s
  8850K .......... .......... .......... .......... .......... 16% 43,4M 15s
  8900K .......... .......... .......... .......... .......... 16% 2,74M 15s
  8950K .......... .......... .......... .......... .......... 16%  881K 15s
  9000K .......... .......... .......... .......... .......... 16%  286M 15s
  9050K .......... .......... .......... .......... .......... 16%  257M 15s
  9100K .......... .......... .......... .......... .......... 16%  312M 15s
  9150K .......... .......... .......... .......... .......... 16%  285M 15s
  9200K .......... .......... .......... .......... .......... 16%  323M 15s
  9250K .......... .......... .......... .......... .......... 17%  266M 15s
  9300K .......... .......... .......... .......... .......... 17%  314M 15s
  9350K .......... .......... .......... .......... .......... 17% 5,86M 14s
  9400K .......... .......... .......... .......... .......... 17% 3,89M 14s
  9450K .......... .......... .......... .......... .......... 17% 3,22M 14s
  9500K .......... .......... .......... .......... .......... 17% 2,89M 14s
  9550K .......... .......... .......... .......... .......... 17% 3,02M 14s
  9600K .......... .......... .......... .......... .......... 17%  962K 15s
  9650K .......... .......... .......... .......... .......... 17%  918K 15s
  9700K .......... .......... .......... .......... .......... 17%  612K 15s
  9750K .......... .......... .......... .......... .......... 17% 1,03M 15s
  9800K .......... .......... .......... .......... .......... 18% 1,10M 15s
  9850K .......... .......... .......... .......... .......... 18% 5,88M 15s
  9900K .......... .......... .......... .......... .......... 18% 1,09M 15s
  9950K .......... .......... .......... .......... .......... 18% 1,17M 15s
 10000K .......... .......... .......... .......... .......... 18% 1,08M 15s
 10050K .......... .......... .......... .......... .......... 18% 1,21M 16s
 10100K .......... .......... .......... .......... .......... 18%  888K 16s
 10150K .......... .......... .......... .......... .......... 18%  205M 16s
 10200K .......... .......... .......... .......... .......... 18% 1,61M 16s
 10250K .......... .......... .......... .......... .......... 18% 1,12M 16s
 10300K .......... .......... .......... .......... .......... 19% 8,35M 16s
 10350K .......... .......... .......... .......... .......... 19% 1,13M 16s
 10400K .......... .......... .......... .......... .......... 19% 11,2M 16s
 10450K .......... .......... .......... .......... .......... 19% 1,17M 16s
 10500K .......... .......... .......... .......... .......... 19% 1,18M 16s
 10550K .......... .......... .......... .......... .......... 19% 11,2M 16s
 10600K .......... .......... .......... .......... .......... 19% 11,1M 16s
 10650K .......... .......... .......... .......... .......... 19% 1,22M 16s
 10700K .......... .......... .......... .......... .......... 19% 1,19M 16s
 10750K .......... .......... .......... .......... .......... 19% 11,1M 16s
 10800K .......... .......... .......... .......... .......... 19% 4,62M 16s
 10850K .......... .......... .......... .......... .......... 20% 1,39M 16s
 10900K .......... .......... .......... .......... .......... 20% 6,10M 16s
 10950K .......... .......... .......... .......... .......... 20% 1,45M 16s
 11000K .......... .......... .......... .......... .......... 20% 5,78M 16s
 11050K .......... .......... .......... .......... .......... 20% 1,82M 16s
 11100K .......... .......... .......... .......... .......... 20% 4,30M 16s
 11150K .......... .......... .......... .......... .......... 20% 4,66M 16s
 11200K .......... .......... .......... .......... .......... 20% 1,52M 16s
 11250K .......... .......... .......... .......... .......... 20% 10,8M 16s
 11300K .......... .......... .......... .......... .......... 20% 4,21M 16s
 11350K .......... .......... .......... .......... .......... 20% 1,79M 16s
 11400K .......... .......... .......... .......... .......... 21% 5,69M 16s
 11450K .......... .......... .......... .......... .......... 21% 4,97M 15s
 11500K .......... .......... .......... .......... .......... 21% 1,86M 15s
 11550K .......... .......... .......... .......... .......... 21% 3,66M 15s
 11600K .......... .......... .......... .......... .......... 21% 7,24M 15s
 11650K .......... .......... .......... .......... .......... 21% 2,66M 15s
 11700K .......... .......... .......... .......... .......... 21% 2,60M 15s
 11750K .......... .......... .......... .......... .......... 21% 5,23M 15s
 11800K .......... .......... .......... .......... .......... 21% 2,67M 15s
 11850K .......... .......... .......... .......... .......... 21% 2,86M 15s
 11900K .......... .......... .......... .......... .......... 21% 2,11M 15s
 11950K .......... .......... .......... .......... .......... 22% 10,0M 15s
 12000K .......... .......... .......... .......... .......... 22% 2,36M 15s
 12050K .......... .......... .......... .......... .......... 22% 11,2M 15s
 12100K .......... .......... .......... .......... .......... 22% 3,04M 15s
 12150K .......... .......... .......... .......... .......... 22% 7,62M 15s
 12200K .......... .......... .......... .......... .......... 22% 2,76M 15s
 12250K .......... .......... .......... .......... .......... 22% 4,76M 15s
 12300K .......... .......... .......... .......... .......... 22% 3,66M 15s
 12350K .......... .......... .......... .......... .......... 22% 4,09M 15s
 12400K .......... .......... .......... .......... .......... 22% 7,08M 15s
 12450K .......... .......... .......... .......... .......... 22% 3,29M 15s
 12500K .......... .......... .......... .......... .......... 23% 3,14M 15s
 12550K .......... .......... .......... .......... .......... 23% 6,37M 15s
 12600K .......... .......... .......... .......... .......... 23% 2,53M 15s
 12650K .......... .......... .......... .......... .......... 23% 10,7M 15s
 12700K .......... .......... .......... .......... .......... 23% 4,34M 15s
 12750K .......... .......... .......... .......... .......... 23% 4,21M 15s
 12800K .......... .......... .......... .......... .......... 23% 2,58M 15s
 12850K .......... .......... .......... .......... .......... 23% 11,1M 15s
 12900K .......... .......... .......... .......... .......... 23% 4,63M 15s
 12950K .......... .......... .......... .......... .......... 23% 4,18M 14s
 13000K .......... .......... .......... .......... .......... 23% 3,44M 14s
 13050K .......... .......... .......... .......... .......... 24% 2,36M 14s
 13100K .......... .......... .......... .......... .......... 24% 11,1M 14s
 13150K .......... .......... .......... .......... .......... 24% 7,29M 14s
 13200K .......... .......... .......... .......... .......... 24% 3,35M 14s
 13250K .......... .......... .......... .......... .......... 24% 2,55M 14s
 13300K .......... .......... .......... .......... .......... 24% 7,40M 14s
 13350K .......... .......... .......... .......... .......... 24% 10,6M 14s
 13400K .......... .......... .......... .......... .......... 24% 10,3M 14s
 13450K .......... .......... .......... .......... .......... 24% 5,48M 14s
 13500K .......... .......... .......... .......... .......... 24% 2,20M 14s
 13550K .......... .......... .......... .......... .......... 24% 8,28M 14s
 13600K .......... .......... .......... .......... .......... 25% 8,54M 14s
 13650K .......... .......... .......... .......... .......... 25% 7,41M 14s
 13700K .......... .......... .......... .......... .......... 25% 6,57M 14s
 13750K .......... .......... .......... .......... .......... 25% 2,96M 14s
 13800K .......... .......... .......... .......... .......... 25% 11,1M 14s
 13850K .......... .......... .......... .......... .......... 25% 4,39M 14s
 13900K .......... .......... .......... .......... .......... 25% 7,57M 14s
 13950K .......... .......... .......... .......... .......... 25% 4,69M 14s
 14000K .......... .......... .......... .......... .......... 25% 6,55M 14s
 14050K .......... .......... .......... .......... .......... 25% 5,20M 14s
 14100K .......... .......... .......... .......... .......... 25% 4,15M 14s
 14150K .......... .......... .......... .......... .......... 26% 5,52M 14s
 14200K .......... .......... .......... .......... .......... 26% 6,38M 13s
 14250K .......... .......... .......... .......... .......... 26% 5,76M 13s
 14300K .......... .......... .......... .......... .......... 26% 6,88M 13s
 14350K .......... .......... .......... .......... .......... 26% 4,07M 13s
 14400K .......... .......... .......... .......... .......... 26% 3,35M 13s
 14450K .......... .......... .......... .......... .......... 26% 8,46M 13s
 14500K .......... .......... .......... .......... .......... 26% 11,2M 13s
 14550K .......... .......... .......... .......... .......... 26% 5,27M 13s
 14600K .......... .......... .......... .......... .......... 26% 4,42M 13s
 14650K .......... .......... .......... .......... .......... 26% 11,5M 13s
 14700K .......... .......... .......... .......... .......... 27% 3,58M 13s
 14750K .......... .......... .......... .......... .......... 27% 5,26M 13s
 14800K .......... .......... .......... .......... .......... 27% 5,76M 13s
 14850K .......... .......... .......... .......... .......... 27% 4,53M 13s
 14900K .......... .......... .......... .......... .......... 27% 4,17M 13s
 14950K .......... .......... .......... .......... .......... 27% 11,2M 13s
 15000K .......... .......... .......... .......... .......... 27% 3,54M 13s
 15050K .......... .......... .......... .......... .......... 27% 9,33M 13s
 15100K .......... .......... .......... .......... .......... 27% 5,59M 13s
 15150K .......... .......... .......... .......... .......... 27% 9,30M 13s
 15200K .......... .......... .......... .......... .......... 28% 4,90M 13s
 15250K .......... .......... .......... .......... .......... 28% 4,34M 13s
 15300K .......... .......... .......... .......... .......... 28% 4,10M 13s
 15350K .......... .......... .......... .......... .......... 28% 9,23M 13s
 15400K .......... .......... .......... .......... .......... 28% 8,65M 13s
 15450K .......... .......... .......... .......... .......... 28% 6,32M 13s
 15500K .......... .......... .......... .......... .......... 28% 3,63M 13s
 15550K .......... .......... .......... .......... .......... 28% 7,61M 13s
 15600K .......... .......... .......... .......... .......... 28% 6,06M 12s
 15650K .......... .......... .......... .......... .......... 28% 7,31M 12s
 15700K .......... .......... .......... .......... .......... 28% 4,76M 12s
 15750K .......... .......... .......... .......... .......... 29% 3,38M 12s
 15800K .......... .......... .......... .......... .......... 29% 7,85M 12s
 15850K .......... .......... .......... .......... .......... 29% 4,43M 12s
 15900K .......... .......... .......... .......... .......... 29% 10,2M 12s
 15950K .......... .......... .......... .......... .......... 29% 7,35M 12s
 16000K .......... .......... .......... .......... .......... 29% 3,41M 12s
 16050K .......... .......... .......... .......... .......... 29% 10,6M 12s
 16100K .......... .......... .......... .......... .......... 29% 10,8M 12s
 16150K .......... .......... .......... .......... .......... 29% 3,77M 12s
 16200K .......... .......... .......... .......... .......... 29% 6,12M 12s
 16250K .......... .......... .......... .......... .......... 29% 2,87M 12s
 16300K .......... .......... .......... .......... .......... 30% 10,3M 12s
 16350K .......... .......... .......... .......... .......... 30% 10,5M 12s
 16400K .......... .......... .......... .......... .......... 30% 9,64M 12s
 16450K .......... .......... .......... .......... .......... 30% 7,68M 12s
 16500K .......... .......... .......... .......... .......... 30% 2,02M 12s
 16550K .......... .......... .......... .......... .......... 30% 11,2M 12s
 16600K .......... .......... .......... .......... .......... 30% 11,1M 12s
 16650K .......... .......... .......... .......... .......... 30% 8,91M 12s
 16700K .......... .......... .......... .......... .......... 30% 4,79M 12s
 16750K .......... .......... .......... .......... .......... 30% 2,35M 12s
 16800K .......... .......... .......... .......... .......... 30% 11,1M 12s
 16850K .......... .......... .......... .......... .......... 31% 11,2M 12s
 16900K .......... .......... .......... .......... .......... 31% 10,1M 12s
 16950K .......... .......... .......... .......... .......... 31% 4,50M 12s
 17000K .......... .......... .......... .......... .......... 31% 2,37M 12s
 17050K .......... .......... .......... .......... .......... 31% 9,75M 12s
 17100K .......... .......... .......... .......... .......... 31% 1,58M 12s
 17150K .......... .......... .......... .......... .......... 31% 8,20M 12s
 17200K .......... .......... .......... .......... .......... 31%  828K 12s
 17250K .......... .......... .......... .......... .......... 31% 1,30M 12s
 17300K .......... .......... .......... .......... .......... 31%  271M 12s
 17350K .......... .......... .......... .......... .......... 31%  326M 12s
 17400K .......... .......... .......... .......... .......... 32%  318M 12s
 17450K .......... .......... .......... .......... .......... 32%  300M 11s
 17500K .......... .......... .......... .......... .......... 32% 7,94M 11s
 17550K .......... .......... .......... .......... .......... 32% 3,41M 11s
 17600K .......... .......... .......... .......... .......... 32% 8,93M 11s
 17650K .......... .......... .......... .......... .......... 32% 11,2M 11s
 17700K .......... .......... .......... .......... .......... 32% 1,32M 11s
 17750K .......... .......... .......... .......... .......... 32%  590K 11s
 17800K .......... .......... .......... .......... .......... 32%  813K 12s
 17850K .......... .......... .......... .......... .......... 32% 1,12M 12s
 17900K .......... .......... .......... .......... .......... 32% 1,19M 12s
 17950K .......... .......... .......... .......... .......... 33%  966K 12s
 18000K .......... .......... .......... .......... .......... 33% 1,27M 12s
 18050K .......... .......... .......... .......... .......... 33% 1,03M 12s
 18100K .......... .......... .......... .......... .......... 33% 1,09M 12s
 18150K .......... .......... .......... .......... .......... 33% 1,07M 12s
 18200K .......... .......... .......... .......... .......... 33% 1,12M 12s
 18250K .......... .......... .......... .......... .......... 33% 1,13M 12s
 18300K .......... .......... .......... .......... .......... 33% 9,56M 12s
 18350K .......... .......... .......... .......... .......... 33% 1,19M 12s
 18400K .......... .......... .......... .......... .......... 33% 1,09M 12s
 18450K .......... .......... .......... .......... .......... 33% 9,95M 12s
 18500K .......... .......... .......... .......... .......... 34% 1,27M 12s
 18550K .......... .......... .......... .......... .......... 34% 1,07M 12s
 18600K .......... .......... .......... .......... .......... 34% 1,16M 12s
 18650K .......... .......... .......... .......... .......... 34% 9,84M 12s
 18700K .......... .......... .......... .......... .......... 34% 1,22M 12s
 18750K .......... .......... .......... .......... .......... 34% 9,62M 12s
 18800K .......... .......... .......... .......... .......... 34% 1,20M 12s
 18850K .......... .......... .......... .......... .......... 34% 1,26M 12s
 18900K .......... .......... .......... .......... .......... 34% 5,04M 12s
 18950K .......... .......... .......... .......... .......... 34% 1,34M 12s
 19000K .......... .......... .......... .......... .......... 34% 4,84M 12s
 19050K .......... .......... .......... .......... .......... 35% 1,40M 12s
 19100K .......... .......... .......... .......... .......... 35% 4,05M 12s
 19150K .......... .......... .......... .......... .......... 35% 1,46M 12s
 19200K .......... .......... .......... .......... .......... 35% 11,2M 12s
 19250K .......... .......... .......... .......... .......... 35% 3,09M 12s
 19300K .......... .......... .......... .......... .......... 35% 1,65M 12s
 19350K .......... .......... .......... .......... .......... 35% 3,82M 12s
 19400K .......... .......... .......... .......... .......... 35% 1,78M 12s
 19450K .......... .......... .......... .......... .......... 35% 6,08M 12s
 19500K .......... .......... .......... .......... .......... 35% 1,35M 12s
 19550K .......... .......... .......... .......... .......... 35% 6,79M 12s
 19600K .......... .......... .......... .......... .......... 36% 4,07M 12s
 19650K .......... .......... .......... .......... .......... 36% 1,72M 12s
 19700K .......... .......... .......... .......... .......... 36% 4,92M 12s
 19750K .......... .......... .......... .......... .......... 36% 6,73M 12s
 19800K .......... .......... .......... .......... .......... 36% 1,35M 12s
 19850K .......... .......... .......... .......... .......... 36% 11,2M 12s
 19900K .......... .......... .......... .......... .......... 36% 1,28M 12s
 19950K .......... .......... .......... .......... .......... 36% 10,1M 12s
 20000K .......... .......... .......... .......... .......... 36% 1,36M 12s
 20050K .......... .......... .......... .......... .......... 36% 11,1M 12s
 20100K .......... .......... .......... .......... .......... 37% 7,80M 12s
 20150K .......... .......... .......... .......... .......... 37% 1,27M 12s
 20200K .......... .......... .......... .......... .......... 37% 8,12M 12s
 20250K .......... .......... .......... .......... .......... 37% 1,25M 12s
 20300K .......... .......... .......... .......... .......... 37% 11,2M 12s
 20350K .......... .......... .......... .......... .......... 37% 11,1M 12s
 20400K .......... .......... .......... .......... .......... 37% 8,89M 12s
 20450K .......... .......... .......... .......... .......... 37% 1,37M 12s
 20500K .......... .......... .......... .......... .......... 37% 11,2M 12s
 20550K .......... .......... .......... .......... .......... 37% 11,2M 12s
 20600K .......... .......... .......... .......... .......... 37% 1,66M 12s
 20650K .......... .......... .......... .......... .......... 38% 4,78M 11s
 20700K .......... .......... .......... .......... .......... 38% 9,34M 11s
 20750K .......... .......... .......... .......... .......... 38% 9,51M 11s
 20800K .......... .......... .......... .......... .......... 38% 1,35M 11s
 20850K .......... .......... .......... .......... .......... 38% 9,22M 11s
 20900K .......... .......... .......... .......... .......... 38% 11,5M 11s
 20950K .......... .......... .......... .......... .......... 38% 1,55M 11s
 21000K .......... .......... .......... .......... .......... 38% 10,4M 11s
 21050K .......... .......... .......... .......... .......... 38% 5,72M 11s
 21100K .......... .......... .......... .......... .......... 38% 12,4M 11s
 21150K .......... .......... .......... .......... .......... 38% 1,83M 11s
 21200K .......... .......... .......... .......... .......... 39% 4,42M 11s
 21250K .......... .......... .......... .......... .......... 39% 11,2M 11s
 21300K .......... .......... .......... .......... .......... 39% 7,57M 11s
 21350K .......... .......... .......... .......... .......... 39% 1,73M 11s
 21400K .......... .......... .......... .......... .......... 39% 7,38M 11s
 21450K .......... .......... .......... .......... .......... 39% 10,2M 11s
 21500K .......... .......... .......... .......... .......... 39% 4,07M 11s
 21550K .......... .......... .......... .......... .......... 39% 2,45M 11s
 21600K .......... .......... .......... .......... .......... 39% 6,69M 11s
 21650K .......... .......... .......... .......... .......... 39% 2,92M 11s
 21700K .......... .......... .......... .......... .......... 39% 11,1M 11s
 21750K .......... .......... .......... .......... .......... 40% 2,27M 11s
 21800K .......... .......... .......... .......... .......... 40% 6,01M 11s
 21850K .......... .......... .......... .......... .......... 40% 3,66M 11s
 21900K .......... .......... .......... .......... .......... 40% 2,18M 11s
 21950K .......... .......... .......... .......... .......... 40% 11,0M 11s
 22000K .......... .......... .......... .......... .......... 40% 4,92M 11s
 22050K .......... .......... .......... .......... .......... 40% 3,91M 11s
 22100K .......... .......... .......... .......... .......... 40% 6,89M 11s
 22150K .......... .......... .......... .......... .......... 40% 2,84M 11s
 22200K .......... .......... .......... .......... .......... 40% 4,90M 11s
 22250K .......... .......... .......... .......... .......... 40% 3,25M 11s
 22300K .......... .......... .......... .......... .......... 41% 6,35M 11s
 22350K .......... .......... .......... .......... .......... 41% 2,01M 11s
 22400K .......... .......... .......... .......... .......... 41% 11,2M 11s
 22450K .......... .......... .......... .......... .......... 41% 3,38M 11s
 22500K .......... .......... .......... .......... .......... 41% 5,79M 11s
 22550K .......... .......... .......... .......... .......... 41% 1,63M 11s
 22600K .......... .......... .......... .......... .......... 41% 3,52M 11s
 22650K .......... .......... .......... .......... .......... 41% 11,4M 11s
 22700K .......... .......... .......... .......... .......... 41% 5,36M 11s
 22750K .......... .......... .......... .......... .......... 41% 3,63M 11s
 22800K .......... .......... .......... .......... .......... 41% 1,59M 11s
 22850K .......... .......... .......... .......... .......... 42% 11,1M 10s
 22900K .......... .......... .......... .......... .......... 42% 3,97M 10s
 22950K .......... .......... .......... .......... .......... 42% 3,67M 10s
 23000K .......... .......... .......... .......... .......... 42% 1,57M 10s
 23050K .......... .......... .......... .......... .......... 42% 5,67M 10s
 23100K .......... .......... .......... .......... .......... 42% 10,8M 10s
 23150K .......... .......... .......... .......... .......... 42% 2,70M 10s
 23200K .......... .......... .......... .......... .......... 42% 2,01M 10s
 23250K .......... .......... .......... .......... .......... 42% 3,03M 10s
 23300K .......... .......... .......... .......... .......... 42% 11,1M 10s
 23350K .......... .......... .......... .......... .......... 42% 2,47M 10s
 23400K .......... .......... .......... .......... .......... 43% 1,89M 10s
 23450K .......... .......... .......... .......... .......... 43% 2,71M 10s
 23500K .......... .......... .......... .......... .......... 43% 7,21M 10s
 23550K .......... .......... .......... .......... .......... 43% 9,96M 10s
 23600K .......... .......... .......... .......... .......... 43% 1,45M 10s
 23650K .......... .......... .......... .......... .......... 43% 4,76M 10s
 23700K .......... .......... .......... .......... .......... 43% 2,13M 10s
 23750K .......... .......... .......... .......... .......... 43% 4,06M 10s
 23800K .......... .......... .......... .......... .......... 43% 11,2M 10s
 23850K .......... .......... .......... .......... .......... 43% 1,86M 10s
 23900K .......... .......... .......... .......... .......... 43% 2,24M 10s
 23950K .......... .......... .......... .......... .......... 44% 3,69M 10s
 24000K .......... .......... .......... .......... .......... 44% 6,15M 10s
 24050K .......... .......... .......... .......... .......... 44% 1,64M 10s
 24100K .......... .......... .......... .......... .......... 44% 1,88M 10s
 24150K .......... .......... .......... .......... .......... 44% 4,06M 10s
 24200K .......... .......... .......... .......... .......... 44% 5,70M 10s
 24250K .......... .......... .......... .......... .......... 44% 1,92M 10s
 24300K .......... .......... .......... .......... .......... 44% 1,43M 10s
 24350K .......... .......... .......... .......... .......... 44% 2,50M 10s
 24400K .......... .......... .......... .......... .......... 44% 11,1M 10s
 24450K .......... .......... .......... .......... .......... 44% 3,42M 10s
 24500K .......... .......... .......... .......... .......... 45% 1,26M 10s
 24550K .......... .......... .......... .......... .......... 45% 1,93M 10s
 24600K .......... .......... .......... .......... .......... 45% 11,2M 10s
 24650K .......... .......... .......... .......... .......... 45% 3,42M 10s
 24700K .......... .......... .......... .......... .......... 45% 10,2M 10s
 24750K .......... .......... .......... .......... .......... 45%  848K 10s
 24800K .......... .......... .......... .......... .......... 45% 8,04M 10s
 24850K .......... .......... .......... .......... .......... 45% 5,50M 10s
 24900K .......... .......... .......... .......... .......... 45% 1,73M 10s
 24950K .......... .......... .......... .......... .......... 45% 10,4M 10s
 25000K .......... .......... .......... .......... .......... 45% 1,29M 10s
 25050K .......... .......... .......... .......... .......... 46% 5,39M 10s
 25100K .......... .......... .......... .......... .......... 46% 1,61M 10s
 25150K .......... .......... .......... .......... .......... 46%  954K 10s
 25200K .......... .......... .......... .......... .......... 46% 11,0M 10s
 25250K .......... .......... .......... .......... .......... 46% 11,1M 10s
 25300K .......... .......... .......... .......... .......... 46% 3,80M 10s
 25350K .......... .......... .......... .......... .......... 46% 11,5M 10s
 25400K .......... .......... .......... .......... .......... 46% 2,73M 10s
 25450K .......... .......... .......... .......... .......... 46% 4,72M 10s
 25500K .......... .......... .......... .......... .......... 46% 1,30M 10s
 25550K .......... .......... .......... .......... .......... 47% 4,70M 10s
 25600K .......... .......... .......... .......... .......... 47% 1,50M 10s
 25650K .......... .......... .......... .......... .......... 47% 10,5M 10s
 25700K .......... .......... .......... .......... .......... 47% 1,42M 10s
 25750K .......... .......... .......... .......... .......... 47% 4,29M 10s
 25800K .......... .......... .......... .......... .......... 47% 1,38M 10s
 25850K .......... .......... .......... .......... .......... 47% 1,48M 10s
 25900K .......... .......... .......... .......... .......... 47% 11,1M 10s
 25950K .......... .......... .......... .......... .......... 47% 9,95M 10s
 26000K .......... .......... .......... .......... .......... 47% 1,38M 10s
 26050K .......... .......... .......... .......... .......... 47% 1,22M 10s
 26100K .......... .......... .......... .......... .......... 48% 11,2M 10s
 26150K .......... .......... .......... .......... .......... 48% 7,96M 9s
 26200K .......... .......... .......... .......... .......... 48% 1,57M 9s
 26250K .......... .......... .......... .......... .......... 48% 1,29M 10s
 26300K .......... .......... .......... .......... .......... 48% 5,10M 9s
 26350K .......... .......... .......... .......... .......... 48% 11,2M 9s
 26400K .......... .......... .......... .......... .......... 48% 3,27M 9s
 26450K .......... .......... .......... .......... .......... 48% 11,2M 9s
 26500K .......... .......... .......... .......... .......... 48% 1,72M 9s
 26550K .......... .......... .......... .......... .......... 48% 9,02M 9s
 26600K .......... .......... .......... .......... .......... 48% 2,59M 9s
 26650K .......... .......... .......... .......... .......... 49%  286M 9s
 26700K .......... .......... .......... .......... .......... 49% 21,5M 9s
 26750K .......... .......... .......... .......... .......... 49% 2,43M 9s
 26800K .......... .......... .......... .......... .......... 49% 10,7M 9s
 26850K .......... .......... .......... .......... .......... 49% 4,89M 9s
 26900K .......... .......... .......... .......... .......... 49% 4,78M 9s
 26950K .......... .......... .......... .......... .......... 49% 3,77M 9s
 27000K .......... .......... .......... .......... .......... 49% 2,58M 9s
 27050K .......... .......... .......... .......... .......... 49% 11,1M 9s
 27100K .......... .......... .......... .......... .......... 49% 4,56M 9s
 27150K .......... .......... .......... .......... .......... 49% 5,67M 9s
 27200K .......... .......... .......... .......... .......... 50% 6,62M 9s
 27250K .......... .......... .......... .......... .......... 50% 3,00M 9s
 27300K .......... .......... .......... .......... .......... 50% 2,80M 9s
 27350K .......... .......... .......... .......... .......... 50% 3,73M 9s
 27400K .......... .......... .......... .......... .......... 50% 11,1M 9s
 27450K .......... .......... .......... .......... .......... 50% 2,68M 9s
 27500K .......... .......... .......... .......... .......... 50% 7,85M 9s
 27550K .......... .......... .......... .......... .......... 50% 2,94M 9s
 27600K .......... .......... .......... .......... .......... 50% 10,3M 9s
 27650K .......... .......... .......... .......... .......... 50% 2,69M 9s
 27700K .......... .......... .......... .......... .......... 50% 4,66M 9s
 27750K .......... .......... .......... .......... .......... 51% 11,0M 9s
 27800K .......... .......... .......... .......... .......... 51% 3,31M 9s
 27850K .......... .......... .......... .......... .......... 51% 4,44M 9s
 27900K .......... .......... .......... .......... .......... 51% 4,42M 9s
 27950K .......... .......... .......... .......... .......... 51% 4,18M 9s
 28000K .......... .......... .......... .......... .......... 51% 3,50M 9s
 28050K .......... .......... .......... .......... .......... 51% 1,36M 9s
 28100K .......... .......... .......... .......... .......... 51% 4,61M 9s
 28150K .......... .......... .......... .......... .......... 51% 10,4M 9s
 28200K .......... .......... .......... .......... .......... 51% 8,27M 9s
 28250K .......... .......... .......... .......... .......... 51% 1,50M 9s
 28300K .......... .......... .......... .......... .......... 52% 10,7M 9s
 28350K .......... .......... .......... .......... .......... 52% 11,2M 9s
 28400K .......... .......... .......... .......... .......... 52% 1,46M 9s
 28450K .......... .......... .......... .......... .......... 52% 9,64M 9s
 28500K .......... .......... .......... .......... .......... 52% 11,2M 9s
 28550K .......... .......... .......... .......... .......... 52% 9,98M 9s
 28600K .......... .......... .......... .......... .......... 52% 9,81M 8s
 28650K .......... .......... .......... .......... .......... 52% 1,78M 8s
 28700K .......... .......... .......... .......... .......... 52% 6,54M 8s
 28750K .......... .......... .......... .......... .......... 52% 6,60M 8s
 28800K .......... .......... .......... .......... .......... 52% 9,90M 8s
 28850K .......... .......... .......... .......... .......... 53% 1,90M 8s
 28900K .......... .......... .......... .......... .......... 53% 11,0M 8s
 28950K .......... .......... .......... .......... .......... 53% 10,4M 8s
 29000K .......... .......... .......... .......... .......... 53% 6,47M 8s
 29050K .......... .......... .......... .......... .......... 53% 1,78M 8s
 29100K .......... .......... .......... .......... .......... 53% 7,85M 8s
 29150K .......... .......... .......... .......... .......... 53% 11,0M 8s
 29200K .......... .......... .......... .......... .......... 53% 6,68M 8s
 29250K .......... .......... .......... .......... .......... 53% 2,11M 8s
 29300K .......... .......... .......... .......... .......... 53% 5,96M 8s
 29350K .......... .......... .......... .......... .......... 53% 11,5M 8s
 29400K .......... .......... .......... .......... .......... 54% 7,55M 8s
 29450K .......... .......... .......... .......... .......... 54% 1,78M 8s
 29500K .......... .......... .......... .......... .......... 54% 7,66M 8s
 29550K .......... .......... .......... .......... .......... 54% 7,64M 8s
 29600K .......... .......... .......... .......... .......... 54% 11,1M 8s
 29650K .......... .......... .......... .......... .......... 54% 1,71M 8s
 29700K .......... .......... .......... .......... .......... 54% 11,1M 8s
 29750K .......... .......... .......... .......... .......... 54% 8,17M 8s
 29800K .......... .......... .......... .......... .......... 54% 1,46M 8s
 29850K .......... .......... .......... .......... .......... 54% 11,2M 8s
 29900K .......... .......... .......... .......... .......... 54% 10,7M 8s
 29950K .......... .......... .......... .......... .......... 55% 7,20M 8s
 30000K .......... .......... .......... .......... .......... 55% 1,57M 8s
 30050K .......... .......... .......... .......... .......... 55% 11,2M 8s
 30100K .......... .......... .......... .......... .......... 55% 11,2M 8s
 30150K .......... .......... .......... .......... .......... 55% 9,69M 8s
 30200K .......... .......... .......... .......... .......... 55% 1,53M 8s
 30250K .......... .......... .......... .......... .......... 55% 11,5M 8s
 30300K .......... .......... .......... .......... .......... 55% 11,0M 8s
 30350K .......... .......... .......... .......... .......... 55% 7,65M 8s
 30400K .......... .......... .......... .......... .......... 55% 1,78M 8s
 30450K .......... .......... .......... .......... .......... 56% 3,04M 8s
 30500K .......... .......... .......... .......... .......... 56% 11,1M 8s
 30550K .......... .......... .......... .......... .......... 56% 11,2M 8s
 30600K .......... .......... .......... .......... .......... 56% 2,32M 8s
 30650K .......... .......... .......... .......... .......... 56% 3,55M 8s
 30700K .......... .......... .......... .......... .......... 56% 6,16M 8s
 30750K .......... .......... .......... .......... .......... 56% 11,1M 8s
 30800K .......... .......... .......... .......... .......... 56% 2,53M 8s
 30850K .......... .......... .......... .......... .......... 56% 4,26M 8s
 30900K .......... .......... .......... .......... .......... 56% 7,14M 8s
 30950K .......... .......... .......... .......... .......... 56% 2,17M 8s
 31000K .......... .......... .......... .......... .......... 57% 10,7M 8s
 31050K .......... .......... .......... .......... .......... 57% 4,35M 8s
 31100K .......... .......... .......... .......... .......... 57% 7,88M 7s
 31150K .......... .......... .......... .......... .......... 57% 2,12M 7s
 31200K .......... .......... .......... .......... .......... 57% 11,2M 7s
 31250K .......... .......... .......... .......... .......... 57% 9,04M 7s
 31300K .......... .......... .......... .......... .......... 57% 4,74M 7s
 31350K .......... .......... .......... .......... .......... 57% 7,31M 7s
 31400K .......... .......... .......... .......... .......... 57% 2,14M 7s
 31450K .......... .......... .......... .......... .......... 57% 11,2M 7s
 31500K .......... .......... .......... .......... .......... 57% 6,96M 7s
 31550K .......... .......... .......... .......... .......... 58% 4,28M 7s
 31600K .......... .......... .......... .......... .......... 58% 3,42M 7s
 31650K .......... .......... .......... .......... .......... 58% 2,75M 7s
 31700K .......... .......... .......... .......... .......... 58% 11,2M 7s
 31750K .......... .......... .......... .......... .......... 58% 9,01M 7s
 31800K .......... .......... .......... .......... .......... 58% 2,54M 7s
 31850K .......... .......... .......... .......... .......... 58% 2,97M 7s
 31900K .......... .......... .......... .......... .......... 58% 11,2M 7s
 31950K .......... .......... .......... .......... .......... 58% 6,83M 7s
 32000K .......... .......... .......... .......... .......... 58% 2,92M 7s
 32050K .......... .......... .......... .......... .......... 58% 2,60M 7s
 32100K .......... .......... .......... .......... .......... 59% 11,1M 7s
 32150K .......... .......... .......... .......... .......... 59% 11,2M 7s
 32200K .......... .......... .......... .......... .......... 59% 2,85M 7s
 32250K .......... .......... .......... .......... .......... 59% 2,30M 7s
 32300K .......... .......... .......... .......... .......... 59% 11,1M 7s
 32350K .......... .......... .......... .......... .......... 59% 3,31M 7s
 32400K .......... .......... .......... .......... .......... 59% 11,1M 7s
 32450K .......... .......... .......... .......... .......... 59% 2,46M 7s
 32500K .......... .......... .......... .......... .......... 59% 7,33M 7s
 32550K .......... .......... .......... .......... .......... 59% 3,43M 7s
 32600K .......... .......... .......... .......... .......... 59% 10,6M 7s
 32650K .......... .......... .......... .......... .......... 60% 2,48M 7s
 32700K .......... .......... .......... .......... .......... 60% 10,1M 7s
 32750K .......... .......... .......... .......... .......... 60% 8,79M 7s
 32800K .......... .......... .......... .......... .......... 60% 2,86M 7s
 32850K .......... .......... .......... .......... .......... 60% 11,1M 7s
 32900K .......... .......... .......... .......... .......... 60% 2,60M 7s
 32950K .......... .......... .......... .......... .......... 60% 7,41M 7s
 33000K .......... .......... .......... .......... .......... 60% 7,39M 7s
 33050K .......... .......... .......... .......... .......... 60% 2,61M 7s
 33100K .......... .......... .......... .......... .......... 60% 11,0M 7s
 33150K .......... .......... .......... .......... .......... 60% 3,13M 7s
 33200K .......... .......... .......... .......... .......... 61% 7,85M 7s
 33250K .......... .......... .......... .......... .......... 61% 6,49M 7s
 33300K .......... .......... .......... .......... .......... 61% 4,82M 7s
 33350K .......... .......... .......... .......... .......... 61% 4,90M 7s
 33400K .......... .......... .......... .......... .......... 61% 4,51M 7s
 33450K .......... .......... .......... .......... .......... 61% 3,01M 7s
 33500K .......... .......... .......... .......... .......... 61% 6,57M 7s
 33550K .......... .......... .......... .......... .......... 61% 11,2M 7s
 33600K .......... .......... .......... .......... .......... 61% 2,82M 7s
 33650K .......... .......... .......... .......... .......... 61% 3,36M 7s
 33700K .......... .......... .......... .......... .......... 61% 11,2M 6s
 33750K .......... .......... .......... .......... .......... 62% 9,48M 6s
 33800K .......... .......... .......... .......... .......... 62% 7,40M 6s
 33850K .......... .......... .......... .......... .......... 62% 1,60M 6s
 33900K .......... .......... .......... .......... .......... 62% 11,1M 6s
 33950K .......... .......... .......... .......... .......... 62% 8,64M 6s
 34000K .......... .......... .......... .......... .......... 62% 11,2M 6s
 34050K .......... .......... .......... .......... .......... 62% 3,37M 6s
 34100K .......... .......... .......... .......... .......... 62% 2,47M 6s
 34150K .......... .......... .......... .......... .......... 62% 7,22M 6s
 34200K .......... .......... .......... .......... .......... 62% 3,09M 6s
 34250K .......... .......... .......... .......... .......... 62% 11,5M 6s
 34300K .......... .......... .......... .......... .......... 63% 3,18M 6s
 34350K .......... .......... .......... .......... .......... 63% 7,80M 6s
 34400K .......... .......... .......... .......... .......... 63% 2,59M 6s
 34450K .......... .......... .......... .......... .......... 63% 3,35M 6s
 34500K .......... .......... .......... .......... .......... 63% 10,1M 6s
 34550K .......... .......... .......... .......... .......... 63% 7,10M 6s
 34600K .......... .......... .......... .......... .......... 63% 2,58M 6s
 34650K .......... .......... .......... .......... .......... 63% 3,13M 6s
 34700K .......... .......... .......... .......... .......... 63% 11,2M 6s
 34750K .......... .......... .......... .......... .......... 63% 8,09M 6s
 34800K .......... .......... .......... .......... .......... 63% 2,94M 6s
 34850K .......... .......... .......... .......... .......... 64% 6,85M 6s
 34900K .......... .......... .......... .......... .......... 64% 2,98M 6s
 34950K .......... .......... .......... .......... .......... 64% 11,2M 6s
 35000K .......... .......... .......... .......... .......... 64% 3,02M 6s
 35050K .......... .......... .......... .......... .......... 64% 11,2M 6s
 35100K .......... .......... .......... .......... .......... 64% 11,2M 6s
 35150K .......... .......... .......... .......... .......... 64% 4,31M 6s
 35200K .......... .......... .......... .......... .......... 64% 3,66M 6s
 35250K .......... .......... .......... .......... .......... 64% 3,11M 6s
 35300K .......... .......... .......... .......... .......... 64% 11,0M 6s
 35350K .......... .......... .......... .......... .......... 65% 7,23M 6s
 35400K .......... .......... .......... .......... .......... 65% 1,90M 6s
 35450K .......... .......... .......... .......... .......... 65% 4,27M 6s
 35500K .......... .......... .......... .......... .......... 65% 11,2M 6s
 35550K .......... .......... .......... .......... .......... 65% 9,30M 6s
 35600K .......... .......... .......... .......... .......... 65% 2,05M 6s
 35650K .......... .......... .......... .......... .......... 65% 12,1M 6s
 35700K .......... .......... .......... .......... .......... 65% 3,79M 6s
 35750K .......... .......... .......... .......... .......... 65% 10,3M 6s
 35800K .......... .......... .......... .......... .......... 65% 7,00M 6s
 35850K .......... .......... .......... .......... .......... 65% 3,94M 6s
 35900K .......... .......... .......... .......... .......... 66% 3,04M 6s
 35950K .......... .......... .......... .......... .......... 66% 6,94M 6s
 36000K .......... .......... .......... .......... .......... 66% 4,83M 6s
 36050K .......... .......... .......... .......... .......... 66% 4,57M 6s
 36100K .......... .......... .......... .......... .......... 66% 11,2M 6s
 36150K .......... .......... .......... .......... .......... 66% 2,51M 6s
 36200K .......... .......... .......... .......... .......... 66% 4,74M 6s
 36250K .......... .......... .......... .......... .......... 66% 3,91M 6s
 36300K .......... .......... .......... .......... .......... 66% 5,71M 6s
 36350K .......... .......... .......... .......... .......... 66% 11,0M 6s
 36400K .......... .......... .......... .......... .......... 66% 3,15M 6s
 36450K .......... .......... .......... .......... .......... 67% 2,63M 5s
 36500K .......... .......... .......... .......... .......... 67% 7,15M 5s
 36550K .......... .......... .......... .......... .......... 67% 10,4M 5s
 36600K .......... .......... .......... .......... .......... 67% 7,58M 5s
 36650K .......... .......... .......... .......... .......... 67% 3,30M 5s
 36700K .......... .......... .......... .......... .......... 67% 3,19M 5s
 36750K .......... .......... .......... .......... .......... 67% 7,88M 5s
 36800K .......... .......... .......... .......... .......... 67% 10,6M 5s
 36850K .......... .......... .......... .......... .......... 67% 7,16M 5s
 36900K .......... .......... .......... .......... .......... 67% 2,06M 5s
 36950K .......... .......... .......... .......... .......... 67% 3,77M 5s
 37000K .......... .......... .......... .......... .......... 68% 11,2M 5s
 37050K .......... .......... .......... .......... .......... 68% 10,1M 5s
 37100K .......... .......... .......... .......... .......... 68% 8,78M 5s
 37150K .......... .......... .......... .......... .......... 68% 1,68M 5s
 37200K .......... .......... .......... .......... .......... 68% 6,99M 5s
 37250K .......... .......... .......... .......... .......... 68% 11,2M 5s
 37300K .......... .......... .......... .......... .......... 68% 9,65M 5s
 37350K .......... .......... .......... .......... .......... 68% 2,64M 5s
 37400K .......... .......... .......... .......... .......... 68% 2,97M 5s
 37450K .......... .......... .......... .......... .......... 68% 5,38M 5s
 37500K .......... .......... .......... .......... .......... 68% 24,8M 5s
 37550K .......... .......... .......... .......... .......... 69% 2,51M 5s
 37600K .......... .......... .......... .......... .......... 69% 5,95M 5s
 37650K .......... .......... .......... .......... .......... 69% 3,39M 5s
 37700K .......... .......... .......... .......... .......... 69% 2,84M 5s
 37750K .......... .......... .......... .......... .......... 69% 11,1M 5s
 37800K .......... .......... .......... .......... .......... 69% 7,36M 5s
 37850K .......... .......... .......... .......... .......... 69% 6,50M 5s
 37900K .......... .......... .......... .......... .......... 69% 3,07M 5s
 37950K .......... .......... .......... .......... .......... 69% 19,3M 5s
 38000K .......... .......... .......... .......... .......... 69% 2,12M 5s
 38050K .......... .......... .......... .......... .......... 69% 10,9M 5s
 38100K .......... .......... .......... .......... .......... 70% 6,72M 5s
 38150K .......... .......... .......... .......... .......... 70% 2,25M 5s
 38200K .......... .......... .......... .......... .......... 70% 11,2M 5s
 38250K .......... .......... .......... .......... .......... 70% 4,05M 5s
 38300K .......... .......... .......... .......... .......... 70% 7,37M 5s
 38350K .......... .......... .......... .......... .......... 70% 5,62M 5s
 38400K .......... .......... .......... .......... .......... 70% 2,26M 5s
 38450K .......... .......... .......... .......... .......... 70% 11,2M 5s
 38500K .......... .......... .......... .......... .......... 70% 4,71M 5s
 38550K .......... .......... .......... .......... .......... 70% 4,60M 5s
 38600K .......... .......... .......... .......... .......... 70% 4,57M 5s
 38650K .......... .......... .......... .......... .......... 71% 11,0M 5s
 38700K .......... .......... .......... .......... .......... 71% 2,56M 5s
 38750K .......... .......... .......... .......... .......... 71% 4,73M 5s
 38800K .......... .......... .......... .......... .......... 71% 4,35M 5s
 38850K .......... .......... .......... .......... .......... 71% 7,77M 5s
 38900K .......... .......... .......... .......... .......... 71% 10,8M 5s
 38950K .......... .......... .......... .......... .......... 71% 2,57M 5s
 39000K .......... .......... .......... .......... .......... 71% 3,28M 5s
 39050K .......... .......... .......... .......... .......... 71% 7,12M 5s
 39100K .......... .......... .......... .......... .......... 71% 11,5M 5s
 39150K .......... .......... .......... .......... .......... 71% 3,97M 5s
 39200K .......... .......... .......... .......... .......... 72% 2,37M 5s
 39250K .......... .......... .......... .......... .......... 72% 11,0M 5s
 39300K .......... .......... .......... .......... .......... 72% 3,08M 5s
 39350K .......... .......... .......... .......... .......... 72% 11,0M 4s
 39400K .......... .......... .......... .......... .......... 72% 7,26M 4s
 39450K .......... .......... .......... .......... .......... 72% 3,08M 4s
 39500K .......... .......... .......... .......... .......... 72% 8,47M 4s
 39550K .......... .......... .......... .......... .......... 72% 3,06M 4s
 39600K .......... .......... .......... .......... .......... 72% 11,2M 4s
 39650K .......... .......... .......... .......... .......... 72% 5,78M 4s
 39700K .......... .......... .......... .......... .......... 72% 3,36M 4s
 39750K .......... .......... .......... .......... .......... 73% 4,57M 4s
 39800K .......... .......... .......... .......... .......... 73% 6,20M 4s
 39850K .......... .......... .......... .......... .......... 73% 4,61M 4s
 39900K .......... .......... .......... .......... .......... 73% 6,29M 4s
 39950K .......... .......... .......... .......... .......... 73% 2,68M 4s
 40000K .......... .......... .......... .......... .......... 73% 7,18M 4s
 40050K .......... .......... .......... .......... .......... 73% 11,2M 4s
 40100K .......... .......... .......... .......... .......... 73% 4,31M 4s
 40150K .......... .......... .......... .......... .......... 73% 4,73M 4s
 40200K .......... .......... .......... .......... .......... 73% 2,52M 4s
 40250K .......... .......... .......... .......... .......... 74% 4,80M 4s
 40300K .......... .......... .......... .......... .......... 74% 11,1M 4s
 40350K .......... .......... .......... .......... .......... 74% 6,66M 4s
 40400K .......... .......... .......... .......... .......... 74% 3,44M 4s
 40450K .......... .......... .......... .......... .......... 74% 3,00M 4s
 40500K .......... .......... .......... .......... .......... 74% 11,2M 4s
 40550K .......... .......... .......... .......... .......... 74% 5,39M 4s
 40600K .......... .......... .......... .......... .......... 74% 3,03M 4s
 40650K .......... .......... .......... .......... .......... 74% 8,46M 4s
 40700K .......... .......... .......... .......... .......... 74% 3,21M 4s
 40750K .......... .......... .......... .......... .......... 74% 11,0M 4s
 40800K .......... .......... .......... .......... .......... 75% 3,66M 4s
 40850K .......... .......... .......... .......... .......... 75% 4,74M 4s
 40900K .......... .......... .......... .......... .......... 75% 11,4M 4s
 40950K .......... .......... .......... .......... .......... 75% 1,98M 4s
 41000K .......... .......... .......... .......... .......... 75% 10,5M 4s
 41050K .......... .......... .......... .......... .......... 75% 6,48M 4s
 41100K .......... .......... .......... .......... .......... 75% 4,39M 4s
 41150K .......... .......... .......... .......... .......... 75% 4,25M 4s
 41200K .......... .......... .......... .......... .......... 75% 5,92M 4s
 41250K .......... .......... .......... .......... .......... 75%  739K 4s
 41300K .......... .......... .......... .......... .......... 75% 7,62M 4s
 41350K .......... .......... .......... .......... .......... 76% 6,92M 4s
 41400K .......... .......... .......... .......... .......... 76% 7,93M 4s
 41450K .......... .......... .......... .......... .......... 76%  478K 4s
 41500K .......... .......... .......... .......... .......... 76% 66,2M 4s
 41550K .......... .......... .......... .......... .......... 76%  281M 4s
 41600K .......... .......... .......... .......... .......... 76%  309M 4s
 41650K .......... .......... .......... .......... .......... 76%  332M 4s
 41700K .......... .......... .......... .......... .......... 76%  220M 4s
 41750K .......... .......... .......... .......... .......... 76% 2,35M 4s
 41800K .......... .......... .......... .......... .......... 76% 4,08M 4s
 41850K .......... .......... .......... .......... .......... 76% 3,73M 4s
 41900K .......... .......... .......... .......... .......... 77%  955K 4s
 41950K .......... .......... .......... .......... .......... 77%  684K 4s
 42000K .......... .......... .......... .......... .......... 77%  577K 4s
 42050K .......... .......... .......... .......... .......... 77% 1,07M 4s
 42100K .......... .......... .......... .......... .......... 77% 1,04M 4s
 42150K .......... .......... .......... .......... .......... 77%  606K 4s
 42200K .......... .......... .......... .......... .......... 77% 1008K 4s
 42250K .......... .......... .......... .......... .......... 77%  797K 4s
 42300K .......... .......... .......... .......... .......... 77% 1,12M 4s
 42350K .......... .......... .......... .......... .......... 77%  943K 4s
 42400K .......... .......... .......... .......... .......... 77% 1,09M 4s
 42450K .......... .......... .......... .......... .......... 78% 1,10M 4s
 42500K .......... .......... .......... .......... .......... 78% 5,21M 4s
 42550K .......... .......... .......... .......... .......... 78% 1,04M 4s
 42600K .......... .......... .......... .......... .......... 78% 1,29M 4s
 42650K .......... .......... .......... .......... .......... 78% 1,12M 4s
 42700K .......... .......... .......... .......... .......... 78% 1,18M 4s
 42750K .......... .......... .......... .......... .......... 78% 2,88M 4s
 42800K .......... .......... .......... .......... .......... 78% 1,24M 4s
 42850K .......... .......... .......... .......... .......... 78% 5,26M 4s
 42900K .......... .......... .......... .......... .......... 78% 1,36M 4s
 42950K .......... .......... .......... .......... .......... 78% 1,28M 4s
 43000K .......... .......... .......... .......... .......... 79% 2,56M 4s
 43050K .......... .......... .......... .......... .......... 79% 1,91M 4s
 43100K .......... .......... .......... .......... .......... 79% 2,65M 4s
 43150K .......... .......... .......... .......... .......... 79% 1,57M 4s
 43200K .......... .......... .......... .......... .......... 79% 2,80M 4s
 43250K .......... .......... .......... .......... .......... 79% 1,70M 3s
 43300K .......... .......... .......... .......... .......... 79% 3,72M 3s
 43350K .......... .......... .......... .......... .......... 79% 1,71M 3s
 43400K .......... .......... .......... .......... .......... 79% 2,67M 3s
 43450K .......... .......... .......... .......... .......... 79% 1,75M 3s
 43500K .......... .......... .......... .......... .......... 79% 2,62M 3s
 43550K .......... .......... .......... .......... .......... 80% 2,03M 3s
 43600K .......... .......... .......... .......... .......... 80% 2,05M 3s
 43650K .......... .......... .......... .......... .......... 80% 6,97M 3s
 43700K .......... .......... .......... .......... .......... 80% 1,35M 3s
 43750K .......... .......... .......... .......... .......... 80% 8,95M 3s
 43800K .......... .......... .......... .......... .......... 80% 2,93M 3s
 43850K .......... .......... .......... .......... .......... 80% 2,09M 3s
 43900K .......... .......... .......... .......... .......... 80% 4,33M 3s
 43950K .......... .......... .......... .......... .......... 80% 1,73M 3s
 44000K .......... .......... .......... .......... .......... 80% 5,22M 3s
 44050K .......... .......... .......... .......... .......... 80% 3,96M 3s
 44100K .......... .......... .......... .......... .......... 81% 1,73M 3s
 44150K .......... .......... .......... .......... .......... 81% 5,10M 3s
 44200K .......... .......... .......... .......... .......... 81% 4,06M 3s
 44250K .......... .......... .......... .......... .......... 81% 2,02M 3s
 44300K .......... .......... .......... .......... .......... 81% 2,39M 3s
 44350K .......... .......... .......... .......... .......... 81% 11,2M 3s
 44400K .......... .......... .......... .......... .......... 81% 2,27M 3s
 44450K .......... .......... .......... .......... .......... 81% 2,82M 3s
 44500K .......... .......... .......... .......... .......... 81% 4,47M 3s
 44550K .......... .......... .......... .......... .......... 81% 2,74M 3s
 44600K .......... .......... .......... .......... .......... 81% 3,22M 3s
 44650K .......... .......... .......... .......... .......... 82% 1,02M 3s
 44700K .......... .......... .......... .......... .......... 82%  243M 3s
 44750K .......... .......... .......... .......... .......... 82%  283M 3s
 44800K .......... .......... .......... .......... .......... 82% 6,17M 3s
 44850K .......... .......... .......... .......... .......... 82% 1,50M 3s
 44900K .......... .......... .......... .......... .......... 82% 4,78M 3s
 44950K .......... .......... .......... .......... .......... 82%  695K 3s
 45000K .......... .......... .......... .......... .......... 82%  570K 3s
 45050K .......... .......... .......... .......... .......... 82% 1,07M 3s
 45100K .......... .......... .......... .......... .......... 82% 1,07M 3s
 45150K .......... .......... .......... .......... .......... 82% 1,08M 3s
 45200K .......... .......... .......... .......... .......... 83% 1,12M 3s
 45250K .......... .......... .......... .......... .......... 83% 1,11M 3s
 45300K .......... .......... .......... .......... .......... 83% 1,07M 3s
 45350K .......... .......... .......... .......... .......... 83% 1,16M 3s
 45400K .......... .......... .......... .......... .......... 83%  949K 3s
 45450K .......... .......... .......... .......... .......... 83% 1,35M 3s
 45500K .......... .......... .......... .......... .......... 83% 4,86M 3s
 45550K .......... .......... .......... .......... .......... 83% 1,21M 3s
 45600K .......... .......... .......... .......... .......... 83% 1,11M 3s
 45650K .......... .......... .......... .......... .......... 83% 10,7M 3s
 45700K .......... .......... .......... .......... .......... 84% 1,06M 3s
 45750K .......... .......... .......... .......... .......... 84% 2,01M 3s
 45800K .......... .......... .......... .......... .......... 84% 1,13M 3s
 45850K .......... .......... .......... .......... .......... 84% 2,20M 3s
 45900K .......... .......... .......... .......... .......... 84% 1,92M 3s
 45950K .......... .......... .......... .......... .......... 84% 1,09M 3s
 46000K .......... .......... .......... .......... .......... 84% 2,25M 3s
 46050K .......... .......... .......... .......... .......... 84% 1,14M 3s
 46100K .......... .......... .......... .......... .......... 84% 2,05M 3s
 46150K .......... .......... .......... .......... .......... 84% 2,29M 3s
 46200K .......... .......... .......... .......... .......... 84% 1,84M 3s
 46250K .......... .......... .......... .......... .......... 85% 2,63M 3s
 46300K .......... .......... .......... .......... .......... 85% 1,82M 3s
 46350K .......... .......... .......... .......... .......... 85% 2,83M 3s
 46400K .......... .......... .......... .......... .......... 85% 1,68M 3s
 46450K .......... .......... .......... .......... .......... 85% 6,65M 3s
 46500K .......... .......... .......... .......... .......... 85% 1,24M 3s
 46550K .......... .......... .......... .......... .......... 85% 11,1M 3s
 46600K .......... .......... .......... .......... .......... 85% 1,16M 3s
 46650K .......... .......... .......... .......... .......... 85% 10,6M 3s
 46700K .......... .......... .......... .......... .......... 85% 1,22M 3s
 46750K .......... .......... .......... .......... .......... 85% 11,2M 3s
 46800K .......... .......... .......... .......... .......... 86% 10,8M 2s
 46850K .......... .......... .......... .......... .......... 86% 1,10M 2s
 46900K .......... .......... .......... .......... .......... 86% 8,83M 2s
 46950K .......... .......... .......... .......... .......... 86% 1,23M 2s
 47000K .......... .......... .......... .......... .......... 86% 10,8M 2s
 47050K .......... .......... .......... .......... .......... 86% 1,22M 2s
 47100K .......... .......... .......... .......... .......... 86% 11,0M 2s
 47150K .......... .......... .......... .......... .......... 86% 9,15M 2s
 47200K .......... .......... .......... .......... .......... 86% 1,26M 2s
 47250K .......... .......... .......... .......... .......... 86% 11,1M 2s
 47300K .......... .......... .......... .......... .......... 86% 1,27M 2s
 47350K .......... .......... .......... .......... .......... 87% 7,01M 2s
 47400K .......... .......... .......... .......... .......... 87% 4,82M 2s
 47450K .......... .......... .......... .......... .......... 87% 1,35M 2s
 47500K .......... .......... .......... .......... .......... 87% 8,25M 2s
 47550K .......... .......... .......... .......... .......... 87% 5,73M 2s
 47600K .......... .......... .......... .......... .......... 87% 1,51M 2s
 47650K .......... .......... .......... .......... .......... 87% 4,95M 2s
 47700K .......... .......... .......... .......... .......... 87% 1,74M 2s
 47750K .......... .......... .......... .......... .......... 87% 5,09M 2s
 47800K .......... .......... .......... .......... .......... 87% 7,10M 2s
 47850K .......... .......... .......... .......... .......... 87% 1,25M 2s
 47900K .......... .......... .......... .......... .......... 88% 7,70M 2s
 47950K .......... .......... .......... .......... .......... 88% 2,07M 2s
 48000K .......... .......... .......... .......... .......... 88% 2,78M 2s
 48050K .......... .......... .......... .......... .......... 88% 5,84M 2s
 48100K .......... .......... .......... .......... .......... 88% 1,79M 2s
 48150K .......... .......... .......... .......... .......... 88% 4,30M 2s
 48200K .......... .......... .......... .......... .......... 88% 1,90M 2s
 48250K .......... .......... .......... .......... .......... 88% 2,63M 2s
 48300K .......... .......... .......... .......... .......... 88% 4,19M 2s
 48350K .......... .......... .......... .......... .......... 88% 1,51M 2s
 48400K .......... .......... .......... .......... .......... 88% 11,2M 2s
 48450K .......... .......... .......... .......... .......... 89% 2,24M 2s
 48500K .......... .......... .......... .......... .......... 89% 2,18M 2s
 48550K .......... .......... .......... .......... .......... 89% 4,86M 2s
 48600K .......... .......... .......... .......... .......... 89% 1,61M 2s
 48650K .......... .......... .......... .......... .......... 89% 8,31M 2s
 48700K .......... .......... .......... .......... .......... 89% 2,58M 2s
 48750K .......... .......... .......... .......... .......... 89% 2,54M 2s
 48800K .......... .......... .......... .......... .......... 89% 3,32M 2s
 48850K .......... .......... .......... .......... .......... 89% 1,44M 2s
 48900K .......... .......... .......... .......... .......... 89% 11,5M 2s
 48950K .......... .......... .......... .......... .......... 89% 6,13M 2s
 49000K .......... .......... .......... .......... .......... 90% 1,45M 2s
 49050K .......... .......... .......... .......... .......... 90% 4,44M 2s
 49100K .......... .......... .......... .......... .......... 90% 4,01M 2s
 49150K .......... .......... .......... .......... .......... 90% 1,96M 2s
 49200K .......... .......... .......... .......... .......... 90% 4,40M 2s
 49250K .......... .......... .......... .......... .......... 90% 1,87M 2s
 49300K .......... .......... .......... .......... .......... 90% 3,34M 2s
 49350K .......... .......... .......... .......... .......... 90% 4,68M 2s
 49400K .......... .......... .......... .......... .......... 90% 2,16M 2s
 49450K .......... .......... .......... .......... .......... 90% 3,28M 2s
 49500K .......... .......... .......... .......... .......... 90% 1,78M 2s
 49550K .......... .......... .......... .......... .......... 91% 2,64M 2s
 49600K .......... .......... .......... .......... .......... 91% 11,2M 2s
 49650K .......... .......... .......... .......... .......... 91% 2,01M 2s
 49700K .......... .......... .......... .......... .......... 91% 1,72M 2s
 49750K .......... .......... .......... .......... .......... 91% 3,23M 2s
 49800K .......... .......... .......... .......... .......... 91% 11,4M 2s
 49850K .......... .......... .......... .......... .......... 91% 1,75M 2s
 49900K .......... .......... .......... .......... .......... 91% 3,50M 1s
 49950K .......... .......... .......... .......... .......... 91% 2,04M 1s
 50000K .......... .......... .......... .......... .......... 91% 2,43M 1s
 50050K .......... .......... .......... .......... .......... 91% 11,1M 1s
 50100K .......... .......... .......... .......... .......... 92% 1,82M 1s
 50150K .......... .......... .......... .......... .......... 92% 2,96M 1s
 50200K .......... .......... .......... .......... .......... 92% 1,69M 1s
 50250K .......... .......... .......... .......... .......... 92% 3,03M 1s
 50300K .......... .......... .......... .......... .......... 92% 10,2M 1s
 50350K .......... .......... .......... .......... .......... 92% 1,98M 1s
 50400K .......... .......... .......... .......... .......... 92% 2,85M 1s
 50450K .......... .......... .......... .......... .......... 92% 4,50M 1s
 50500K .......... .......... .......... .......... .......... 92% 2,03M 1s
 50550K .......... .......... .......... .......... .......... 92% 3,12M 1s
 50600K .......... .......... .......... .......... .......... 93% 6,08M 1s
 50650K .......... .......... .......... .......... .......... 93% 1,48M 1s
 50700K .......... .......... .......... .......... .......... 93% 4,69M 1s
 50750K .......... .......... .......... .......... .......... 93% 11,1M 1s
 50800K .......... .......... .......... .......... .......... 93% 1,51M 1s
 50850K .......... .......... .......... .......... .......... 93% 4,31M 1s
 50900K .......... .......... .......... .......... .......... 93% 1,74M 1s
 50950K .......... .......... .......... .......... .......... 93% 3,62M 1s
 51000K .......... .......... .......... .......... .......... 93% 9,63M 1s
 51050K .......... .......... .......... .......... .......... 93% 1,43M 1s
 51100K .......... .......... .......... .......... .......... 93% 4,36M 1s
 51150K .......... .......... .......... .......... .......... 94% 1,58M 1s
 51200K .......... .......... .......... .......... .......... 94% 11,1M 1s
 51250K .......... .......... .......... .......... .......... 94% 4,07M 1s
 51300K .......... .......... .......... .......... .......... 94% 1,54M 1s
 51350K .......... .......... .......... .......... .......... 94% 4,55M 1s
 51400K .......... .......... .......... .......... .......... 94% 1,55M 1s
 51450K .......... .......... .......... .......... .......... 94% 11,2M 1s
 51500K .......... .......... .......... .......... .......... 94% 4,32M 1s
 51550K .......... .......... .......... .......... .......... 94% 1,56M 1s
 51600K .......... .......... .......... .......... .......... 94% 5,08M 1s
 51650K .......... .......... .......... .......... .......... 94% 11,1M 1s
 51700K .......... .......... .......... .......... .......... 95% 1,62M 1s
 51750K .......... .......... .......... .......... .......... 95% 4,55M 1s
 51800K .......... .......... .......... .......... .......... 95% 1,31M 1s
 51850K .......... .......... .......... .......... .......... 95% 5,85M 1s
 51900K .......... .......... .......... .......... .......... 95% 11,2M 1s
 51950K .......... .......... .......... .......... .......... 95% 1,39M 1s
 52000K .......... .......... .......... .......... .......... 95% 6,10M 1s
 52050K .......... .......... .......... .......... .......... 95% 1,19M 1s
 52100K .......... .......... .......... .......... .......... 95% 11,1M 1s
 52150K .......... .......... .......... .......... .......... 95% 11,2M 1s
 52200K .......... .......... .......... .......... .......... 95% 1,26M 1s
 52250K .......... .......... .......... .......... .......... 96% 7,59M 1s
 52300K .......... .......... .......... .......... .......... 96% 1,36M 1s
 52350K .......... .......... .......... .......... .......... 96% 11,2M 1s
 52400K .......... .......... .......... .......... .......... 96% 4,76M 1s
 52450K .......... .......... .......... .......... .......... 96% 1,52M 1s
 52500K .......... .......... .......... .......... .......... 96% 4,59M 1s
 52550K .......... .......... .......... .......... .......... 96% 1,56M 1s
 52600K .......... .......... .......... .......... .......... 96% 8,22M 1s
 52650K .......... .......... .......... .......... .......... 96% 5,46M 1s
 52700K .......... .......... .......... .......... .......... 96% 1,30M 1s
 52750K .......... .......... .......... .......... .......... 96% 5,26M 1s
 52800K .......... .......... .......... .......... .......... 97% 1,50M 1s
 52850K .......... .......... .......... .......... .......... 97% 9,93M 1s
 52900K .......... .......... .......... .......... .......... 97% 4,30M 1s
 52950K .......... .......... .......... .......... .......... 97% 1,57M 0s
 53000K .......... .......... .......... .......... .......... 97% 7,25M 0s
 53050K .......... .......... .......... .......... .......... 97% 4,18M 0s
 53100K .......... .......... .......... .......... .......... 97% 1,67M 0s
 53150K .......... .......... .......... .......... .......... 97% 9,62M 0s
 53200K .......... .......... .......... .......... .......... 97% 1,32M 0s
 53250K .......... .......... .......... .......... .......... 97% 4,73M 0s
 53300K .......... .......... .......... .......... .......... 97% 10,8M 0s
 53350K .......... .......... .......... .......... .......... 98% 1,41M 0s
 53400K .......... .......... .......... .......... .......... 98% 4,38M 0s
 53450K .......... .......... .......... .......... .......... 98% 1,58M 0s
 53500K .......... .......... .......... .......... .......... 98% 4,64M 0s
 53550K .......... .......... .......... .......... .......... 98% 10,4M 0s
 53600K .......... .......... .......... .......... .......... 98% 1,56M 0s
 53650K .......... .......... .......... .......... .......... 98% 4,74M 0s
 53700K .......... .......... .......... .......... .......... 98% 1,59M 0s
 53750K .......... .......... .......... .......... .......... 98% 6,80M 0s
 53800K .......... .......... .......... .......... .......... 98% 4,29M 0s
 53850K .......... .......... .......... .......... .......... 98% 1,79M 0s
 53900K .......... .......... .......... .......... .......... 99% 2,64M 0s
 53950K .......... .......... .......... .......... .......... 99% 25,1M 0s
 54000K .......... .......... .......... .......... .......... 99% 1,73M 0s
 54050K .......... .......... .......... .......... .......... 99% 3,40M 0s
 54100K .......... .......... .......... .......... .......... 99% 1,67M 0s
 54150K .......... .......... .......... .......... .......... 99% 7,88M 0s
 54200K .......... .......... .......... .......... .......... 99% 1,34M 0s
 54250K .......... .......... .......... .......... .......... 99% 11,5M 0s
 54300K .......... .......... .......... .......... .......... 99% 5,91M 0s
 54350K .......... .......... .......... .......... .......... 99% 1,34M 0s
 54400K .......... .......... .......... .......... .......... 99% 11,2M 0s
 54450K ........                                              100% 6,54M=18s

2014-11-20 15:47:19 (2,94 MB/s) - ‘/home/pedja/workspace/Boost-for-Android/boost_1_53_0.tar.bz2’ saved [55765258/55765258]

Applying boost-1_53_0.patch into /home/pedja/workspace/Boost-for-Android/boost_1_53_0/.
ERROR: Failed to build boost for android!
Done!
