##### NEW COMMAND
/usr/bin/wget -O /home/pedja/workspace/Boost-for-Android/boost_1_54_0.tar.bz2 http://downloads.sourceforge.net/project/boost/boost/1.54.0/boost_1_54_0.tar.bz2?r=http%3A%2F%2Fsourceforge.net%2Fprojects%2Fboost%2Ffiles%2Fboost%2F1.54.0%2F&ts=1291326673&use_mirror=garr
--2014-11-21 08:26:10--  http://downloads.sourceforge.net/project/boost/boost/1.54.0/boost_1_54_0.tar.bz2?r=http%3A%2F%2Fsourceforge.net%2Fprojects%2Fboost%2Ffiles%2Fboost%2F1.54.0%2F&ts=1291326673&use_mirror=garr
Resolving downloads.sourceforge.net (downloads.sourceforge.net)... 216.34.181.59
Connecting to downloads.sourceforge.net (downloads.sourceforge.net)|216.34.181.59|:80... connected.
HTTP request sent, awaiting response... 302 Found
Location: http://heanet.dl.sourceforge.net/project/boost/boost/1.54.0/boost_1_54_0.tar.bz2 [following]
--2014-11-21 08:26:10--  http://heanet.dl.sourceforge.net/project/boost/boost/1.54.0/boost_1_54_0.tar.bz2
Resolving heanet.dl.sourceforge.net (heanet.dl.sourceforge.net)... 193.1.193.66, 2001:770:18:aa40::c101:c142
Connecting to heanet.dl.sourceforge.net (heanet.dl.sourceforge.net)|193.1.193.66|:80... connected.
HTTP request sent, awaiting response... 200 OK
Length: 57873778 (55M) [application/octet-stream]
Saving to: ‘/home/pedja/workspace/Boost-for-Android/boost_1_54_0.tar.bz2’

     0K .......... .......... .......... .......... ..........  0%  182K 5m11s
    50K .......... .......... .......... .......... ..........  0%  410K 3m44s
   100K .......... .......... .......... .......... ..........  0%  407K 3m15s
   150K .......... .......... .......... .......... ..........  0%  806K 2m44s
   200K .......... .......... .......... .......... ..........  0%  811K 2m25s
   250K .......... .......... .......... .......... ..........  0%  842K 2m12s
   300K .......... .......... .......... .......... ..........  0%  554K 2m7s
   350K .......... .......... .......... .......... ..........  0% 1,65M 1m55s
   400K .......... .......... .......... .......... ..........  0%  848K 1m50s
   450K .......... .......... .......... .......... ..........  0% 1,40M 1m43s
   500K .......... .......... .......... .......... ..........  0%  850K 99s
   550K .......... .......... .......... .......... ..........  1% 1,58M 94s
   600K .......... .......... .......... .......... ..........  1%  876K 91s
   650K .......... .......... .......... .......... ..........  1%  890K 89s
   700K .......... .......... .......... .......... ..........  1% 1,48M 86s
   750K .......... .......... .......... .......... ..........  1% 1,67M 82s
   800K .......... .......... .......... .......... ..........  1% 1,57M 79s
   850K .......... .......... .......... .......... ..........  1% 1,65M 77s
   900K .......... .......... .......... .......... ..........  1%  910K 76s
   950K .......... .......... .......... .......... ..........  1% 6,48M 72s
  1000K .......... .......... .......... .......... ..........  1% 1004K 72s
  1050K .......... .......... .......... .......... ..........  1% 4,35M 69s
  1100K .......... .......... .......... .......... ..........  2% 1,04M 68s
  1150K .......... .......... .......... .......... ..........  2% 4,32M 66s
  1200K .......... .......... .......... .......... ..........  2% 1010K 65s
  1250K .......... .......... .......... .......... ..........  2% 3,89M 63s
  1300K .......... .......... .......... .......... ..........  2% 1,02M 63s
  1350K .......... .......... .......... .......... ..........  2%  913K 63s
  1400K .......... .......... .......... .......... ..........  2% 11,2M 61s
  1450K .......... .......... .......... .......... ..........  2% 6,87M 59s
  1500K .......... .......... .......... .......... ..........  2%  887K 59s
  1550K .......... .......... .......... .......... ..........  2% 1,09M 58s
  1600K .......... .......... .......... .......... ..........  2% 5,45M 57s
  1650K .......... .......... .......... .......... ..........  3%  985K 57s
  1700K .......... .......... .......... .......... ..........  3% 7,56M 55s
  1750K .......... .......... .......... .......... ..........  3%  984K 55s
  1800K .......... .......... .......... .......... ..........  3% 3,13M 54s
  1850K .......... .......... .......... .......... ..........  3% 1,09M 54s
  1900K .......... .......... .......... .......... ..........  3% 6,49M 53s
  1950K .......... .......... .......... .......... ..........  3%  948K 53s
  2000K .......... .......... .......... .......... ..........  3% 3,52M 52s
  2050K .......... .......... .......... .......... ..........  3% 1,03M 52s
  2100K .......... .......... .......... .......... ..........  3% 5,30M 51s
  2150K .......... .......... .......... .......... ..........  3% 1,06M 51s
  2200K .......... .......... .......... .......... ..........  3% 3,13M 50s
  2250K .......... .......... .......... .......... ..........  4% 1,09M 50s
  2300K .......... .......... .......... .......... ..........  4% 3,27M 49s
  2350K .......... .......... .......... .......... ..........  4% 1,16M 49s
  2400K .......... .......... .......... .......... ..........  4%  928K 49s
  2450K .......... .......... .......... .......... ..........  4% 8,89M 48s
  2500K .......... .......... .......... .......... ..........  4% 1,10M 48s
  2550K .......... .......... .......... .......... ..........  4% 3,23M 48s
  2600K .......... .......... .......... .......... ..........  4% 9,66M 47s
  2650K .......... .......... .......... .......... ..........  4%  900K 47s
  2700K .......... .......... .......... .......... ..........  4% 1,18M 47s
  2750K .......... .......... .......... .......... ..........  4% 2,53M 46s
  2800K .......... .......... .......... .......... ..........  5% 1,27M 46s
  2850K .......... .......... .......... .......... ..........  5% 3,10M 46s
  2900K .......... .......... .......... .......... ..........  5% 1,09M 46s
  2950K .......... .......... .......... .......... ..........  5% 3,07M 45s
  3000K .......... .......... .......... .......... ..........  5% 1,12M 45s
  3050K .......... .......... .......... .......... ..........  5% 3,34M 45s
  3100K .......... .......... .......... .......... ..........  5% 1,03M 45s
  3150K .......... .......... .......... .......... ..........  5% 3,29M 44s
  3200K .......... .......... .......... .......... ..........  5%  921K 44s
  3250K .......... .......... .......... .......... ..........  5% 11,1M 44s
  3300K .......... .......... .......... .......... ..........  5% 1,14M 44s
  3350K .......... .......... .......... .......... ..........  6% 2,45M 43s
  3400K .......... .......... .......... .......... ..........  6% 1,23M 43s
  3450K .......... .......... .......... .......... ..........  6%  935K 43s
  3500K .......... .......... .......... .......... ..........  6% 11,2M 43s
  3550K .......... .......... .......... .......... ..........  6% 2,21M 42s
  3600K .......... .......... .......... .......... ..........  6% 1,33M 42s
  3650K .......... .......... .......... .......... ..........  6% 1,99M 42s
  3700K .......... .......... .......... .......... ..........  6% 1,54M 42s
  3750K .......... .......... .......... .......... ..........  6% 1,87M 42s
  3800K .......... .......... .......... .......... ..........  6% 1,58M 42s
  3850K .......... .......... .......... .......... ..........  6% 1,61M 41s
  3900K .......... .......... .......... .......... ..........  6% 1,62M 41s
  3950K .......... .......... .......... .......... ..........  7% 1,76M 41s
  4000K .......... .......... .......... .......... ..........  7% 1,71M 41s
  4050K .......... .......... .......... .......... ..........  7% 1,60M 41s
  4100K .......... .......... .......... .......... ..........  7% 1,70M 41s
  4150K .......... .......... .......... .......... ..........  7% 1,47M 40s
  4200K .......... .......... .......... .......... ..........  7% 11,2M 40s
  4250K .......... .......... .......... .......... ..........  7% 1,87M 40s
  4300K .......... .......... .......... .......... ..........  7% 1,48M 40s
  4350K .......... .......... .......... .......... ..........  7%  944K 40s
  4400K .......... .......... .......... .......... ..........  7% 11,5M 39s
  4450K .......... .......... .......... .......... ..........  7% 1,72M 39s
  4500K .......... .......... .......... .......... ..........  8% 1,56M 39s
  4550K .......... .......... .......... .......... ..........  8% 1,59M 39s
  4600K .......... .......... .......... .......... ..........  8% 1,53M 39s
  4650K .......... .......... .......... .......... ..........  8% 2,26M 39s
  4700K .......... .......... .......... .......... ..........  8% 1,59M 39s
  4750K .......... .......... .......... .......... ..........  8% 1,62M 39s
  4800K .......... .......... .......... .......... ..........  8% 1,63M 38s
  4850K .......... .......... .......... .......... ..........  8% 1,82M 38s
  4900K .......... .......... .......... .......... ..........  8% 1,64M 38s
  4950K .......... .......... .......... .......... ..........  8% 6,61M 38s
  5000K .......... .......... .......... .......... ..........  8%  882K 38s
  5050K .......... .......... .......... .......... ..........  9% 2,23M 38s
  5100K .......... .......... .......... .......... ..........  9% 1,30M 38s
  5150K .......... .......... .......... .......... ..........  9% 2,16M 38s
  5200K .......... .......... .......... .......... ..........  9% 6,85M 37s
  5250K .......... .......... .......... .......... ..........  9%  956K 37s
  5300K .......... .......... .......... .......... ..........  9% 1,36M 37s
  5350K .......... .......... .......... .......... ..........  9% 10,4M 37s
  5400K .......... .......... .......... .......... ..........  9% 2,23M 37s
  5450K .......... .......... .......... .......... ..........  9% 1,27M 37s
  5500K .......... .......... .......... .......... ..........  9%  931K 37s
  5550K .......... .......... .......... .......... ..........  9% 11,2M 37s
  5600K .......... .......... .......... .......... ..........  9% 6,30M 36s
  5650K .......... .......... .......... .......... .......... 10%  963K 36s
  5700K .......... .......... .......... .......... .......... 10% 6,08M 36s
  5750K .......... .......... .......... .......... .......... 10%  965K 36s
  5800K .......... .......... .......... .......... .......... 10% 9,91M 36s
  5850K .......... .......... .......... .......... .......... 10% 6,10M 36s
  5900K .......... .......... .......... .......... .......... 10%  981K 36s
  5950K .......... .......... .......... .......... .......... 10% 10,1M 35s
  6000K .......... .......... .......... .......... .......... 10%  913K 36s
  6050K .......... .......... .......... .......... .......... 10% 10,1M 35s
  6100K .......... .......... .......... .......... .......... 10% 10,2M 35s
  6150K .......... .......... .......... .......... .......... 10%  901K 35s
  6200K .......... .......... .......... .......... .......... 11% 11,5M 35s
  6250K .......... .......... .......... .......... .......... 11% 1,22M 35s
  6300K .......... .......... .......... .......... .......... 11% 2,59M 35s
  6350K .......... .......... .......... .......... .......... 11% 11,2M 34s
  6400K .......... .......... .......... .......... .......... 11%  942K 35s
  6450K .......... .......... .......... .......... .......... 11% 4,04M 34s
  6500K .......... .......... .......... .......... .......... 11% 1,48M 34s
  6550K .......... .......... .......... .......... .......... 11% 2,82M 34s
  6600K .......... .......... .......... .......... .......... 11% 5,82M 34s
  6650K .......... .......... .......... .......... .......... 11% 1,06M 34s
  6700K .......... .......... .......... .......... .......... 11% 5,10M 34s
  6750K .......... .......... .......... .......... .......... 12% 1,34M 34s
  6800K .......... .......... .......... .......... .......... 12% 2,93M 34s
  6850K .......... .......... .......... .......... .......... 12% 4,65M 33s
  6900K .......... .......... .......... .......... .......... 12%  997K 33s
  6950K .......... .......... .......... .......... .......... 12% 6,32M 33s
  7000K .......... .......... .......... .......... .......... 12% 5,68M 33s
  7050K .......... .......... .......... .......... .......... 12% 1,04M 33s
  7100K .......... .......... .......... .......... .......... 12% 4,73M 33s
  7150K .......... .......... .......... .......... .......... 12% 1,05M 33s
  7200K .......... .......... .......... .......... .......... 12% 11,2M 33s
  7250K .......... .......... .......... .......... .......... 12% 4,47M 33s
  7300K .......... .......... .......... .......... .......... 13% 1,03M 33s
  7350K .......... .......... .......... .......... .......... 13% 3,97M 32s
  7400K .......... .......... .......... .......... .......... 13% 1,09M 33s
  7450K .......... .......... .......... .......... .......... 13% 10,1M 32s
  7500K .......... .......... .......... .......... .......... 13% 4,42M 32s
  7550K .......... .......... .......... .......... .......... 13% 1,08M 32s
  7600K .......... .......... .......... .......... .......... 13% 4,09M 32s
  7650K .......... .......... .......... .......... .......... 13% 11,1M 32s
  7700K .......... .......... .......... .......... .......... 13% 1,10M 32s
  7750K .......... .......... .......... .......... .......... 13% 2,84M 32s
  7800K .......... .......... .......... .......... .......... 13% 1,26M 32s
  7850K .......... .......... .......... .......... .......... 13% 2,49M 32s
  7900K .......... .......... .......... .......... .......... 14% 11,2M 31s
  7950K .......... .......... .......... .......... .......... 14% 1,36M 31s
  8000K .......... .......... .......... .......... .......... 14% 2,09M 31s
  8050K .......... .......... .......... .......... .......... 14% 1,53M 31s
  8100K .......... .......... .......... .......... .......... 14% 2,11M 31s
  8150K .......... .......... .......... .......... .......... 14% 11,2M 31s
  8200K .......... .......... .......... .......... .......... 14% 1,53M 31s
  8250K .......... .......... .......... .......... .......... 14% 1,82M 31s
  8300K .......... .......... .......... .......... .......... 14% 1,75M 31s
  8350K .......... .......... .......... .......... .......... 14% 11,2M 31s
  8400K .......... .......... .......... .......... .......... 14% 1,68M 31s
  8450K .......... .......... .......... .......... .......... 15% 1,80M 31s
  8500K .......... .......... .......... .......... .......... 15% 1,43M 31s
  8550K .......... .......... .......... .......... .......... 15% 1,99M 30s
  8600K .......... .......... .......... .......... .......... 15% 11,0M 30s
  8650K .......... .......... .......... .......... .......... 15% 1,40M 30s
  8700K .......... .......... .......... .......... .......... 15% 2,37M 30s
  8750K .......... .......... .......... .......... .......... 15% 1,07M 30s
  8800K .......... .......... .......... .......... .......... 15% 3,28M 30s
  8850K .......... .......... .......... .......... .......... 15% 11,1M 30s
  8900K .......... .......... .......... .......... .......... 15% 1,29M 30s
  8950K .......... .......... .......... .......... .......... 15% 2,49M 30s
  9000K .......... .......... .......... .......... .......... 16% 1,34M 30s
  9050K .......... .......... .......... .......... .......... 16% 10,2M 30s
  9100K .......... .......... .......... .......... .......... 16% 2,57M 30s
  9150K .......... .......... .......... .......... .......... 16% 1,28M 30s
  9200K .......... .......... .......... .......... .......... 16% 2,66M 29s
  9250K .......... .......... .......... .......... .......... 16%  909K 30s
  9300K .......... .......... .......... .......... .......... 16% 11,5M 29s
  9350K .......... .......... .......... .......... .......... 16% 11,2M 29s
  9400K .......... .......... .......... .......... .......... 16%  940K 29s
  9450K .......... .......... .......... .......... .......... 16% 5,01M 29s
  9500K .......... .......... .......... .......... .......... 16% 11,2M 29s
  9550K .......... .......... .......... .......... .......... 16% 1,06M 29s
  9600K .......... .......... .......... .......... .......... 17% 2,12M 29s
  9650K .......... .......... .......... .......... .......... 17% 1,60M 29s
  9700K .......... .......... .......... .......... .......... 17% 1,84M 29s
  9750K .......... .......... .......... .......... .......... 17% 11,5M 29s
  9800K .......... .......... .......... .......... .......... 17% 1,54M 29s
  9850K .......... .......... .......... .......... .......... 17% 2,12M 29s
  9900K .......... .......... .......... .......... .......... 17% 1,56M 29s
  9950K .......... .......... .......... .......... .......... 17% 2,09M 29s
 10000K .......... .......... .......... .......... .......... 17% 10,9M 28s
 10050K .......... .......... .......... .......... .......... 17% 1,39M 28s
 10100K .......... .......... .......... .......... .......... 17% 2,18M 28s
 10150K .......... .......... .......... .......... .......... 18% 1,39M 28s
 10200K .......... .......... .......... .......... .......... 18% 10,1M 28s
 10250K .......... .......... .......... .......... .......... 18% 2,20M 28s
 10300K .......... .......... .......... .......... .......... 18% 1,40M 28s
 10350K .......... .......... .......... .......... .......... 18% 2,20M 28s
 10400K .......... .......... .......... .......... .......... 18% 1,45M 28s
 10450K .......... .......... .......... .......... .......... 18% 11,2M 28s
 10500K .......... .......... .......... .......... .......... 18% 2,15M 28s
 10550K .......... .......... .......... .......... .......... 18% 1,43M 28s
 10600K .......... .......... .......... .......... .......... 18% 2,05M 28s
 10650K .......... .......... .......... .......... .......... 18% 1,52M 28s
 10700K .......... .......... .......... .......... .......... 19% 11,2M 28s
 10750K .......... .......... .......... .......... .......... 19% 1,83M 27s
 10800K .......... .......... .......... .......... .......... 19% 1,75M 27s
 10850K .......... .......... .......... .......... .......... 19% 1,55M 27s
 10900K .......... .......... .......... .......... .......... 19% 11,2M 27s
 10950K .......... .......... .......... .......... .......... 19% 2,10M 27s
 11000K .......... .......... .......... .......... .......... 19% 1,50M 27s
 11050K .......... .......... .......... .......... .......... 19% 1,93M 27s
 11100K .......... .......... .......... .......... .......... 19% 1,52M 27s
 11150K .......... .......... .......... .......... .......... 19% 11,2M 27s
 11200K .......... .......... .......... .......... .......... 19% 2,07M 27s
 11250K .......... .......... .......... .......... .......... 19% 1,39M 27s
 11300K .......... .......... .......... .......... .......... 20% 11,1M 27s
 11350K .......... .......... .......... .......... .......... 20% 2,03M 27s
 11400K .......... .......... .......... .......... .......... 20% 9,28M 27s
 11450K .......... .......... .......... .......... .......... 20% 1,67M 27s
 11500K .......... .......... .......... .......... .......... 20% 6,57M 26s
 11550K .......... .......... .......... .......... .......... 20% 2,21M 26s
 11600K .......... .......... .......... .......... .......... 20% 10,6M 26s
 11650K .......... .......... .......... .......... .......... 20% 1,88M 26s
 11700K .......... .......... .......... .......... .......... 20% 4,64M 26s
 11750K .......... .......... .......... .......... .......... 20% 3,21M 26s
 11800K .......... .......... .......... .......... .......... 20% 1,82M 26s
 11850K .......... .......... .......... .......... .......... 21% 3,35M 26s
 11900K .......... .......... .......... .......... .......... 21% 5,88M 26s
 11950K .......... .......... .......... .......... .......... 21% 4,41M 26s
 12000K .......... .......... .......... .......... .......... 21% 1,85M 26s
 12050K .......... .......... .......... .......... .......... 21% 2,16M 26s
 12100K .......... .......... .......... .......... .......... 21% 9,20M 26s
 12150K .......... .......... .......... .......... .......... 21% 6,02M 25s
 12200K .......... .......... .......... .......... .......... 21% 1,99M 25s
 12250K .......... .......... .......... .......... .......... 21% 1,89M 25s
 12300K .......... .......... .......... .......... .......... 21% 11,2M 25s
 12350K .......... .......... .......... .......... .......... 21% 8,12M 25s
 12400K .......... .......... .......... .......... .......... 22% 2,14M 25s
 12450K .......... .......... .......... .......... .......... 22% 1,70M 25s
 12500K .......... .......... .......... .......... .......... 22% 7,04M 25s
 12550K .......... .......... .......... .......... .......... 22% 11,2M 25s
 12600K .......... .......... .......... .......... .......... 22% 1,38M 25s
 12650K .......... .......... .......... .......... .......... 22% 4,53M 25s
 12700K .......... .......... .......... .......... .......... 22% 4,81M 25s
 12750K .......... .......... .......... .......... .......... 22% 2,62M 25s
 12800K .......... .......... .......... .......... .......... 22% 11,1M 25s
 12850K .......... .......... .......... .......... .......... 22% 1,81M 24s
 12900K .......... .......... .......... .......... .......... 22% 4,22M 24s
 12950K .......... .......... .......... .......... .......... 23% 2,92M 24s
 13000K .......... .......... .......... .......... .......... 23% 11,2M 24s
 13050K .......... .......... .......... .......... .......... 23% 1,88M 24s
 13100K .......... .......... .......... .......... .......... 23% 4,43M 24s
 13150K .......... .......... .......... .......... .......... 23% 2,93M 24s
 13200K .......... .......... .......... .......... .......... 23% 1,75M 24s
 13250K .......... .......... .......... .......... .......... 23% 11,2M 24s
 13300K .......... .......... .......... .......... .......... 23% 4,24M 24s
 13350K .......... .......... .......... .......... .......... 23% 2,60M 24s
 13400K .......... .......... .......... .......... .......... 23% 1,54M 24s
 13450K .......... .......... .......... .......... .......... 23% 11,2M 24s
 13500K .......... .......... .......... .......... .......... 23% 2,70M 24s
 13550K .......... .......... .......... .......... .......... 24% 7,16M 24s
 13600K .......... .......... .......... .......... .......... 24% 1,69M 23s
 13650K .......... .......... .......... .......... .......... 24% 2,37M 23s
 13700K .......... .......... .......... .......... .......... 24% 11,1M 23s
 13750K .......... .......... .......... .......... .......... 24% 11,5M 23s
 13800K .......... .......... .......... .......... .......... 24% 1,61M 23s
 13850K .......... .......... .......... .......... .......... 24% 2,21M 23s
 13900K .......... .......... .......... .......... .......... 24% 11,2M 23s
 13950K .......... .......... .......... .......... .......... 24% 11,1M 23s
 14000K .......... .......... .......... .......... .......... 24% 1,65M 23s
 14050K .......... .......... .......... .......... .......... 24% 2,40M 23s
 14100K .......... .......... .......... .......... .......... 25% 6,27M 23s
 14150K .......... .......... .......... .......... .......... 25% 11,1M 23s
 14200K .......... .......... .......... .......... .......... 25% 1,89M 23s
 14250K .......... .......... .......... .......... .......... 25% 2,32M 23s
 14300K .......... .......... .......... .......... .......... 25% 5,14M 23s
 14350K .......... .......... .......... .......... .......... 25% 2,24M 23s
 14400K .......... .......... .......... .......... .......... 25% 11,1M 22s
 14450K .......... .......... .......... .......... .......... 25% 2,07M 22s
 14500K .......... .......... .......... .......... .......... 25% 3,99M 22s
 14550K .......... .......... .......... .......... .......... 25% 1,92M 22s
 14600K .......... .......... .......... .......... .......... 25% 2,63M 22s
 14650K .......... .......... .......... .......... .......... 26% 11,4M 22s
 14700K .......... .......... .......... .......... .......... 26% 3,98M 22s
 14750K .......... .......... .......... .......... .......... 26% 2,43M 22s
 14800K .......... .......... .......... .......... .......... 26% 2,23M 22s
 14850K .......... .......... .......... .......... .......... 26% 11,2M 22s
 14900K .......... .......... .......... .......... .......... 26% 3,31M 22s
 14950K .......... .......... .......... .......... .......... 26% 2,88M 22s
 15000K .......... .......... .......... .......... .......... 26% 7,46M 22s
 15050K .......... .......... .......... .......... .......... 26% 3,29M 22s
 15100K .......... .......... .......... .......... .......... 26% 6,08M 22s
 15150K .......... .......... .......... .......... .......... 26% 3,13M 22s
 15200K .......... .......... .......... .......... .......... 26% 2,37M 22s
 15250K .......... .......... .......... .......... .......... 27% 11,1M 21s
 15300K .......... .......... .......... .......... .......... 27% 3,81M 21s
 15350K .......... .......... .......... .......... .......... 27% 10,8M 21s
 15400K .......... .......... .......... .......... .......... 27% 2,97M 21s
 15450K .......... .......... .......... .......... .......... 27% 2,56M 21s
 15500K .......... .......... .......... .......... .......... 27% 6,50M 21s
 15550K .......... .......... .......... .......... .......... 27% 10,7M 21s
 15600K .......... .......... .......... .......... .......... 27% 3,50M 21s
 15650K .......... .......... .......... .......... .......... 27% 3,49M 21s
 15700K .......... .......... .......... .......... .......... 27% 2,75M 21s
 15750K .......... .......... .......... .......... .......... 27% 4,17M 21s
 15800K .......... .......... .......... .......... .......... 28% 11,1M 21s
 15850K .......... .......... .......... .......... .......... 28% 3,63M 21s
 15900K .......... .......... .......... .......... .......... 28% 3,70M 21s
 15950K .......... .......... .......... .......... .......... 28% 2,50M 21s
 16000K .......... .......... .......... .......... .......... 28% 5,12M 21s
 16050K .......... .......... .......... .......... .......... 28% 10,3M 20s
 16100K .......... .......... .......... .......... .......... 28% 4,46M 20s
 16150K .......... .......... .......... .......... .......... 28% 3,04M 20s
 16200K .......... .......... .......... .......... .......... 28% 3,09M 20s
 16250K .......... .......... .......... .......... .......... 28% 11,1M 20s
 16300K .......... .......... .......... .......... .......... 28% 3,36M 20s
 16350K .......... .......... .......... .......... .......... 29% 6,97M 20s
 16400K .......... .......... .......... .......... .......... 29% 3,26M 20s
 16450K .......... .......... .......... .......... .......... 29% 3,00M 20s
 16500K .......... .......... .......... .......... .......... 29% 10,0M 20s
 16550K .......... .......... .......... .......... .......... 29% 2,98M 20s
 16600K .......... .......... .......... .......... .......... 29% 7,16M 20s
 16650K .......... .......... .......... .......... .......... 29% 3,09M 20s
 16700K .......... .......... .......... .......... .......... 29% 3,84M 20s
 16750K .......... .......... .......... .......... .......... 29% 10,6M 20s
 16800K .......... .......... .......... .......... .......... 29% 2,70M 20s
 16850K .......... .......... .......... .......... .......... 29% 4,69M 20s
 16900K .......... .......... .......... .......... .......... 29% 4,18M 19s
 16950K .......... .......... .......... .......... .......... 30% 11,1M 19s
 17000K .......... .......... .......... .......... .......... 30% 4,04M 19s
 17050K .......... .......... .......... .......... .......... 30% 2,35M 19s
 17100K .......... .......... .......... .......... .......... 30% 4,47M 19s
 17150K .......... .......... .......... .......... .......... 30% 4,69M 19s
 17200K .......... .......... .......... .......... .......... 30% 11,0M 19s
 17250K .......... .......... .......... .......... .......... 30% 4,51M 19s
 17300K .......... .......... .......... .......... .......... 30% 2,49M 19s
 17350K .......... .......... .......... .......... .......... 30% 3,91M 19s
 17400K .......... .......... .......... .......... .......... 30% 11,1M 19s
 17450K .......... .......... .......... .......... .......... 30% 3,48M 19s
 17500K .......... .......... .......... .......... .......... 31% 4,36M 19s
 17550K .......... .......... .......... .......... .......... 31% 2,91M 19s
 17600K .......... .......... .......... .......... .......... 31% 2,39M 19s
 17650K .......... .......... .......... .......... .......... 31% 11,2M 19s
 17700K .......... .......... .......... .......... .......... 31% 6,55M 19s
 17750K .......... .......... .......... .......... .......... 31% 6,13M 19s
 17800K .......... .......... .......... .......... .......... 31% 2,23M 19s
 17850K .......... .......... .......... .......... .......... 31% 2,16M 19s
 17900K .......... .......... .......... .......... .......... 31% 11,0M 18s
 17950K .......... .......... .......... .......... .......... 31% 2,63M 18s
 18000K .......... .......... .......... .......... .......... 31% 11,2M 18s
 18050K .......... .......... .......... .......... .......... 32% 5,03M 18s
 18100K .......... .......... .......... .......... .......... 32% 10,7M 18s
 18150K .......... .......... .......... .......... .......... 32% 2,59M 18s
 18200K .......... .......... .......... .......... .......... 32% 2,22M 18s
 18250K .......... .......... .......... .......... .......... 32% 11,2M 18s
 18300K .......... .......... .......... .......... .......... 32% 9,81M 18s
 18350K .......... .......... .......... .......... .......... 32% 11,2M 18s
 18400K .......... .......... .......... .......... .......... 32% 1,90M 18s
 18450K .......... .......... .......... .......... .......... 32% 2,94M 18s
 18500K .......... .......... .......... .......... .......... 32% 10,9M 18s
 18550K .......... .......... .......... .......... .......... 32% 11,2M 18s
 18600K .......... .......... .......... .......... .......... 32% 11,1M 18s
 18650K .......... .......... .......... .......... .......... 33% 6,81M 18s
 18700K .......... .......... .......... .......... .......... 33% 1,81M 18s
 18750K .......... .......... .......... .......... .......... 33% 2,55M 18s
 18800K .......... .......... .......... .......... .......... 33% 11,2M 18s
 18850K .......... .......... .......... .......... .......... 33% 11,1M 18s
 18900K .......... .......... .......... .......... .......... 33% 11,2M 17s
 18950K .......... .......... .......... .......... .......... 33% 11,2M 17s
 19000K .......... .......... .......... .......... .......... 33% 2,25M 17s
 19050K .......... .......... .......... .......... .......... 33% 11,1M 17s
 19100K .......... .......... .......... .......... .......... 33% 2,28M 17s
 19150K .......... .......... .......... .......... .......... 33% 10,4M 17s
 19200K .......... .......... .......... .......... .......... 34% 11,1M 17s
 19250K .......... .......... .......... .......... .......... 34% 10,5M 17s
 19300K .......... .......... .......... .......... .......... 34% 10,3M 17s
 19350K .......... .......... .......... .......... .......... 34% 2,56M 17s
 19400K .......... .......... .......... .......... .......... 34% 2,23M 17s
 19450K .......... .......... .......... .......... .......... 34% 6,22M 17s
 19500K .......... .......... .......... .......... .......... 34% 11,1M 17s
 19550K .......... .......... .......... .......... .......... 34% 11,5M 17s
 19600K .......... .......... .......... .......... .......... 34% 11,2M 17s
 19650K .......... .......... .......... .......... .......... 34% 2,79M 17s
 19700K .......... .......... .......... .......... .......... 34% 2,21M 17s
 19750K .......... .......... .......... .......... .......... 35% 11,1M 17s
 19800K .......... .......... .......... .......... .......... 35% 4,63M 17s
 19850K .......... .......... .......... .......... .......... 35% 11,1M 17s
 19900K .......... .......... .......... .......... .......... 35% 11,2M 16s
 19950K .......... .......... .......... .......... .......... 35% 4,50M 16s
 20000K .......... .......... .......... .......... .......... 35% 10,9M 16s
 20050K .......... .......... .......... .......... .......... 35% 2,06M 16s
 20100K .......... .......... .......... .......... .......... 35% 4,31M 16s
 20150K .......... .......... .......... .......... .......... 35% 7,80M 16s
 20200K .......... .......... .......... .......... .......... 35% 11,2M 16s
 20250K .......... .......... .......... .......... .......... 35% 11,1M 16s
 20300K .......... .......... .......... .......... .......... 36% 1,59M 16s
 20350K .......... .......... .......... .......... .......... 36% 4,34M 16s
 20400K .......... .......... .......... .......... .......... 36% 4,56M 16s
 20450K .......... .......... .......... .......... .......... 36% 11,5M 16s
 20500K .......... .......... .......... .......... .......... 36% 11,1M 16s
 20550K .......... .......... .......... .......... .......... 36% 1,42M 16s
 20600K .......... .......... .......... .......... .......... 36% 8,24M 16s
 20650K .......... .......... .......... .......... .......... 36% 4,34M 16s
 20700K .......... .......... .......... .......... .......... 36% 11,2M 16s
 20750K .......... .......... .......... .......... .......... 36% 11,2M 16s
 20800K .......... .......... .......... .......... .......... 36% 1,37M 16s
 20850K .......... .......... .......... .......... .......... 36% 8,35M 16s
 20900K .......... .......... .......... .......... .......... 37% 11,4M 16s
 20950K .......... .......... .......... .......... .......... 37% 6,12M 16s
 21000K .......... .......... .......... .......... .......... 37% 6,95M 16s
 21050K .......... .......... .......... .......... .......... 37% 1,42M 16s
 21100K .......... .......... .......... .......... .......... 37% 6,23M 16s
 21150K .......... .......... .......... .......... .......... 37% 10,5M 15s
 21200K .......... .......... .......... .......... .......... 37% 7,54M 15s
 21250K .......... .......... .......... .......... .......... 37% 6,26M 15s
 21300K .......... .......... .......... .......... .......... 37% 1,53M 15s
 21350K .......... .......... .......... .......... .......... 37% 11,5M 15s
 21400K .......... .......... .......... .......... .......... 37% 4,52M 15s
 21450K .......... .......... .......... .......... .......... 38% 11,2M 15s
 21500K .......... .......... .......... .......... .......... 38% 5,09M 15s
 21550K .......... .......... .......... .......... .......... 38% 1,65M 15s
 21600K .......... .......... .......... .......... .......... 38% 11,1M 15s
 21650K .......... .......... .......... .......... .......... 38% 3,90M 15s
 21700K .......... .......... .......... .......... .......... 38% 11,1M 15s
 21750K .......... .......... .......... .......... .......... 38% 5,78M 15s
 21800K .......... .......... .......... .......... .......... 38% 1,83M 15s
 21850K .......... .......... .......... .......... .......... 38% 11,2M 15s
 21900K .......... .......... .......... .......... .......... 38% 2,94M 15s
 21950K .......... .......... .......... .......... .......... 38% 11,1M 15s
 22000K .......... .......... .......... .......... .......... 39% 7,49M 15s
 22050K .......... .......... .......... .......... .......... 39% 11,1M 15s
 22100K .......... .......... .......... .......... .......... 39% 1,97M 15s
 22150K .......... .......... .......... .......... .......... 39% 2,70M 15s
 22200K .......... .......... .......... .......... .......... 39% 11,5M 15s
 22250K .......... .......... .......... .......... .......... 39% 9,94M 15s
 22300K .......... .......... .......... .......... .......... 39% 11,1M 15s
 22350K .......... .......... .......... .......... .......... 39% 7,28M 15s
 22400K .......... .......... .......... .......... .......... 39% 2,04M 15s
 22450K .......... .......... .......... .......... .......... 39% 2,76M 15s
 22500K .......... .......... .......... .......... .......... 39% 11,1M 14s
 22550K .......... .......... .......... .......... .......... 39% 10,8M 14s
 22600K .......... .......... .......... .......... .......... 40% 7,98M 14s
 22650K .......... .......... .......... .......... .......... 40% 11,5M 14s
 22700K .......... .......... .......... .......... .......... 40% 2,35M 14s
 22750K .......... .......... .......... .......... .......... 40% 10,6M 14s
 22800K .......... .......... .......... .......... .......... 40% 2,28M 14s
 22850K .......... .......... .......... .......... .......... 40% 10,7M 14s
 22900K .......... .......... .......... .......... .......... 40% 8,20M 14s
 22950K .......... .......... .......... .......... .......... 40% 11,2M 14s
 23000K .......... .......... .......... .......... .......... 40% 10,9M 14s
 23050K .......... .......... .......... .......... .......... 40% 2,82M 14s
 23100K .......... .......... .......... .......... .......... 40% 2,50M 14s
 23150K .......... .......... .......... .......... .......... 41% 4,99M 14s
 23200K .......... .......... .......... .......... .......... 41% 7,17M 14s
 23250K .......... .......... .......... .......... .......... 41% 11,2M 14s
 23300K .......... .......... .......... .......... .......... 41% 11,2M 14s
 23350K .......... .......... .......... .......... .......... 41% 4,26M 14s
 23400K .......... .......... .......... .......... .......... 41% 2,35M 14s
 23450K .......... .......... .......... .......... .......... 41% 11,2M 14s
 23500K .......... .......... .......... .......... .......... 41% 4,26M 14s
 23550K .......... .......... .......... .......... .......... 41% 8,31M 14s
 23600K .......... .......... .......... .......... .......... 41% 4,89M 14s
 23650K .......... .......... .......... .......... .......... 41% 8,22M 14s
 23700K .......... .......... .......... .......... .......... 42% 11,2M 14s
 23750K .......... .......... .......... .......... .......... 42% 2,62M 14s
 23800K .......... .......... .......... .......... .......... 42% 4,04M 13s
 23850K .......... .......... .......... .......... .......... 42% 6,51M 13s
 23900K .......... .......... .......... .......... .......... 42% 4,10M 13s
 23950K .......... .......... .......... .......... .......... 42% 11,2M 13s
 24000K .......... .......... .......... .......... .......... 42% 8,45M 13s
 24050K .......... .......... .......... .......... .......... 42% 3,05M 13s
 24100K .......... .......... .......... .......... .......... 42% 3,50M 13s
 24150K .......... .......... .......... .......... .......... 42% 11,2M 13s
 24200K .......... .......... .......... .......... .......... 42% 5,89M 13s
 24250K .......... .......... .......... .......... .......... 42% 6,94M 13s
 24300K .......... .......... .......... .......... .......... 43% 4,52M 13s
 24350K .......... .......... .......... .......... .......... 43% 3,31M 13s
 24400K .......... .......... .......... .......... .......... 43% 11,1M 13s
 24450K .......... .......... .......... .......... .......... 43% 4,56M 13s
 24500K .......... .......... .......... .......... .......... 43% 4,67M 13s
 24550K .......... .......... .......... .......... .......... 43% 5,33M 13s
 24600K .......... .......... .......... .......... .......... 43% 5,11M 13s
 24650K .......... .......... .......... .......... .......... 43% 9,93M 13s
 24700K .......... .......... .......... .......... .......... 43% 4,04M 13s
 24750K .......... .......... .......... .......... .......... 43% 4,85M 13s
 24800K .......... .......... .......... .......... .......... 43% 4,57M 13s
 24850K .......... .......... .......... .......... .......... 44% 11,1M 13s
 24900K .......... .......... .......... .......... .......... 44% 3,65M 13s
 24950K .......... .......... .......... .......... .......... 44% 5,24M 13s
 25000K .......... .......... .......... .......... .......... 44% 5,02M 13s
 25050K .......... .......... .......... .......... .......... 44% 6,34M 13s
 25100K .......... .......... .......... .......... .......... 44% 11,1M 13s
 25150K .......... .......... .......... .......... .......... 44% 4,90M 13s
 25200K .......... .......... .......... .......... .......... 44% 7,15M 13s
 25250K .......... .......... .......... .......... .......... 44% 4,19M 12s
 25300K .......... .......... .......... .......... .......... 44% 6,22M 12s
 25350K .......... .......... .......... .......... .......... 44% 10,7M 12s
 25400K .......... .......... .......... .......... .......... 45% 4,48M 12s
 25450K .......... .......... .......... .......... .......... 45% 7,11M 12s
 25500K .......... .......... .......... .......... .......... 45% 4,53M 12s
 25550K .......... .......... .......... .......... .......... 45% 11,2M 12s
 25600K .......... .......... .......... .......... .......... 45% 7,01M 12s
 25650K .......... .......... .......... .......... .......... 45% 3,96M 12s
 25700K .......... .......... .......... .......... .......... 45% 9,57M 12s
 25750K .......... .......... .......... .......... .......... 45% 3,25M 12s
 25800K .......... .......... .......... .......... .......... 45% 11,5M 12s
 25850K .......... .......... .......... .......... .......... 45% 6,13M 12s
 25900K .......... .......... .......... .......... .......... 45% 9,40M 12s
 25950K .......... .......... .......... .......... .......... 46% 5,27M 12s
 26000K .......... .......... .......... .......... .......... 46% 10,2M 12s
 26050K .......... .......... .......... .......... .......... 46% 3,36M 12s
 26100K .......... .......... .......... .......... .......... 46% 11,1M 12s
 26150K .......... .......... .......... .......... .......... 46% 3,80M 12s
 26200K .......... .......... .......... .......... .......... 46% 7,24M 12s
 26250K .......... .......... .......... .......... .......... 46% 11,2M 12s
 26300K .......... .......... .......... .......... .......... 46% 10,9M 12s
 26350K .......... .......... .......... .......... .......... 46% 3,45M 12s
 26400K .......... .......... .......... .......... .......... 46% 3,12M 12s
 26450K .......... .......... .......... .......... .......... 46% 11,2M 12s
 26500K .......... .......... .......... .......... .......... 46% 11,2M 12s
 26550K .......... .......... .......... .......... .......... 47% 8,83M 12s
 26600K .......... .......... .......... .......... .......... 47% 4,04M 12s
 26650K .......... .......... .......... .......... .......... 47% 11,5M 12s
 26700K .......... .......... .......... .......... .......... 47% 10,9M 12s
 26750K .......... .......... .......... .......... .......... 47% 3,86M 11s
 26800K .......... .......... .......... .......... .......... 47% 3,47M 11s
 26850K .......... .......... .......... .......... .......... 47% 6,54M 11s
 26900K .......... .......... .......... .......... .......... 47% 11,1M 11s
 26950K .......... .......... .......... .......... .......... 47% 11,2M 11s
 27000K .......... .......... .......... .......... .......... 47% 4,27M 11s
 27050K .......... .......... .......... .......... .......... 47% 11,2M 11s
 27100K .......... .......... .......... .......... .......... 48% 3,96M 11s
 27150K .......... .......... .......... .......... .......... 48% 4,64M 11s
 27200K .......... .......... .......... .......... .......... 48% 10,8M 11s
 27250K .......... .......... .......... .......... .......... 48% 4,45M 11s
 27300K .......... .......... .......... .......... .......... 48% 11,2M 11s
 27350K .......... .......... .......... .......... .......... 48% 3,90M 11s
 27400K .......... .......... .......... .......... .......... 48% 11,2M 11s
 27450K .......... .......... .......... .......... .......... 48% 11,1M 11s
 27500K .......... .......... .......... .......... .......... 48% 6,19M 11s
 27550K .......... .......... .......... .......... .......... 48% 4,17M 11s
 27600K .......... .......... .......... .......... .......... 48% 2,94M 11s
 27650K .......... .......... .......... .......... .......... 49% 11,2M 11s
 27700K .......... .......... .......... .......... .......... 49% 11,2M 11s
 27750K .......... .......... .......... .......... .......... 49% 11,1M 11s
 27800K .......... .......... .......... .......... .......... 49% 7,07M 11s
 27850K .......... .......... .......... .......... .......... 49% 7,27M 11s
 27900K .......... .......... .......... .......... .......... 49% 10,7M 11s
 27950K .......... .......... .......... .......... .......... 49% 6,38M 11s
 28000K .......... .......... .......... .......... .......... 49% 2,24M 11s
 28050K .......... .......... .......... .......... .......... 49% 11,1M 11s
 28100K .......... .......... .......... .......... .......... 49% 11,2M 11s
 28150K .......... .......... .......... .......... .......... 49% 5,01M 11s
 28200K .......... .......... .......... .......... .......... 49% 10,9M 11s
 28250K .......... .......... .......... .......... .......... 50% 9,35M 11s
 28300K .......... .......... .......... .......... .......... 50% 10,8M 11s
 28350K .......... .......... .......... .......... .......... 50% 11,1M 10s
 28400K .......... .......... .......... .......... .......... 50% 8,88M 10s
 28450K .......... .......... .......... .......... .......... 50% 2,25M 10s
 28500K .......... .......... .......... .......... .......... 50% 11,1M 10s
 28550K .......... .......... .......... .......... .......... 50% 9,07M 10s
 28600K .......... .......... .......... .......... .......... 50% 10,4M 10s
 28650K .......... .......... .......... .......... .......... 50% 6,16M 10s
 28700K .......... .......... .......... .......... .......... 50% 11,2M 10s
 28750K .......... .......... .......... .......... .......... 50% 7,44M 10s
 28800K .......... .......... .......... .......... .......... 51% 11,1M 10s
 28850K .......... .......... .......... .......... .......... 51% 11,2M 10s
 28900K .......... .......... .......... .......... .......... 51% 2,81M 10s
 28950K .......... .......... .......... .......... .......... 51% 4,09M 10s
 29000K .......... .......... .......... .......... .......... 51% 11,2M 10s
 29050K .......... .......... .......... .......... .......... 51% 11,1M 10s
 29100K .......... .......... .......... .......... .......... 51% 11,2M 10s
 29150K .......... .......... .......... .......... .......... 51% 11,1M 10s
 29200K .......... .......... .......... .......... .......... 51% 7,17M 10s
 29250K .......... .......... .......... .......... .......... 51% 11,1M 10s
 29300K .......... .......... .......... .......... .......... 51% 10,4M 10s
 29350K .......... .......... .......... .......... .......... 52% 3,04M 10s
 29400K .......... .......... .......... .......... .......... 52% 4,61M 10s
 29450K .......... .......... .......... .......... .......... 52% 11,2M 10s
 29500K .......... .......... .......... .......... .......... 52% 11,1M 10s
 29550K .......... .......... .......... .......... .......... 52% 9,85M 10s
 29600K .......... .......... .......... .......... .......... 52% 6,39M 10s
 29650K .......... .......... .......... .......... .......... 52% 11,2M 10s
 29700K .......... .......... .......... .......... .......... 52% 11,2M 10s
 29750K .......... .......... .......... .......... .......... 52% 11,2M 10s
 29800K .......... .......... .......... .......... .......... 52% 3,19M 10s
 29850K .......... .......... .......... .......... .......... 52% 4,17M 10s
 29900K .......... .......... .......... .......... .......... 52% 11,2M 10s
 29950K .......... .......... .......... .......... .......... 53% 11,0M 10s
 30000K .......... .......... .......... .......... .......... 53% 5,77M 10s
 30050K .......... .......... .......... .......... .......... 53% 11,2M 10s
 30100K .......... .......... .......... .......... .......... 53% 11,1M 9s
 30150K .......... .......... .......... .......... .......... 53% 8,80M 9s
 30200K .......... .......... .......... .......... .......... 53% 11,1M 9s
 30250K .......... .......... .......... .......... .......... 53% 3,11M 9s
 30300K .......... .......... .......... .......... .......... 53% 7,34M 9s
 30350K .......... .......... .......... .......... .......... 53% 11,2M 9s
 30400K .......... .......... .......... .......... .......... 53% 5,62M 9s
 30450K .......... .......... .......... .......... .......... 53% 11,1M 9s
 30500K .......... .......... .......... .......... .......... 54% 5,71M 9s
 30550K .......... .......... .......... .......... .......... 54% 11,1M 9s
 30600K .......... .......... .......... .......... .......... 54% 11,2M 9s
 30650K .......... .......... .......... .......... .......... 54% 11,5M 9s
 30700K .......... .......... .......... .......... .......... 54% 4,17M 9s
 30750K .......... .......... .......... .......... .......... 54% 4,27M 9s
 30800K .......... .......... .......... .......... .......... 54% 11,2M 9s
 30850K .......... .......... .......... .......... .......... 54% 6,27M 9s
 30900K .......... .......... .......... .......... .......... 54% 11,2M 9s
 30950K .......... .......... .......... .......... .......... 54% 8,41M 9s
 31000K .......... .......... .......... .......... .......... 54% 6,66M 9s
 31050K .......... .......... .......... .......... .......... 55% 11,1M 9s
 31100K .......... .......... .......... .......... .......... 55% 4,68M 9s
 31150K .......... .......... .......... .......... .......... 55% 11,2M 9s
 31200K .......... .......... .......... .......... .......... 55% 4,47M 9s
 31250K .......... .......... .......... .......... .......... 55% 11,1M 9s
 31300K .......... .......... .......... .......... .......... 55% 10,8M 9s
 31350K .......... .......... .......... .......... .......... 55% 11,1M 9s
 31400K .......... .......... .......... .......... .......... 55% 11,2M 9s
 31450K .......... .......... .......... .......... .......... 55% 7,75M 9s
 31500K .......... .......... .......... .......... .......... 55% 6,51M 9s
 31550K .......... .......... .......... .......... .......... 55% 8,48M 9s
 31600K .......... .......... .......... .......... .......... 56% 9,71M 9s
 31650K .......... .......... .......... .......... .......... 56% 5,25M 9s
 31700K .......... .......... .......... .......... .......... 56% 8,36M 9s
 31750K .......... .......... .......... .......... .......... 56% 4,51M 9s
 31800K .......... .......... .......... .......... .......... 56% 11,2M 9s
 31850K .......... .......... .......... .......... .......... 56% 10,8M 9s
 31900K .......... .......... .......... .......... .......... 56% 11,1M 9s
 31950K .......... .......... .......... .......... .......... 56% 9,20M 8s
 32000K .......... .......... .......... .......... .......... 56% 7,43M 8s
 32050K .......... .......... .......... .......... .......... 56% 11,2M 8s
 32100K .......... .......... .......... .......... .......... 56% 6,78M 8s
 32150K .......... .......... .......... .......... .......... 56% 7,53M 8s
 32200K .......... .......... .......... .......... .......... 57% 6,98M 8s
 32250K .......... .......... .......... .......... .......... 57% 4,56M 8s
 32300K .......... .......... .......... .......... .......... 57% 11,1M 8s
 32350K .......... .......... .......... .......... .......... 57% 11,2M 8s
 32400K .......... .......... .......... .......... .......... 57% 7,39M 8s
 32450K .......... .......... .......... .......... .......... 57% 11,5M 8s
 32500K .......... .......... .......... .......... .......... 57% 9,33M 8s
 32550K .......... .......... .......... .......... .......... 57% 10,5M 8s
 32600K .......... .......... .......... .......... .......... 57% 5,32M 8s
 32650K .......... .......... .......... .......... .......... 57% 11,2M 8s
 32700K .......... .......... .......... .......... .......... 57% 8,51M 8s
 32750K .......... .......... .......... .......... .......... 58% 11,2M 8s
 32800K .......... .......... .......... .......... .......... 58% 2,90M 8s
 32850K .......... .......... .......... .......... .......... 58% 11,2M 8s
 32900K .......... .......... .......... .......... .......... 58% 11,5M 8s
 32950K .......... .......... .......... .......... .......... 58% 8,96M 8s
 33000K .......... .......... .......... .......... .......... 58% 11,2M 8s
 33050K .......... .......... .......... .......... .......... 58% 11,1M 8s
 33100K .......... .......... .......... .......... .......... 58% 4,17M 8s
 33150K .......... .......... .......... .......... .......... 58% 11,1M 8s
 33200K .......... .......... .......... .......... .......... 58% 11,2M 8s
 33250K .......... .......... .......... .......... .......... 58% 11,1M 8s
 33300K .......... .......... .......... .......... .......... 59% 3,69M 8s
 33350K .......... .......... .......... .......... .......... 59% 10,9M 8s
 33400K .......... .......... .......... .......... .......... 59% 11,1M 8s
 33450K .......... .......... .......... .......... .......... 59% 11,2M 8s
 33500K .......... .......... .......... .......... .......... 59% 11,1M 8s
 33550K .......... .......... .......... .......... .......... 59% 3,33M 8s
 33600K .......... .......... .......... .......... .......... 59% 11,1M 8s
 33650K .......... .......... .......... .......... .......... 59% 11,1M 8s
 33700K .......... .......... .......... .......... .......... 59% 11,1M 8s
 33750K .......... .......... .......... .......... .......... 59% 10,7M 8s
 33800K .......... .......... .......... .......... .......... 59% 10,0M 8s
 33850K .......... .......... .......... .......... .......... 59% 11,2M 8s
 33900K .......... .......... .......... .......... .......... 60% 11,0M 8s
 33950K .......... .......... .......... .......... .......... 60% 5,15M 8s
 34000K .......... .......... .......... .......... .......... 60% 11,2M 7s
 34050K .......... .......... .......... .......... .......... 60% 3,71M 7s
 34100K .......... .......... .......... .......... .......... 60% 11,2M 7s
 34150K .......... .......... .......... .......... .......... 60% 10,5M 7s
 34200K .......... .......... .......... .......... .......... 60% 10,1M 7s
 34250K .......... .......... .......... .......... .......... 60% 11,5M 7s
 34300K .......... .......... .......... .......... .......... 60% 6,10M 7s
 34350K .......... .......... .......... .......... .......... 60% 11,2M 7s
 34400K .......... .......... .......... .......... .......... 60% 10,8M 7s
 34450K .......... .......... .......... .......... .......... 61% 6,62M 7s
 34500K .......... .......... .......... .......... .......... 61% 11,1M 7s
 34550K .......... .......... .......... .......... .......... 61% 11,2M 7s
 34600K .......... .......... .......... .......... .......... 61% 11,1M 7s
 34650K .......... .......... .......... .......... .......... 61% 4,80M 7s
 34700K .......... .......... .......... .......... .......... 61% 11,2M 7s
 34750K .......... .......... .......... .......... .......... 61% 5,66M 7s
 34800K .......... .......... .......... .......... .......... 61% 11,2M 7s
 34850K .......... .......... .......... .......... .......... 61% 11,1M 7s
 34900K .......... .......... .......... .......... .......... 61% 10,6M 7s
 34950K .......... .......... .......... .......... .......... 61% 11,1M 7s
 35000K .......... .......... .......... .......... .......... 62% 10,5M 7s
 35050K .......... .......... .......... .......... .......... 62% 8,08M 7s
 35100K .......... .......... .......... .......... .......... 62% 11,5M 7s
 35150K .......... .......... .......... .......... .......... 62% 11,2M 7s
 35200K .......... .......... .......... .......... .......... 62% 5,71M 7s
 35250K .......... .......... .......... .......... .......... 62% 7,24M 7s
 35300K .......... .......... .......... .......... .......... 62% 11,1M 7s
 35350K .......... .......... .......... .......... .......... 62% 6,28M 7s
 35400K .......... .......... .......... .......... .......... 62% 8,36M 7s
 35450K .......... .......... .......... .......... .......... 62% 11,1M 7s
 35500K .......... .......... .......... .......... .......... 62% 9,29M 7s
 35550K .......... .......... .......... .......... .......... 62% 11,0M 7s
 35600K .......... .......... .......... .......... .......... 63% 10,1M 7s
 35650K .......... .......... .......... .......... .......... 63% 10,5M 7s
 35700K .......... .......... .......... .......... .......... 63% 11,1M 7s
 35750K .......... .......... .......... .......... .......... 63% 9,36M 7s
 35800K .......... .......... .......... .......... .......... 63% 11,1M 7s
 35850K .......... .......... .......... .......... .......... 63% 6,89M 7s
 35900K .......... .......... .......... .......... .......... 63% 7,28M 7s
 35950K .......... .......... .......... .......... .......... 63% 7,01M 7s
 36000K .......... .......... .......... .......... .......... 63% 11,5M 7s
 36050K .......... .......... .......... .......... .......... 63% 7,44M 7s
 36100K .......... .......... .......... .......... .......... 63% 11,2M 7s
 36150K .......... .......... .......... .......... .......... 64% 9,31M 6s
 36200K .......... .......... .......... .......... .......... 64% 11,2M 6s
 36250K .......... .......... .......... .......... .......... 64% 11,1M 6s
 36300K .......... .......... .......... .......... .......... 64% 8,97M 6s
 36350K .......... .......... .......... .......... .......... 64% 10,4M 6s
 36400K .......... .......... .......... .......... .......... 64% 10,4M 6s
 36450K .......... .......... .......... .......... .......... 64% 5,76M 6s
 36500K .......... .......... .......... .......... .......... 64% 10,6M 6s
 36550K .......... .......... .......... .......... .......... 64% 6,33M 6s
 36600K .......... .......... .......... .......... .......... 64% 11,2M 6s
 36650K .......... .......... .......... .......... .......... 64% 10,3M 6s
 36700K .......... .......... .......... .......... .......... 65% 11,2M 6s
 36750K .......... .......... .......... .......... .......... 65% 11,2M 6s
 36800K .......... .......... .......... .......... .......... 65% 11,2M 6s
 36850K .......... .......... .......... .......... .......... 65% 11,1M 6s
 36900K .......... .......... .......... .......... .......... 65% 5,66M 6s
 36950K .......... .......... .......... .......... .......... 65% 11,2M 6s
 37000K .......... .......... .......... .......... .......... 65% 11,1M 6s
 37050K .......... .......... .......... .......... .......... 65% 9,65M 6s
 37100K .......... .......... .......... .......... .......... 65% 4,81M 6s
 37150K .......... .......... .......... .......... .......... 65% 11,1M 6s
 37200K .......... .......... .......... .......... .......... 65% 11,2M 6s
 37250K .......... .......... .......... .......... .......... 65% 11,2M 6s
 37300K .......... .......... .......... .......... .......... 66% 11,2M 6s
 37350K .......... .......... .......... .......... .......... 66% 11,5M 6s
 37400K .......... .......... .......... .......... .......... 66% 11,1M 6s
 37450K .......... .......... .......... .......... .......... 66% 11,2M 6s
 37500K .......... .......... .......... .......... .......... 66% 11,2M 6s
 37550K .......... .......... .......... .......... .......... 66% 6,51M 6s
 37600K .......... .......... .......... .......... .......... 66% 6,92M 6s
 37650K .......... .......... .......... .......... .......... 66% 10,8M 6s
 37700K .......... .......... .......... .......... .......... 66% 5,99M 6s
 37750K .......... .......... .......... .......... .......... 66% 11,2M 6s
 37800K .......... .......... .......... .......... .......... 66% 11,5M 6s
 37850K .......... .......... .......... .......... .......... 67% 11,1M 6s
 37900K .......... .......... .......... .......... .......... 67% 11,2M 6s
 37950K .......... .......... .......... .......... .......... 67% 11,1M 6s
 38000K .......... .......... .......... .......... .......... 67% 11,2M 6s
 38050K .......... .......... .......... .......... .......... 67% 11,1M 6s
 38100K .......... .......... .......... .......... .......... 67% 11,2M 6s
 38150K .......... .......... .......... .......... .......... 67% 11,1M 6s
 38200K .......... .......... .......... .......... .......... 67% 11,2M 6s
 38250K .......... .......... .......... .......... .......... 67% 4,18M 6s
 38300K .......... .......... .......... .......... .......... 67% 11,2M 6s
 38350K .......... .......... .......... .......... .......... 67% 11,1M 6s
 38400K .......... .......... .......... .......... .......... 68% 8,04M 6s
 38450K .......... .......... .......... .......... .......... 68% 11,1M 6s
 38500K .......... .......... .......... .......... .......... 68% 11,2M 6s
 38550K .......... .......... .......... .......... .......... 68% 11,2M 5s
 38600K .......... .......... .......... .......... .......... 68% 11,1M 5s
 38650K .......... .......... .......... .......... .......... 68% 10,3M 5s
 38700K .......... .......... .......... .......... .......... 68% 11,5M 5s
 38750K .......... .......... .......... .......... .......... 68% 10,5M 5s
 38800K .......... .......... .......... .......... .......... 68% 11,1M 5s
 38850K .......... .......... .......... .......... .......... 68% 11,2M 5s
 38900K .......... .......... .......... .......... .......... 68% 7,20M 5s
 38950K .......... .......... .......... .......... .......... 69% 8,68M 5s
 39000K .......... .......... .......... .......... .......... 69% 5,54M 5s
 39050K .......... .......... .......... .......... .......... 69% 11,2M 5s
 39100K .......... .......... .......... .......... .......... 69% 10,4M 5s
 39150K .......... .......... .......... .......... .......... 69% 11,1M 5s
 39200K .......... .......... .......... .......... .......... 69% 11,2M 5s
 39250K .......... .......... .......... .......... .......... 69% 11,1M 5s
 39300K .......... .......... .......... .......... .......... 69% 11,2M 5s
 39350K .......... .......... .......... .......... .......... 69% 11,1M 5s
 39400K .......... .......... .......... .......... .......... 69% 11,2M 5s
 39450K .......... .......... .......... .......... .......... 69% 11,2M 5s
 39500K .......... .......... .......... .......... .......... 69% 11,2M 5s
 39550K .......... .......... .......... .......... .......... 70% 9,42M 5s
 39600K .......... .......... .......... .......... .......... 70% 11,1M 5s
 39650K .......... .......... .......... .......... .......... 70% 5,33M 5s
 39700K .......... .......... .......... .......... .......... 70% 11,2M 5s
 39750K .......... .......... .......... .......... .......... 70% 11,2M 5s
 39800K .......... .......... .......... .......... .......... 70% 9,35M 5s
 39850K .......... .......... .......... .......... .......... 70% 11,2M 5s
 39900K .......... .......... .......... .......... .......... 70% 9,20M 5s
 39950K .......... .......... .......... .......... .......... 70% 11,2M 5s
 40000K .......... .......... .......... .......... .......... 70% 11,5M 5s
 40050K .......... .......... .......... .......... .......... 70% 11,1M 5s
 40100K .......... .......... .......... .......... .......... 71% 11,2M 5s
 40150K .......... .......... .......... .......... .......... 71% 11,1M 5s
 40200K .......... .......... .......... .......... .......... 71% 11,2M 5s
 40250K .......... .......... .......... .......... .......... 71% 11,1M 5s
 40300K .......... .......... .......... .......... .......... 71% 10,7M 5s
 40350K .......... .......... .......... .......... .......... 71% 9,45M 5s
 40400K .......... .......... .......... .......... .......... 71% 6,48M 5s
 40450K .......... .......... .......... .......... .......... 71% 11,1M 5s
 40500K .......... .......... .......... .......... .......... 71% 11,2M 5s
 40550K .......... .......... .......... .......... .......... 71% 11,0M 5s
 40600K .......... .......... .......... .......... .......... 71% 7,51M 5s
 40650K .......... .......... .......... .......... .......... 72% 11,2M 5s
 40700K .......... .......... .......... .......... .......... 72% 11,2M 5s
 40750K .......... .......... .......... .......... .......... 72% 11,2M 5s
 40800K .......... .......... .......... .......... .......... 72% 11,2M 5s
 40850K .......... .......... .......... .......... .......... 72% 10,9M 5s
 40900K .......... .......... .......... .......... .......... 72% 11,5M 5s
 40950K .......... .......... .......... .......... .......... 72% 11,0M 5s
 41000K .......... .......... .......... .......... .......... 72% 10,8M 5s
 41050K .......... .......... .......... .......... .......... 72% 8,46M 5s
 41100K .......... .......... .......... .......... .......... 72% 11,2M 5s
 41150K .......... .......... .......... .......... .......... 72% 11,2M 4s
 41200K .......... .......... .......... .......... .......... 72% 9,48M 4s
 41250K .......... .......... .......... .......... .......... 73% 11,2M 4s
 41300K .......... .......... .......... .......... .......... 73% 8,02M 4s
 41350K .......... .......... .......... .......... .......... 73% 11,5M 4s
 41400K .......... .......... .......... .......... .......... 73% 11,2M 4s
 41450K .......... .......... .......... .......... .......... 73% 10,8M 4s
 41500K .......... .......... .......... .......... .......... 73% 11,2M 4s
 41550K .......... .......... .......... .......... .......... 73% 11,1M 4s
 41600K .......... .......... .......... .......... .......... 73% 10,7M 4s
 41650K .......... .......... .......... .......... .......... 73% 11,1M 4s
 41700K .......... .......... .......... .......... .......... 73% 11,2M 4s
 41750K .......... .......... .......... .......... .......... 73% 11,1M 4s
 41800K .......... .......... .......... .......... .......... 74% 11,5M 4s
 41850K .......... .......... .......... .......... .......... 74% 11,2M 4s
 41900K .......... .......... .......... .......... .......... 74% 9,60M 4s
 41950K .......... .......... .......... .......... .......... 74% 11,2M 4s
 42000K .......... .......... .......... .......... .......... 74% 7,89M 4s
 42050K .......... .......... .......... .......... .......... 74% 11,2M 4s
 42100K .......... .......... .......... .......... .......... 74% 11,2M 4s
 42150K .......... .......... .......... .......... .......... 74% 8,72M 4s
 42200K .......... .......... .......... .......... .......... 74% 10,4M 4s
 42250K .......... .......... .......... .......... .......... 74% 11,5M 4s
 42300K .......... .......... .......... .......... .......... 74% 11,1M 4s
 42350K .......... .......... .......... .......... .......... 75% 11,2M 4s
 42400K .......... .......... .......... .......... .......... 75% 11,1M 4s
 42450K .......... .......... .......... .......... .......... 75% 11,2M 4s
 42500K .......... .......... .......... .......... .......... 75% 10,6M 4s
 42550K .......... .......... .......... .......... .......... 75% 11,2M 4s
 42600K .......... .......... .......... .......... .......... 75% 11,1M 4s
 42650K .......... .......... .......... .......... .......... 75% 9,77M 4s
 42700K .......... .......... .......... .......... .......... 75% 11,4M 4s
 42750K .......... .......... .......... .......... .......... 75% 11,1M 4s
 42800K .......... .......... .......... .......... .......... 75% 11,2M 4s
 42850K .......... .......... .......... .......... .......... 75% 10,2M 4s
 42900K .......... .......... .......... .......... .......... 75% 11,2M 4s
 42950K .......... .......... .......... .......... .......... 76% 9,32M 4s
 43000K .......... .......... .......... .......... .......... 76% 11,2M 4s
 43050K .......... .......... .......... .......... .......... 76% 11,1M 4s
 43100K .......... .......... .......... .......... .......... 76% 11,2M 4s
 43150K .......... .......... .......... .......... .......... 76% 11,5M 4s
 43200K .......... .......... .......... .......... .......... 76% 11,1M 4s
 43250K .......... .......... .......... .......... .......... 76% 11,2M 4s
 43300K .......... .......... .......... .......... .......... 76% 11,1M 4s
 43350K .......... .......... .......... .......... .......... 76% 9,61M 4s
 43400K .......... .......... .......... .......... .......... 76% 11,1M 4s
 43450K .......... .......... .......... .......... .......... 76% 11,2M 4s
 43500K .......... .......... .......... .......... .......... 77% 11,1M 4s
 43550K .......... .......... .......... .......... .......... 77% 11,5M 4s
 43600K .......... .......... .......... .......... .......... 77% 11,2M 4s
 43650K .......... .......... .......... .......... .......... 77% 10,8M 4s
 43700K .......... .......... .......... .......... .......... 77% 11,0M 4s
 43750K .......... .......... .......... .......... .......... 77% 11,1M 4s
 43800K .......... .......... .......... .......... .......... 77% 11,2M 4s
 43850K .......... .......... .......... .......... .......... 77% 7,08M 4s
 43900K .......... .......... .......... .......... .......... 77% 11,2M 4s
 43950K .......... .......... .......... .......... .......... 77% 11,1M 4s
 44000K .......... .......... .......... .......... .......... 77% 11,5M 3s
 44050K .......... .......... .......... .......... .......... 78% 11,2M 3s
 44100K .......... .......... .......... .......... .......... 78% 11,1M 3s
 44150K .......... .......... .......... .......... .......... 78% 8,92M 3s
 44200K .......... .......... .......... .......... .......... 78% 11,1M 3s
 44250K .......... .......... .......... .......... .......... 78% 11,2M 3s
 44300K .......... .......... .......... .......... .......... 78% 11,1M 3s
 44350K .......... .......... .......... .......... .......... 78% 11,2M 3s
 44400K .......... .......... .......... .......... .......... 78% 11,2M 3s
 44450K .......... .......... .......... .......... .......... 78% 11,5M 3s
 44500K .......... .......... .......... .......... .......... 78% 10,7M 3s
 44550K .......... .......... .......... .......... .......... 78% 11,0M 3s
 44600K .......... .......... .......... .......... .......... 79% 11,2M 3s
 44650K .......... .......... .......... .......... .......... 79% 11,1M 3s
 44700K .......... .......... .......... .......... .......... 79% 11,0M 3s
 44750K .......... .......... .......... .......... .......... 79% 10,1M 3s
 44800K .......... .......... .......... .......... .......... 79% 9,12M 3s
 44850K .......... .......... .......... .......... .......... 79% 10,3M 3s
 44900K .......... .......... .......... .......... .......... 79% 11,5M 3s
 44950K .......... .......... .......... .......... .......... 79% 11,0M 3s
 45000K .......... .......... .......... .......... .......... 79% 11,2M 3s
 45050K .......... .......... .......... .......... .......... 79% 11,2M 3s
 45100K .......... .......... .......... .......... .......... 79% 11,1M 3s
 45150K .......... .......... .......... .......... .......... 79% 11,2M 3s
 45200K .......... .......... .......... .......... .......... 80% 11,1M 3s
 45250K .......... .......... .......... .......... .......... 80% 10,4M 3s
 45300K .......... .......... .......... .......... .......... 80% 11,1M 3s
 45350K .......... .......... .......... .......... .......... 80% 11,5M 3s
 45400K .......... .......... .......... .......... .......... 80% 10,1M 3s
 45450K .......... .......... .......... .......... .......... 80% 11,1M 3s
 45500K .......... .......... .......... .......... .......... 80% 11,2M 3s
 45550K .......... .......... .......... .......... .......... 80% 11,2M 3s
 45600K .......... .......... .......... .......... .......... 80% 11,1M 3s
 45650K .......... .......... .......... .......... .......... 80% 11,1M 3s
 45700K .......... .......... .......... .......... .......... 80% 11,1M 3s
 45750K .......... .......... .......... .......... .......... 81% 11,2M 3s
 45800K .......... .......... .......... .......... .......... 81% 11,5M 3s
 45850K .......... .......... .......... .......... .......... 81% 11,1M 3s
 45900K .......... .......... .......... .......... .......... 81% 11,2M 3s
 45950K .......... .......... .......... .......... .......... 81% 11,1M 3s
 46000K .......... .......... .......... .......... .......... 81% 11,2M 3s
 46050K .......... .......... .......... .......... .......... 81% 11,1M 3s
 46100K .......... .......... .......... .......... .......... 81% 11,2M 3s
 46150K .......... .......... .......... .......... .......... 81% 11,1M 3s
 46200K .......... .......... .......... .......... .......... 81% 11,2M 3s
 46250K .......... .......... .......... .......... .......... 81% 11,5M 3s
 46300K .......... .......... .......... .......... .......... 82% 11,1M 3s
 46350K .......... .......... .......... .......... .......... 82% 11,2M 3s
 46400K .......... .......... .......... .......... .......... 82% 11,1M 3s
 46450K .......... .......... .......... .......... .......... 82% 11,2M 3s
 46500K .......... .......... .......... .......... .......... 82% 11,1M 3s
 46550K .......... .......... .......... .......... .......... 82% 11,2M 3s
 46600K .......... .......... .......... .......... .......... 82% 11,1M 3s
 46650K .......... .......... .......... .......... .......... 82% 11,2M 3s
 46700K .......... .......... .......... .......... .......... 82% 11,5M 3s
 46750K .......... .......... .......... .......... .......... 82% 11,1M 3s
 46800K .......... .......... .......... .......... .......... 82% 11,2M 3s
 46850K .......... .......... .......... .......... .......... 82% 11,1M 3s
 46900K .......... .......... .......... .......... .......... 83% 11,2M 3s
 46950K .......... .......... .......... .......... .......... 83% 11,1M 3s
 47000K .......... .......... .......... .......... .......... 83% 11,2M 3s
 47050K .......... .......... .......... .......... .......... 83% 11,1M 3s
 47100K .......... .......... .......... .......... .......... 83% 11,2M 3s
 47150K .......... .......... .......... .......... .......... 83% 11,5M 2s
 47200K .......... .......... .......... .......... .......... 83% 11,1M 2s
 47250K .......... .......... .......... .......... .......... 83% 11,2M 2s
 47300K .......... .......... .......... .......... .......... 83% 11,2M 2s
 47350K .......... .......... .......... .......... .......... 83% 11,2M 2s
 47400K .......... .......... .......... .......... .......... 83% 11,1M 2s
 47450K .......... .......... .......... .......... .......... 84% 11,2M 2s
 47500K .......... .......... .......... .......... .......... 84% 11,1M 2s
 47550K .......... .......... .......... .......... .......... 84% 11,2M 2s
 47600K .......... .......... .......... .......... .......... 84% 11,5M 2s
 47650K .......... .......... .......... .......... .......... 84% 11,2M 2s
 47700K .......... .......... .......... .......... .......... 84% 11,2M 2s
 47750K .......... .......... .......... .......... .......... 84% 11,2M 2s
 47800K .......... .......... .......... .......... .......... 84% 11,1M 2s
 47850K .......... .......... .......... .......... .......... 84% 11,2M 2s
 47900K .......... .......... .......... .......... .......... 84% 11,2M 2s
 47950K .......... .......... .......... .......... .......... 84% 11,2M 2s
 48000K .......... .......... .......... .......... .......... 85% 11,5M 2s
 48050K .......... .......... .......... .......... .......... 85% 11,1M 2s
 48100K .......... .......... .......... .......... .......... 85% 11,2M 2s
 48150K .......... .......... .......... .......... .......... 85% 11,1M 2s
 48200K .......... .......... .......... .......... .......... 85% 11,2M 2s
 48250K .......... .......... .......... .......... .......... 85% 11,1M 2s
 48300K .......... .......... .......... .......... .......... 85% 11,2M 2s
 48350K .......... .......... .......... .......... .......... 85% 11,1M 2s
 48400K .......... .......... .......... .......... .......... 85% 11,2M 2s
 48450K .......... .......... .......... .......... .......... 85% 11,5M 2s
 48500K .......... .......... .......... .......... .......... 85% 11,1M 2s
 48550K .......... .......... .......... .......... .......... 85% 11,2M 2s
 48600K .......... .......... .......... .......... .......... 86% 11,1M 2s
 48650K .......... .......... .......... .......... .......... 86% 11,2M 2s
 48700K .......... .......... .......... .......... .......... 86% 11,1M 2s
 48750K .......... .......... .......... .......... .......... 86% 11,2M 2s
 48800K .......... .......... .......... .......... .......... 86% 11,1M 2s
 48850K .......... .......... .......... .......... .......... 86% 11,2M 2s
 48900K .......... .......... .......... .......... .......... 86% 11,5M 2s
 48950K .......... .......... .......... .......... .......... 86% 11,1M 2s
 49000K .......... .......... .......... .......... .......... 86% 11,2M 2s
 49050K .......... .......... .......... .......... .......... 86% 11,1M 2s
 49100K .......... .......... .......... .......... .......... 86% 11,2M 2s
 49150K .......... .......... .......... .......... .......... 87% 11,2M 2s
 49200K .......... .......... .......... .......... .......... 87% 11,2M 2s
 49250K .......... .......... .......... .......... .......... 87% 11,1M 2s
 49300K .......... .......... .......... .......... .......... 87% 11,2M 2s
 49350K .......... .......... .......... .......... .......... 87% 11,5M 2s
 49400K .......... .......... .......... .......... .......... 87% 11,1M 2s
 49450K .......... .......... .......... .......... .......... 87% 11,2M 2s
 49500K .......... .......... .......... .......... .......... 87% 11,1M 2s
 49550K .......... .......... .......... .......... .......... 87% 11,2M 2s
 49600K .......... .......... .......... .......... .......... 87% 11,2M 2s
 49650K .......... .......... .......... .......... .......... 87% 11,2M 2s
 49700K .......... .......... .......... .......... .......... 88% 11,1M 2s
 49750K .......... .......... .......... .......... .......... 88% 11,2M 2s
 49800K .......... .......... .......... .......... .......... 88% 11,5M 2s
 49850K .......... .......... .......... .......... .......... 88% 11,1M 2s
 49900K .......... .......... .......... .......... .......... 88% 11,2M 2s
 49950K .......... .......... .......... .......... .......... 88% 11,2M 2s
 50000K .......... .......... .......... .......... .......... 88% 11,2M 2s
 50050K .......... .......... .......... .......... .......... 88% 11,1M 2s
 50100K .......... .......... .......... .......... .......... 88% 11,2M 2s
 50150K .......... .......... .......... .......... .......... 88% 11,1M 2s
 50200K .......... .......... .......... .......... .......... 88% 11,2M 2s
 50250K .......... .......... .......... .......... .......... 88% 11,5M 2s
 50300K .......... .......... .......... .......... .......... 89% 11,2M 2s
 50350K .......... .......... .......... .......... .......... 89% 11,2M 2s
 50400K .......... .......... .......... .......... .......... 89% 11,2M 2s
 50450K .......... .......... .......... .......... .......... 89% 11,2M 2s
 50500K .......... .......... .......... .......... .......... 89% 11,2M 2s
 50550K .......... .......... .......... .......... .......... 89% 11,2M 2s
 50600K .......... .......... .......... .......... .......... 89% 11,1M 1s
 50650K .......... .......... .......... .......... .......... 89% 11,2M 1s
 50700K .......... .......... .......... .......... .......... 89% 11,5M 1s
 50750K .......... .......... .......... .......... .......... 89% 11,1M 1s
 50800K .......... .......... .......... .......... .......... 89% 11,2M 1s
 50850K .......... .......... .......... .......... .......... 90% 11,2M 1s
 50900K .......... .......... .......... .......... .......... 90% 11,2M 1s
 50950K .......... .......... .......... .......... .......... 90% 11,1M 1s
 51000K .......... .......... .......... .......... .......... 90% 11,2M 1s
 51050K .......... .......... .......... .......... .......... 90% 11,1M 1s
 51100K .......... .......... .......... .......... .......... 90% 11,2M 1s
 51150K .......... .......... .......... .......... .......... 90% 11,5M 1s
 51200K .......... .......... .......... .......... .......... 90% 11,2M 1s
 51250K .......... .......... .......... .......... .......... 90% 11,2M 1s
 51300K .......... .......... .......... .......... .......... 90% 11,1M 1s
 51350K .......... .......... .......... .......... .......... 90% 11,2M 1s
 51400K .......... .......... .......... .......... .......... 91% 11,2M 1s
 51450K .......... .......... .......... .......... .......... 91% 11,2M 1s
 51500K .......... .......... .......... .......... .......... 91% 11,2M 1s
 51550K .......... .......... .......... .......... .......... 91% 11,2M 1s
 51600K .......... .......... .......... .......... .......... 91% 11,5M 1s
 51650K .......... .......... .......... .......... .......... 91% 11,1M 1s
 51700K .......... .......... .......... .......... .......... 91% 11,2M 1s
 51750K .......... .......... .......... .......... .......... 91% 11,1M 1s
 51800K .......... .......... .......... .......... .......... 91% 11,2M 1s
 51850K .......... .......... .......... .......... .......... 91% 11,2M 1s
 51900K .......... .......... .......... .......... .......... 91% 11,2M 1s
 51950K .......... .......... .......... .......... .......... 92% 11,1M 1s
 52000K .......... .......... .......... .......... .......... 92% 11,5M 1s
 52050K .......... .......... .......... .......... .......... 92% 11,2M 1s
 52100K .......... .......... .......... .......... .......... 92% 11,2M 1s
 52150K .......... .......... .......... .......... .......... 92% 11,2M 1s
 52200K .......... .......... .......... .......... .......... 92% 11,1M 1s
 52250K .......... .......... .......... .......... .......... 92% 11,2M 1s
 52300K .......... .......... .......... .......... .......... 92% 11,1M 1s
 52350K .......... .......... .......... .......... .......... 92% 11,2M 1s
 52400K .......... .......... .......... .......... .......... 92% 11,1M 1s
 52450K .......... .......... .......... .......... .......... 92% 11,5M 1s
 52500K .......... .......... .......... .......... .......... 92% 11,2M 1s
 52550K .......... .......... .......... .......... .......... 93% 11,1M 1s
 52600K .......... .......... .......... .......... .......... 93% 11,2M 1s
 52650K .......... .......... .......... .......... .......... 93% 11,2M 1s
 52700K .......... .......... .......... .......... .......... 93% 11,2M 1s
 52750K .......... .......... .......... .......... .......... 93% 11,1M 1s
 52800K .......... .......... .......... .......... .......... 93% 11,2M 1s
 52850K .......... .......... .......... .......... .......... 93% 11,1M 1s
 52900K .......... .......... .......... .......... .......... 93% 11,5M 1s
 52950K .......... .......... .......... .......... .......... 93% 11,2M 1s
 53000K .......... .......... .......... .......... .......... 93% 11,2M 1s
 53050K .......... .......... .......... .......... .......... 93% 11,2M 1s
 53100K .......... .......... .......... .......... .......... 94% 11,2M 1s
 53150K .......... .......... .......... .......... .......... 94% 11,2M 1s
 53200K .......... .......... .......... .......... .......... 94% 11,1M 1s
 53250K .......... .......... .......... .......... .......... 94% 11,2M 1s
 53300K .......... .......... .......... .......... .......... 94% 11,1M 1s
 53350K .......... .......... .......... .......... .......... 94% 11,5M 1s
 53400K .......... .......... .......... .......... .......... 94% 11,2M 1s
 53450K .......... .......... .......... .......... .......... 94% 11,1M 1s
 53500K .......... .......... .......... .......... .......... 94% 11,2M 1s
 53550K .......... .......... .......... .......... .......... 94% 11,1M 1s
 53600K .......... .......... .......... .......... .......... 94% 11,2M 1s
 53650K .......... .......... .......... .......... .......... 95% 11,2M 1s
 53700K .......... .......... .......... .......... .......... 95% 11,2M 1s
 53750K .......... .......... .......... .......... .......... 95% 11,1M 1s
 53800K .......... .......... .......... .......... .......... 95% 11,5M 1s
 53850K .......... .......... .......... .......... .......... 95% 11,2M 1s
 53900K .......... .......... .......... .......... .......... 95% 11,2M 1s
 53950K .......... .......... .......... .......... .......... 95% 11,2M 1s
 54000K .......... .......... .......... .......... .......... 95% 11,2M 1s
 54050K .......... .......... .......... .......... .......... 95% 11,2M 1s
 54100K .......... .......... .......... .......... .......... 95% 11,1M 1s
 54150K .......... .......... .......... .......... .......... 95% 11,2M 1s
 54200K .......... .......... .......... .......... .......... 95% 11,1M 1s
 54250K .......... .......... .......... .......... .......... 96% 11,5M 1s
 54300K .......... .......... .......... .......... .......... 96% 11,2M 1s
 54350K .......... .......... .......... .......... .......... 96% 11,1M 1s
 54400K .......... .......... .......... .......... .......... 96% 11,2M 1s
 54450K .......... .......... .......... .......... .......... 96% 11,1M 0s
 54500K .......... .......... .......... .......... .......... 96% 11,2M 0s
 54550K .......... .......... .......... .......... .......... 96% 11,1M 0s
 54600K .......... .......... .......... .......... .......... 96% 11,2M 0s
 54650K .......... .......... .......... .......... .......... 96% 11,2M 0s
 54700K .......... .......... .......... .......... .......... 96% 11,5M 0s
 54750K .......... .......... .......... .......... .......... 96% 11,2M 0s
 54800K .......... .......... .......... .......... .......... 97% 11,1M 0s
 54850K .......... .......... .......... .......... .......... 97% 11,2M 0s
 54900K .......... .......... .......... .......... .......... 97% 11,1M 0s
 54950K .......... .......... .......... .......... .......... 97% 11,2M 0s
 55000K .......... .......... .......... .......... .......... 97% 11,2M 0s
 55050K .......... .......... .......... .......... .......... 97% 11,2M 0s
 55100K .......... .......... .......... .......... .......... 97% 11,1M 0s
 55150K .......... .......... .......... .......... .......... 97% 11,5M 0s
 55200K .......... .......... .......... .......... .......... 97% 11,2M 0s
 55250K .......... .......... .......... .......... .......... 97% 11,2M 0s
 55300K .......... .......... .......... .......... .......... 97% 11,2M 0s
 55350K .......... .......... .......... .......... .......... 98% 11,2M 0s
 55400K .......... .......... .......... .......... .......... 98% 11,2M 0s
 55450K .......... .......... .......... .......... .......... 98% 11,1M 0s
 55500K .......... .......... .......... .......... .......... 98% 11,2M 0s
 55550K .......... .......... .......... .......... .......... 98% 11,1M 0s
 55600K .......... .......... .......... .......... .......... 98% 11,5M 0s
 55650K .......... .......... .......... .......... .......... 98% 11,2M 0s
 55700K .......... .......... .......... .......... .......... 98% 11,1M 0s
 55750K .......... .......... .......... .......... .......... 98% 11,2M 0s
 55800K .......... .......... .......... .......... .......... 98% 11,1M 0s
 55850K .......... .......... .......... .......... .......... 98% 11,2M 0s
 55900K .......... .......... .......... .......... .......... 98% 11,1M 0s
 55950K .......... .......... .......... .......... .......... 99% 11,2M 0s
 56000K .......... .......... .......... .......... .......... 99% 11,1M 0s
 56050K .......... .......... .......... .......... .......... 99% 11,5M 0s
 56100K .......... .......... .......... .......... .......... 99% 11,2M 0s
 56150K .......... .......... .......... .......... .......... 99% 11,2M 0s
 56200K .......... .......... .......... .......... .......... 99% 11,2M 0s
 56250K .......... .......... .......... .......... .......... 99% 11,1M 0s
 56300K .......... .......... .......... .......... .......... 99% 11,2M 0s
 56350K .......... .......... .......... .......... .......... 99% 11,1M 0s
 56400K .......... .......... .......... .......... .......... 99% 11,2M 0s
 56450K .......... .......... .......... .......... .......... 99% 11,5M 0s
 56500K .......... .......                                    100% 11,1M=13s

2014-11-21 08:26:24 (4,11 MB/s) - ‘/home/pedja/workspace/Boost-for-Android/boost_1_54_0.tar.bz2’ saved [57873778/57873778]

