##### NEW COMMAND
/usr/bin/wget -O /home/pedja/workspace/Boost-for-Android/boost_1_53_0.tar.bz2 http://downloads.sourceforge.net/project/boost/boost/1.53.0/boost_1_53_0.tar.bz2?r=http%3A%2F%2Fsourceforge.net%2Fprojects%2Fboost%2Ffiles%2Fboost%2F1.53.0%2F&ts=1291326673&use_mirror=garr
--2014-11-21 08:48:10--  http://downloads.sourceforge.net/project/boost/boost/1.53.0/boost_1_53_0.tar.bz2?r=http%3A%2F%2Fsourceforge.net%2Fprojects%2Fboost%2Ffiles%2Fboost%2F1.53.0%2F&ts=1291326673&use_mirror=garr
Resolving downloads.sourceforge.net (downloads.sourceforge.net)... 216.34.181.59
Connecting to downloads.sourceforge.net (downloads.sourceforge.net)|216.34.181.59|:80... connected.
HTTP request sent, awaiting response... 302 Found
Location: http://garr.dl.sourceforge.net/project/boost/boost/1.53.0/boost_1_53_0.tar.bz2 [following]
--2014-11-21 08:48:10--  http://garr.dl.sourceforge.net/project/boost/boost/1.53.0/boost_1_53_0.tar.bz2
Resolving garr.dl.sourceforge.net (garr.dl.sourceforge.net)... 193.206.140.34, 2001:760:ffff:b0::34
Connecting to garr.dl.sourceforge.net (garr.dl.sourceforge.net)|193.206.140.34|:80... connected.
HTTP request sent, awaiting response... 200 OK
Length: 55765258 (53M) [application/octet-stream]
Saving to: ‘/home/pedja/workspace/Boost-for-Android/boost_1_53_0.tar.bz2’

     0K .......... .......... .......... .......... ..........  0%  369K 2m27s
    50K .......... .......... .......... .......... ..........  0%  554K 2m3s
   100K .......... .......... .......... .......... ..........  0%  566K 1m54s
   150K .......... .......... .......... .......... ..........  0% 1,09M 97s
   200K .......... .......... .......... .......... ..........  0% 1,10M 87s
   250K .......... .......... .......... .......... ..........  0%  609K 88s
   300K .......... .......... .......... .......... ..........  0% 1,20M 81s
   350K .......... .......... .......... .......... ..........  0% 3,83M 73s
   400K .......... .......... .......... .......... ..........  0%  545K 76s
   450K .......... .......... .......... .......... ..........  0% 10,3M 69s
   500K .......... .......... .......... .......... ..........  1% 1,10M 67s
   550K .......... .......... .......... .......... ..........  1% 1,13M 65s
   600K .......... .......... .......... .......... ..........  1% 1,21M 63s
   650K .......... .......... .......... .......... ..........  1% 5,20M 59s
   700K .......... .......... .......... .......... ..........  1% 1,24M 58s
   750K .......... .......... .......... .......... ..........  1% 1,14M 57s
   800K .......... .......... .......... .......... ..........  1% 1,14M 57s
   850K .......... .......... .......... .......... ..........  1% 5,74M 54s
   900K .......... .......... .......... .......... ..........  1% 1,21M 53s
   950K .......... .......... .......... .......... ..........  1%  900K 54s
  1000K .......... .......... .......... .......... ..........  1% 1,18M 53s
  1050K .......... .......... .......... .......... ..........  2% 8,54M 51s
  1100K .......... .......... .......... .......... ..........  2% 1,20M 51s
  1150K .......... .......... .......... .......... ..........  2% 8,86M 49s
  1200K .......... .......... .......... .......... ..........  2% 1,25M 48s
  1250K .......... .......... .......... .......... ..........  2% 7,06M 47s
  1300K .......... .......... .......... .......... ..........  2% 1,41M 46s
  1350K .......... .......... .......... .......... ..........  2% 4,53M 45s
  1400K .......... .......... .......... .......... ..........  2% 1,38M 45s
  1450K .......... .......... .......... .......... ..........  2% 4,64M 44s
  1500K .......... .......... .......... .......... ..........  2% 1,54M 43s
  1550K .......... .......... .......... .......... ..........  2% 4,59M 42s
  1600K .......... .......... .......... .......... ..........  3% 7,35M 41s
  1650K .......... .......... .......... .......... ..........  3% 1,25M 41s
  1700K .......... .......... .......... .......... ..........  3% 1,19M 41s
  1750K .......... .......... .......... .......... ..........  3% 10,3M 40s
  1800K .......... .......... .......... .......... ..........  3% 6,31M 39s
  1850K .......... .......... .......... .......... ..........  3% 1,24M 39s
  1900K .......... .......... .......... .......... ..........  3% 9,12M 38s
  1950K .......... .......... .......... .......... ..........  3% 11,5M 37s
  2000K .......... .......... .......... .......... ..........  3% 1,14M 37s
  2050K .......... .......... .......... .......... ..........  3% 8,09M 37s
  2100K .......... .......... .......... .......... ..........  3% 1,79M 36s
  2150K .......... .......... .......... .......... ..........  4% 2,97M 36s
  2200K .......... .......... .......... .......... ..........  4% 11,0M 35s
  2250K .......... .......... .......... .......... ..........  4% 1,40M 35s
  2300K .......... .......... .......... .......... ..........  4% 4,58M 35s
  2350K .......... .......... .......... .......... ..........  4% 2,17M 34s
  2400K .......... .......... .......... .......... ..........  4% 8,56M 34s
  2450K .......... .......... .......... .......... ..........  4% 3,23M 33s
  2500K .......... .......... .......... .......... ..........  4% 2,14M 33s
  2550K .......... .......... .......... .......... ..........  4% 5,13M 33s
  2600K .......... .......... .......... .......... ..........  4% 3,05M 32s
  2650K .......... .......... .......... .......... ..........  4% 7,69M 32s
  2700K .......... .......... .......... .......... ..........  5% 2,43M 32s
  2750K .......... .......... .......... .......... ..........  5% 4,70M 31s
  2800K .......... .......... .......... .......... ..........  5% 2,91M 31s
  2850K .......... .......... .......... .......... ..........  5% 1,77M 31s
  2900K .......... .......... .......... .......... ..........  5% 11,2M 30s
  2950K .......... .......... .......... .......... ..........  5% 7,48M 30s
  3000K .......... .......... .......... .......... ..........  5% 1,94M 30s
  3050K .......... .......... .......... .......... ..........  5% 6,29M 30s
  3100K .......... .......... .......... .......... ..........  5% 5,66M 29s
  3150K .......... .......... .......... .......... ..........  5% 4,48M 29s
  3200K .......... .......... .......... .......... ..........  5% 2,63M 29s
  3250K .......... .......... .......... .......... ..........  6% 4,18M 28s
  3300K .......... .......... .......... .......... ..........  6% 4,17M 28s
  3350K .......... .......... .......... .......... ..........  6% 11,1M 28s
  3400K .......... .......... .......... .......... ..........  6% 1,61M 28s
  3450K .......... .......... .......... .......... ..........  6% 11,1M 27s
  3500K .......... .......... .......... .......... ..........  6% 5,74M 27s
  3550K .......... .......... .......... .......... ..........  6% 1,69M 27s
  3600K .......... .......... .......... .......... ..........  6% 11,2M 27s
  3650K .......... .......... .......... .......... ..........  6% 11,1M 26s
  3700K .......... .......... .......... .......... ..........  6% 7,49M 26s
  3750K .......... .......... .......... .......... ..........  6% 7,01M 26s
  3800K .......... .......... .......... .......... ..........  7% 1,47M 26s
  3850K .......... .......... .......... .......... ..........  7% 11,2M 26s
  3900K .......... .......... .......... .......... ..........  7% 11,2M 25s
  3950K .......... .......... .......... .......... ..........  7% 7,40M 25s
  4000K .......... .......... .......... .......... ..........  7% 1,69M 25s
  4050K .......... .......... .......... .......... ..........  7% 10,4M 25s
  4100K .......... .......... .......... .......... ..........  7% 7,33M 25s
  4150K .......... .......... .......... .......... ..........  7% 6,68M 24s
  4200K .......... .......... .......... .......... ..........  7% 3,66M 24s
  4250K .......... .......... .......... .......... ..........  7% 2,24M 24s
  4300K .......... .......... .......... .......... ..........  7% 11,2M 24s
  4350K .......... .......... .......... .......... ..........  8% 7,65M 24s
  4400K .......... .......... .......... .......... ..........  8% 4,50M 24s
  4450K .......... .......... .......... .......... ..........  8% 7,37M 23s
  4500K .......... .......... .......... .......... ..........  8% 5,65M 23s
  4550K .......... .......... .......... .......... ..........  8% 4,04M 23s
  4600K .......... .......... .......... .......... ..........  8% 5,07M 23s
  4650K .......... .......... .......... .......... ..........  8% 6,58M 23s
  4700K .......... .......... .......... .......... ..........  8% 4,84M 23s
  4750K .......... .......... .......... .......... ..........  8% 11,1M 22s
  4800K .......... .......... .......... .......... ..........  8% 4,18M 22s
  4850K .......... .......... .......... .......... ..........  8% 4,73M 22s
  4900K .......... .......... .......... .......... ..........  9% 4,78M 22s
  4950K .......... .......... .......... .......... ..........  9% 7,28M 22s
  5000K .......... .......... .......... .......... ..........  9% 11,1M 22s
  5050K .......... .......... .......... .......... ..........  9% 4,51M 21s
  5100K .......... .......... .......... .......... ..........  9% 5,66M 21s
  5150K .......... .......... .......... .......... ..........  9% 3,13M 21s
  5200K .......... .......... .......... .......... ..........  9% 11,1M 21s
  5250K .......... .......... .......... .......... ..........  9% 7,56M 21s
  5300K .......... .......... .......... .......... ..........  9% 4,45M 21s
  5350K .......... .......... .......... .......... ..........  9% 7,55M 21s
  5400K .......... .......... .......... .......... .......... 10% 2,43M 21s
  5450K .......... .......... .......... .......... .......... 10% 11,2M 20s
  5500K .......... .......... .......... .......... .......... 10% 8,29M 20s
  5550K .......... .......... .......... .......... .......... 10% 6,57M 20s
  5600K .......... .......... .......... .......... .......... 10% 6,71M 20s
  5650K .......... .......... .......... .......... .......... 10% 4,31M 20s
  5700K .......... .......... .......... .......... .......... 10% 5,28M 20s
  5750K .......... .......... .......... .......... .......... 10% 4,83M 20s
  5800K .......... .......... .......... .......... .......... 10% 7,06M 19s
  5850K .......... .......... .......... .......... .......... 10% 7,13M 19s
  5900K .......... .......... .......... .......... .......... 10% 10,5M 19s
  5950K .......... .......... .......... .......... .......... 11% 4,18M 19s
  6000K .......... .......... .......... .......... .......... 11% 6,65M 19s
  6050K .......... .......... .......... .......... .......... 11% 2,85M 19s
  6100K .......... .......... .......... .......... .......... 11% 11,1M 19s
  6150K .......... .......... .......... .......... .......... 11% 9,30M 19s
  6200K .......... .......... .......... .......... .......... 11% 14,0M 19s
  6250K .......... .......... .......... .......... .......... 11% 4,32M 18s
  6300K .......... .......... .......... .......... .......... 11% 3,31M 18s
  6350K .......... .......... .......... .......... .......... 11% 4,34M 18s
  6400K .......... .......... .......... .......... .......... 11% 10,8M 18s
  6450K .......... .......... .......... .......... .......... 11% 10,4M 18s
  6500K .......... .......... .......... .......... .......... 12% 11,0M 18s
  6550K .......... .......... .......... .......... .......... 12% 2,23M 18s
  6600K .......... .......... .......... .......... .......... 12% 10,9M 18s
  6650K .......... .......... .......... .......... .......... 12% 6,60M 18s
  6700K .......... .......... .......... .......... .......... 12% 7,14M 18s
  6750K .......... .......... .......... .......... .......... 12% 11,2M 18s
  6800K .......... .......... .......... .......... .......... 12% 9,53M 17s
  6850K .......... .......... .......... .......... .......... 12% 11,5M 17s
  6900K .......... .......... .......... .......... .......... 12% 3,17M 17s
  6950K .......... .......... .......... .......... .......... 12% 4,16M 17s
  7000K .......... .......... .......... .......... .......... 12% 7,64M 17s
  7050K .......... .......... .......... .......... .......... 13% 11,0M 17s
  7100K .......... .......... .......... .......... .......... 13% 5,71M 17s
  7150K .......... .......... .......... .......... .......... 13% 11,1M 17s
  7200K .......... .......... .......... .......... .......... 13% 7,12M 17s
  7250K .......... .......... .......... .......... .......... 13% 4,64M 17s
  7300K .......... .......... .......... .......... .......... 13% 6,41M 17s
  7350K .......... .......... .......... .......... .......... 13% 6,23M 16s
  7400K .......... .......... .......... .......... .......... 13% 6,19M 16s
  7450K .......... .......... .......... .......... .......... 13% 6,54M 16s
  7500K .......... .......... .......... .......... .......... 13% 7,33M 16s
  7550K .......... .......... .......... .......... .......... 13% 11,2M 16s
  7600K .......... .......... .......... .......... .......... 14% 7,21M 16s
  7650K .......... .......... .......... .......... .......... 14% 4,30M 16s
  7700K .......... .......... .......... .......... .......... 14% 4,59M 16s
  7750K .......... .......... .......... .......... .......... 14% 10,7M 16s
  7800K .......... .......... .......... .......... .......... 14% 11,0M 16s
  7850K .......... .......... .......... .......... .......... 14% 5,49M 16s
  7900K .......... .......... .......... .......... .......... 14% 7,23M 16s
  7950K .......... .......... .......... .......... .......... 14% 7,20M 16s
  8000K .......... .......... .......... .......... .......... 14% 5,42M 16s
  8050K .......... .......... .......... .......... .......... 14% 4,81M 15s
  8100K .......... .......... .......... .......... .......... 14% 11,2M 15s
  8150K .......... .......... .......... .......... .......... 15% 11,2M 15s
  8200K .......... .......... .......... .......... .......... 15% 4,25M 15s
  8250K .......... .......... .......... .......... .......... 15% 10,7M 15s
  8300K .......... .......... .......... .......... .......... 15% 7,28M 15s
  8350K .......... .......... .......... .......... .......... 15% 5,37M 15s
  8400K .......... .......... .......... .......... .......... 15% 5,30M 15s
  8450K .......... .......... .......... .......... .......... 15% 11,2M 15s
  8500K .......... .......... .......... .......... .......... 15% 11,1M 15s
  8550K .......... .......... .......... .......... .......... 15% 4,88M 15s
  8600K .......... .......... .......... .......... .......... 15% 6,83M 15s
  8650K .......... .......... .......... .......... .......... 15% 6,78M 15s
  8700K .......... .......... .......... .......... .......... 16% 11,2M 15s
  8750K .......... .......... .......... .......... .......... 16% 4,67M 15s
  8800K .......... .......... .......... .......... .......... 16% 7,27M 14s
  8850K .......... .......... .......... .......... .......... 16% 4,83M 14s
  8900K .......... .......... .......... .......... .......... 16% 7,62M 14s
  8950K .......... .......... .......... .......... .......... 16% 11,1M 14s
  9000K .......... .......... .......... .......... .......... 16% 8,18M 14s
  9050K .......... .......... .......... .......... .......... 16% 4,07M 14s
  9100K .......... .......... .......... .......... .......... 16% 7,59M 14s
  9150K .......... .......... .......... .......... .......... 16% 9,58M 14s
  9200K .......... .......... .......... .......... .......... 16% 11,2M 14s
  9250K .......... .......... .......... .......... .......... 17% 8,74M 14s
  9300K .......... .......... .......... .......... .......... 17% 6,31M 14s
  9350K .......... .......... .......... .......... .......... 17% 3,23M 14s
  9400K .......... .......... .......... .......... .......... 17% 11,1M 14s
  9450K .......... .......... .......... .......... .......... 17% 7,56M 14s
  9500K .......... .......... .......... .......... .......... 17% 11,1M 14s
  9550K .......... .......... .......... .......... .......... 17% 10,1M 14s
  9600K .......... .......... .......... .......... .......... 17% 7,11M 14s
  9650K .......... .......... .......... .......... .......... 17% 11,2M 13s
  9700K .......... .......... .......... .......... .......... 17% 7,35M 13s
  9750K .......... .......... .......... .......... .......... 17% 3,19M 13s
  9800K .......... .......... .......... .......... .......... 18% 11,2M 13s
  9850K .......... .......... .......... .......... .......... 18% 11,1M 13s
  9900K .......... .......... .......... .......... .......... 18% 10,4M 13s
  9950K .......... .......... .......... .......... .......... 18% 11,4M 13s
 10000K .......... .......... .......... .......... .......... 18% 7,11M 13s
 10050K .......... .......... .......... .......... .......... 18% 7,86M 13s
 10100K .......... .......... .......... .......... .......... 18% 11,4M 13s
 10150K .......... .......... .......... .......... .......... 18% 4,00M 13s
 10200K .......... .......... .......... .......... .......... 18% 5,88M 13s
 10250K .......... .......... .......... .......... .......... 18% 10,3M 13s
 10300K .......... .......... .......... .......... .......... 19% 9,29M 13s
 10350K .......... .......... .......... .......... .......... 19% 11,0M 13s
 10400K .......... .......... .......... .......... .......... 19% 6,90M 13s
 10450K .......... .......... .......... .......... .......... 19% 11,1M 13s
 10500K .......... .......... .......... .......... .......... 19% 10,4M 13s
 10550K .......... .......... .......... .......... .......... 19% 6,59M 13s
 10600K .......... .......... .......... .......... .......... 19% 5,69M 13s
 10650K .......... .......... .......... .......... .......... 19% 5,01M 12s
 10700K .......... .......... .......... .......... .......... 19% 11,2M 12s
 10750K .......... .......... .......... .......... .......... 19% 5,70M 12s
 10800K .......... .......... .......... .......... .......... 19% 11,1M 12s
 10850K .......... .......... .......... .......... .......... 20% 11,5M 12s
 10900K .......... .......... .......... .......... .......... 20% 11,2M 12s
 10950K .......... .......... .......... .......... .......... 20% 4,31M 12s
 11000K .......... .......... .......... .......... .......... 20% 11,1M 12s
 11050K .......... .......... .......... .......... .......... 20% 6,82M 12s
 11100K .......... .......... .......... .......... .......... 20% 6,69M 12s
 11150K .......... .......... .......... .......... .......... 20% 17,8M 12s
 11200K .......... .......... .......... .......... .......... 20% 8,29M 12s
 11250K .......... .......... .......... .......... .......... 20% 11,2M 12s
 11300K .......... .......... .......... .......... .......... 20% 8,34M 12s
 11350K .......... .......... .......... .......... .......... 20% 7,02M 12s
 11400K .......... .......... .......... .......... .......... 21% 4,50M 12s
 11450K .......... .......... .......... .......... .......... 21% 7,69M 12s
 11500K .......... .......... .......... .......... .......... 21% 10,4M 12s
 11550K .......... .......... .......... .......... .......... 21% 11,1M 12s
 11600K .......... .......... .......... .......... .......... 21% 9,09M 12s
 11650K .......... .......... .......... .......... .......... 21% 6,13M 12s
 11700K .......... .......... .......... .......... .......... 21% 11,2M 12s
 11750K .......... .......... .......... .......... .......... 21% 10,6M 12s
 11800K .......... .......... .......... .......... .......... 21% 5,59M 11s
 11850K .......... .......... .......... .......... .......... 21% 5,41M 11s
 11900K .......... .......... .......... .......... .......... 21% 11,1M 11s
 11950K .......... .......... .......... .......... .......... 22% 11,0M 11s
 12000K .......... .......... .......... .......... .......... 22% 9,58M 11s
 12050K .......... .......... .......... .......... .......... 22% 7,06M 11s
 12100K .......... .......... .......... .......... .......... 22% 11,2M 11s
 12150K .......... .......... .......... .......... .......... 22% 11,2M 11s
 12200K .......... .......... .......... .......... .......... 22% 11,3M 11s
 12250K .......... .......... .......... .......... .......... 22% 7,16M 11s
 12300K .......... .......... .......... .......... .......... 22% 5,83M 11s
 12350K .......... .......... .......... .......... .......... 22% 9,20M 11s
 12400K .......... .......... .......... .......... .......... 22% 11,2M 11s
 12450K .......... .......... .......... .......... .......... 22% 4,58M 11s
 12500K .......... .......... .......... .......... .......... 23% 11,2M 11s
 12550K .......... .......... .......... .......... .......... 23% 11,1M 11s
 12600K .......... .......... .......... .......... .......... 23% 11,2M 11s
 12650K .......... .......... .......... .......... .......... 23% 11,4M 11s
 12700K .......... .......... .......... .......... .......... 23% 6,50M 11s
 12750K .......... .......... .......... .......... .......... 23% 11,2M 11s
 12800K .......... .......... .......... .......... .......... 23% 7,47M 11s
 12850K .......... .......... .......... .......... .......... 23% 4,89M 11s
 12900K .......... .......... .......... .......... .......... 23% 11,2M 11s
 12950K .......... .......... .......... .......... .......... 23% 11,1M 11s
 13000K .......... .......... .......... .......... .......... 23% 8,77M 11s
 13050K .......... .......... .......... .......... .......... 24% 11,1M 11s
 13100K .......... .......... .......... .......... .......... 24% 11,5M 10s
 13150K .......... .......... .......... .......... .......... 24% 10,9M 10s
 13200K .......... .......... .......... .......... .......... 24% 11,2M 10s
 13250K .......... .......... .......... .......... .......... 24% 8,45M 10s
 13300K .......... .......... .......... .......... .......... 24% 6,16M 10s
 13350K .......... .......... .......... .......... .......... 24% 11,1M 10s
 13400K .......... .......... .......... .......... .......... 24% 8,45M 10s
 13450K .......... .......... .......... .......... .......... 24% 2,72M 10s
 13500K .......... .......... .......... .......... .......... 24% 11,2M 10s
 13550K .......... .......... .......... .......... .......... 24% 11,5M 10s
 13600K .......... .......... .......... .......... .......... 25% 11,2M 10s
 13650K .......... .......... .......... .......... .......... 25% 11,2M 10s
 13700K .......... .......... .......... .......... .......... 25% 11,1M 10s
 13750K .......... .......... .......... .......... .......... 25% 11,2M 10s
 13800K .......... .......... .......... .......... .......... 25% 11,2M 10s
 13850K .......... .......... .......... .......... .......... 25% 11,2M 10s
 13900K .......... .......... .......... .......... .......... 25% 4,83M 10s
 13950K .......... .......... .......... .......... .......... 25% 6,55M 10s
 14000K .......... .......... .......... .......... .......... 25% 6,51M 10s
 14050K .......... .......... .......... .......... .......... 25% 10,9M 10s
 14100K .......... .......... .......... .......... .......... 25% 11,2M 10s
 14150K .......... .......... .......... .......... .......... 26% 11,1M 10s
 14200K .......... .......... .......... .......... .......... 26% 11,2M 10s
 14250K .......... .......... .......... .......... .......... 26% 11,2M 10s
 14300K .......... .......... .......... .......... .......... 26% 11,2M 10s
 14350K .......... .......... .......... .......... .......... 26% 3,78M 10s
 14400K .......... .......... .......... .......... .......... 26% 11,1M 10s
 14450K .......... .......... .......... .......... .......... 26% 7,59M 10s
 14500K .......... .......... .......... .......... .......... 26% 16,7M 10s
 14550K .......... .......... .......... .......... .......... 26% 10,5M 10s
 14600K .......... .......... .......... .......... .......... 26% 5,55M 10s
 14650K .......... .......... .......... .......... .......... 26% 11,1M 10s
 14700K .......... .......... .......... .......... .......... 27% 11,2M 9s
 14750K .......... .......... .......... .......... .......... 27% 9,21M 9s
 14800K .......... .......... .......... .......... .......... 27% 14,1M 9s
 14850K .......... .......... .......... .......... .......... 27% 5,62M 9s
 14900K .......... .......... .......... .......... .......... 27% 11,2M 9s
 14950K .......... .......... .......... .......... .......... 27% 11,1M 9s
 15000K .......... .......... .......... .......... .......... 27% 11,2M 9s
 15050K .......... .......... .......... .......... .......... 27% 11,1M 9s
 15100K .......... .......... .......... .......... .......... 27% 11,2M 9s
 15150K .......... .......... .......... .......... .......... 27% 5,79M 9s
 15200K .......... .......... .......... .......... .......... 28% 11,2M 9s
 15250K .......... .......... .......... .......... .......... 28% 11,0M 9s
 15300K .......... .......... .......... .......... .......... 28% 11,5M 9s
 15350K .......... .......... .......... .......... .......... 28% 5,63M 9s
 15400K .......... .......... .......... .......... .......... 28% 11,1M 9s
 15450K .......... .......... .......... .......... .......... 28% 11,2M 9s
 15500K .......... .......... .......... .......... .......... 28% 11,1M 9s
 15550K .......... .......... .......... .......... .......... 28% 11,2M 9s
 15600K .......... .......... .......... .......... .......... 28% 9,62M 9s
 15650K .......... .......... .......... .......... .......... 28% 8,92M 9s
 15700K .......... .......... .......... .......... .......... 28% 11,1M 9s
 15750K .......... .......... .......... .......... .......... 29% 9,10M 9s
 15800K .......... .......... .......... .......... .......... 29% 7,23M 9s
 15850K .......... .......... .......... .......... .......... 29% 6,12M 9s
 15900K .......... .......... .......... .......... .......... 29% 8,94M 9s
 15950K .......... .......... .......... .......... .......... 29% 9,82M 9s
 16000K .......... .......... .......... .......... .......... 29% 11,2M 9s
 16050K .......... .......... .......... .......... .......... 29% 11,1M 9s
 16100K .......... .......... .......... .......... .......... 29% 11,2M 9s
 16150K .......... .......... .......... .......... .......... 29% 11,1M 9s
 16200K .......... .......... .......... .......... .......... 29% 11,1M 9s
 16250K .......... .......... .......... .......... .......... 29% 11,0M 9s
 16300K .......... .......... .......... .......... .......... 30% 11,2M 9s
 16350K .......... .......... .......... .......... .......... 30% 11,1M 9s
 16400K .......... .......... .......... .......... .......... 30% 5,43M 9s
 16450K .......... .......... .......... .......... .......... 30% 7,99M 9s
 16500K .......... .......... .......... .......... .......... 30% 11,2M 9s
 16550K .......... .......... .......... .......... .......... 30% 11,1M 8s
 16600K .......... .......... .......... .......... .......... 30% 10,9M 8s
 16650K .......... .......... .......... .......... .......... 30% 10,5M 8s
 16700K .......... .......... .......... .......... .......... 30% 11,1M 8s
 16750K .......... .......... .......... .......... .......... 30% 10,9M 8s
 16800K .......... .......... .......... .......... .......... 30% 7,63M 8s
 16850K .......... .......... .......... .......... .......... 31% 20,8M 8s
 16900K .......... .......... .......... .......... .......... 31% 5,80M 8s
 16950K .......... .......... .......... .......... .......... 31% 11,2M 8s
 17000K .......... .......... .......... .......... .......... 31% 9,56M 8s
 17050K .......... .......... .......... .......... .......... 31% 11,2M 8s
 17100K .......... .......... .......... .......... .......... 31% 10,0M 8s
 17150K .......... .......... .......... .......... .......... 31% 9,49M 8s
 17200K .......... .......... .......... .......... .......... 31% 11,2M 8s
 17250K .......... .......... .......... .......... .......... 31% 11,1M 8s
 17300K .......... .......... .......... .......... .......... 31% 11,2M 8s
 17350K .......... .......... .......... .......... .......... 31% 11,2M 8s
 17400K .......... .......... .......... .......... .......... 32% 11,2M 8s
 17450K .......... .......... .......... .......... .......... 32% 11,1M 8s
 17500K .......... .......... .......... .......... .......... 32% 10,4M 8s
 17550K .......... .......... .......... .......... .......... 32% 12,4M 8s
 17600K .......... .......... .......... .......... .......... 32% 9,43M 8s
 17650K .......... .......... .......... .......... .......... 32% 5,38M 8s
 17700K .......... .......... .......... .......... .......... 32% 11,1M 8s
 17750K .......... .......... .......... .......... .......... 32% 10,9M 8s
 17800K .......... .......... .......... .......... .......... 32% 10,7M 8s
 17850K .......... .......... .......... .......... .......... 32% 11,2M 8s
 17900K .......... .......... .......... .......... .......... 32% 11,1M 8s
 17950K .......... .......... .......... .......... .......... 33% 11,2M 8s
 18000K .......... .......... .......... .......... .......... 33% 11,5M 8s
 18050K .......... .......... .......... .......... .......... 33% 11,2M 8s
 18100K .......... .......... .......... .......... .......... 33% 11,2M 8s
 18150K .......... .......... .......... .......... .......... 33% 7,51M 8s
 18200K .......... .......... .......... .......... .......... 33% 11,2M 8s
 18250K .......... .......... .......... .......... .......... 33% 10,4M 8s
 18300K .......... .......... .......... .......... .......... 33% 5,02M 8s
 18350K .......... .......... .......... .......... .......... 33% 11,1M 8s
 18400K .......... .......... .......... .......... .......... 33% 11,2M 8s
 18450K .......... .......... .......... .......... .......... 33% 11,5M 8s
 18500K .......... .......... .......... .......... .......... 34% 11,2M 8s
 18550K .......... .......... .......... .......... .......... 34% 11,1M 8s
 18600K .......... .......... .......... .......... .......... 34% 11,1M 8s
 18650K .......... .......... .......... .......... .......... 34% 11,1M 7s
 18700K .......... .......... .......... .......... .......... 34% 11,2M 7s
 18750K .......... .......... .......... .......... .......... 34% 11,2M 7s
 18800K .......... .......... .......... .......... .......... 34% 11,2M 7s
 18850K .......... .......... .......... .......... .......... 34% 8,87M 7s
 18900K .......... .......... .......... .......... .......... 34% 11,5M 7s
 18950K .......... .......... .......... .......... .......... 34% 6,06M 7s
 19000K .......... .......... .......... .......... .......... 34% 11,9M 7s
 19050K .......... .......... .......... .......... .......... 35% 11,1M 7s
 19100K .......... .......... .......... .......... .......... 35% 11,2M 7s
 19150K .......... .......... .......... .......... .......... 35% 11,1M 7s
 19200K .......... .......... .......... .......... .......... 35% 11,2M 7s
 19250K .......... .......... .......... .......... .......... 35% 11,1M 7s
 19300K .......... .......... .......... .......... .......... 35% 11,5M 7s
 19350K .......... .......... .......... .......... .......... 35% 11,2M 7s
 19400K .......... .......... .......... .......... .......... 35% 10,9M 7s
 19450K .......... .......... .......... .......... .......... 35% 8,51M 7s
 19500K .......... .......... .......... .......... .......... 35% 10,5M 7s
 19550K .......... .......... .......... .......... .......... 35% 11,2M 7s
 19600K .......... .......... .......... .......... .......... 36% 10,9M 7s
 19650K .......... .......... .......... .......... .......... 36% 11,2M 7s
 19700K .......... .......... .......... .......... .......... 36% 11,1M 7s
 19750K .......... .......... .......... .......... .......... 36% 10,9M 7s
 19800K .......... .......... .......... .......... .......... 36% 11,2M 7s
 19850K .......... .......... .......... .......... .......... 36% 11,2M 7s
 19900K .......... .......... .......... .......... .......... 36% 11,2M 7s
 19950K .......... .......... .......... .......... .......... 36% 11,2M 7s
 20000K .......... .......... .......... .......... .......... 36% 8,04M 7s
 20050K .......... .......... .......... .......... .......... 36% 11,1M 7s
 20100K .......... .......... .......... .......... .......... 37% 11,2M 7s
 20150K .......... .......... .......... .......... .......... 37% 11,1M 7s
 20200K .......... .......... .......... .......... .......... 37% 11,5M 7s
 20250K .......... .......... .......... .......... .......... 37% 11,2M 7s
 20300K .......... .......... .......... .......... .......... 37% 11,2M 7s
 20350K .......... .......... .......... .......... .......... 37% 11,2M 7s
 20400K .......... .......... .......... .......... .......... 37% 11,2M 7s
 20450K .......... .......... .......... .......... .......... 37% 11,2M 7s
 20500K .......... .......... .......... .......... .......... 37% 11,1M 7s
 20550K .......... .......... .......... .......... .......... 37% 11,2M 7s
 20600K .......... .......... .......... .......... .......... 37% 11,2M 7s
 20650K .......... .......... .......... .......... .......... 38% 9,97M 7s
 20700K .......... .......... .......... .......... .......... 38% 11,2M 7s
 20750K .......... .......... .......... .......... .......... 38% 11,2M 7s
 20800K .......... .......... .......... .......... .......... 38% 11,2M 7s
 20850K .......... .......... .......... .......... .......... 38% 11,2M 7s
 20900K .......... .......... .......... .......... .......... 38% 11,2M 7s
 20950K .......... .......... .......... .......... .......... 38% 11,2M 7s
 21000K .......... .......... .......... .......... .......... 38% 11,2M 7s
 21050K .......... .......... .......... .......... .......... 38% 11,1M 7s
 21100K .......... .......... .......... .......... .......... 38% 11,5M 7s
 21150K .......... .......... .......... .......... .......... 38% 11,2M 7s
 21200K .......... .......... .......... .......... .......... 39% 11,2M 6s
 21250K .......... .......... .......... .......... .......... 39% 11,1M 6s
 21300K .......... .......... .......... .......... .......... 39% 11,2M 6s
 21350K .......... .......... .......... .......... .......... 39% 11,1M 6s
 21400K .......... .......... .......... .......... .......... 39% 11,2M 6s
 21450K .......... .......... .......... .......... .......... 39% 11,1M 6s
 21500K .......... .......... .......... .......... .......... 39% 11,2M 6s
 21550K .......... .......... .......... .......... .......... 39% 11,5M 6s
 21600K .......... .......... .......... .......... .......... 39% 11,2M 6s
 21650K .......... .......... .......... .......... .......... 39% 11,2M 6s
 21700K .......... .......... .......... .......... .......... 39% 11,1M 6s
 21750K .......... .......... .......... .......... .......... 40% 11,2M 6s
 21800K .......... .......... .......... .......... .......... 40% 11,1M 6s
 21850K .......... .......... .......... .......... .......... 40% 10,9M 6s
 21900K .......... .......... .......... .......... .......... 40% 11,4M 6s
 21950K .......... .......... .......... .......... .......... 40% 11,2M 6s
 22000K .......... .......... .......... .......... .......... 40% 11,5M 6s
 22050K .......... .......... .......... .......... .......... 40% 11,2M 6s
 22100K .......... .......... .......... .......... .......... 40% 10,9M 6s
 22150K .......... .......... .......... .......... .......... 40% 11,1M 6s
 22200K .......... .......... .......... .......... .......... 40% 11,2M 6s
 22250K .......... .......... .......... .......... .......... 40% 11,1M 6s
 22300K .......... .......... .......... .......... .......... 41% 6,21M 6s
 22350K .......... .......... .......... .......... .......... 41% 11,1M 6s
 22400K .......... .......... .......... .......... .......... 41% 11,2M 6s
 22450K .......... .......... .......... .......... .......... 41% 11,5M 6s
 22500K .......... .......... .......... .......... .......... 41% 11,1M 6s
 22550K .......... .......... .......... .......... .......... 41% 11,2M 6s
 22600K .......... .......... .......... .......... .......... 41% 11,1M 6s
 22650K .......... .......... .......... .......... .......... 41% 11,2M 6s
 22700K .......... .......... .......... .......... .......... 41% 11,1M 6s
 22750K .......... .......... .......... .......... .......... 41% 11,2M 6s
 22800K .......... .......... .......... .......... .......... 41% 11,1M 6s
 22850K .......... .......... .......... .......... .......... 42% 11,2M 6s
 22900K .......... .......... .......... .......... .......... 42% 11,5M 6s
 22950K .......... .......... .......... .......... .......... 42% 11,1M 6s
 23000K .......... .......... .......... .......... .......... 42% 11,2M 6s
 23050K .......... .......... .......... .......... .......... 42% 11,1M 6s
 23100K .......... .......... .......... .......... .......... 42% 11,2M 6s
 23150K .......... .......... .......... .......... .......... 42% 11,1M 6s
 23200K .......... .......... .......... .......... .......... 42% 11,2M 6s
 23250K .......... .......... .......... .......... .......... 42% 11,1M 6s
 23300K .......... .......... .......... .......... .......... 42% 11,2M 6s
 23350K .......... .......... .......... .......... .......... 42% 11,5M 6s
 23400K .......... .......... .......... .......... .......... 43% 11,1M 6s
 23450K .......... .......... .......... .......... .......... 43% 11,2M 6s
 23500K .......... .......... .......... .......... .......... 43% 11,2M 6s
 23550K .......... .......... .......... .......... .......... 43% 11,2M 6s
 23600K .......... .......... .......... .......... .......... 43% 11,1M 6s
 23650K .......... .......... .......... .......... .......... 43% 11,2M 6s
 23700K .......... .......... .......... .......... .......... 43% 11,2M 6s
 23750K .......... .......... .......... .......... .......... 43% 11,5M 6s
 23800K .......... .......... .......... .......... .......... 43% 11,2M 6s
 23850K .......... .......... .......... .......... .......... 43% 11,1M 6s
 23900K .......... .......... .......... .......... .......... 43% 11,2M 6s
 23950K .......... .......... .......... .......... .......... 44% 11,1M 6s
 24000K .......... .......... .......... .......... .......... 44% 11,2M 6s
 24050K .......... .......... .......... .......... .......... 44% 11,1M 6s
 24100K .......... .......... .......... .......... .......... 44% 9,75M 6s
 24150K .......... .......... .......... .......... .......... 44% 13,0M 6s
 24200K .......... .......... .......... .......... .......... 44% 11,5M 6s
 24250K .......... .......... .......... .......... .......... 44% 11,2M 5s
 24300K .......... .......... .......... .......... .......... 44% 11,1M 5s
 24350K .......... .......... .......... .......... .......... 44% 11,2M 5s
 24400K .......... .......... .......... .......... .......... 44% 11,1M 5s
 24450K .......... .......... .......... .......... .......... 44% 11,2M 5s
 24500K .......... .......... .......... .......... .......... 45% 11,2M 5s
 24550K .......... .......... .......... .......... .......... 45% 11,2M 5s
 24600K .......... .......... .......... .......... .......... 45% 11,1M 5s
 24650K .......... .......... .......... .......... .......... 45% 11,5M 5s
 24700K .......... .......... .......... .......... .......... 45% 11,2M 5s
 24750K .......... .......... .......... .......... .......... 45% 11,1M 5s
 24800K .......... .......... .......... .......... .......... 45% 11,2M 5s
 24850K .......... .......... .......... .......... .......... 45% 11,1M 5s
 24900K .......... .......... .......... .......... .......... 45% 11,2M 5s
 24950K .......... .......... .......... .......... .......... 45% 11,2M 5s
 25000K .......... .......... .......... .......... .......... 45% 11,1M 5s
 25050K .......... .......... .......... .......... .......... 46% 11,2M 5s
 25100K .......... .......... .......... .......... .......... 46% 11,5M 5s
 25150K .......... .......... .......... .......... .......... 46% 11,2M 5s
 25200K .......... .......... .......... .......... .......... 46% 11,2M 5s
 25250K .......... .......... .......... .......... .......... 46% 11,1M 5s
 25300K .......... .......... .......... .......... .......... 46% 11,2M 5s
 25350K .......... .......... .......... .......... .......... 46% 11,1M 5s
 25400K .......... .......... .......... .......... .......... 46% 11,2M 5s
 25450K .......... .......... .......... .......... .......... 46% 11,1M 5s
 25500K .......... .......... .......... .......... .......... 46% 11,2M 5s
 25550K .......... .......... .......... .......... .......... 47% 11,5M 5s
 25600K .......... .......... .......... .......... .......... 47% 6,46M 5s
 25650K .......... .......... .......... .......... .......... 47% 11,2M 5s
 25700K .......... .......... .......... .......... .......... 47% 11,2M 5s
 25750K .......... .......... .......... .......... .......... 47% 11,1M 5s
 25800K .......... .......... .......... .......... .......... 47% 11,2M 5s
 25850K .......... .......... .......... .......... .......... 47% 11,2M 5s
 25900K .......... .......... .......... .......... .......... 47% 11,1M 5s
 25950K .......... .......... .......... .......... .......... 47% 11,2M 5s
 26000K .......... .......... .......... .......... .......... 47% 11,5M 5s
 26050K .......... .......... .......... .......... .......... 47% 11,2M 5s
 26100K .......... .......... .......... .......... .......... 48% 11,2M 5s
 26150K .......... .......... .......... .......... .......... 48% 11,2M 5s
 26200K .......... .......... .......... .......... .......... 48% 11,2M 5s
 26250K .......... .......... .......... .......... .......... 48% 11,1M 5s
 26300K .......... .......... .......... .......... .......... 48% 11,2M 5s
 26350K .......... .......... .......... .......... .......... 48% 8,18M 5s
 26400K .......... .......... .......... .......... .......... 48% 12,8M 5s
 26450K .......... .......... .......... .......... .......... 48% 15,1M 5s
 26500K .......... .......... .......... .......... .......... 48% 11,2M 5s
 26550K .......... .......... .......... .......... .......... 48% 11,2M 5s
 26600K .......... .......... .......... .......... .......... 48% 11,1M 5s
 26650K .......... .......... .......... .......... .......... 49% 11,2M 5s
 26700K .......... .......... .......... .......... .......... 49% 11,1M 5s
 26750K .......... .......... .......... .......... .......... 49% 11,2M 5s
 26800K .......... .......... .......... .......... .......... 49% 11,1M 5s
 26850K .......... .......... .......... .......... .......... 49% 11,2M 5s
 26900K .......... .......... .......... .......... .......... 49% 11,5M 5s
 26950K .......... .......... .......... .......... .......... 49% 11,1M 5s
 27000K .......... .......... .......... .......... .......... 49% 11,2M 5s
 27050K .......... .......... .......... .......... .......... 49% 11,1M 5s
 27100K .......... .......... .......... .......... .......... 49% 11,2M 5s
 27150K .......... .......... .......... .......... .......... 49% 11,1M 5s
 27200K .......... .......... .......... .......... .......... 50% 11,2M 5s
 27250K .......... .......... .......... .......... .......... 50% 11,1M 5s
 27300K .......... .......... .......... .......... .......... 50% 11,2M 5s
 27350K .......... .......... .......... .......... .......... 50% 7,38M 5s
 27400K .......... .......... .......... .......... .......... 50% 24,2M 5s
 27450K .......... .......... .......... .......... .......... 50% 11,2M 5s
 27500K .......... .......... .......... .......... .......... 50% 11,1M 5s
 27550K .......... .......... .......... .......... .......... 50% 11,2M 5s
 27600K .......... .......... .......... .......... .......... 50% 10,5M 5s
 27650K .......... .......... .......... .......... .......... 50% 5,28M 5s
 27700K .......... .......... .......... .......... .......... 50% 72,9M 5s
 27750K .......... .......... .......... .......... .......... 51% 16,6M 5s
 27800K .......... .......... .......... .......... .......... 51% 11,5M 5s
 27850K .......... .......... .......... .......... .......... 51% 11,2M 5s
 27900K .......... .......... .......... .......... .......... 51% 11,2M 4s
 27950K .......... .......... .......... .......... .......... 51% 11,1M 4s
 28000K .......... .......... .......... .......... .......... 51% 11,2M 4s
 28050K .......... .......... .......... .......... .......... 51% 11,2M 4s
 28100K .......... .......... .......... .......... .......... 51% 11,2M 4s
 28150K .......... .......... .......... .......... .......... 51% 11,2M 4s
 28200K .......... .......... .......... .......... .......... 51% 11,5M 4s
 28250K .......... .......... .......... .......... .......... 51% 11,2M 4s
 28300K .......... .......... .......... .......... .......... 52% 11,1M 4s
 28350K .......... .......... .......... .......... .......... 52% 11,2M 4s
 28400K .......... .......... .......... .......... .......... 52% 11,1M 4s
 28450K .......... .......... .......... .......... .......... 52% 11,2M 4s
 28500K .......... .......... .......... .......... .......... 52% 11,2M 4s
 28550K .......... .......... .......... .......... .......... 52% 11,2M 4s
 28600K .......... .......... .......... .......... .......... 52% 11,2M 4s
 28650K .......... .......... .......... .......... .......... 52% 8,28M 4s
 28700K .......... .......... .......... .......... .......... 52% 17,9M 4s
 28750K .......... .......... .......... .......... .......... 52% 11,1M 4s
 28800K .......... .......... .......... .......... .......... 52% 11,2M 4s
 28850K .......... .......... .......... .......... .......... 53% 11,1M 4s
 28900K .......... .......... .......... .......... .......... 53% 11,2M 4s
 28950K .......... .......... .......... .......... .......... 53% 11,1M 4s
 29000K .......... .......... .......... .......... .......... 53% 11,2M 4s
 29050K .......... .......... .......... .......... .......... 53% 11,1M 4s
 29100K .......... .......... .......... .......... .......... 53% 11,5M 4s
 29150K .......... .......... .......... .......... .......... 53% 11,2M 4s
 29200K .......... .......... .......... .......... .......... 53% 11,1M 4s
 29250K .......... .......... .......... .......... .......... 53% 11,2M 4s
 29300K .......... .......... .......... .......... .......... 53% 11,1M 4s
 29350K .......... .......... .......... .......... .......... 53% 11,2M 4s
 29400K .......... .......... .......... .......... .......... 54% 11,2M 4s
 29450K .......... .......... .......... .......... .......... 54% 11,2M 4s
 29500K .......... .......... .......... .......... .......... 54% 11,2M 4s
 29550K .......... .......... .......... .......... .......... 54% 11,5M 4s
 29600K .......... .......... .......... .......... .......... 54% 11,2M 4s
 29650K .......... .......... .......... .......... .......... 54% 11,1M 4s
 29700K .......... .......... .......... .......... .......... 54% 11,2M 4s
 29750K .......... .......... .......... .......... .......... 54% 11,1M 4s
 29800K .......... .......... .......... .......... .......... 54% 11,2M 4s
 29850K .......... .......... .......... .......... .......... 54% 11,2M 4s
 29900K .......... .......... .......... .......... .......... 54% 11,2M 4s
 29950K .......... .......... .......... .......... .......... 55% 11,2M 4s
 30000K .......... .......... .......... .......... .......... 55% 11,5M 4s
 30050K .......... .......... .......... .......... .......... 55% 11,2M 4s
 30100K .......... .......... .......... .......... .......... 55% 11,1M 4s
 30150K .......... .......... .......... .......... .......... 55% 11,2M 4s
 30200K .......... .......... .......... .......... .......... 55% 11,2M 4s
 30250K .......... .......... .......... .......... .......... 55% 11,2M 4s
 30300K .......... .......... .......... .......... .......... 55% 11,2M 4s
 30350K .......... .......... .......... .......... .......... 55% 11,2M 4s
 30400K .......... .......... .......... .......... .......... 55% 11,1M 4s
 30450K .......... .......... .......... .......... .......... 56% 11,5M 4s
 30500K .......... .......... .......... .......... .......... 56% 11,2M 4s
 30550K .......... .......... .......... .......... .......... 56% 11,2M 4s
 30600K .......... .......... .......... .......... .......... 56% 11,2M 4s
 30650K .......... .......... .......... .......... .......... 56% 11,2M 4s
 30700K .......... .......... .......... .......... .......... 56% 11,2M 4s
 30750K .......... .......... .......... .......... .......... 56% 11,2M 4s
 30800K .......... .......... .......... .......... .......... 56% 11,2M 4s
 30850K .......... .......... .......... .......... .......... 56% 11,1M 4s
 30900K .......... .......... .......... .......... .......... 56% 11,5M 4s
 30950K .......... .......... .......... .......... .......... 56% 8,31M 4s
 31000K .......... .......... .......... .......... .......... 57% 16,9M 4s
 31050K .......... .......... .......... .......... .......... 57% 11,2M 4s
 31100K .......... .......... .......... .......... .......... 57% 11,1M 4s
 31150K .......... .......... .......... .......... .......... 57% 11,2M 4s
 31200K .......... .......... .......... .......... .......... 57% 11,1M 4s
 31250K .......... .......... .......... .......... .......... 57% 11,2M 4s
 31300K .......... .......... .......... .......... .......... 57% 11,1M 4s
 31350K .......... .......... .......... .......... .......... 57% 11,5M 4s
 31400K .......... .......... .......... .......... .......... 57% 11,2M 4s
 31450K .......... .......... .......... .......... .......... 57% 11,1M 4s
 31500K .......... .......... .......... .......... .......... 57% 11,2M 4s
 31550K .......... .......... .......... .......... .......... 58% 11,2M 4s
 31600K .......... .......... .......... .......... .......... 58% 11,2M 4s
 31650K .......... .......... .......... .......... .......... 58% 11,1M 4s
 31700K .......... .......... .......... .......... .......... 58% 11,2M 4s
 31750K .......... .......... .......... .......... .......... 58% 11,2M 4s
 31800K .......... .......... .......... .......... .......... 58% 11,5M 4s
 31850K .......... .......... .......... .......... .......... 58% 11,2M 4s
 31900K .......... .......... .......... .......... .......... 58% 11,2M 4s
 31950K .......... .......... .......... .......... .......... 58% 8,89M 4s
 32000K .......... .......... .......... .......... .......... 58% 15,0M 4s
 32050K .......... .......... .......... .......... .......... 58% 11,2M 4s
 32100K .......... .......... .......... .......... .......... 59% 11,1M 4s
 32150K .......... .......... .......... .......... .......... 59% 11,2M 4s
 32200K .......... .......... .......... .......... .......... 59% 11,5M 4s
 32250K .......... .......... .......... .......... .......... 59% 11,1M 4s
 32300K .......... .......... .......... .......... .......... 59% 10,3M 4s
 32350K .......... .......... .......... .......... .......... 59% 12,2M 3s
 32400K .......... .......... .......... .......... .......... 59% 11,2M 3s
 32450K .......... .......... .......... .......... .......... 59% 11,1M 3s
 32500K .......... .......... .......... .......... .......... 59% 11,2M 3s
 32550K .......... .......... .......... .......... .......... 59% 11,2M 3s
 32600K .......... .......... .......... .......... .......... 59% 11,2M 3s
 32650K .......... .......... .......... .......... .......... 60% 11,5M 3s
 32700K .......... .......... .......... .......... .......... 60% 11,1M 3s
 32750K .......... .......... .......... .......... .......... 60% 11,2M 3s
 32800K .......... .......... .......... .......... .......... 60% 11,2M 3s
 32850K .......... .......... .......... .......... .......... 60% 11,1M 3s
 32900K .......... .......... .......... .......... .......... 60% 11,2M 3s
 32950K .......... .......... .......... .......... .......... 60% 11,2M 3s
 33000K .......... .......... .......... .......... .......... 60% 11,2M 3s
 33050K .......... .......... .......... .......... .......... 60% 11,1M 3s
 33100K .......... .......... .......... .......... .......... 60% 11,5M 3s
 33150K .......... .......... .......... .......... .......... 60% 11,2M 3s
 33200K .......... .......... .......... .......... .......... 61% 11,1M 3s
 33250K .......... .......... .......... .......... .......... 61% 11,2M 3s
 33300K .......... .......... .......... .......... .......... 61% 10,2M 3s
 33350K .......... .......... .......... .......... .......... 61% 12,4M 3s
 33400K .......... .......... .......... .......... .......... 61% 11,1M 3s
 33450K .......... .......... .......... .......... .......... 61% 11,2M 3s
 33500K .......... .......... .......... .......... .......... 61% 11,2M 3s
 33550K .......... .......... .......... .......... .......... 61% 11,5M 3s
 33600K .......... .......... .......... .......... .......... 61% 11,1M 3s
 33650K .......... .......... .......... .......... .......... 61% 11,2M 3s
 33700K .......... .......... .......... .......... .......... 61% 11,1M 3s
 33750K .......... .......... .......... .......... .......... 62% 11,2M 3s
 33800K .......... .......... .......... .......... .......... 62% 11,1M 3s
 33850K .......... .......... .......... .......... .......... 62% 11,2M 3s
 33900K .......... .......... .......... .......... .......... 62% 11,1M 3s
 33950K .......... .......... .......... .......... .......... 62% 11,2M 3s
 34000K .......... .......... .......... .......... .......... 62% 11,5M 3s
 34050K .......... .......... .......... .......... .......... 62% 11,1M 3s
 34100K .......... .......... .......... .......... .......... 62% 11,2M 3s
 34150K .......... .......... .......... .......... .......... 62% 11,2M 3s
 34200K .......... .......... .......... .......... .......... 62% 11,2M 3s
 34250K .......... .......... .......... .......... .......... 62% 11,2M 3s
 34300K .......... .......... .......... .......... .......... 63% 11,2M 3s
 34350K .......... .......... .......... .......... .......... 63% 11,2M 3s
 34400K .......... .......... .......... .......... .......... 63% 11,2M 3s
 34450K .......... .......... .......... .......... .......... 63% 11,5M 3s
 34500K .......... .......... .......... .......... .......... 63% 11,2M 3s
 34550K .......... .......... .......... .......... .......... 63% 11,2M 3s
 34600K .......... .......... .......... .......... .......... 63% 11,1M 3s
 34650K .......... .......... .......... .......... .......... 63% 11,2M 3s
 34700K .......... .......... .......... .......... .......... 63% 11,1M 3s
 34750K .......... .......... .......... .......... .......... 63% 11,2M 3s
 34800K .......... .......... .......... .......... .......... 63% 11,1M 3s
 34850K .......... .......... .......... .......... .......... 64% 11,2M 3s
 34900K .......... .......... .......... .......... .......... 64% 11,5M 3s
 34950K .......... .......... .......... .......... .......... 64% 11,2M 3s
 35000K .......... .......... .......... .......... .......... 64% 11,2M 3s
 35050K .......... .......... .......... .......... .......... 64% 11,2M 3s
 35100K .......... .......... .......... .......... .......... 64% 11,1M 3s
 35150K .......... .......... .......... .......... .......... 64% 11,2M 3s
 35200K .......... .......... .......... .......... .......... 64% 11,2M 3s
 35250K .......... .......... .......... .......... .......... 64% 11,2M 3s
 35300K .......... .......... .......... .......... .......... 64% 11,2M 3s
 35350K .......... .......... .......... .......... .......... 65% 11,5M 3s
 35400K .......... .......... .......... .......... .......... 65% 11,2M 3s
 35450K .......... .......... .......... .......... .......... 65% 11,1M 3s
 35500K .......... .......... .......... .......... .......... 65% 9,62M 3s
 35550K .......... .......... .......... .......... .......... 65% 9,93M 3s
 35600K .......... .......... .......... .......... .......... 65% 15,6M 3s
 35650K .......... .......... .......... .......... .......... 65% 11,2M 3s
 35700K .......... .......... .......... .......... .......... 65% 11,2M 3s
 35750K .......... .......... .......... .......... .......... 65% 11,2M 3s
 35800K .......... .......... .......... .......... .......... 65% 11,5M 3s
 35850K .......... .......... .......... .......... .......... 65% 11,1M 3s
 35900K .......... .......... .......... .......... .......... 66% 11,2M 3s
 35950K .......... .......... .......... .......... .......... 66% 11,1M 3s
 36000K .......... .......... .......... .......... .......... 66% 11,2M 3s
 36050K .......... .......... .......... .......... .......... 66% 11,2M 3s
 36100K .......... .......... .......... .......... .......... 66% 11,2M 3s
 36150K .......... .......... .......... .......... .......... 66% 11,2M 3s
 36200K .......... .......... .......... .......... .......... 66% 11,2M 3s
 36250K .......... .......... .......... .......... .......... 66% 11,5M 3s
 36300K .......... .......... .......... .......... .......... 66% 11,1M 3s
 36350K .......... .......... .......... .......... .......... 66% 11,2M 3s
 36400K .......... .......... .......... .......... .......... 66%  692K 3s
 36450K .......... .......... .......... .......... .......... 67%  646K 3s
 36500K .......... .......... .......... .......... .......... 67%  234M 3s
 36550K .......... .......... .......... .......... .......... 67%  269M 3s
 36600K .......... .......... .......... .......... .......... 67%  260M 3s
 36650K .......... .......... .......... .......... .......... 67%  232M 3s
 36700K .......... .......... .......... .......... .......... 67%  283M 3s
 36750K .......... .......... .......... .......... .......... 67%  271M 3s
 36800K .......... .......... .......... .......... .......... 67%  293M 3s
 36850K .......... .......... .......... .......... .......... 67%  228M 3s
 36900K .......... .......... .......... .......... .......... 67%  266M 3s
 36950K .......... .......... .......... .......... .......... 67%  279M 3s
 37000K .......... .......... .......... .......... .......... 68%  257M 3s
 37050K .......... .......... .......... .......... .......... 68%  255M 3s
 37100K .......... .......... .......... .......... .......... 68%  257M 3s
 37150K .......... .......... .......... .......... .......... 68%  269M 3s
 37200K .......... .......... .......... .......... .......... 68%  280M 3s
 37250K .......... .......... .......... .......... .......... 68%  233M 3s
 37300K .......... .......... .......... .......... .......... 68% 5,87M 3s
 37350K .......... .......... .......... .......... .......... 68%  121M 3s
 37400K .......... .......... .......... .......... .......... 68%  119M 3s
 37450K .......... .......... .......... .......... .......... 68%  113M 3s
 37500K .......... .......... .......... .......... .......... 68% 99,8M 3s
 37550K .......... .......... .......... .......... .......... 69% 78,0M 3s
 37600K .......... .......... .......... .......... .......... 69% 74,9M 3s
 37650K .......... .......... .......... .......... .......... 69% 73,5M 3s
 37700K .......... .......... .......... .......... .......... 69% 73,5M 2s
 37750K .......... .......... .......... .......... .......... 69% 64,3M 2s
 37800K .......... .......... .......... .......... .......... 69% 81,4M 2s
 37850K .......... .......... .......... .......... .......... 69%  115M 2s
 37900K .......... .......... .......... .......... .......... 69%  117M 2s
 37950K .......... .......... .......... .......... .......... 69%  828K 2s
 38000K .......... .......... .......... .......... .......... 69% 11,5M 2s
 38050K .......... .......... .......... .......... .......... 69% 11,2M 2s
 38100K .......... .......... .......... .......... .......... 70% 11,2M 2s
 38150K .......... .......... .......... .......... .......... 70%  682K 2s
 38200K .......... .......... .......... .......... .......... 70% 1,03M 2s
 38250K .......... .......... .......... .......... .......... 70%  966K 2s
 38300K .......... .......... .......... .......... .......... 70% 1,05M 2s
 38350K .......... .......... .......... .......... .......... 70% 1,08M 3s
 38400K .......... .......... .......... .......... .......... 70% 1009K 3s
 38450K .......... .......... .......... .......... .......... 70% 1,07M 3s
 38500K .......... .......... .......... .......... .......... 70% 1,53M 3s
 38550K .......... .......... .......... .......... .......... 70% 2,79M 3s
 38600K .......... .......... .......... .......... .......... 70% 1,10M 3s
 38650K .......... .......... .......... .......... .......... 71% 1,10M 3s
 38700K .......... .......... .......... .......... .......... 71% 5,64M 3s
 38750K .......... .......... .......... .......... .......... 71% 1,03M 3s
 38800K .......... .......... .......... .......... .......... 71% 1,08M 3s
 38850K .......... .......... .......... .......... .......... 71% 2,27M 3s
 38900K .......... .......... .......... .......... .......... 71% 1,95M 3s
 38950K .......... .......... .......... .......... .......... 71% 2,13M 3s
 39000K .......... .......... .......... .......... .......... 71% 2,14M 3s
 39050K .......... .......... .......... .......... .......... 71% 1,88M 3s
 39100K .......... .......... .......... .......... .......... 71% 1,21M 3s
 39150K .......... .......... .......... .......... .......... 71% 11,2M 3s
 39200K .......... .......... .......... .......... .......... 72% 1,12M 3s
 39250K .......... .......... .......... .......... .......... 72% 11,2M 3s
 39300K .......... .......... .......... .......... .......... 72% 1,19M 3s
 39350K .......... .......... .......... .......... .......... 72% 9,49M 3s
 39400K .......... .......... .......... .......... .......... 72% 1,26M 3s
 39450K .......... .......... .......... .......... .......... 72% 6,28M 3s
 39500K .......... .......... .......... .......... .......... 72% 11,1M 2s
 39550K .......... .......... .......... .......... .......... 72% 1,16M 3s
 39600K .......... .......... .......... .......... .......... 72% 11,1M 2s
 39650K .......... .......... .......... .......... .......... 72% 9,64M 2s
 39700K .......... .......... .......... .......... .......... 72% 1,27M 2s
 39750K .......... .......... .......... .......... .......... 73% 6,10M 2s
 39800K .......... .......... .......... .......... .......... 73% 1,22M 2s
 39850K .......... .......... .......... .......... .......... 73% 11,0M 2s
 39900K .......... .......... .......... .......... .......... 73% 7,19M 2s
 39950K .......... .......... .......... .......... .......... 73% 1,30M 2s
 40000K .......... .......... .......... .......... .......... 73% 5,67M 2s
 40050K .......... .......... .......... .......... .......... 73% 11,1M 2s
 40100K .......... .......... .......... .......... .......... 73% 1,58M 2s
 40150K .......... .......... .......... .......... .......... 73% 3,58M 2s
 40200K .......... .......... .......... .......... .......... 73% 2,07M 2s
 40250K .......... .......... .......... .......... .......... 74% 5,19M 2s
 40300K .......... .......... .......... .......... .......... 74% 4,48M 2s
 40350K .......... .......... .......... .......... .......... 74% 1,85M 2s
 40400K .......... .......... .......... .......... .......... 74% 4,85M 2s
 40450K .......... .......... .......... .......... .......... 74% 7,05M 2s
 40500K .......... .......... .......... .......... .......... 74% 1,27M 2s
 40550K .......... .......... .......... .......... .......... 74% 11,2M 2s
 40600K .......... .......... .......... .......... .......... 74% 7,76M 2s
 40650K .......... .......... .......... .......... .......... 74% 1,76M 2s
 40700K .......... .......... .......... .......... .......... 74% 3,46M 2s
 40750K .......... .......... .......... .......... .......... 74% 11,1M 2s
 40800K .......... .......... .......... .......... .......... 75% 1,78M 2s
 40850K .......... .......... .......... .......... .......... 75% 5,02M 2s
 40900K .......... .......... .......... .......... .......... 75% 1,52M 2s
 40950K .......... .......... .......... .......... .......... 75% 7,54M 2s
 41000K .......... .......... .......... .......... .......... 75% 9,98M 2s
 41050K .......... .......... .......... .......... .......... 75% 7,25M 2s
 41100K .......... .......... .......... .......... .......... 75% 1,49M 2s
 41150K .......... .......... .......... .......... .......... 75% 5,93M 2s
 41200K .......... .......... .......... .......... .......... 75% 11,2M 2s
 41250K .......... .......... .......... .......... .......... 75% 11,1M 2s
 41300K .......... .......... .......... .......... .......... 75% 1,62M 2s
 41350K .......... .......... .......... .......... .......... 76% 5,03M 2s
 41400K .......... .......... .......... .......... .......... 76% 11,2M 2s
 41450K .......... .......... .......... .......... .......... 76% 10,6M 2s
 41500K .......... .......... .......... .......... .......... 76% 1,69M 2s
 41550K .......... .......... .......... .......... .......... 76% 5,40M 2s
 41600K .......... .......... .......... .......... .......... 76% 7,61M 2s
 41650K .......... .......... .......... .......... .......... 76% 1,62M 2s
 41700K .......... .......... .......... .......... .......... 76% 11,1M 2s
 41750K .......... .......... .......... .......... .......... 76% 8,87M 2s
 41800K .......... .......... .......... .......... .......... 76% 5,74M 2s
 41850K .......... .......... .......... .......... .......... 76% 1,85M 2s
 41900K .......... .......... .......... .......... .......... 77% 10,5M 2s
 41950K .......... .......... .......... .......... .......... 77% 11,2M 2s
 42000K .......... .......... .......... .......... .......... 77% 8,42M 2s
 42050K .......... .......... .......... .......... .......... 77% 1,56M 2s
 42100K .......... .......... .......... .......... .......... 77% 7,40M 2s
 42150K .......... .......... .......... .......... .......... 77% 11,1M 2s
 42200K .......... .......... .......... .......... .......... 77% 11,2M 2s
 42250K .......... .......... .......... .......... .......... 77% 1,68M 2s
 42300K .......... .......... .......... .......... .......... 77% 7,54M 2s
 42350K .......... .......... .......... .......... .......... 77% 6,95M 2s
 42400K .......... .......... .......... .......... .......... 77% 11,5M 2s
 42450K .......... .......... .......... .......... .......... 78% 4,15M 2s
 42500K .......... .......... .......... .......... .......... 78% 2,71M 2s
 42550K .......... .......... .......... .......... .......... 78% 10,0M 2s
 42600K .......... .......... .......... .......... .......... 78% 6,45M 2s
 42650K .......... .......... .......... .......... .......... 78% 10,4M 2s
 42700K .......... .......... .......... .......... .......... 78% 4,92M 2s
 42750K .......... .......... .......... .......... .......... 78% 2,50M 2s
 42800K .......... .......... .......... .......... .......... 78% 9,97M 2s
 42850K .......... .......... .......... .......... .......... 78% 10,4M 2s
 42900K .......... .......... .......... .......... .......... 78% 11,5M 2s
 42950K .......... .......... .......... .......... .......... 78% 5,95M 2s
 43000K .......... .......... .......... .......... .......... 79% 1,88M 2s
 43050K .......... .......... .......... .......... .......... 79% 8,38M 2s
 43100K .......... .......... .......... .......... .......... 79% 11,1M 2s
 43150K .......... .......... .......... .......... .......... 79% 11,3M 2s
 43200K .......... .......... .......... .......... .......... 79% 11,1M 2s
 43250K .......... .......... .......... .......... .......... 79% 6,87M 2s
 43300K .......... .......... .......... .......... .......... 79% 1,68M 2s
 43350K .......... .......... .......... .......... .......... 79% 11,5M 2s
 43400K .......... .......... .......... .......... .......... 79% 11,2M 2s
 43450K .......... .......... .......... .......... .......... 79% 11,0M 2s
 43500K .......... .......... .......... .......... .......... 79% 9,76M 2s
 43550K .......... .......... .......... .......... .......... 80% 12,8M 2s
 43600K .......... .......... .......... .......... .......... 80% 1,82M 2s
 43650K .......... .......... .......... .......... .......... 80% 12,7M 2s
 43700K .......... .......... .......... .......... .......... 80% 7,18M 2s
 43750K .......... .......... .......... .......... .......... 80% 11,1M 2s
 43800K .......... .......... .......... .......... .......... 80% 10,8M 2s
 43850K .......... .......... .......... .......... .......... 80% 2,25M 2s
 43900K .......... .......... .......... .......... .......... 80% 8,14M 2s
 43950K .......... .......... .......... .......... .......... 80% 6,94M 2s
 44000K .......... .......... .......... .......... .......... 80% 11,1M 2s
 44050K .......... .......... .......... .......... .......... 80% 11,1M 2s
 44100K .......... .......... .......... .......... .......... 81% 7,56M 2s
 44150K .......... .......... .......... .......... .......... 81% 2,77M 2s
 44200K .......... .......... .......... .......... .......... 81% 7,17M 2s
 44250K .......... .......... .......... .......... .......... 81% 11,5M 2s
 44300K .......... .......... .......... .......... .......... 81% 7,32M 2s
 44350K .......... .......... .......... .......... .......... 81% 6,86M 2s
 44400K .......... .......... .......... .......... .......... 81% 11,4M 2s
 44450K .......... .......... .......... .......... .......... 81% 4,03M 2s
 44500K .......... .......... .......... .......... .......... 81% 7,51M 2s
 44550K .......... .......... .......... .......... .......... 81% 4,43M 2s
 44600K .......... .......... .......... .......... .......... 81% 7,35M 2s
 44650K .......... .......... .......... .......... .......... 82% 5,78M 2s
 44700K .......... .......... .......... .......... .......... 82% 11,5M 2s
 44750K .......... .......... .......... .......... .......... 82% 11,2M 2s
 44800K .......... .......... .......... .......... .......... 82% 6,22M 2s
 44850K .......... .......... .......... .......... .......... 82% 9,33M 2s
 44900K .......... .......... .......... .......... .......... 82% 3,21M 2s
 44950K .......... .......... .......... .......... .......... 82% 11,2M 2s
 45000K .......... .......... .......... .......... .......... 82% 11,2M 2s
 45050K .......... .......... .......... .......... .......... 82% 9,08M 2s
 45100K .......... .......... .......... .......... .......... 82% 4,53M 2s
 45150K .......... .......... .......... .......... .......... 82% 11,5M 2s
 45200K .......... .......... .......... .......... .......... 83% 11,1M 2s
 45250K .......... .......... .......... .......... .......... 83% 6,60M 2s
 45300K .......... .......... .......... .......... .......... 83% 4,76M 2s
 45350K .......... .......... .......... .......... .......... 83% 8,31M 2s
 45400K .......... .......... .......... .......... .......... 83% 11,2M 2s
 45450K .......... .......... .......... .......... .......... 83% 4,13M 2s
 45500K .......... .......... .......... .......... .......... 83% 11,3M 2s
 45550K .......... .......... .......... .......... .......... 83% 9,04M 2s
 45600K .......... .......... .......... .......... .......... 83% 7,45M 2s
 45650K .......... .......... .......... .......... .......... 83% 11,1M 2s
 45700K .......... .......... .......... .......... .......... 84% 7,09M 2s
 45750K .......... .......... .......... .......... .......... 84% 5,84M 2s
 45800K .......... .......... .......... .......... .......... 84% 8,74M 2s
 45850K .......... .......... .......... .......... .......... 84% 7,10M 1s
 45900K .......... .......... .......... .......... .......... 84% 9,36M 1s
 45950K .......... .......... .......... .......... .......... 84% 7,91M 1s
 46000K .......... .......... .......... .......... .......... 84% 4,80M 1s
 46050K .......... .......... .......... .......... .......... 84% 16,0M 1s
 46100K .......... .......... .......... .......... .......... 84% 11,2M 1s
 46150K .......... .......... .......... .......... .......... 84% 6,83M 1s
 46200K .......... .......... .......... .......... .......... 84% 7,99M 1s
 46250K .......... .......... .......... .......... .......... 85% 6,64M 1s
 46300K .......... .......... .......... .......... .......... 85% 7,57M 1s
 46350K .......... .......... .......... .......... .......... 85% 10,0M 1s
 46400K .......... .......... .......... .......... .......... 85% 7,36M 1s
 46450K .......... .......... .......... .......... .......... 85% 7,75M 1s
 46500K .......... .......... .......... .......... .......... 85% 5,51M 1s
 46550K .......... .......... .......... .......... .......... 85% 11,2M 1s
 46600K .......... .......... .......... .......... .......... 85% 11,2M 1s
 46650K .......... .......... .......... .......... .......... 85% 11,2M 1s
 46700K .......... .......... .......... .......... .......... 85% 4,81M 1s
 46750K .......... .......... .......... .......... .......... 85% 7,64M 1s
 46800K .......... .......... .......... .......... .......... 86% 11,2M 1s
 46850K .......... .......... .......... .......... .......... 86% 6,32M 1s
 46900K .......... .......... .......... .......... .......... 86% 8,01M 1s
 46950K .......... .......... .......... .......... .......... 86% 7,21M 1s
 47000K .......... .......... .......... .......... .......... 86% 11,2M 1s
 47050K .......... .......... .......... .......... .......... 86% 11,1M 1s
 47100K .......... .......... .......... .......... .......... 86% 11,2M 1s
 47150K .......... .......... .......... .......... .......... 86% 4,20M 1s
 47200K .......... .......... .......... .......... .......... 86% 6,38M 1s
 47250K .......... .......... .......... .......... .......... 86% 5,48M 1s
 47300K .......... .......... .......... .......... .......... 86% 10,5M 1s
 47350K .......... .......... .......... .......... .......... 87% 11,5M 1s
 47400K .......... .......... .......... .......... .......... 87% 11,1M 1s
 47450K .......... .......... .......... .......... .......... 87% 11,2M 1s
 47500K .......... .......... .......... .......... .......... 87% 11,2M 1s
 47550K .......... .......... .......... .......... .......... 87% 5,07M 1s
 47600K .......... .......... .......... .......... .......... 87% 6,58M 1s
 47650K .......... .......... .......... .......... .......... 87% 4,83M 1s
 47700K .......... .......... .......... .......... .......... 87% 11,3M 1s
 47750K .......... .......... .......... .......... .......... 87% 11,1M 1s
 47800K .......... .......... .......... .......... .......... 87% 7,27M 1s
 47850K .......... .......... .......... .......... .......... 87% 11,1M 1s
 47900K .......... .......... .......... .......... .......... 88% 10,7M 1s
 47950K .......... .......... .......... .......... .......... 88% 8,07M 1s
 48000K .......... .......... .......... .......... .......... 88% 8,77M 1s
 48050K .......... .......... .......... .......... .......... 88% 6,37M 1s
 48100K .......... .......... .......... .......... .......... 88% 4,54M 1s
 48150K .......... .......... .......... .......... .......... 88% 8,01M 1s
 48200K .......... .......... .......... .......... .......... 88% 11,2M 1s
 48250K .......... .......... .......... .......... .......... 88% 11,5M 1s
 48300K .......... .......... .......... .......... .......... 88% 10,6M 1s
 48350K .......... .......... .......... .......... .......... 88% 6,69M 1s
 48400K .......... .......... .......... .......... .......... 88% 10,2M 1s
 48450K .......... .......... .......... .......... .......... 89% 7,49M 1s
 48500K .......... .......... .......... .......... .......... 89% 4,90M 1s
 48550K .......... .......... .......... .......... .......... 89% 7,19M 1s
 48600K .......... .......... .......... .......... .......... 89% 6,63M 1s
 48650K .......... .......... .......... .......... .......... 89% 12,2M 1s
 48700K .......... .......... .......... .......... .......... 89% 11,6M 1s
 48750K .......... .......... .......... .......... .......... 89% 6,62M 1s
 48800K .......... .......... .......... .......... .......... 89% 10,3M 1s
 48850K .......... .......... .......... .......... .......... 89% 11,1M 1s
 48900K .......... .......... .......... .......... .......... 89% 9,75M 1s
 48950K .......... .......... .......... .......... .......... 89% 4,70M 1s
 49000K .......... .......... .......... .......... .......... 90% 7,23M 1s
 49050K .......... .......... .......... .......... .......... 90% 7,40M 1s
 49100K .......... .......... .......... .......... .......... 90% 8,00M 1s
 49150K .......... .......... .......... .......... .......... 90% 11,3M 1s
 49200K .......... .......... .......... .......... .......... 90% 6,85M 1s
 49250K .......... .......... .......... .......... .......... 90% 11,2M 1s
 49300K .......... .......... .......... .......... .......... 90% 5,51M 1s
 49350K .......... .......... .......... .......... .......... 90% 11,2M 1s
 49400K .......... .......... .......... .......... .......... 90% 6,65M 1s
 49450K .......... .......... .......... .......... .......... 90% 5,72M 1s
 49500K .......... .......... .......... .......... .......... 90% 11,1M 1s
 49550K .......... .......... .......... .......... .......... 91% 11,5M 1s
 49600K .......... .......... .......... .......... .......... 91% 11,2M 1s
 49650K .......... .......... .......... .......... .......... 91% 10,2M 1s
 49700K .......... .......... .......... .......... .......... 91% 5,69M 1s
 49750K .......... .......... .......... .......... .......... 91% 11,1M 1s
 49800K .......... .......... .......... .......... .......... 91% 4,25M 1s
 49850K .......... .......... .......... .......... .......... 91% 10,4M 1s
 49900K .......... .......... .......... .......... .......... 91% 6,68M 1s
 49950K .......... .......... .......... .......... .......... 91% 11,2M 1s
 50000K .......... .......... .......... .......... .......... 91% 7,69M 1s
 50050K .......... .......... .......... .......... .......... 91% 11,1M 1s
 50100K .......... .......... .......... .......... .......... 92% 7,70M 1s
 50150K .......... .......... .......... .......... .......... 92% 10,8M 1s
 50200K .......... .......... .......... .......... .......... 92% 10,9M 1s
 50250K .......... .......... .......... .......... .......... 92% 4,11M 1s
 50300K .......... .......... .......... .......... .......... 92% 11,2M 1s
 50350K .......... .......... .......... .......... .......... 92% 11,0M 1s
 50400K .......... .......... .......... .......... .......... 92% 10,2M 1s
 50450K .......... .......... .......... .......... .......... 92% 3,95M 1s
 50500K .......... .......... .......... .......... .......... 92% 11,2M 1s
 50550K .......... .......... .......... .......... .......... 92% 11,2M 1s
 50600K .......... .......... .......... .......... .......... 93% 11,1M 1s
 50650K .......... .......... .......... .......... .......... 93% 11,2M 1s
 50700K .......... .......... .......... .......... .......... 93% 4,68M 1s
 50750K .......... .......... .......... .......... .......... 93% 11,0M 1s
 50800K .......... .......... .......... .......... .......... 93% 11,0M 1s
 50850K .......... .......... .......... .......... .......... 93% 11,3M 1s
 50900K .......... .......... .......... .......... .......... 93% 4,16M 1s
 50950K .......... .......... .......... .......... .......... 93% 11,2M 1s
 51000K .......... .......... .......... .......... .......... 93% 11,1M 1s
 51050K .......... .......... .......... .......... .......... 93% 11,2M 1s
 51100K .......... .......... .......... .......... .......... 93% 6,61M 1s
 51150K .......... .......... .......... .......... .......... 94% 7,97M 1s
 51200K .......... .......... .......... .......... .......... 94% 7,75M 1s
 51250K .......... .......... .......... .......... .......... 94% 19,9M 1s
 51300K .......... .......... .......... .......... .......... 94% 3,71M 1s
 51350K .......... .......... .......... .......... .......... 94% 11,5M 1s
 51400K .......... .......... .......... .......... .......... 94% 11,1M 1s
 51450K .......... .......... .......... .......... .......... 94% 11,2M 0s
 51500K .......... .......... .......... .......... .......... 94% 8,73M 0s
 51550K .......... .......... .......... .......... .......... 94% 5,42M 0s
 51600K .......... .......... .......... .......... .......... 94% 11,2M 0s
 51650K .......... .......... .......... .......... .......... 94% 11,2M 0s
 51700K .......... .......... .......... .......... .......... 95% 11,1M 0s
 51750K .......... .......... .......... .......... .......... 95% 4,85M 0s
 51800K .......... .......... .......... .......... .......... 95% 7,33M 0s
 51850K .......... .......... .......... .......... .......... 95% 11,2M 0s
 51900K .......... .......... .......... .......... .......... 95% 11,2M 0s
 51950K .......... .......... .......... .......... .......... 95% 7,77M 0s
 52000K .......... .......... .......... .......... .......... 95% 8,36M 0s
 52050K .......... .......... .......... .......... .......... 95% 7,09M 0s
 52100K .......... .......... .......... .......... .......... 95% 7,24M 0s
 52150K .......... .......... .......... .......... .......... 95% 11,2M 0s
 52200K .......... .......... .......... .......... .......... 95% 5,97M 0s
 52250K .......... .......... .......... .......... .......... 96% 11,5M 0s
 52300K .......... .......... .......... .......... .......... 96% 11,2M 0s
 52350K .......... .......... .......... .......... .......... 96% 10,9M 0s
 52400K .......... .......... .......... .......... .......... 96% 11,2M 0s
 52450K .......... .......... .......... .......... .......... 96% 6,85M 0s
 52500K .......... .......... .......... .......... .......... 96% 5,22M 0s
 52550K .......... .......... .......... .......... .......... 96% 11,2M 0s
 52600K .......... .......... .......... .......... .......... 96% 11,1M 0s
 52650K .......... .......... .......... .......... .......... 96% 10,8M 0s
 52700K .......... .......... .......... .......... .......... 96% 7,33M 0s
 52750K .......... .......... .......... .......... .......... 96% 2,89M 0s
 52800K .......... .......... .......... .......... .......... 97% 11,2M 0s
 52850K .......... .......... .......... .......... .......... 97% 11,2M 0s
 52900K .......... .......... .......... .......... .......... 97% 8,33M 0s
 52950K .......... .......... .......... .......... .......... 97% 9,73M 0s
 53000K .......... .......... .......... .......... .......... 97% 11,1M 0s
 53050K .......... .......... .......... .......... .......... 97% 11,2M 0s
 53100K .......... .......... .......... .......... .......... 97% 11,1M 0s
 53150K .......... .......... .......... .......... .......... 97% 3,74M 0s
 53200K .......... .......... .......... .......... .......... 97% 10,6M 0s
 53250K .......... .......... .......... .......... .......... 97% 10,1M 0s
 53300K .......... .......... .......... .......... .......... 97% 10,7M 0s
 53350K .......... .......... .......... .......... .......... 98% 7,65M 0s
 53400K .......... .......... .......... .......... .......... 98% 11,1M 0s
 53450K .......... .......... .......... .......... .......... 98% 8,37M 0s
 53500K .......... .......... .......... .......... .......... 98% 3,47M 0s
 53550K .......... .......... .......... .......... .......... 98% 11,4M 0s
 53600K .......... .......... .......... .......... .......... 98% 11,5M 0s
 53650K .......... .......... .......... .......... .......... 98% 11,1M 0s
 53700K .......... .......... .......... .......... .......... 98% 10,4M 0s
 53750K .......... .......... .......... .......... .......... 98% 11,2M 0s
 53800K .......... .......... .......... .......... .......... 98% 11,1M 0s
 53850K .......... .......... .......... .......... .......... 98% 9,10M 0s
 53900K .......... .......... .......... .......... .......... 99% 7,05M 0s
 53950K .......... .......... .......... .......... .......... 99% 3,56M 0s
 54000K .......... .......... .......... .......... .......... 99% 11,5M 0s
 54050K .......... .......... .......... .......... .......... 99% 11,1M 0s
 54100K .......... .......... .......... .......... .......... 99% 11,2M 0s
 54150K .......... .......... .......... .......... .......... 99% 11,1M 0s
 54200K .......... .......... .......... .......... .......... 99% 8,67M 0s
 54250K .......... .......... .......... .......... .......... 99% 8,76M 0s
 54300K .......... .......... .......... .......... .......... 99% 15,5M 0s
 54350K .......... .......... .......... .......... .......... 99% 7,99M 0s
 54400K .......... .......... .......... .......... .......... 99% 7,65M 0s
 54450K ........                                              100% 13,1M=9,1s

2014-11-21 08:48:20 (5,88 MB/s) - ‘/home/pedja/workspace/Boost-for-Android/boost_1_53_0.tar.bz2’ saved [55765258/55765258]

Applying boost-1_53_0.patch into /home/pedja/workspace/Boost-for-Android/boost_1_53_0/.
ERROR: Failed to build boost for android!
Done!
